[2022-12-03T21:55:39.480+0000] {processor.py:153} INFO - Started process (PID=106) to work on /home/airflow/.local/lib/python3.7/site-packages/airflow/example_dags/example_sensor_decorator.py
[2022-12-03T21:55:39.482+0000] {processor.py:743} INFO - Processing file /home/airflow/.local/lib/python3.7/site-packages/airflow/example_dags/example_sensor_decorator.py for tasks to queue
[2022-12-03T21:55:39.483+0000] {logging_mixin.py:137} INFO - [2022-12-03T21:55:39.482+0000] {dagbag.py:538} INFO - Filling up the DagBag from /home/airflow/.local/lib/python3.7/site-packages/airflow/example_dags/example_sensor_decorator.py
[2022-12-03T21:55:39.512+0000] {logging_mixin.py:137} WARNING - /home/airflow/.local/lib/python3.7/site-packages/airflow/models/dag.py:3524 RemovedInAirflow3Warning: Param `schedule_interval` is deprecated and will be removed in a future release. Please use `schedule` instead.
[2022-12-03T21:55:39.522+0000] {processor.py:753} INFO - DAG(s) dict_keys(['example_sensor_decorator']) retrieved from /home/airflow/.local/lib/python3.7/site-packages/airflow/example_dags/example_sensor_decorator.py
[2022-12-03T21:55:39.593+0000] {logging_mixin.py:137} INFO - [2022-12-03T21:55:39.592+0000] {dag.py:2676} INFO - Sync 1 DAGs
[2022-12-03T21:55:39.682+0000] {logging_mixin.py:137} INFO - [2022-12-03T21:55:39.681+0000] {dag.py:3427} INFO - Setting next_dagrun for example_sensor_decorator to None, run_after=None
[2022-12-03T21:55:39.711+0000] {processor.py:175} INFO - Processing /home/airflow/.local/lib/python3.7/site-packages/airflow/example_dags/example_sensor_decorator.py took 0.283 seconds
[2022-12-03T21:56:10.437+0000] {processor.py:153} INFO - Started process (PID=191) to work on /home/airflow/.local/lib/python3.7/site-packages/airflow/example_dags/example_sensor_decorator.py
[2022-12-03T21:56:10.438+0000] {processor.py:743} INFO - Processing file /home/airflow/.local/lib/python3.7/site-packages/airflow/example_dags/example_sensor_decorator.py for tasks to queue
[2022-12-03T21:56:10.438+0000] {logging_mixin.py:137} INFO - [2022-12-03T21:56:10.438+0000] {dagbag.py:538} INFO - Filling up the DagBag from /home/airflow/.local/lib/python3.7/site-packages/airflow/example_dags/example_sensor_decorator.py
[2022-12-03T21:56:10.459+0000] {logging_mixin.py:137} WARNING - /home/airflow/.local/lib/python3.7/site-packages/airflow/models/dag.py:3524 RemovedInAirflow3Warning: Param `schedule_interval` is deprecated and will be removed in a future release. Please use `schedule` instead.
[2022-12-03T21:56:10.467+0000] {processor.py:753} INFO - DAG(s) dict_keys(['example_sensor_decorator']) retrieved from /home/airflow/.local/lib/python3.7/site-packages/airflow/example_dags/example_sensor_decorator.py
[2022-12-03T21:56:10.497+0000] {logging_mixin.py:137} INFO - [2022-12-03T21:56:10.497+0000] {dag.py:2676} INFO - Sync 1 DAGs
[2022-12-03T21:56:10.521+0000] {logging_mixin.py:137} INFO - [2022-12-03T21:56:10.521+0000] {dag.py:3427} INFO - Setting next_dagrun for example_sensor_decorator to None, run_after=None
[2022-12-03T21:56:10.537+0000] {processor.py:175} INFO - Processing /home/airflow/.local/lib/python3.7/site-packages/airflow/example_dags/example_sensor_decorator.py took 0.103 seconds
[2022-12-03T21:56:41.143+0000] {processor.py:153} INFO - Started process (PID=277) to work on /home/airflow/.local/lib/python3.7/site-packages/airflow/example_dags/example_sensor_decorator.py
[2022-12-03T21:56:41.144+0000] {processor.py:743} INFO - Processing file /home/airflow/.local/lib/python3.7/site-packages/airflow/example_dags/example_sensor_decorator.py for tasks to queue
[2022-12-03T21:56:41.144+0000] {logging_mixin.py:137} INFO - [2022-12-03T21:56:41.144+0000] {dagbag.py:538} INFO - Filling up the DagBag from /home/airflow/.local/lib/python3.7/site-packages/airflow/example_dags/example_sensor_decorator.py
[2022-12-03T21:56:41.163+0000] {logging_mixin.py:137} WARNING - /home/airflow/.local/lib/python3.7/site-packages/airflow/models/dag.py:3524 RemovedInAirflow3Warning: Param `schedule_interval` is deprecated and will be removed in a future release. Please use `schedule` instead.
[2022-12-03T21:56:41.170+0000] {processor.py:753} INFO - DAG(s) dict_keys(['example_sensor_decorator']) retrieved from /home/airflow/.local/lib/python3.7/site-packages/airflow/example_dags/example_sensor_decorator.py
[2022-12-03T21:56:41.203+0000] {logging_mixin.py:137} INFO - [2022-12-03T21:56:41.203+0000] {dag.py:2676} INFO - Sync 1 DAGs
[2022-12-03T21:56:41.228+0000] {logging_mixin.py:137} INFO - [2022-12-03T21:56:41.228+0000] {dag.py:3427} INFO - Setting next_dagrun for example_sensor_decorator to None, run_after=None
[2022-12-03T21:56:41.245+0000] {processor.py:175} INFO - Processing /home/airflow/.local/lib/python3.7/site-packages/airflow/example_dags/example_sensor_decorator.py took 0.104 seconds
[2022-12-03T21:57:11.506+0000] {processor.py:153} INFO - Started process (PID=372) to work on /home/airflow/.local/lib/python3.7/site-packages/airflow/example_dags/example_sensor_decorator.py
[2022-12-03T21:57:11.507+0000] {processor.py:743} INFO - Processing file /home/airflow/.local/lib/python3.7/site-packages/airflow/example_dags/example_sensor_decorator.py for tasks to queue
[2022-12-03T21:57:11.507+0000] {logging_mixin.py:137} INFO - [2022-12-03T21:57:11.507+0000] {dagbag.py:538} INFO - Filling up the DagBag from /home/airflow/.local/lib/python3.7/site-packages/airflow/example_dags/example_sensor_decorator.py
[2022-12-03T21:57:11.527+0000] {logging_mixin.py:137} WARNING - /home/airflow/.local/lib/python3.7/site-packages/airflow/models/dag.py:3524 RemovedInAirflow3Warning: Param `schedule_interval` is deprecated and will be removed in a future release. Please use `schedule` instead.
[2022-12-03T21:57:11.534+0000] {processor.py:753} INFO - DAG(s) dict_keys(['example_sensor_decorator']) retrieved from /home/airflow/.local/lib/python3.7/site-packages/airflow/example_dags/example_sensor_decorator.py
[2022-12-03T21:57:11.565+0000] {logging_mixin.py:137} INFO - [2022-12-03T21:57:11.565+0000] {dag.py:2676} INFO - Sync 1 DAGs
[2022-12-03T21:57:11.589+0000] {logging_mixin.py:137} INFO - [2022-12-03T21:57:11.588+0000] {dag.py:3427} INFO - Setting next_dagrun for example_sensor_decorator to None, run_after=None
[2022-12-03T21:57:11.606+0000] {processor.py:175} INFO - Processing /home/airflow/.local/lib/python3.7/site-packages/airflow/example_dags/example_sensor_decorator.py took 0.103 seconds
[2022-12-03T21:57:41.956+0000] {processor.py:153} INFO - Started process (PID=473) to work on /home/airflow/.local/lib/python3.7/site-packages/airflow/example_dags/example_sensor_decorator.py
[2022-12-03T21:57:41.957+0000] {processor.py:743} INFO - Processing file /home/airflow/.local/lib/python3.7/site-packages/airflow/example_dags/example_sensor_decorator.py for tasks to queue
[2022-12-03T21:57:41.958+0000] {logging_mixin.py:137} INFO - [2022-12-03T21:57:41.958+0000] {dagbag.py:538} INFO - Filling up the DagBag from /home/airflow/.local/lib/python3.7/site-packages/airflow/example_dags/example_sensor_decorator.py
[2022-12-03T21:57:41.980+0000] {logging_mixin.py:137} WARNING - /home/airflow/.local/lib/python3.7/site-packages/airflow/models/dag.py:3524 RemovedInAirflow3Warning: Param `schedule_interval` is deprecated and will be removed in a future release. Please use `schedule` instead.
[2022-12-03T21:57:41.990+0000] {processor.py:753} INFO - DAG(s) dict_keys(['example_sensor_decorator']) retrieved from /home/airflow/.local/lib/python3.7/site-packages/airflow/example_dags/example_sensor_decorator.py
[2022-12-03T21:57:42.025+0000] {logging_mixin.py:137} INFO - [2022-12-03T21:57:42.025+0000] {dag.py:2676} INFO - Sync 1 DAGs
[2022-12-03T21:57:42.049+0000] {logging_mixin.py:137} INFO - [2022-12-03T21:57:42.049+0000] {dag.py:3427} INFO - Setting next_dagrun for example_sensor_decorator to None, run_after=None
[2022-12-03T21:57:42.067+0000] {processor.py:175} INFO - Processing /home/airflow/.local/lib/python3.7/site-packages/airflow/example_dags/example_sensor_decorator.py took 0.113 seconds
[2022-12-03T21:58:12.377+0000] {processor.py:153} INFO - Started process (PID=560) to work on /home/airflow/.local/lib/python3.7/site-packages/airflow/example_dags/example_sensor_decorator.py
[2022-12-03T21:58:12.378+0000] {processor.py:743} INFO - Processing file /home/airflow/.local/lib/python3.7/site-packages/airflow/example_dags/example_sensor_decorator.py for tasks to queue
[2022-12-03T21:58:12.378+0000] {logging_mixin.py:137} INFO - [2022-12-03T21:58:12.378+0000] {dagbag.py:538} INFO - Filling up the DagBag from /home/airflow/.local/lib/python3.7/site-packages/airflow/example_dags/example_sensor_decorator.py
[2022-12-03T21:58:12.399+0000] {logging_mixin.py:137} WARNING - /home/airflow/.local/lib/python3.7/site-packages/airflow/models/dag.py:3524 RemovedInAirflow3Warning: Param `schedule_interval` is deprecated and will be removed in a future release. Please use `schedule` instead.
[2022-12-03T21:58:12.407+0000] {processor.py:753} INFO - DAG(s) dict_keys(['example_sensor_decorator']) retrieved from /home/airflow/.local/lib/python3.7/site-packages/airflow/example_dags/example_sensor_decorator.py
[2022-12-03T21:58:12.441+0000] {logging_mixin.py:137} INFO - [2022-12-03T21:58:12.441+0000] {dag.py:2676} INFO - Sync 1 DAGs
[2022-12-03T21:58:12.467+0000] {logging_mixin.py:137} INFO - [2022-12-03T21:58:12.467+0000] {dag.py:3427} INFO - Setting next_dagrun for example_sensor_decorator to None, run_after=None
[2022-12-03T21:58:12.487+0000] {processor.py:175} INFO - Processing /home/airflow/.local/lib/python3.7/site-packages/airflow/example_dags/example_sensor_decorator.py took 0.113 seconds
[2022-12-03T21:58:42.942+0000] {processor.py:153} INFO - Started process (PID=670) to work on /home/airflow/.local/lib/python3.7/site-packages/airflow/example_dags/example_sensor_decorator.py
[2022-12-03T21:58:42.943+0000] {processor.py:743} INFO - Processing file /home/airflow/.local/lib/python3.7/site-packages/airflow/example_dags/example_sensor_decorator.py for tasks to queue
[2022-12-03T21:58:42.943+0000] {logging_mixin.py:137} INFO - [2022-12-03T21:58:42.943+0000] {dagbag.py:538} INFO - Filling up the DagBag from /home/airflow/.local/lib/python3.7/site-packages/airflow/example_dags/example_sensor_decorator.py
[2022-12-03T21:58:42.963+0000] {logging_mixin.py:137} WARNING - /home/airflow/.local/lib/python3.7/site-packages/airflow/models/dag.py:3524 RemovedInAirflow3Warning: Param `schedule_interval` is deprecated and will be removed in a future release. Please use `schedule` instead.
[2022-12-03T21:58:42.970+0000] {processor.py:753} INFO - DAG(s) dict_keys(['example_sensor_decorator']) retrieved from /home/airflow/.local/lib/python3.7/site-packages/airflow/example_dags/example_sensor_decorator.py
[2022-12-03T21:58:43.004+0000] {logging_mixin.py:137} INFO - [2022-12-03T21:58:43.004+0000] {dag.py:2676} INFO - Sync 1 DAGs
[2022-12-03T21:58:43.028+0000] {logging_mixin.py:137} INFO - [2022-12-03T21:58:43.028+0000] {dag.py:3427} INFO - Setting next_dagrun for example_sensor_decorator to None, run_after=None
[2022-12-03T21:58:43.045+0000] {processor.py:175} INFO - Processing /home/airflow/.local/lib/python3.7/site-packages/airflow/example_dags/example_sensor_decorator.py took 0.105 seconds
[2022-12-03T21:59:13.496+0000] {processor.py:153} INFO - Started process (PID=756) to work on /home/airflow/.local/lib/python3.7/site-packages/airflow/example_dags/example_sensor_decorator.py
[2022-12-03T21:59:13.497+0000] {processor.py:743} INFO - Processing file /home/airflow/.local/lib/python3.7/site-packages/airflow/example_dags/example_sensor_decorator.py for tasks to queue
[2022-12-03T21:59:13.498+0000] {logging_mixin.py:137} INFO - [2022-12-03T21:59:13.497+0000] {dagbag.py:538} INFO - Filling up the DagBag from /home/airflow/.local/lib/python3.7/site-packages/airflow/example_dags/example_sensor_decorator.py
[2022-12-03T21:59:13.516+0000] {logging_mixin.py:137} WARNING - /home/airflow/.local/lib/python3.7/site-packages/airflow/models/dag.py:3524 RemovedInAirflow3Warning: Param `schedule_interval` is deprecated and will be removed in a future release. Please use `schedule` instead.
[2022-12-03T21:59:13.523+0000] {processor.py:753} INFO - DAG(s) dict_keys(['example_sensor_decorator']) retrieved from /home/airflow/.local/lib/python3.7/site-packages/airflow/example_dags/example_sensor_decorator.py
[2022-12-03T21:59:13.555+0000] {logging_mixin.py:137} INFO - [2022-12-03T21:59:13.555+0000] {dag.py:2676} INFO - Sync 1 DAGs
[2022-12-03T21:59:13.580+0000] {logging_mixin.py:137} INFO - [2022-12-03T21:59:13.580+0000] {dag.py:3427} INFO - Setting next_dagrun for example_sensor_decorator to None, run_after=None
[2022-12-03T21:59:13.597+0000] {processor.py:175} INFO - Processing /home/airflow/.local/lib/python3.7/site-packages/airflow/example_dags/example_sensor_decorator.py took 0.103 seconds
[2022-12-03T21:59:44.011+0000] {processor.py:153} INFO - Started process (PID=866) to work on /home/airflow/.local/lib/python3.7/site-packages/airflow/example_dags/example_sensor_decorator.py
[2022-12-03T21:59:44.012+0000] {processor.py:743} INFO - Processing file /home/airflow/.local/lib/python3.7/site-packages/airflow/example_dags/example_sensor_decorator.py for tasks to queue
[2022-12-03T21:59:44.013+0000] {logging_mixin.py:137} INFO - [2022-12-03T21:59:44.012+0000] {dagbag.py:538} INFO - Filling up the DagBag from /home/airflow/.local/lib/python3.7/site-packages/airflow/example_dags/example_sensor_decorator.py
[2022-12-03T21:59:44.033+0000] {logging_mixin.py:137} WARNING - /home/airflow/.local/lib/python3.7/site-packages/airflow/models/dag.py:3524 RemovedInAirflow3Warning: Param `schedule_interval` is deprecated and will be removed in a future release. Please use `schedule` instead.
[2022-12-03T21:59:44.041+0000] {processor.py:753} INFO - DAG(s) dict_keys(['example_sensor_decorator']) retrieved from /home/airflow/.local/lib/python3.7/site-packages/airflow/example_dags/example_sensor_decorator.py
[2022-12-03T21:59:44.074+0000] {logging_mixin.py:137} INFO - [2022-12-03T21:59:44.074+0000] {dag.py:2676} INFO - Sync 1 DAGs
[2022-12-03T21:59:44.100+0000] {logging_mixin.py:137} INFO - [2022-12-03T21:59:44.100+0000] {dag.py:3427} INFO - Setting next_dagrun for example_sensor_decorator to None, run_after=None
[2022-12-03T21:59:44.118+0000] {processor.py:175} INFO - Processing /home/airflow/.local/lib/python3.7/site-packages/airflow/example_dags/example_sensor_decorator.py took 0.110 seconds
[2022-12-03T22:00:14.660+0000] {processor.py:153} INFO - Started process (PID=952) to work on /home/airflow/.local/lib/python3.7/site-packages/airflow/example_dags/example_sensor_decorator.py
[2022-12-03T22:00:14.661+0000] {processor.py:743} INFO - Processing file /home/airflow/.local/lib/python3.7/site-packages/airflow/example_dags/example_sensor_decorator.py for tasks to queue
[2022-12-03T22:00:14.662+0000] {logging_mixin.py:137} INFO - [2022-12-03T22:00:14.662+0000] {dagbag.py:538} INFO - Filling up the DagBag from /home/airflow/.local/lib/python3.7/site-packages/airflow/example_dags/example_sensor_decorator.py
[2022-12-03T22:00:14.682+0000] {logging_mixin.py:137} WARNING - /home/airflow/.local/lib/python3.7/site-packages/airflow/models/dag.py:3524 RemovedInAirflow3Warning: Param `schedule_interval` is deprecated and will be removed in a future release. Please use `schedule` instead.
[2022-12-03T22:00:14.690+0000] {processor.py:753} INFO - DAG(s) dict_keys(['example_sensor_decorator']) retrieved from /home/airflow/.local/lib/python3.7/site-packages/airflow/example_dags/example_sensor_decorator.py
[2022-12-03T22:00:14.723+0000] {logging_mixin.py:137} INFO - [2022-12-03T22:00:14.723+0000] {dag.py:2676} INFO - Sync 1 DAGs
[2022-12-03T22:00:14.748+0000] {logging_mixin.py:137} INFO - [2022-12-03T22:00:14.748+0000] {dag.py:3427} INFO - Setting next_dagrun for example_sensor_decorator to None, run_after=None
[2022-12-03T22:00:14.765+0000] {processor.py:175} INFO - Processing /home/airflow/.local/lib/python3.7/site-packages/airflow/example_dags/example_sensor_decorator.py took 0.107 seconds
[2022-12-03T22:00:45.272+0000] {processor.py:153} INFO - Started process (PID=1062) to work on /home/airflow/.local/lib/python3.7/site-packages/airflow/example_dags/example_sensor_decorator.py
[2022-12-03T22:00:45.273+0000] {processor.py:743} INFO - Processing file /home/airflow/.local/lib/python3.7/site-packages/airflow/example_dags/example_sensor_decorator.py for tasks to queue
[2022-12-03T22:00:45.274+0000] {logging_mixin.py:137} INFO - [2022-12-03T22:00:45.274+0000] {dagbag.py:538} INFO - Filling up the DagBag from /home/airflow/.local/lib/python3.7/site-packages/airflow/example_dags/example_sensor_decorator.py
[2022-12-03T22:00:45.294+0000] {logging_mixin.py:137} WARNING - /home/airflow/.local/lib/python3.7/site-packages/airflow/models/dag.py:3524 RemovedInAirflow3Warning: Param `schedule_interval` is deprecated and will be removed in a future release. Please use `schedule` instead.
[2022-12-03T22:00:45.301+0000] {processor.py:753} INFO - DAG(s) dict_keys(['example_sensor_decorator']) retrieved from /home/airflow/.local/lib/python3.7/site-packages/airflow/example_dags/example_sensor_decorator.py
[2022-12-03T22:00:45.337+0000] {logging_mixin.py:137} INFO - [2022-12-03T22:00:45.336+0000] {dag.py:2676} INFO - Sync 1 DAGs
[2022-12-03T22:00:45.361+0000] {logging_mixin.py:137} INFO - [2022-12-03T22:00:45.361+0000] {dag.py:3427} INFO - Setting next_dagrun for example_sensor_decorator to None, run_after=None
[2022-12-03T22:00:45.379+0000] {processor.py:175} INFO - Processing /home/airflow/.local/lib/python3.7/site-packages/airflow/example_dags/example_sensor_decorator.py took 0.109 seconds
[2022-12-03T22:01:15.830+0000] {processor.py:153} INFO - Started process (PID=1148) to work on /home/airflow/.local/lib/python3.7/site-packages/airflow/example_dags/example_sensor_decorator.py
[2022-12-03T22:01:15.830+0000] {processor.py:743} INFO - Processing file /home/airflow/.local/lib/python3.7/site-packages/airflow/example_dags/example_sensor_decorator.py for tasks to queue
[2022-12-03T22:01:15.831+0000] {logging_mixin.py:137} INFO - [2022-12-03T22:01:15.831+0000] {dagbag.py:538} INFO - Filling up the DagBag from /home/airflow/.local/lib/python3.7/site-packages/airflow/example_dags/example_sensor_decorator.py
[2022-12-03T22:01:15.850+0000] {logging_mixin.py:137} WARNING - /home/airflow/.local/lib/python3.7/site-packages/airflow/models/dag.py:3524 RemovedInAirflow3Warning: Param `schedule_interval` is deprecated and will be removed in a future release. Please use `schedule` instead.
[2022-12-03T22:01:15.857+0000] {processor.py:753} INFO - DAG(s) dict_keys(['example_sensor_decorator']) retrieved from /home/airflow/.local/lib/python3.7/site-packages/airflow/example_dags/example_sensor_decorator.py
[2022-12-03T22:01:15.889+0000] {logging_mixin.py:137} INFO - [2022-12-03T22:01:15.889+0000] {dag.py:2676} INFO - Sync 1 DAGs
[2022-12-03T22:01:15.913+0000] {logging_mixin.py:137} INFO - [2022-12-03T22:01:15.912+0000] {dag.py:3427} INFO - Setting next_dagrun for example_sensor_decorator to None, run_after=None
[2022-12-03T22:01:15.929+0000] {processor.py:175} INFO - Processing /home/airflow/.local/lib/python3.7/site-packages/airflow/example_dags/example_sensor_decorator.py took 0.102 seconds
[2022-12-03T22:01:46.634+0000] {processor.py:153} INFO - Started process (PID=1258) to work on /home/airflow/.local/lib/python3.7/site-packages/airflow/example_dags/example_sensor_decorator.py
[2022-12-03T22:01:46.635+0000] {processor.py:743} INFO - Processing file /home/airflow/.local/lib/python3.7/site-packages/airflow/example_dags/example_sensor_decorator.py for tasks to queue
[2022-12-03T22:01:46.635+0000] {logging_mixin.py:137} INFO - [2022-12-03T22:01:46.635+0000] {dagbag.py:538} INFO - Filling up the DagBag from /home/airflow/.local/lib/python3.7/site-packages/airflow/example_dags/example_sensor_decorator.py
[2022-12-03T22:01:46.656+0000] {logging_mixin.py:137} WARNING - /home/airflow/.local/lib/python3.7/site-packages/airflow/models/dag.py:3524 RemovedInAirflow3Warning: Param `schedule_interval` is deprecated and will be removed in a future release. Please use `schedule` instead.
[2022-12-03T22:01:46.663+0000] {processor.py:753} INFO - DAG(s) dict_keys(['example_sensor_decorator']) retrieved from /home/airflow/.local/lib/python3.7/site-packages/airflow/example_dags/example_sensor_decorator.py
[2022-12-03T22:01:46.697+0000] {logging_mixin.py:137} INFO - [2022-12-03T22:01:46.697+0000] {dag.py:2676} INFO - Sync 1 DAGs
[2022-12-03T22:01:46.724+0000] {logging_mixin.py:137} INFO - [2022-12-03T22:01:46.724+0000] {dag.py:3427} INFO - Setting next_dagrun for example_sensor_decorator to None, run_after=None
[2022-12-03T22:01:46.745+0000] {processor.py:175} INFO - Processing /home/airflow/.local/lib/python3.7/site-packages/airflow/example_dags/example_sensor_decorator.py took 0.113 seconds
[2022-12-03T22:02:16.957+0000] {processor.py:153} INFO - Started process (PID=1344) to work on /home/airflow/.local/lib/python3.7/site-packages/airflow/example_dags/example_sensor_decorator.py
[2022-12-03T22:02:16.958+0000] {processor.py:743} INFO - Processing file /home/airflow/.local/lib/python3.7/site-packages/airflow/example_dags/example_sensor_decorator.py for tasks to queue
[2022-12-03T22:02:16.959+0000] {logging_mixin.py:137} INFO - [2022-12-03T22:02:16.959+0000] {dagbag.py:538} INFO - Filling up the DagBag from /home/airflow/.local/lib/python3.7/site-packages/airflow/example_dags/example_sensor_decorator.py
[2022-12-03T22:02:16.979+0000] {logging_mixin.py:137} WARNING - /home/airflow/.local/lib/python3.7/site-packages/airflow/models/dag.py:3524 RemovedInAirflow3Warning: Param `schedule_interval` is deprecated and will be removed in a future release. Please use `schedule` instead.
[2022-12-03T22:02:16.986+0000] {processor.py:753} INFO - DAG(s) dict_keys(['example_sensor_decorator']) retrieved from /home/airflow/.local/lib/python3.7/site-packages/airflow/example_dags/example_sensor_decorator.py
[2022-12-03T22:02:17.019+0000] {logging_mixin.py:137} INFO - [2022-12-03T22:02:17.018+0000] {dag.py:2676} INFO - Sync 1 DAGs
[2022-12-03T22:02:17.043+0000] {logging_mixin.py:137} INFO - [2022-12-03T22:02:17.043+0000] {dag.py:3427} INFO - Setting next_dagrun for example_sensor_decorator to None, run_after=None
[2022-12-03T22:02:17.060+0000] {processor.py:175} INFO - Processing /home/airflow/.local/lib/python3.7/site-packages/airflow/example_dags/example_sensor_decorator.py took 0.105 seconds
