[2022-12-03T21:55:44.042+0000] {processor.py:153} INFO - Started process (PID=119) to work on /home/airflow/.local/lib/python3.7/site-packages/airflow/example_dags/example_xcomargs.py
[2022-12-03T21:55:44.043+0000] {processor.py:743} INFO - Processing file /home/airflow/.local/lib/python3.7/site-packages/airflow/example_dags/example_xcomargs.py for tasks to queue
[2022-12-03T21:55:44.043+0000] {logging_mixin.py:137} INFO - [2022-12-03T21:55:44.043+0000] {dagbag.py:538} INFO - Filling up the DagBag from /home/airflow/.local/lib/python3.7/site-packages/airflow/example_dags/example_xcomargs.py
[2022-12-03T21:55:44.069+0000] {processor.py:753} INFO - DAG(s) dict_keys(['example_xcom_args_with_operators', 'example_xcom_args']) retrieved from /home/airflow/.local/lib/python3.7/site-packages/airflow/example_dags/example_xcomargs.py
[2022-12-03T21:55:44.107+0000] {logging_mixin.py:137} INFO - [2022-12-03T21:55:44.107+0000] {dag.py:2676} INFO - Sync 2 DAGs
[2022-12-03T21:55:44.133+0000] {logging_mixin.py:137} INFO - [2022-12-03T21:55:44.133+0000] {dag.py:3427} INFO - Setting next_dagrun for example_xcom_args to None, run_after=None
[2022-12-03T21:55:44.137+0000] {logging_mixin.py:137} INFO - [2022-12-03T21:55:44.137+0000] {dag.py:3427} INFO - Setting next_dagrun for example_xcom_args_with_operators to None, run_after=None
[2022-12-03T21:55:44.154+0000] {processor.py:175} INFO - Processing /home/airflow/.local/lib/python3.7/site-packages/airflow/example_dags/example_xcomargs.py took 0.115 seconds
[2022-12-03T21:56:14.299+0000] {processor.py:153} INFO - Started process (PID=204) to work on /home/airflow/.local/lib/python3.7/site-packages/airflow/example_dags/example_xcomargs.py
[2022-12-03T21:56:14.299+0000] {processor.py:743} INFO - Processing file /home/airflow/.local/lib/python3.7/site-packages/airflow/example_dags/example_xcomargs.py for tasks to queue
[2022-12-03T21:56:14.300+0000] {logging_mixin.py:137} INFO - [2022-12-03T21:56:14.300+0000] {dagbag.py:538} INFO - Filling up the DagBag from /home/airflow/.local/lib/python3.7/site-packages/airflow/example_dags/example_xcomargs.py
[2022-12-03T21:56:14.325+0000] {processor.py:753} INFO - DAG(s) dict_keys(['example_xcom_args', 'example_xcom_args_with_operators']) retrieved from /home/airflow/.local/lib/python3.7/site-packages/airflow/example_dags/example_xcomargs.py
[2022-12-03T21:56:14.375+0000] {logging_mixin.py:137} INFO - [2022-12-03T21:56:14.375+0000] {dag.py:2676} INFO - Sync 2 DAGs
[2022-12-03T21:56:14.410+0000] {logging_mixin.py:137} INFO - [2022-12-03T21:56:14.410+0000] {dag.py:3427} INFO - Setting next_dagrun for example_xcom_args to None, run_after=None
[2022-12-03T21:56:14.414+0000] {logging_mixin.py:137} INFO - [2022-12-03T21:56:14.414+0000] {dag.py:3427} INFO - Setting next_dagrun for example_xcom_args_with_operators to None, run_after=None
[2022-12-03T21:56:14.429+0000] {processor.py:175} INFO - Processing /home/airflow/.local/lib/python3.7/site-packages/airflow/example_dags/example_xcomargs.py took 0.134 seconds
[2022-12-03T21:56:44.977+0000] {processor.py:153} INFO - Started process (PID=290) to work on /home/airflow/.local/lib/python3.7/site-packages/airflow/example_dags/example_xcomargs.py
[2022-12-03T21:56:44.979+0000] {processor.py:743} INFO - Processing file /home/airflow/.local/lib/python3.7/site-packages/airflow/example_dags/example_xcomargs.py for tasks to queue
[2022-12-03T21:56:44.980+0000] {logging_mixin.py:137} INFO - [2022-12-03T21:56:44.980+0000] {dagbag.py:538} INFO - Filling up the DagBag from /home/airflow/.local/lib/python3.7/site-packages/airflow/example_dags/example_xcomargs.py
[2022-12-03T21:56:45.002+0000] {processor.py:753} INFO - DAG(s) dict_keys(['example_xcom_args_with_operators', 'example_xcom_args']) retrieved from /home/airflow/.local/lib/python3.7/site-packages/airflow/example_dags/example_xcomargs.py
[2022-12-03T21:56:45.039+0000] {logging_mixin.py:137} INFO - [2022-12-03T21:56:45.039+0000] {dag.py:2676} INFO - Sync 2 DAGs
[2022-12-03T21:56:45.063+0000] {logging_mixin.py:137} INFO - [2022-12-03T21:56:45.063+0000] {dag.py:3427} INFO - Setting next_dagrun for example_xcom_args to None, run_after=None
[2022-12-03T21:56:45.066+0000] {logging_mixin.py:137} INFO - [2022-12-03T21:56:45.066+0000] {dag.py:3427} INFO - Setting next_dagrun for example_xcom_args_with_operators to None, run_after=None
[2022-12-03T21:56:45.081+0000] {processor.py:175} INFO - Processing /home/airflow/.local/lib/python3.7/site-packages/airflow/example_dags/example_xcomargs.py took 0.106 seconds
[2022-12-03T21:57:15.291+0000] {processor.py:153} INFO - Started process (PID=400) to work on /home/airflow/.local/lib/python3.7/site-packages/airflow/example_dags/example_xcomargs.py
[2022-12-03T21:57:15.292+0000] {processor.py:743} INFO - Processing file /home/airflow/.local/lib/python3.7/site-packages/airflow/example_dags/example_xcomargs.py for tasks to queue
[2022-12-03T21:57:15.293+0000] {logging_mixin.py:137} INFO - [2022-12-03T21:57:15.293+0000] {dagbag.py:538} INFO - Filling up the DagBag from /home/airflow/.local/lib/python3.7/site-packages/airflow/example_dags/example_xcomargs.py
[2022-12-03T21:57:15.315+0000] {processor.py:753} INFO - DAG(s) dict_keys(['example_xcom_args', 'example_xcom_args_with_operators']) retrieved from /home/airflow/.local/lib/python3.7/site-packages/airflow/example_dags/example_xcomargs.py
[2022-12-03T21:57:15.351+0000] {logging_mixin.py:137} INFO - [2022-12-03T21:57:15.351+0000] {dag.py:2676} INFO - Sync 2 DAGs
[2022-12-03T21:57:15.375+0000] {logging_mixin.py:137} INFO - [2022-12-03T21:57:15.375+0000] {dag.py:3427} INFO - Setting next_dagrun for example_xcom_args to None, run_after=None
[2022-12-03T21:57:15.378+0000] {logging_mixin.py:137} INFO - [2022-12-03T21:57:15.378+0000] {dag.py:3427} INFO - Setting next_dagrun for example_xcom_args_with_operators to None, run_after=None
[2022-12-03T21:57:15.394+0000] {processor.py:175} INFO - Processing /home/airflow/.local/lib/python3.7/site-packages/airflow/example_dags/example_xcomargs.py took 0.105 seconds
[2022-12-03T21:57:45.878+0000] {processor.py:153} INFO - Started process (PID=486) to work on /home/airflow/.local/lib/python3.7/site-packages/airflow/example_dags/example_xcomargs.py
[2022-12-03T21:57:45.879+0000] {processor.py:743} INFO - Processing file /home/airflow/.local/lib/python3.7/site-packages/airflow/example_dags/example_xcomargs.py for tasks to queue
[2022-12-03T21:57:45.879+0000] {logging_mixin.py:137} INFO - [2022-12-03T21:57:45.879+0000] {dagbag.py:538} INFO - Filling up the DagBag from /home/airflow/.local/lib/python3.7/site-packages/airflow/example_dags/example_xcomargs.py
[2022-12-03T21:57:45.903+0000] {processor.py:753} INFO - DAG(s) dict_keys(['example_xcom_args_with_operators', 'example_xcom_args']) retrieved from /home/airflow/.local/lib/python3.7/site-packages/airflow/example_dags/example_xcomargs.py
[2022-12-03T21:57:45.940+0000] {logging_mixin.py:137} INFO - [2022-12-03T21:57:45.940+0000] {dag.py:2676} INFO - Sync 2 DAGs
[2022-12-03T21:57:45.965+0000] {logging_mixin.py:137} INFO - [2022-12-03T21:57:45.965+0000] {dag.py:3427} INFO - Setting next_dagrun for example_xcom_args to None, run_after=None
[2022-12-03T21:57:45.968+0000] {logging_mixin.py:137} INFO - [2022-12-03T21:57:45.968+0000] {dag.py:3427} INFO - Setting next_dagrun for example_xcom_args_with_operators to None, run_after=None
[2022-12-03T21:57:45.983+0000] {processor.py:175} INFO - Processing /home/airflow/.local/lib/python3.7/site-packages/airflow/example_dags/example_xcomargs.py took 0.108 seconds
[2022-12-03T21:58:16.334+0000] {processor.py:153} INFO - Started process (PID=597) to work on /home/airflow/.local/lib/python3.7/site-packages/airflow/example_dags/example_xcomargs.py
[2022-12-03T21:58:16.334+0000] {processor.py:743} INFO - Processing file /home/airflow/.local/lib/python3.7/site-packages/airflow/example_dags/example_xcomargs.py for tasks to queue
[2022-12-03T21:58:16.335+0000] {logging_mixin.py:137} INFO - [2022-12-03T21:58:16.335+0000] {dagbag.py:538} INFO - Filling up the DagBag from /home/airflow/.local/lib/python3.7/site-packages/airflow/example_dags/example_xcomargs.py
[2022-12-03T21:58:16.357+0000] {processor.py:753} INFO - DAG(s) dict_keys(['example_xcom_args_with_operators', 'example_xcom_args']) retrieved from /home/airflow/.local/lib/python3.7/site-packages/airflow/example_dags/example_xcomargs.py
[2022-12-03T21:58:16.399+0000] {logging_mixin.py:137} INFO - [2022-12-03T21:58:16.398+0000] {dag.py:2676} INFO - Sync 2 DAGs
[2022-12-03T21:58:16.425+0000] {logging_mixin.py:137} INFO - [2022-12-03T21:58:16.425+0000] {dag.py:3427} INFO - Setting next_dagrun for example_xcom_args to None, run_after=None
[2022-12-03T21:58:16.428+0000] {logging_mixin.py:137} INFO - [2022-12-03T21:58:16.428+0000] {dag.py:3427} INFO - Setting next_dagrun for example_xcom_args_with_operators to None, run_after=None
[2022-12-03T21:58:16.443+0000] {processor.py:175} INFO - Processing /home/airflow/.local/lib/python3.7/site-packages/airflow/example_dags/example_xcomargs.py took 0.112 seconds
[2022-12-03T21:58:46.730+0000] {processor.py:153} INFO - Started process (PID=683) to work on /home/airflow/.local/lib/python3.7/site-packages/airflow/example_dags/example_xcomargs.py
[2022-12-03T21:58:46.730+0000] {processor.py:743} INFO - Processing file /home/airflow/.local/lib/python3.7/site-packages/airflow/example_dags/example_xcomargs.py for tasks to queue
[2022-12-03T21:58:46.731+0000] {logging_mixin.py:137} INFO - [2022-12-03T21:58:46.731+0000] {dagbag.py:538} INFO - Filling up the DagBag from /home/airflow/.local/lib/python3.7/site-packages/airflow/example_dags/example_xcomargs.py
[2022-12-03T21:58:46.754+0000] {processor.py:753} INFO - DAG(s) dict_keys(['example_xcom_args', 'example_xcom_args_with_operators']) retrieved from /home/airflow/.local/lib/python3.7/site-packages/airflow/example_dags/example_xcomargs.py
[2022-12-03T21:58:46.794+0000] {logging_mixin.py:137} INFO - [2022-12-03T21:58:46.794+0000] {dag.py:2676} INFO - Sync 2 DAGs
[2022-12-03T21:58:46.819+0000] {logging_mixin.py:137} INFO - [2022-12-03T21:58:46.819+0000] {dag.py:3427} INFO - Setting next_dagrun for example_xcom_args to None, run_after=None
[2022-12-03T21:58:46.822+0000] {logging_mixin.py:137} INFO - [2022-12-03T21:58:46.822+0000] {dag.py:3427} INFO - Setting next_dagrun for example_xcom_args_with_operators to None, run_after=None
[2022-12-03T21:58:46.840+0000] {processor.py:175} INFO - Processing /home/airflow/.local/lib/python3.7/site-packages/airflow/example_dags/example_xcomargs.py took 0.113 seconds
[2022-12-03T21:59:17.441+0000] {processor.py:153} INFO - Started process (PID=793) to work on /home/airflow/.local/lib/python3.7/site-packages/airflow/example_dags/example_xcomargs.py
[2022-12-03T21:59:17.442+0000] {processor.py:743} INFO - Processing file /home/airflow/.local/lib/python3.7/site-packages/airflow/example_dags/example_xcomargs.py for tasks to queue
[2022-12-03T21:59:17.443+0000] {logging_mixin.py:137} INFO - [2022-12-03T21:59:17.443+0000] {dagbag.py:538} INFO - Filling up the DagBag from /home/airflow/.local/lib/python3.7/site-packages/airflow/example_dags/example_xcomargs.py
[2022-12-03T21:59:17.465+0000] {processor.py:753} INFO - DAG(s) dict_keys(['example_xcom_args', 'example_xcom_args_with_operators']) retrieved from /home/airflow/.local/lib/python3.7/site-packages/airflow/example_dags/example_xcomargs.py
[2022-12-03T21:59:17.503+0000] {logging_mixin.py:137} INFO - [2022-12-03T21:59:17.503+0000] {dag.py:2676} INFO - Sync 2 DAGs
[2022-12-03T21:59:17.527+0000] {logging_mixin.py:137} INFO - [2022-12-03T21:59:17.527+0000] {dag.py:3427} INFO - Setting next_dagrun for example_xcom_args to None, run_after=None
[2022-12-03T21:59:17.530+0000] {logging_mixin.py:137} INFO - [2022-12-03T21:59:17.530+0000] {dag.py:3427} INFO - Setting next_dagrun for example_xcom_args_with_operators to None, run_after=None
[2022-12-03T21:59:17.546+0000] {processor.py:175} INFO - Processing /home/airflow/.local/lib/python3.7/site-packages/airflow/example_dags/example_xcomargs.py took 0.108 seconds
[2022-12-03T21:59:47.899+0000] {processor.py:153} INFO - Started process (PID=879) to work on /home/airflow/.local/lib/python3.7/site-packages/airflow/example_dags/example_xcomargs.py
[2022-12-03T21:59:47.900+0000] {processor.py:743} INFO - Processing file /home/airflow/.local/lib/python3.7/site-packages/airflow/example_dags/example_xcomargs.py for tasks to queue
[2022-12-03T21:59:47.900+0000] {logging_mixin.py:137} INFO - [2022-12-03T21:59:47.900+0000] {dagbag.py:538} INFO - Filling up the DagBag from /home/airflow/.local/lib/python3.7/site-packages/airflow/example_dags/example_xcomargs.py
[2022-12-03T21:59:47.922+0000] {processor.py:753} INFO - DAG(s) dict_keys(['example_xcom_args_with_operators', 'example_xcom_args']) retrieved from /home/airflow/.local/lib/python3.7/site-packages/airflow/example_dags/example_xcomargs.py
[2022-12-03T21:59:47.958+0000] {logging_mixin.py:137} INFO - [2022-12-03T21:59:47.958+0000] {dag.py:2676} INFO - Sync 2 DAGs
[2022-12-03T21:59:47.982+0000] {logging_mixin.py:137} INFO - [2022-12-03T21:59:47.982+0000] {dag.py:3427} INFO - Setting next_dagrun for example_xcom_args to None, run_after=None
[2022-12-03T21:59:47.985+0000] {logging_mixin.py:137} INFO - [2022-12-03T21:59:47.985+0000] {dag.py:3427} INFO - Setting next_dagrun for example_xcom_args_with_operators to None, run_after=None
[2022-12-03T21:59:48.000+0000] {processor.py:175} INFO - Processing /home/airflow/.local/lib/python3.7/site-packages/airflow/example_dags/example_xcomargs.py took 0.104 seconds
[2022-12-03T22:00:18.577+0000] {processor.py:153} INFO - Started process (PID=989) to work on /home/airflow/.local/lib/python3.7/site-packages/airflow/example_dags/example_xcomargs.py
[2022-12-03T22:00:18.578+0000] {processor.py:743} INFO - Processing file /home/airflow/.local/lib/python3.7/site-packages/airflow/example_dags/example_xcomargs.py for tasks to queue
[2022-12-03T22:00:18.578+0000] {logging_mixin.py:137} INFO - [2022-12-03T22:00:18.578+0000] {dagbag.py:538} INFO - Filling up the DagBag from /home/airflow/.local/lib/python3.7/site-packages/airflow/example_dags/example_xcomargs.py
[2022-12-03T22:00:18.601+0000] {processor.py:753} INFO - DAG(s) dict_keys(['example_xcom_args', 'example_xcom_args_with_operators']) retrieved from /home/airflow/.local/lib/python3.7/site-packages/airflow/example_dags/example_xcomargs.py
[2022-12-03T22:00:18.639+0000] {logging_mixin.py:137} INFO - [2022-12-03T22:00:18.638+0000] {dag.py:2676} INFO - Sync 2 DAGs
[2022-12-03T22:00:18.664+0000] {logging_mixin.py:137} INFO - [2022-12-03T22:00:18.663+0000] {dag.py:3427} INFO - Setting next_dagrun for example_xcom_args to None, run_after=None
[2022-12-03T22:00:18.667+0000] {logging_mixin.py:137} INFO - [2022-12-03T22:00:18.667+0000] {dag.py:3427} INFO - Setting next_dagrun for example_xcom_args_with_operators to None, run_after=None
[2022-12-03T22:00:18.683+0000] {processor.py:175} INFO - Processing /home/airflow/.local/lib/python3.7/site-packages/airflow/example_dags/example_xcomargs.py took 0.109 seconds
[2022-12-03T22:00:49.062+0000] {processor.py:153} INFO - Started process (PID=1075) to work on /home/airflow/.local/lib/python3.7/site-packages/airflow/example_dags/example_xcomargs.py
[2022-12-03T22:00:49.062+0000] {processor.py:743} INFO - Processing file /home/airflow/.local/lib/python3.7/site-packages/airflow/example_dags/example_xcomargs.py for tasks to queue
[2022-12-03T22:00:49.063+0000] {logging_mixin.py:137} INFO - [2022-12-03T22:00:49.063+0000] {dagbag.py:538} INFO - Filling up the DagBag from /home/airflow/.local/lib/python3.7/site-packages/airflow/example_dags/example_xcomargs.py
[2022-12-03T22:00:49.087+0000] {processor.py:753} INFO - DAG(s) dict_keys(['example_xcom_args_with_operators', 'example_xcom_args']) retrieved from /home/airflow/.local/lib/python3.7/site-packages/airflow/example_dags/example_xcomargs.py
[2022-12-03T22:00:49.127+0000] {logging_mixin.py:137} INFO - [2022-12-03T22:00:49.127+0000] {dag.py:2676} INFO - Sync 2 DAGs
[2022-12-03T22:00:49.152+0000] {logging_mixin.py:137} INFO - [2022-12-03T22:00:49.152+0000] {dag.py:3427} INFO - Setting next_dagrun for example_xcom_args to None, run_after=None
[2022-12-03T22:00:49.155+0000] {logging_mixin.py:137} INFO - [2022-12-03T22:00:49.155+0000] {dag.py:3427} INFO - Setting next_dagrun for example_xcom_args_with_operators to None, run_after=None
[2022-12-03T22:00:49.171+0000] {processor.py:175} INFO - Processing /home/airflow/.local/lib/python3.7/site-packages/airflow/example_dags/example_xcomargs.py took 0.112 seconds
[2022-12-03T22:01:19.770+0000] {processor.py:153} INFO - Started process (PID=1185) to work on /home/airflow/.local/lib/python3.7/site-packages/airflow/example_dags/example_xcomargs.py
[2022-12-03T22:01:19.771+0000] {processor.py:743} INFO - Processing file /home/airflow/.local/lib/python3.7/site-packages/airflow/example_dags/example_xcomargs.py for tasks to queue
[2022-12-03T22:01:19.771+0000] {logging_mixin.py:137} INFO - [2022-12-03T22:01:19.771+0000] {dagbag.py:538} INFO - Filling up the DagBag from /home/airflow/.local/lib/python3.7/site-packages/airflow/example_dags/example_xcomargs.py
[2022-12-03T22:01:19.795+0000] {processor.py:753} INFO - DAG(s) dict_keys(['example_xcom_args', 'example_xcom_args_with_operators']) retrieved from /home/airflow/.local/lib/python3.7/site-packages/airflow/example_dags/example_xcomargs.py
[2022-12-03T22:01:19.834+0000] {logging_mixin.py:137} INFO - [2022-12-03T22:01:19.833+0000] {dag.py:2676} INFO - Sync 2 DAGs
[2022-12-03T22:01:19.862+0000] {logging_mixin.py:137} INFO - [2022-12-03T22:01:19.861+0000] {dag.py:3427} INFO - Setting next_dagrun for example_xcom_args to None, run_after=None
[2022-12-03T22:01:19.866+0000] {logging_mixin.py:137} INFO - [2022-12-03T22:01:19.866+0000] {dag.py:3427} INFO - Setting next_dagrun for example_xcom_args_with_operators to None, run_after=None
[2022-12-03T22:01:19.889+0000] {processor.py:175} INFO - Processing /home/airflow/.local/lib/python3.7/site-packages/airflow/example_dags/example_xcomargs.py took 0.122 seconds
[2022-12-03T22:01:50.421+0000] {processor.py:153} INFO - Started process (PID=1271) to work on /home/airflow/.local/lib/python3.7/site-packages/airflow/example_dags/example_xcomargs.py
[2022-12-03T22:01:50.422+0000] {processor.py:743} INFO - Processing file /home/airflow/.local/lib/python3.7/site-packages/airflow/example_dags/example_xcomargs.py for tasks to queue
[2022-12-03T22:01:50.423+0000] {logging_mixin.py:137} INFO - [2022-12-03T22:01:50.423+0000] {dagbag.py:538} INFO - Filling up the DagBag from /home/airflow/.local/lib/python3.7/site-packages/airflow/example_dags/example_xcomargs.py
[2022-12-03T22:01:50.448+0000] {processor.py:753} INFO - DAG(s) dict_keys(['example_xcom_args', 'example_xcom_args_with_operators']) retrieved from /home/airflow/.local/lib/python3.7/site-packages/airflow/example_dags/example_xcomargs.py
[2022-12-03T22:01:50.489+0000] {logging_mixin.py:137} INFO - [2022-12-03T22:01:50.488+0000] {dag.py:2676} INFO - Sync 2 DAGs
[2022-12-03T22:01:50.516+0000] {logging_mixin.py:137} INFO - [2022-12-03T22:01:50.516+0000] {dag.py:3427} INFO - Setting next_dagrun for example_xcom_args to None, run_after=None
[2022-12-03T22:01:50.520+0000] {logging_mixin.py:137} INFO - [2022-12-03T22:01:50.520+0000] {dag.py:3427} INFO - Setting next_dagrun for example_xcom_args_with_operators to None, run_after=None
[2022-12-03T22:01:50.537+0000] {processor.py:175} INFO - Processing /home/airflow/.local/lib/python3.7/site-packages/airflow/example_dags/example_xcomargs.py took 0.118 seconds
[2022-12-03T22:02:20.902+0000] {processor.py:153} INFO - Started process (PID=1359) to work on /home/airflow/.local/lib/python3.7/site-packages/airflow/example_dags/example_xcomargs.py
[2022-12-03T22:02:20.903+0000] {processor.py:743} INFO - Processing file /home/airflow/.local/lib/python3.7/site-packages/airflow/example_dags/example_xcomargs.py for tasks to queue
[2022-12-03T22:02:20.904+0000] {logging_mixin.py:137} INFO - [2022-12-03T22:02:20.903+0000] {dagbag.py:538} INFO - Filling up the DagBag from /home/airflow/.local/lib/python3.7/site-packages/airflow/example_dags/example_xcomargs.py
[2022-12-03T22:02:20.927+0000] {processor.py:753} INFO - DAG(s) dict_keys(['example_xcom_args_with_operators', 'example_xcom_args']) retrieved from /home/airflow/.local/lib/python3.7/site-packages/airflow/example_dags/example_xcomargs.py
[2022-12-03T22:02:20.968+0000] {logging_mixin.py:137} INFO - [2022-12-03T22:02:20.968+0000] {dag.py:2676} INFO - Sync 2 DAGs
[2022-12-03T22:02:20.992+0000] {logging_mixin.py:137} INFO - [2022-12-03T22:02:20.992+0000] {dag.py:3427} INFO - Setting next_dagrun for example_xcom_args to None, run_after=None
[2022-12-03T22:02:20.995+0000] {logging_mixin.py:137} INFO - [2022-12-03T22:02:20.995+0000] {dag.py:3427} INFO - Setting next_dagrun for example_xcom_args_with_operators to None, run_after=None
[2022-12-03T22:02:21.011+0000] {processor.py:175} INFO - Processing /home/airflow/.local/lib/python3.7/site-packages/airflow/example_dags/example_xcomargs.py took 0.111 seconds
