[2022-12-03T21:55:41.066+0000] {processor.py:153} INFO - Started process (PID=114) to work on /home/airflow/.local/lib/python3.7/site-packages/airflow/example_dags/example_task_group_decorator.py
[2022-12-03T21:55:41.066+0000] {processor.py:743} INFO - Processing file /home/airflow/.local/lib/python3.7/site-packages/airflow/example_dags/example_task_group_decorator.py for tasks to queue
[2022-12-03T21:55:41.068+0000] {logging_mixin.py:137} INFO - [2022-12-03T21:55:41.068+0000] {dagbag.py:538} INFO - Filling up the DagBag from /home/airflow/.local/lib/python3.7/site-packages/airflow/example_dags/example_task_group_decorator.py
[2022-12-03T21:55:41.110+0000] {processor.py:753} INFO - DAG(s) dict_keys(['example_task_group_decorator']) retrieved from /home/airflow/.local/lib/python3.7/site-packages/airflow/example_dags/example_task_group_decorator.py
[2022-12-03T21:55:41.141+0000] {logging_mixin.py:137} INFO - [2022-12-03T21:55:41.141+0000] {dag.py:2676} INFO - Sync 1 DAGs
[2022-12-03T21:55:41.174+0000] {logging_mixin.py:137} INFO - [2022-12-03T21:55:41.174+0000] {dag.py:3427} INFO - Setting next_dagrun for example_task_group_decorator to 2022-12-02T21:55:41.174091+00:00, run_after=2022-12-03T21:55:41.174091+00:00
[2022-12-03T21:55:41.195+0000] {processor.py:175} INFO - Processing /home/airflow/.local/lib/python3.7/site-packages/airflow/example_dags/example_task_group_decorator.py took 0.131 seconds
[2022-12-03T21:56:11.871+0000] {processor.py:153} INFO - Started process (PID=199) to work on /home/airflow/.local/lib/python3.7/site-packages/airflow/example_dags/example_task_group_decorator.py
[2022-12-03T21:56:11.872+0000] {processor.py:743} INFO - Processing file /home/airflow/.local/lib/python3.7/site-packages/airflow/example_dags/example_task_group_decorator.py for tasks to queue
[2022-12-03T21:56:11.872+0000] {logging_mixin.py:137} INFO - [2022-12-03T21:56:11.872+0000] {dagbag.py:538} INFO - Filling up the DagBag from /home/airflow/.local/lib/python3.7/site-packages/airflow/example_dags/example_task_group_decorator.py
[2022-12-03T21:56:11.900+0000] {processor.py:753} INFO - DAG(s) dict_keys(['example_task_group_decorator']) retrieved from /home/airflow/.local/lib/python3.7/site-packages/airflow/example_dags/example_task_group_decorator.py
[2022-12-03T21:56:11.938+0000] {logging_mixin.py:137} INFO - [2022-12-03T21:56:11.938+0000] {dag.py:2676} INFO - Sync 1 DAGs
[2022-12-03T21:56:11.963+0000] {logging_mixin.py:137} INFO - [2022-12-03T21:56:11.963+0000] {dag.py:3427} INFO - Setting next_dagrun for example_task_group_decorator to 2022-12-02T21:56:11.963278+00:00, run_after=2022-12-03T21:56:11.963278+00:00
[2022-12-03T21:56:11.980+0000] {processor.py:175} INFO - Processing /home/airflow/.local/lib/python3.7/site-packages/airflow/example_dags/example_task_group_decorator.py took 0.113 seconds
[2022-12-03T21:56:42.692+0000] {processor.py:153} INFO - Started process (PID=285) to work on /home/airflow/.local/lib/python3.7/site-packages/airflow/example_dags/example_task_group_decorator.py
[2022-12-03T21:56:42.693+0000] {processor.py:743} INFO - Processing file /home/airflow/.local/lib/python3.7/site-packages/airflow/example_dags/example_task_group_decorator.py for tasks to queue
[2022-12-03T21:56:42.693+0000] {logging_mixin.py:137} INFO - [2022-12-03T21:56:42.693+0000] {dagbag.py:538} INFO - Filling up the DagBag from /home/airflow/.local/lib/python3.7/site-packages/airflow/example_dags/example_task_group_decorator.py
[2022-12-03T21:56:42.723+0000] {processor.py:753} INFO - DAG(s) dict_keys(['example_task_group_decorator']) retrieved from /home/airflow/.local/lib/python3.7/site-packages/airflow/example_dags/example_task_group_decorator.py
[2022-12-03T21:56:42.762+0000] {logging_mixin.py:137} INFO - [2022-12-03T21:56:42.762+0000] {dag.py:2676} INFO - Sync 1 DAGs
[2022-12-03T21:56:42.798+0000] {logging_mixin.py:137} INFO - [2022-12-03T21:56:42.797+0000] {dag.py:3427} INFO - Setting next_dagrun for example_task_group_decorator to 2022-12-02T21:56:42.797681+00:00, run_after=2022-12-03T21:56:42.797681+00:00
[2022-12-03T21:56:42.815+0000] {processor.py:175} INFO - Processing /home/airflow/.local/lib/python3.7/site-packages/airflow/example_dags/example_task_group_decorator.py took 0.127 seconds
[2022-12-03T21:57:12.897+0000] {processor.py:153} INFO - Started process (PID=395) to work on /home/airflow/.local/lib/python3.7/site-packages/airflow/example_dags/example_task_group_decorator.py
[2022-12-03T21:57:12.897+0000] {processor.py:743} INFO - Processing file /home/airflow/.local/lib/python3.7/site-packages/airflow/example_dags/example_task_group_decorator.py for tasks to queue
[2022-12-03T21:57:12.898+0000] {logging_mixin.py:137} INFO - [2022-12-03T21:57:12.898+0000] {dagbag.py:538} INFO - Filling up the DagBag from /home/airflow/.local/lib/python3.7/site-packages/airflow/example_dags/example_task_group_decorator.py
[2022-12-03T21:57:12.927+0000] {processor.py:753} INFO - DAG(s) dict_keys(['example_task_group_decorator']) retrieved from /home/airflow/.local/lib/python3.7/site-packages/airflow/example_dags/example_task_group_decorator.py
[2022-12-03T21:57:12.965+0000] {logging_mixin.py:137} INFO - [2022-12-03T21:57:12.965+0000] {dag.py:2676} INFO - Sync 1 DAGs
[2022-12-03T21:57:12.991+0000] {logging_mixin.py:137} INFO - [2022-12-03T21:57:12.991+0000] {dag.py:3427} INFO - Setting next_dagrun for example_task_group_decorator to 2022-12-02T21:57:12.990795+00:00, run_after=2022-12-03T21:57:12.990795+00:00
[2022-12-03T21:57:13.010+0000] {processor.py:175} INFO - Processing /home/airflow/.local/lib/python3.7/site-packages/airflow/example_dags/example_task_group_decorator.py took 0.116 seconds
[2022-12-03T21:57:43.490+0000] {processor.py:153} INFO - Started process (PID=481) to work on /home/airflow/.local/lib/python3.7/site-packages/airflow/example_dags/example_task_group_decorator.py
[2022-12-03T21:57:43.491+0000] {processor.py:743} INFO - Processing file /home/airflow/.local/lib/python3.7/site-packages/airflow/example_dags/example_task_group_decorator.py for tasks to queue
[2022-12-03T21:57:43.492+0000] {logging_mixin.py:137} INFO - [2022-12-03T21:57:43.492+0000] {dagbag.py:538} INFO - Filling up the DagBag from /home/airflow/.local/lib/python3.7/site-packages/airflow/example_dags/example_task_group_decorator.py
[2022-12-03T21:57:43.521+0000] {processor.py:753} INFO - DAG(s) dict_keys(['example_task_group_decorator']) retrieved from /home/airflow/.local/lib/python3.7/site-packages/airflow/example_dags/example_task_group_decorator.py
[2022-12-03T21:57:43.559+0000] {logging_mixin.py:137} INFO - [2022-12-03T21:57:43.559+0000] {dag.py:2676} INFO - Sync 1 DAGs
[2022-12-03T21:57:43.586+0000] {logging_mixin.py:137} INFO - [2022-12-03T21:57:43.586+0000] {dag.py:3427} INFO - Setting next_dagrun for example_task_group_decorator to 2022-12-02T21:57:43.585877+00:00, run_after=2022-12-03T21:57:43.585877+00:00
[2022-12-03T21:57:43.603+0000] {processor.py:175} INFO - Processing /home/airflow/.local/lib/python3.7/site-packages/airflow/example_dags/example_task_group_decorator.py took 0.116 seconds
[2022-12-03T21:58:13.940+0000] {processor.py:153} INFO - Started process (PID=592) to work on /home/airflow/.local/lib/python3.7/site-packages/airflow/example_dags/example_task_group_decorator.py
[2022-12-03T21:58:13.941+0000] {processor.py:743} INFO - Processing file /home/airflow/.local/lib/python3.7/site-packages/airflow/example_dags/example_task_group_decorator.py for tasks to queue
[2022-12-03T21:58:13.942+0000] {logging_mixin.py:137} INFO - [2022-12-03T21:58:13.942+0000] {dagbag.py:538} INFO - Filling up the DagBag from /home/airflow/.local/lib/python3.7/site-packages/airflow/example_dags/example_task_group_decorator.py
[2022-12-03T21:58:13.971+0000] {processor.py:753} INFO - DAG(s) dict_keys(['example_task_group_decorator']) retrieved from /home/airflow/.local/lib/python3.7/site-packages/airflow/example_dags/example_task_group_decorator.py
[2022-12-03T21:58:14.008+0000] {logging_mixin.py:137} INFO - [2022-12-03T21:58:14.008+0000] {dag.py:2676} INFO - Sync 1 DAGs
[2022-12-03T21:58:14.034+0000] {logging_mixin.py:137} INFO - [2022-12-03T21:58:14.034+0000] {dag.py:3427} INFO - Setting next_dagrun for example_task_group_decorator to 2022-12-02T21:58:14.034267+00:00, run_after=2022-12-03T21:58:14.034267+00:00
[2022-12-03T21:58:14.053+0000] {processor.py:175} INFO - Processing /home/airflow/.local/lib/python3.7/site-packages/airflow/example_dags/example_task_group_decorator.py took 0.116 seconds
[2022-12-03T21:58:44.335+0000] {processor.py:153} INFO - Started process (PID=678) to work on /home/airflow/.local/lib/python3.7/site-packages/airflow/example_dags/example_task_group_decorator.py
[2022-12-03T21:58:44.336+0000] {processor.py:743} INFO - Processing file /home/airflow/.local/lib/python3.7/site-packages/airflow/example_dags/example_task_group_decorator.py for tasks to queue
[2022-12-03T21:58:44.336+0000] {logging_mixin.py:137} INFO - [2022-12-03T21:58:44.336+0000] {dagbag.py:538} INFO - Filling up the DagBag from /home/airflow/.local/lib/python3.7/site-packages/airflow/example_dags/example_task_group_decorator.py
[2022-12-03T21:58:44.366+0000] {processor.py:753} INFO - DAG(s) dict_keys(['example_task_group_decorator']) retrieved from /home/airflow/.local/lib/python3.7/site-packages/airflow/example_dags/example_task_group_decorator.py
[2022-12-03T21:58:44.409+0000] {logging_mixin.py:137} INFO - [2022-12-03T21:58:44.409+0000] {dag.py:2676} INFO - Sync 1 DAGs
[2022-12-03T21:58:44.437+0000] {logging_mixin.py:137} INFO - [2022-12-03T21:58:44.436+0000] {dag.py:3427} INFO - Setting next_dagrun for example_task_group_decorator to 2022-12-02T21:58:44.436643+00:00, run_after=2022-12-03T21:58:44.436643+00:00
[2022-12-03T21:58:44.455+0000] {processor.py:175} INFO - Processing /home/airflow/.local/lib/python3.7/site-packages/airflow/example_dags/example_task_group_decorator.py took 0.123 seconds
[2022-12-03T21:59:15.022+0000] {processor.py:153} INFO - Started process (PID=773) to work on /home/airflow/.local/lib/python3.7/site-packages/airflow/example_dags/example_task_group_decorator.py
[2022-12-03T21:59:15.023+0000] {processor.py:743} INFO - Processing file /home/airflow/.local/lib/python3.7/site-packages/airflow/example_dags/example_task_group_decorator.py for tasks to queue
[2022-12-03T21:59:15.024+0000] {logging_mixin.py:137} INFO - [2022-12-03T21:59:15.024+0000] {dagbag.py:538} INFO - Filling up the DagBag from /home/airflow/.local/lib/python3.7/site-packages/airflow/example_dags/example_task_group_decorator.py
[2022-12-03T21:59:15.053+0000] {processor.py:753} INFO - DAG(s) dict_keys(['example_task_group_decorator']) retrieved from /home/airflow/.local/lib/python3.7/site-packages/airflow/example_dags/example_task_group_decorator.py
[2022-12-03T21:59:15.093+0000] {logging_mixin.py:137} INFO - [2022-12-03T21:59:15.093+0000] {dag.py:2676} INFO - Sync 1 DAGs
[2022-12-03T21:59:15.120+0000] {logging_mixin.py:137} INFO - [2022-12-03T21:59:15.120+0000] {dag.py:3427} INFO - Setting next_dagrun for example_task_group_decorator to 2022-12-02T21:59:15.119830+00:00, run_after=2022-12-03T21:59:15.119830+00:00
[2022-12-03T21:59:15.140+0000] {processor.py:175} INFO - Processing /home/airflow/.local/lib/python3.7/site-packages/airflow/example_dags/example_task_group_decorator.py took 0.120 seconds
[2022-12-03T21:59:45.525+0000] {processor.py:153} INFO - Started process (PID=874) to work on /home/airflow/.local/lib/python3.7/site-packages/airflow/example_dags/example_task_group_decorator.py
[2022-12-03T21:59:45.526+0000] {processor.py:743} INFO - Processing file /home/airflow/.local/lib/python3.7/site-packages/airflow/example_dags/example_task_group_decorator.py for tasks to queue
[2022-12-03T21:59:45.526+0000] {logging_mixin.py:137} INFO - [2022-12-03T21:59:45.526+0000] {dagbag.py:538} INFO - Filling up the DagBag from /home/airflow/.local/lib/python3.7/site-packages/airflow/example_dags/example_task_group_decorator.py
[2022-12-03T21:59:45.554+0000] {processor.py:753} INFO - DAG(s) dict_keys(['example_task_group_decorator']) retrieved from /home/airflow/.local/lib/python3.7/site-packages/airflow/example_dags/example_task_group_decorator.py
[2022-12-03T21:59:45.590+0000] {logging_mixin.py:137} INFO - [2022-12-03T21:59:45.589+0000] {dag.py:2676} INFO - Sync 1 DAGs
[2022-12-03T21:59:45.614+0000] {logging_mixin.py:137} INFO - [2022-12-03T21:59:45.614+0000] {dag.py:3427} INFO - Setting next_dagrun for example_task_group_decorator to 2022-12-02T21:59:45.614673+00:00, run_after=2022-12-03T21:59:45.614673+00:00
[2022-12-03T21:59:45.632+0000] {processor.py:175} INFO - Processing /home/airflow/.local/lib/python3.7/site-packages/airflow/example_dags/example_task_group_decorator.py took 0.110 seconds
[2022-12-03T22:00:16.190+0000] {processor.py:153} INFO - Started process (PID=960) to work on /home/airflow/.local/lib/python3.7/site-packages/airflow/example_dags/example_task_group_decorator.py
[2022-12-03T22:00:16.191+0000] {processor.py:743} INFO - Processing file /home/airflow/.local/lib/python3.7/site-packages/airflow/example_dags/example_task_group_decorator.py for tasks to queue
[2022-12-03T22:00:16.192+0000] {logging_mixin.py:137} INFO - [2022-12-03T22:00:16.191+0000] {dagbag.py:538} INFO - Filling up the DagBag from /home/airflow/.local/lib/python3.7/site-packages/airflow/example_dags/example_task_group_decorator.py
[2022-12-03T22:00:16.219+0000] {processor.py:753} INFO - DAG(s) dict_keys(['example_task_group_decorator']) retrieved from /home/airflow/.local/lib/python3.7/site-packages/airflow/example_dags/example_task_group_decorator.py
[2022-12-03T22:00:16.255+0000] {logging_mixin.py:137} INFO - [2022-12-03T22:00:16.255+0000] {dag.py:2676} INFO - Sync 1 DAGs
[2022-12-03T22:00:16.279+0000] {logging_mixin.py:137} INFO - [2022-12-03T22:00:16.279+0000] {dag.py:3427} INFO - Setting next_dagrun for example_task_group_decorator to 2022-12-02T22:00:16.279528+00:00, run_after=2022-12-03T22:00:16.279528+00:00
[2022-12-03T22:00:16.296+0000] {processor.py:175} INFO - Processing /home/airflow/.local/lib/python3.7/site-packages/airflow/example_dags/example_task_group_decorator.py took 0.108 seconds
[2022-12-03T22:00:46.674+0000] {processor.py:153} INFO - Started process (PID=1070) to work on /home/airflow/.local/lib/python3.7/site-packages/airflow/example_dags/example_task_group_decorator.py
[2022-12-03T22:00:46.675+0000] {processor.py:743} INFO - Processing file /home/airflow/.local/lib/python3.7/site-packages/airflow/example_dags/example_task_group_decorator.py for tasks to queue
[2022-12-03T22:00:46.676+0000] {logging_mixin.py:137} INFO - [2022-12-03T22:00:46.675+0000] {dagbag.py:538} INFO - Filling up the DagBag from /home/airflow/.local/lib/python3.7/site-packages/airflow/example_dags/example_task_group_decorator.py
[2022-12-03T22:00:46.706+0000] {processor.py:753} INFO - DAG(s) dict_keys(['example_task_group_decorator']) retrieved from /home/airflow/.local/lib/python3.7/site-packages/airflow/example_dags/example_task_group_decorator.py
[2022-12-03T22:00:46.745+0000] {logging_mixin.py:137} INFO - [2022-12-03T22:00:46.745+0000] {dag.py:2676} INFO - Sync 1 DAGs
[2022-12-03T22:00:46.772+0000] {logging_mixin.py:137} INFO - [2022-12-03T22:00:46.772+0000] {dag.py:3427} INFO - Setting next_dagrun for example_task_group_decorator to 2022-12-02T22:00:46.771739+00:00, run_after=2022-12-03T22:00:46.771739+00:00
[2022-12-03T22:00:46.789+0000] {processor.py:175} INFO - Processing /home/airflow/.local/lib/python3.7/site-packages/airflow/example_dags/example_task_group_decorator.py took 0.118 seconds
[2022-12-03T22:01:17.220+0000] {processor.py:153} INFO - Started process (PID=1156) to work on /home/airflow/.local/lib/python3.7/site-packages/airflow/example_dags/example_task_group_decorator.py
[2022-12-03T22:01:17.221+0000] {processor.py:743} INFO - Processing file /home/airflow/.local/lib/python3.7/site-packages/airflow/example_dags/example_task_group_decorator.py for tasks to queue
[2022-12-03T22:01:17.221+0000] {logging_mixin.py:137} INFO - [2022-12-03T22:01:17.221+0000] {dagbag.py:538} INFO - Filling up the DagBag from /home/airflow/.local/lib/python3.7/site-packages/airflow/example_dags/example_task_group_decorator.py
[2022-12-03T22:01:17.249+0000] {processor.py:753} INFO - DAG(s) dict_keys(['example_task_group_decorator']) retrieved from /home/airflow/.local/lib/python3.7/site-packages/airflow/example_dags/example_task_group_decorator.py
[2022-12-03T22:01:17.284+0000] {logging_mixin.py:137} INFO - [2022-12-03T22:01:17.284+0000] {dag.py:2676} INFO - Sync 1 DAGs
[2022-12-03T22:01:17.307+0000] {logging_mixin.py:137} INFO - [2022-12-03T22:01:17.307+0000] {dag.py:3427} INFO - Setting next_dagrun for example_task_group_decorator to 2022-12-02T22:01:17.307453+00:00, run_after=2022-12-03T22:01:17.307453+00:00
[2022-12-03T22:01:17.326+0000] {processor.py:175} INFO - Processing /home/airflow/.local/lib/python3.7/site-packages/airflow/example_dags/example_task_group_decorator.py took 0.109 seconds
[2022-12-03T22:01:48.031+0000] {processor.py:153} INFO - Started process (PID=1266) to work on /home/airflow/.local/lib/python3.7/site-packages/airflow/example_dags/example_task_group_decorator.py
[2022-12-03T22:01:48.032+0000] {processor.py:743} INFO - Processing file /home/airflow/.local/lib/python3.7/site-packages/airflow/example_dags/example_task_group_decorator.py for tasks to queue
[2022-12-03T22:01:48.032+0000] {logging_mixin.py:137} INFO - [2022-12-03T22:01:48.032+0000] {dagbag.py:538} INFO - Filling up the DagBag from /home/airflow/.local/lib/python3.7/site-packages/airflow/example_dags/example_task_group_decorator.py
[2022-12-03T22:01:48.061+0000] {processor.py:753} INFO - DAG(s) dict_keys(['example_task_group_decorator']) retrieved from /home/airflow/.local/lib/python3.7/site-packages/airflow/example_dags/example_task_group_decorator.py
[2022-12-03T22:01:48.097+0000] {logging_mixin.py:137} INFO - [2022-12-03T22:01:48.097+0000] {dag.py:2676} INFO - Sync 1 DAGs
[2022-12-03T22:01:48.122+0000] {logging_mixin.py:137} INFO - [2022-12-03T22:01:48.122+0000] {dag.py:3427} INFO - Setting next_dagrun for example_task_group_decorator to 2022-12-02T22:01:48.122563+00:00, run_after=2022-12-03T22:01:48.122563+00:00
[2022-12-03T22:01:48.139+0000] {processor.py:175} INFO - Processing /home/airflow/.local/lib/python3.7/site-packages/airflow/example_dags/example_task_group_decorator.py took 0.111 seconds
[2022-12-03T22:02:18.490+0000] {processor.py:153} INFO - Started process (PID=1352) to work on /home/airflow/.local/lib/python3.7/site-packages/airflow/example_dags/example_task_group_decorator.py
[2022-12-03T22:02:18.491+0000] {processor.py:743} INFO - Processing file /home/airflow/.local/lib/python3.7/site-packages/airflow/example_dags/example_task_group_decorator.py for tasks to queue
[2022-12-03T22:02:18.492+0000] {logging_mixin.py:137} INFO - [2022-12-03T22:02:18.492+0000] {dagbag.py:538} INFO - Filling up the DagBag from /home/airflow/.local/lib/python3.7/site-packages/airflow/example_dags/example_task_group_decorator.py
[2022-12-03T22:02:18.520+0000] {processor.py:753} INFO - DAG(s) dict_keys(['example_task_group_decorator']) retrieved from /home/airflow/.local/lib/python3.7/site-packages/airflow/example_dags/example_task_group_decorator.py
[2022-12-03T22:02:18.556+0000] {logging_mixin.py:137} INFO - [2022-12-03T22:02:18.556+0000] {dag.py:2676} INFO - Sync 1 DAGs
[2022-12-03T22:02:18.582+0000] {logging_mixin.py:137} INFO - [2022-12-03T22:02:18.582+0000] {dag.py:3427} INFO - Setting next_dagrun for example_task_group_decorator to 2022-12-02T22:02:18.581892+00:00, run_after=2022-12-03T22:02:18.581892+00:00
[2022-12-03T22:02:18.598+0000] {processor.py:175} INFO - Processing /home/airflow/.local/lib/python3.7/site-packages/airflow/example_dags/example_task_group_decorator.py took 0.111 seconds
