[2022-12-03T21:55:37.081+0000] {processor.py:153} INFO - Started process (PID=94) to work on /home/airflow/.local/lib/python3.7/site-packages/airflow/example_dags/example_branch_python_dop_operator_3.py
[2022-12-03T21:55:37.082+0000] {processor.py:743} INFO - Processing file /home/airflow/.local/lib/python3.7/site-packages/airflow/example_dags/example_branch_python_dop_operator_3.py for tasks to queue
[2022-12-03T21:55:37.082+0000] {logging_mixin.py:137} INFO - [2022-12-03T21:55:37.082+0000] {dagbag.py:538} INFO - Filling up the DagBag from /home/airflow/.local/lib/python3.7/site-packages/airflow/example_dags/example_branch_python_dop_operator_3.py
[2022-12-03T21:55:37.196+0000] {processor.py:753} INFO - DAG(s) dict_keys(['example_branch_dop_operator_v3']) retrieved from /home/airflow/.local/lib/python3.7/site-packages/airflow/example_dags/example_branch_python_dop_operator_3.py
[2022-12-03T21:55:37.288+0000] {logging_mixin.py:137} INFO - [2022-12-03T21:55:37.288+0000] {dag.py:2676} INFO - Sync 1 DAGs
[2022-12-03T21:55:37.386+0000] {logging_mixin.py:137} INFO - [2022-12-03T21:55:37.386+0000] {dag.py:3427} INFO - Setting next_dagrun for example_branch_dop_operator_v3 to 2022-12-03T21:54:00+00:00, run_after=2022-12-03T21:55:00+00:00
[2022-12-03T21:55:37.410+0000] {processor.py:175} INFO - Processing /home/airflow/.local/lib/python3.7/site-packages/airflow/example_dags/example_branch_python_dop_operator_3.py took 0.332 seconds
[2022-12-03T21:56:08.707+0000] {processor.py:153} INFO - Started process (PID=180) to work on /home/airflow/.local/lib/python3.7/site-packages/airflow/example_dags/example_branch_python_dop_operator_3.py
[2022-12-03T21:56:08.708+0000] {processor.py:743} INFO - Processing file /home/airflow/.local/lib/python3.7/site-packages/airflow/example_dags/example_branch_python_dop_operator_3.py for tasks to queue
[2022-12-03T21:56:08.708+0000] {logging_mixin.py:137} INFO - [2022-12-03T21:56:08.708+0000] {dagbag.py:538} INFO - Filling up the DagBag from /home/airflow/.local/lib/python3.7/site-packages/airflow/example_dags/example_branch_python_dop_operator_3.py
[2022-12-03T21:56:08.734+0000] {processor.py:753} INFO - DAG(s) dict_keys(['example_branch_dop_operator_v3']) retrieved from /home/airflow/.local/lib/python3.7/site-packages/airflow/example_dags/example_branch_python_dop_operator_3.py
[2022-12-03T21:56:08.767+0000] {logging_mixin.py:137} INFO - [2022-12-03T21:56:08.767+0000] {dag.py:2676} INFO - Sync 1 DAGs
[2022-12-03T21:56:08.796+0000] {logging_mixin.py:137} INFO - [2022-12-03T21:56:08.796+0000] {dag.py:3427} INFO - Setting next_dagrun for example_branch_dop_operator_v3 to 2022-12-03T21:55:00+00:00, run_after=2022-12-03T21:56:00+00:00
[2022-12-03T21:56:08.814+0000] {processor.py:175} INFO - Processing /home/airflow/.local/lib/python3.7/site-packages/airflow/example_dags/example_branch_python_dop_operator_3.py took 0.110 seconds
[2022-12-03T21:56:39.250+0000] {processor.py:153} INFO - Started process (PID=266) to work on /home/airflow/.local/lib/python3.7/site-packages/airflow/example_dags/example_branch_python_dop_operator_3.py
[2022-12-03T21:56:39.251+0000] {processor.py:743} INFO - Processing file /home/airflow/.local/lib/python3.7/site-packages/airflow/example_dags/example_branch_python_dop_operator_3.py for tasks to queue
[2022-12-03T21:56:39.251+0000] {logging_mixin.py:137} INFO - [2022-12-03T21:56:39.251+0000] {dagbag.py:538} INFO - Filling up the DagBag from /home/airflow/.local/lib/python3.7/site-packages/airflow/example_dags/example_branch_python_dop_operator_3.py
[2022-12-03T21:56:39.273+0000] {processor.py:753} INFO - DAG(s) dict_keys(['example_branch_dop_operator_v3']) retrieved from /home/airflow/.local/lib/python3.7/site-packages/airflow/example_dags/example_branch_python_dop_operator_3.py
[2022-12-03T21:56:39.306+0000] {logging_mixin.py:137} INFO - [2022-12-03T21:56:39.306+0000] {dag.py:2676} INFO - Sync 1 DAGs
[2022-12-03T21:56:39.334+0000] {logging_mixin.py:137} INFO - [2022-12-03T21:56:39.334+0000] {dag.py:3427} INFO - Setting next_dagrun for example_branch_dop_operator_v3 to 2022-12-03T21:55:00+00:00, run_after=2022-12-03T21:56:00+00:00
[2022-12-03T21:56:39.350+0000] {processor.py:175} INFO - Processing /home/airflow/.local/lib/python3.7/site-packages/airflow/example_dags/example_branch_python_dop_operator_3.py took 0.103 seconds
[2022-12-03T21:57:09.734+0000] {processor.py:153} INFO - Started process (PID=352) to work on /home/airflow/.local/lib/python3.7/site-packages/airflow/example_dags/example_branch_python_dop_operator_3.py
[2022-12-03T21:57:09.735+0000] {processor.py:743} INFO - Processing file /home/airflow/.local/lib/python3.7/site-packages/airflow/example_dags/example_branch_python_dop_operator_3.py for tasks to queue
[2022-12-03T21:57:09.736+0000] {logging_mixin.py:137} INFO - [2022-12-03T21:57:09.735+0000] {dagbag.py:538} INFO - Filling up the DagBag from /home/airflow/.local/lib/python3.7/site-packages/airflow/example_dags/example_branch_python_dop_operator_3.py
[2022-12-03T21:57:09.760+0000] {processor.py:753} INFO - DAG(s) dict_keys(['example_branch_dop_operator_v3']) retrieved from /home/airflow/.local/lib/python3.7/site-packages/airflow/example_dags/example_branch_python_dop_operator_3.py
[2022-12-03T21:57:09.795+0000] {logging_mixin.py:137} INFO - [2022-12-03T21:57:09.795+0000] {dag.py:2676} INFO - Sync 1 DAGs
[2022-12-03T21:57:09.825+0000] {logging_mixin.py:137} INFO - [2022-12-03T21:57:09.825+0000] {dag.py:3427} INFO - Setting next_dagrun for example_branch_dop_operator_v3 to 2022-12-03T21:56:00+00:00, run_after=2022-12-03T21:57:00+00:00
[2022-12-03T21:57:09.842+0000] {processor.py:175} INFO - Processing /home/airflow/.local/lib/python3.7/site-packages/airflow/example_dags/example_branch_python_dop_operator_3.py took 0.110 seconds
[2022-12-03T21:57:40.164+0000] {processor.py:153} INFO - Started process (PID=462) to work on /home/airflow/.local/lib/python3.7/site-packages/airflow/example_dags/example_branch_python_dop_operator_3.py
[2022-12-03T21:57:40.165+0000] {processor.py:743} INFO - Processing file /home/airflow/.local/lib/python3.7/site-packages/airflow/example_dags/example_branch_python_dop_operator_3.py for tasks to queue
[2022-12-03T21:57:40.166+0000] {logging_mixin.py:137} INFO - [2022-12-03T21:57:40.165+0000] {dagbag.py:538} INFO - Filling up the DagBag from /home/airflow/.local/lib/python3.7/site-packages/airflow/example_dags/example_branch_python_dop_operator_3.py
[2022-12-03T21:57:40.190+0000] {processor.py:753} INFO - DAG(s) dict_keys(['example_branch_dop_operator_v3']) retrieved from /home/airflow/.local/lib/python3.7/site-packages/airflow/example_dags/example_branch_python_dop_operator_3.py
[2022-12-03T21:57:40.233+0000] {logging_mixin.py:137} INFO - [2022-12-03T21:57:40.233+0000] {dag.py:2676} INFO - Sync 1 DAGs
[2022-12-03T21:57:40.263+0000] {logging_mixin.py:137} INFO - [2022-12-03T21:57:40.263+0000] {dag.py:3427} INFO - Setting next_dagrun for example_branch_dop_operator_v3 to 2022-12-03T21:56:00+00:00, run_after=2022-12-03T21:57:00+00:00
[2022-12-03T21:57:40.279+0000] {processor.py:175} INFO - Processing /home/airflow/.local/lib/python3.7/site-packages/airflow/example_dags/example_branch_python_dop_operator_3.py took 0.117 seconds
[2022-12-03T21:58:10.573+0000] {processor.py:153} INFO - Started process (PID=549) to work on /home/airflow/.local/lib/python3.7/site-packages/airflow/example_dags/example_branch_python_dop_operator_3.py
[2022-12-03T21:58:10.574+0000] {processor.py:743} INFO - Processing file /home/airflow/.local/lib/python3.7/site-packages/airflow/example_dags/example_branch_python_dop_operator_3.py for tasks to queue
[2022-12-03T21:58:10.575+0000] {logging_mixin.py:137} INFO - [2022-12-03T21:58:10.575+0000] {dagbag.py:538} INFO - Filling up the DagBag from /home/airflow/.local/lib/python3.7/site-packages/airflow/example_dags/example_branch_python_dop_operator_3.py
[2022-12-03T21:58:10.599+0000] {processor.py:753} INFO - DAG(s) dict_keys(['example_branch_dop_operator_v3']) retrieved from /home/airflow/.local/lib/python3.7/site-packages/airflow/example_dags/example_branch_python_dop_operator_3.py
[2022-12-03T21:58:10.634+0000] {logging_mixin.py:137} INFO - [2022-12-03T21:58:10.633+0000] {dag.py:2676} INFO - Sync 1 DAGs
[2022-12-03T21:58:10.666+0000] {logging_mixin.py:137} INFO - [2022-12-03T21:58:10.665+0000] {dag.py:3427} INFO - Setting next_dagrun for example_branch_dop_operator_v3 to 2022-12-03T21:57:00+00:00, run_after=2022-12-03T21:58:00+00:00
[2022-12-03T21:58:10.683+0000] {processor.py:175} INFO - Processing /home/airflow/.local/lib/python3.7/site-packages/airflow/example_dags/example_branch_python_dop_operator_3.py took 0.112 seconds
[2022-12-03T21:58:41.171+0000] {processor.py:153} INFO - Started process (PID=659) to work on /home/airflow/.local/lib/python3.7/site-packages/airflow/example_dags/example_branch_python_dop_operator_3.py
[2022-12-03T21:58:41.171+0000] {processor.py:743} INFO - Processing file /home/airflow/.local/lib/python3.7/site-packages/airflow/example_dags/example_branch_python_dop_operator_3.py for tasks to queue
[2022-12-03T21:58:41.172+0000] {logging_mixin.py:137} INFO - [2022-12-03T21:58:41.172+0000] {dagbag.py:538} INFO - Filling up the DagBag from /home/airflow/.local/lib/python3.7/site-packages/airflow/example_dags/example_branch_python_dop_operator_3.py
[2022-12-03T21:58:41.194+0000] {processor.py:753} INFO - DAG(s) dict_keys(['example_branch_dop_operator_v3']) retrieved from /home/airflow/.local/lib/python3.7/site-packages/airflow/example_dags/example_branch_python_dop_operator_3.py
[2022-12-03T21:58:41.228+0000] {logging_mixin.py:137} INFO - [2022-12-03T21:58:41.228+0000] {dag.py:2676} INFO - Sync 1 DAGs
[2022-12-03T21:58:41.257+0000] {logging_mixin.py:137} INFO - [2022-12-03T21:58:41.257+0000] {dag.py:3427} INFO - Setting next_dagrun for example_branch_dop_operator_v3 to 2022-12-03T21:57:00+00:00, run_after=2022-12-03T21:58:00+00:00
[2022-12-03T21:58:41.273+0000] {processor.py:175} INFO - Processing /home/airflow/.local/lib/python3.7/site-packages/airflow/example_dags/example_branch_python_dop_operator_3.py took 0.105 seconds
[2022-12-03T21:59:11.532+0000] {processor.py:153} INFO - Started process (PID=745) to work on /home/airflow/.local/lib/python3.7/site-packages/airflow/example_dags/example_branch_python_dop_operator_3.py
[2022-12-03T21:59:11.533+0000] {processor.py:743} INFO - Processing file /home/airflow/.local/lib/python3.7/site-packages/airflow/example_dags/example_branch_python_dop_operator_3.py for tasks to queue
[2022-12-03T21:59:11.534+0000] {logging_mixin.py:137} INFO - [2022-12-03T21:59:11.534+0000] {dagbag.py:538} INFO - Filling up the DagBag from /home/airflow/.local/lib/python3.7/site-packages/airflow/example_dags/example_branch_python_dop_operator_3.py
[2022-12-03T21:59:11.556+0000] {processor.py:753} INFO - DAG(s) dict_keys(['example_branch_dop_operator_v3']) retrieved from /home/airflow/.local/lib/python3.7/site-packages/airflow/example_dags/example_branch_python_dop_operator_3.py
[2022-12-03T21:59:11.591+0000] {logging_mixin.py:137} INFO - [2022-12-03T21:59:11.591+0000] {dag.py:2676} INFO - Sync 1 DAGs
[2022-12-03T21:59:11.620+0000] {logging_mixin.py:137} INFO - [2022-12-03T21:59:11.620+0000] {dag.py:3427} INFO - Setting next_dagrun for example_branch_dop_operator_v3 to 2022-12-03T21:58:00+00:00, run_after=2022-12-03T21:59:00+00:00
[2022-12-03T21:59:11.639+0000] {processor.py:175} INFO - Processing /home/airflow/.local/lib/python3.7/site-packages/airflow/example_dags/example_branch_python_dop_operator_3.py took 0.110 seconds
[2022-12-03T21:59:42.302+0000] {processor.py:153} INFO - Started process (PID=855) to work on /home/airflow/.local/lib/python3.7/site-packages/airflow/example_dags/example_branch_python_dop_operator_3.py
[2022-12-03T21:59:42.303+0000] {processor.py:743} INFO - Processing file /home/airflow/.local/lib/python3.7/site-packages/airflow/example_dags/example_branch_python_dop_operator_3.py for tasks to queue
[2022-12-03T21:59:42.304+0000] {logging_mixin.py:137} INFO - [2022-12-03T21:59:42.304+0000] {dagbag.py:538} INFO - Filling up the DagBag from /home/airflow/.local/lib/python3.7/site-packages/airflow/example_dags/example_branch_python_dop_operator_3.py
[2022-12-03T21:59:42.327+0000] {processor.py:753} INFO - DAG(s) dict_keys(['example_branch_dop_operator_v3']) retrieved from /home/airflow/.local/lib/python3.7/site-packages/airflow/example_dags/example_branch_python_dop_operator_3.py
[2022-12-03T21:59:42.363+0000] {logging_mixin.py:137} INFO - [2022-12-03T21:59:42.363+0000] {dag.py:2676} INFO - Sync 1 DAGs
[2022-12-03T21:59:42.394+0000] {logging_mixin.py:137} INFO - [2022-12-03T21:59:42.394+0000] {dag.py:3427} INFO - Setting next_dagrun for example_branch_dop_operator_v3 to 2022-12-03T21:58:00+00:00, run_after=2022-12-03T21:59:00+00:00
[2022-12-03T21:59:42.412+0000] {processor.py:175} INFO - Processing /home/airflow/.local/lib/python3.7/site-packages/airflow/example_dags/example_branch_python_dop_operator_3.py took 0.113 seconds
[2022-12-03T22:00:12.776+0000] {processor.py:153} INFO - Started process (PID=941) to work on /home/airflow/.local/lib/python3.7/site-packages/airflow/example_dags/example_branch_python_dop_operator_3.py
[2022-12-03T22:00:12.777+0000] {processor.py:743} INFO - Processing file /home/airflow/.local/lib/python3.7/site-packages/airflow/example_dags/example_branch_python_dop_operator_3.py for tasks to queue
[2022-12-03T22:00:12.777+0000] {logging_mixin.py:137} INFO - [2022-12-03T22:00:12.777+0000] {dagbag.py:538} INFO - Filling up the DagBag from /home/airflow/.local/lib/python3.7/site-packages/airflow/example_dags/example_branch_python_dop_operator_3.py
[2022-12-03T22:00:12.800+0000] {processor.py:753} INFO - DAG(s) dict_keys(['example_branch_dop_operator_v3']) retrieved from /home/airflow/.local/lib/python3.7/site-packages/airflow/example_dags/example_branch_python_dop_operator_3.py
[2022-12-03T22:00:12.837+0000] {logging_mixin.py:137} INFO - [2022-12-03T22:00:12.836+0000] {dag.py:2676} INFO - Sync 1 DAGs
[2022-12-03T22:00:12.867+0000] {logging_mixin.py:137} INFO - [2022-12-03T22:00:12.867+0000] {dag.py:3427} INFO - Setting next_dagrun for example_branch_dop_operator_v3 to 2022-12-03T21:59:00+00:00, run_after=2022-12-03T22:00:00+00:00
[2022-12-03T22:00:12.885+0000] {processor.py:175} INFO - Processing /home/airflow/.local/lib/python3.7/site-packages/airflow/example_dags/example_branch_python_dop_operator_3.py took 0.112 seconds
[2022-12-03T22:00:43.588+0000] {processor.py:153} INFO - Started process (PID=1051) to work on /home/airflow/.local/lib/python3.7/site-packages/airflow/example_dags/example_branch_python_dop_operator_3.py
[2022-12-03T22:00:43.589+0000] {processor.py:743} INFO - Processing file /home/airflow/.local/lib/python3.7/site-packages/airflow/example_dags/example_branch_python_dop_operator_3.py for tasks to queue
[2022-12-03T22:00:43.590+0000] {logging_mixin.py:137} INFO - [2022-12-03T22:00:43.589+0000] {dagbag.py:538} INFO - Filling up the DagBag from /home/airflow/.local/lib/python3.7/site-packages/airflow/example_dags/example_branch_python_dop_operator_3.py
[2022-12-03T22:00:43.613+0000] {processor.py:753} INFO - DAG(s) dict_keys(['example_branch_dop_operator_v3']) retrieved from /home/airflow/.local/lib/python3.7/site-packages/airflow/example_dags/example_branch_python_dop_operator_3.py
[2022-12-03T22:00:43.651+0000] {logging_mixin.py:137} INFO - [2022-12-03T22:00:43.651+0000] {dag.py:2676} INFO - Sync 1 DAGs
[2022-12-03T22:00:43.680+0000] {logging_mixin.py:137} INFO - [2022-12-03T22:00:43.680+0000] {dag.py:3427} INFO - Setting next_dagrun for example_branch_dop_operator_v3 to 2022-12-03T21:59:00+00:00, run_after=2022-12-03T22:00:00+00:00
[2022-12-03T22:00:43.696+0000] {processor.py:175} INFO - Processing /home/airflow/.local/lib/python3.7/site-packages/airflow/example_dags/example_branch_python_dop_operator_3.py took 0.111 seconds
[2022-12-03T22:01:13.811+0000] {processor.py:153} INFO - Started process (PID=1137) to work on /home/airflow/.local/lib/python3.7/site-packages/airflow/example_dags/example_branch_python_dop_operator_3.py
[2022-12-03T22:01:13.812+0000] {processor.py:743} INFO - Processing file /home/airflow/.local/lib/python3.7/site-packages/airflow/example_dags/example_branch_python_dop_operator_3.py for tasks to queue
[2022-12-03T22:01:13.813+0000] {logging_mixin.py:137} INFO - [2022-12-03T22:01:13.813+0000] {dagbag.py:538} INFO - Filling up the DagBag from /home/airflow/.local/lib/python3.7/site-packages/airflow/example_dags/example_branch_python_dop_operator_3.py
[2022-12-03T22:01:13.836+0000] {processor.py:753} INFO - DAG(s) dict_keys(['example_branch_dop_operator_v3']) retrieved from /home/airflow/.local/lib/python3.7/site-packages/airflow/example_dags/example_branch_python_dop_operator_3.py
[2022-12-03T22:01:13.871+0000] {logging_mixin.py:137} INFO - [2022-12-03T22:01:13.871+0000] {dag.py:2676} INFO - Sync 1 DAGs
[2022-12-03T22:01:13.900+0000] {logging_mixin.py:137} INFO - [2022-12-03T22:01:13.900+0000] {dag.py:3427} INFO - Setting next_dagrun for example_branch_dop_operator_v3 to 2022-12-03T22:00:00+00:00, run_after=2022-12-03T22:01:00+00:00
[2022-12-03T22:01:13.917+0000] {processor.py:175} INFO - Processing /home/airflow/.local/lib/python3.7/site-packages/airflow/example_dags/example_branch_python_dop_operator_3.py took 0.108 seconds
[2022-12-03T22:01:44.702+0000] {processor.py:153} INFO - Started process (PID=1247) to work on /home/airflow/.local/lib/python3.7/site-packages/airflow/example_dags/example_branch_python_dop_operator_3.py
[2022-12-03T22:01:44.703+0000] {processor.py:743} INFO - Processing file /home/airflow/.local/lib/python3.7/site-packages/airflow/example_dags/example_branch_python_dop_operator_3.py for tasks to queue
[2022-12-03T22:01:44.703+0000] {logging_mixin.py:137} INFO - [2022-12-03T22:01:44.703+0000] {dagbag.py:538} INFO - Filling up the DagBag from /home/airflow/.local/lib/python3.7/site-packages/airflow/example_dags/example_branch_python_dop_operator_3.py
[2022-12-03T22:01:44.726+0000] {processor.py:753} INFO - DAG(s) dict_keys(['example_branch_dop_operator_v3']) retrieved from /home/airflow/.local/lib/python3.7/site-packages/airflow/example_dags/example_branch_python_dop_operator_3.py
[2022-12-03T22:01:44.763+0000] {logging_mixin.py:137} INFO - [2022-12-03T22:01:44.763+0000] {dag.py:2676} INFO - Sync 1 DAGs
[2022-12-03T22:01:44.795+0000] {logging_mixin.py:137} INFO - [2022-12-03T22:01:44.795+0000] {dag.py:3427} INFO - Setting next_dagrun for example_branch_dop_operator_v3 to 2022-12-03T22:00:00+00:00, run_after=2022-12-03T22:01:00+00:00
[2022-12-03T22:01:44.814+0000] {processor.py:175} INFO - Processing /home/airflow/.local/lib/python3.7/site-packages/airflow/example_dags/example_branch_python_dop_operator_3.py took 0.114 seconds
[2022-12-03T22:02:15.047+0000] {processor.py:153} INFO - Started process (PID=1333) to work on /home/airflow/.local/lib/python3.7/site-packages/airflow/example_dags/example_branch_python_dop_operator_3.py
[2022-12-03T22:02:15.048+0000] {processor.py:743} INFO - Processing file /home/airflow/.local/lib/python3.7/site-packages/airflow/example_dags/example_branch_python_dop_operator_3.py for tasks to queue
[2022-12-03T22:02:15.048+0000] {logging_mixin.py:137} INFO - [2022-12-03T22:02:15.048+0000] {dagbag.py:538} INFO - Filling up the DagBag from /home/airflow/.local/lib/python3.7/site-packages/airflow/example_dags/example_branch_python_dop_operator_3.py
[2022-12-03T22:02:15.073+0000] {processor.py:753} INFO - DAG(s) dict_keys(['example_branch_dop_operator_v3']) retrieved from /home/airflow/.local/lib/python3.7/site-packages/airflow/example_dags/example_branch_python_dop_operator_3.py
[2022-12-03T22:02:15.107+0000] {logging_mixin.py:137} INFO - [2022-12-03T22:02:15.107+0000] {dag.py:2676} INFO - Sync 1 DAGs
[2022-12-03T22:02:15.141+0000] {logging_mixin.py:137} INFO - [2022-12-03T22:02:15.141+0000] {dag.py:3427} INFO - Setting next_dagrun for example_branch_dop_operator_v3 to 2022-12-03T22:01:00+00:00, run_after=2022-12-03T22:02:00+00:00
[2022-12-03T22:02:15.160+0000] {processor.py:175} INFO - Processing /home/airflow/.local/lib/python3.7/site-packages/airflow/example_dags/example_branch_python_dop_operator_3.py took 0.116 seconds
[2022-12-03T22:24:11.386+0000] {processor.py:153} INFO - Started process (PID=5487) to work on /home/airflow/.local/lib/python3.7/site-packages/airflow/example_dags/example_branch_python_dop_operator_3.py
[2022-12-03T22:24:11.386+0000] {processor.py:743} INFO - Processing file /home/airflow/.local/lib/python3.7/site-packages/airflow/example_dags/example_branch_python_dop_operator_3.py for tasks to queue
[2022-12-03T22:24:11.387+0000] {logging_mixin.py:137} INFO - [2022-12-03T22:24:11.387+0000] {dagbag.py:538} INFO - Filling up the DagBag from /home/airflow/.local/lib/python3.7/site-packages/airflow/example_dags/example_branch_python_dop_operator_3.py
[2022-12-03T22:24:11.411+0000] {processor.py:753} INFO - DAG(s) dict_keys(['example_branch_dop_operator_v3']) retrieved from /home/airflow/.local/lib/python3.7/site-packages/airflow/example_dags/example_branch_python_dop_operator_3.py
[2022-12-03T22:24:11.445+0000] {logging_mixin.py:137} INFO - [2022-12-03T22:24:11.445+0000] {dag.py:2676} INFO - Sync 1 DAGs
[2022-12-03T22:24:11.477+0000] {logging_mixin.py:137} INFO - [2022-12-03T22:24:11.477+0000] {dag.py:3427} INFO - Setting next_dagrun for example_branch_dop_operator_v3 to 2022-12-03T22:23:00+00:00, run_after=2022-12-03T22:24:00+00:00
[2022-12-03T22:24:11.496+0000] {processor.py:175} INFO - Processing /home/airflow/.local/lib/python3.7/site-packages/airflow/example_dags/example_branch_python_dop_operator_3.py took 0.113 seconds
