[2022-12-03T21:55:39.789+0000] {processor.py:153} INFO - Started process (PID=107) to work on /home/airflow/.local/lib/python3.7/site-packages/airflow/example_dags/example_sensors.py
[2022-12-03T21:55:39.791+0000] {processor.py:743} INFO - Processing file /home/airflow/.local/lib/python3.7/site-packages/airflow/example_dags/example_sensors.py for tasks to queue
[2022-12-03T21:55:39.791+0000] {logging_mixin.py:137} INFO - [2022-12-03T21:55:39.791+0000] {dagbag.py:538} INFO - Filling up the DagBag from /home/airflow/.local/lib/python3.7/site-packages/airflow/example_dags/example_sensors.py
[2022-12-03T21:55:39.880+0000] {processor.py:753} INFO - DAG(s) dict_keys(['example_sensors']) retrieved from /home/airflow/.local/lib/python3.7/site-packages/airflow/example_dags/example_sensors.py
[2022-12-03T21:55:39.928+0000] {logging_mixin.py:137} INFO - [2022-12-03T21:55:39.928+0000] {dag.py:2676} INFO - Sync 1 DAGs
[2022-12-03T21:55:39.996+0000] {logging_mixin.py:137} INFO - [2022-12-03T21:55:39.996+0000] {dag.py:3427} INFO - Setting next_dagrun for example_sensors to None, run_after=None
[2022-12-03T21:55:40.023+0000] {processor.py:175} INFO - Processing /home/airflow/.local/lib/python3.7/site-packages/airflow/example_dags/example_sensors.py took 0.240 seconds
[2022-12-03T21:56:10.442+0000] {processor.py:153} INFO - Started process (PID=192) to work on /home/airflow/.local/lib/python3.7/site-packages/airflow/example_dags/example_sensors.py
[2022-12-03T21:56:10.443+0000] {processor.py:743} INFO - Processing file /home/airflow/.local/lib/python3.7/site-packages/airflow/example_dags/example_sensors.py for tasks to queue
[2022-12-03T21:56:10.444+0000] {logging_mixin.py:137} INFO - [2022-12-03T21:56:10.444+0000] {dagbag.py:538} INFO - Filling up the DagBag from /home/airflow/.local/lib/python3.7/site-packages/airflow/example_dags/example_sensors.py
[2022-12-03T21:56:10.465+0000] {processor.py:753} INFO - DAG(s) dict_keys(['example_sensors']) retrieved from /home/airflow/.local/lib/python3.7/site-packages/airflow/example_dags/example_sensors.py
[2022-12-03T21:56:10.502+0000] {logging_mixin.py:137} INFO - [2022-12-03T21:56:10.502+0000] {dag.py:2676} INFO - Sync 1 DAGs
[2022-12-03T21:56:10.526+0000] {logging_mixin.py:137} INFO - [2022-12-03T21:56:10.526+0000] {dag.py:3427} INFO - Setting next_dagrun for example_sensors to None, run_after=None
[2022-12-03T21:56:10.542+0000] {processor.py:175} INFO - Processing /home/airflow/.local/lib/python3.7/site-packages/airflow/example_dags/example_sensors.py took 0.103 seconds
[2022-12-03T21:56:41.149+0000] {processor.py:153} INFO - Started process (PID=278) to work on /home/airflow/.local/lib/python3.7/site-packages/airflow/example_dags/example_sensors.py
[2022-12-03T21:56:41.149+0000] {processor.py:743} INFO - Processing file /home/airflow/.local/lib/python3.7/site-packages/airflow/example_dags/example_sensors.py for tasks to queue
[2022-12-03T21:56:41.150+0000] {logging_mixin.py:137} INFO - [2022-12-03T21:56:41.150+0000] {dagbag.py:538} INFO - Filling up the DagBag from /home/airflow/.local/lib/python3.7/site-packages/airflow/example_dags/example_sensors.py
[2022-12-03T21:56:41.169+0000] {processor.py:753} INFO - DAG(s) dict_keys(['example_sensors']) retrieved from /home/airflow/.local/lib/python3.7/site-packages/airflow/example_dags/example_sensors.py
[2022-12-03T21:56:41.209+0000] {logging_mixin.py:137} INFO - [2022-12-03T21:56:41.209+0000] {dag.py:2676} INFO - Sync 1 DAGs
[2022-12-03T21:56:41.236+0000] {logging_mixin.py:137} INFO - [2022-12-03T21:56:41.236+0000] {dag.py:3427} INFO - Setting next_dagrun for example_sensors to None, run_after=None
[2022-12-03T21:56:41.253+0000] {processor.py:175} INFO - Processing /home/airflow/.local/lib/python3.7/site-packages/airflow/example_dags/example_sensors.py took 0.107 seconds
[2022-12-03T21:57:11.510+0000] {processor.py:153} INFO - Started process (PID=373) to work on /home/airflow/.local/lib/python3.7/site-packages/airflow/example_dags/example_sensors.py
[2022-12-03T21:57:11.511+0000] {processor.py:743} INFO - Processing file /home/airflow/.local/lib/python3.7/site-packages/airflow/example_dags/example_sensors.py for tasks to queue
[2022-12-03T21:57:11.511+0000] {logging_mixin.py:137} INFO - [2022-12-03T21:57:11.511+0000] {dagbag.py:538} INFO - Filling up the DagBag from /home/airflow/.local/lib/python3.7/site-packages/airflow/example_dags/example_sensors.py
[2022-12-03T21:57:11.530+0000] {processor.py:753} INFO - DAG(s) dict_keys(['example_sensors']) retrieved from /home/airflow/.local/lib/python3.7/site-packages/airflow/example_dags/example_sensors.py
[2022-12-03T21:57:11.568+0000] {logging_mixin.py:137} INFO - [2022-12-03T21:57:11.568+0000] {dag.py:2676} INFO - Sync 1 DAGs
[2022-12-03T21:57:11.592+0000] {logging_mixin.py:137} INFO - [2022-12-03T21:57:11.592+0000] {dag.py:3427} INFO - Setting next_dagrun for example_sensors to None, run_after=None
[2022-12-03T21:57:11.608+0000] {processor.py:175} INFO - Processing /home/airflow/.local/lib/python3.7/site-packages/airflow/example_dags/example_sensors.py took 0.101 seconds
[2022-12-03T21:57:41.962+0000] {processor.py:153} INFO - Started process (PID=474) to work on /home/airflow/.local/lib/python3.7/site-packages/airflow/example_dags/example_sensors.py
[2022-12-03T21:57:41.963+0000] {processor.py:743} INFO - Processing file /home/airflow/.local/lib/python3.7/site-packages/airflow/example_dags/example_sensors.py for tasks to queue
[2022-12-03T21:57:41.963+0000] {logging_mixin.py:137} INFO - [2022-12-03T21:57:41.963+0000] {dagbag.py:538} INFO - Filling up the DagBag from /home/airflow/.local/lib/python3.7/site-packages/airflow/example_dags/example_sensors.py
[2022-12-03T21:57:41.982+0000] {processor.py:753} INFO - DAG(s) dict_keys(['example_sensors']) retrieved from /home/airflow/.local/lib/python3.7/site-packages/airflow/example_dags/example_sensors.py
[2022-12-03T21:57:42.022+0000] {logging_mixin.py:137} INFO - [2022-12-03T21:57:42.021+0000] {dag.py:2676} INFO - Sync 1 DAGs
[2022-12-03T21:57:42.047+0000] {logging_mixin.py:137} INFO - [2022-12-03T21:57:42.047+0000] {dag.py:3427} INFO - Setting next_dagrun for example_sensors to None, run_after=None
[2022-12-03T21:57:42.064+0000] {processor.py:175} INFO - Processing /home/airflow/.local/lib/python3.7/site-packages/airflow/example_dags/example_sensors.py took 0.105 seconds
[2022-12-03T21:58:12.382+0000] {processor.py:153} INFO - Started process (PID=561) to work on /home/airflow/.local/lib/python3.7/site-packages/airflow/example_dags/example_sensors.py
[2022-12-03T21:58:12.383+0000] {processor.py:743} INFO - Processing file /home/airflow/.local/lib/python3.7/site-packages/airflow/example_dags/example_sensors.py for tasks to queue
[2022-12-03T21:58:12.383+0000] {logging_mixin.py:137} INFO - [2022-12-03T21:58:12.383+0000] {dagbag.py:538} INFO - Filling up the DagBag from /home/airflow/.local/lib/python3.7/site-packages/airflow/example_dags/example_sensors.py
[2022-12-03T21:58:12.404+0000] {processor.py:753} INFO - DAG(s) dict_keys(['example_sensors']) retrieved from /home/airflow/.local/lib/python3.7/site-packages/airflow/example_dags/example_sensors.py
[2022-12-03T21:58:12.443+0000] {logging_mixin.py:137} INFO - [2022-12-03T21:58:12.443+0000] {dag.py:2676} INFO - Sync 1 DAGs
[2022-12-03T21:58:12.469+0000] {logging_mixin.py:137} INFO - [2022-12-03T21:58:12.468+0000] {dag.py:3427} INFO - Setting next_dagrun for example_sensors to None, run_after=None
[2022-12-03T21:58:12.487+0000] {processor.py:175} INFO - Processing /home/airflow/.local/lib/python3.7/site-packages/airflow/example_dags/example_sensors.py took 0.108 seconds
[2022-12-03T21:58:42.949+0000] {processor.py:153} INFO - Started process (PID=671) to work on /home/airflow/.local/lib/python3.7/site-packages/airflow/example_dags/example_sensors.py
[2022-12-03T21:58:42.950+0000] {processor.py:743} INFO - Processing file /home/airflow/.local/lib/python3.7/site-packages/airflow/example_dags/example_sensors.py for tasks to queue
[2022-12-03T21:58:42.950+0000] {logging_mixin.py:137} INFO - [2022-12-03T21:58:42.950+0000] {dagbag.py:538} INFO - Filling up the DagBag from /home/airflow/.local/lib/python3.7/site-packages/airflow/example_dags/example_sensors.py
[2022-12-03T21:58:42.969+0000] {processor.py:753} INFO - DAG(s) dict_keys(['example_sensors']) retrieved from /home/airflow/.local/lib/python3.7/site-packages/airflow/example_dags/example_sensors.py
[2022-12-03T21:58:43.008+0000] {logging_mixin.py:137} INFO - [2022-12-03T21:58:43.008+0000] {dag.py:2676} INFO - Sync 1 DAGs
[2022-12-03T21:58:43.032+0000] {logging_mixin.py:137} INFO - [2022-12-03T21:58:43.031+0000] {dag.py:3427} INFO - Setting next_dagrun for example_sensors to None, run_after=None
[2022-12-03T21:58:43.048+0000] {processor.py:175} INFO - Processing /home/airflow/.local/lib/python3.7/site-packages/airflow/example_dags/example_sensors.py took 0.101 seconds
[2022-12-03T21:59:13.502+0000] {processor.py:153} INFO - Started process (PID=757) to work on /home/airflow/.local/lib/python3.7/site-packages/airflow/example_dags/example_sensors.py
[2022-12-03T21:59:13.502+0000] {processor.py:743} INFO - Processing file /home/airflow/.local/lib/python3.7/site-packages/airflow/example_dags/example_sensors.py for tasks to queue
[2022-12-03T21:59:13.503+0000] {logging_mixin.py:137} INFO - [2022-12-03T21:59:13.503+0000] {dagbag.py:538} INFO - Filling up the DagBag from /home/airflow/.local/lib/python3.7/site-packages/airflow/example_dags/example_sensors.py
[2022-12-03T21:59:13.521+0000] {processor.py:753} INFO - DAG(s) dict_keys(['example_sensors']) retrieved from /home/airflow/.local/lib/python3.7/site-packages/airflow/example_dags/example_sensors.py
[2022-12-03T21:59:13.558+0000] {logging_mixin.py:137} INFO - [2022-12-03T21:59:13.558+0000] {dag.py:2676} INFO - Sync 1 DAGs
[2022-12-03T21:59:13.581+0000] {logging_mixin.py:137} INFO - [2022-12-03T21:59:13.581+0000] {dag.py:3427} INFO - Setting next_dagrun for example_sensors to None, run_after=None
[2022-12-03T21:59:13.597+0000] {processor.py:175} INFO - Processing /home/airflow/.local/lib/python3.7/site-packages/airflow/example_dags/example_sensors.py took 0.098 seconds
[2022-12-03T21:59:44.018+0000] {processor.py:153} INFO - Started process (PID=867) to work on /home/airflow/.local/lib/python3.7/site-packages/airflow/example_dags/example_sensors.py
[2022-12-03T21:59:44.019+0000] {processor.py:743} INFO - Processing file /home/airflow/.local/lib/python3.7/site-packages/airflow/example_dags/example_sensors.py for tasks to queue
[2022-12-03T21:59:44.020+0000] {logging_mixin.py:137} INFO - [2022-12-03T21:59:44.020+0000] {dagbag.py:538} INFO - Filling up the DagBag from /home/airflow/.local/lib/python3.7/site-packages/airflow/example_dags/example_sensors.py
[2022-12-03T21:59:44.040+0000] {processor.py:753} INFO - DAG(s) dict_keys(['example_sensors']) retrieved from /home/airflow/.local/lib/python3.7/site-packages/airflow/example_dags/example_sensors.py
[2022-12-03T21:59:44.079+0000] {logging_mixin.py:137} INFO - [2022-12-03T21:59:44.078+0000] {dag.py:2676} INFO - Sync 1 DAGs
[2022-12-03T21:59:44.103+0000] {logging_mixin.py:137} INFO - [2022-12-03T21:59:44.103+0000] {dag.py:3427} INFO - Setting next_dagrun for example_sensors to None, run_after=None
[2022-12-03T21:59:44.122+0000] {processor.py:175} INFO - Processing /home/airflow/.local/lib/python3.7/site-packages/airflow/example_dags/example_sensors.py took 0.107 seconds
[2022-12-03T22:00:14.668+0000] {processor.py:153} INFO - Started process (PID=953) to work on /home/airflow/.local/lib/python3.7/site-packages/airflow/example_dags/example_sensors.py
[2022-12-03T22:00:14.669+0000] {processor.py:743} INFO - Processing file /home/airflow/.local/lib/python3.7/site-packages/airflow/example_dags/example_sensors.py for tasks to queue
[2022-12-03T22:00:14.669+0000] {logging_mixin.py:137} INFO - [2022-12-03T22:00:14.669+0000] {dagbag.py:538} INFO - Filling up the DagBag from /home/airflow/.local/lib/python3.7/site-packages/airflow/example_dags/example_sensors.py
[2022-12-03T22:00:14.688+0000] {processor.py:753} INFO - DAG(s) dict_keys(['example_sensors']) retrieved from /home/airflow/.local/lib/python3.7/site-packages/airflow/example_dags/example_sensors.py
[2022-12-03T22:00:14.728+0000] {logging_mixin.py:137} INFO - [2022-12-03T22:00:14.728+0000] {dag.py:2676} INFO - Sync 1 DAGs
[2022-12-03T22:00:14.754+0000] {logging_mixin.py:137} INFO - [2022-12-03T22:00:14.754+0000] {dag.py:3427} INFO - Setting next_dagrun for example_sensors to None, run_after=None
[2022-12-03T22:00:14.771+0000] {processor.py:175} INFO - Processing /home/airflow/.local/lib/python3.7/site-packages/airflow/example_dags/example_sensors.py took 0.106 seconds
[2022-12-03T22:00:45.278+0000] {processor.py:153} INFO - Started process (PID=1063) to work on /home/airflow/.local/lib/python3.7/site-packages/airflow/example_dags/example_sensors.py
[2022-12-03T22:00:45.279+0000] {processor.py:743} INFO - Processing file /home/airflow/.local/lib/python3.7/site-packages/airflow/example_dags/example_sensors.py for tasks to queue
[2022-12-03T22:00:45.280+0000] {logging_mixin.py:137} INFO - [2022-12-03T22:00:45.280+0000] {dagbag.py:538} INFO - Filling up the DagBag from /home/airflow/.local/lib/python3.7/site-packages/airflow/example_dags/example_sensors.py
[2022-12-03T22:00:45.298+0000] {processor.py:753} INFO - DAG(s) dict_keys(['example_sensors']) retrieved from /home/airflow/.local/lib/python3.7/site-packages/airflow/example_dags/example_sensors.py
[2022-12-03T22:00:45.338+0000] {logging_mixin.py:137} INFO - [2022-12-03T22:00:45.338+0000] {dag.py:2676} INFO - Sync 1 DAGs
[2022-12-03T22:00:45.363+0000] {logging_mixin.py:137} INFO - [2022-12-03T22:00:45.363+0000] {dag.py:3427} INFO - Setting next_dagrun for example_sensors to None, run_after=None
[2022-12-03T22:00:45.380+0000] {processor.py:175} INFO - Processing /home/airflow/.local/lib/python3.7/site-packages/airflow/example_dags/example_sensors.py took 0.104 seconds
[2022-12-03T22:01:15.837+0000] {processor.py:153} INFO - Started process (PID=1149) to work on /home/airflow/.local/lib/python3.7/site-packages/airflow/example_dags/example_sensors.py
[2022-12-03T22:01:15.838+0000] {processor.py:743} INFO - Processing file /home/airflow/.local/lib/python3.7/site-packages/airflow/example_dags/example_sensors.py for tasks to queue
[2022-12-03T22:01:15.838+0000] {logging_mixin.py:137} INFO - [2022-12-03T22:01:15.838+0000] {dagbag.py:538} INFO - Filling up the DagBag from /home/airflow/.local/lib/python3.7/site-packages/airflow/example_dags/example_sensors.py
[2022-12-03T22:01:15.857+0000] {processor.py:753} INFO - DAG(s) dict_keys(['example_sensors']) retrieved from /home/airflow/.local/lib/python3.7/site-packages/airflow/example_dags/example_sensors.py
[2022-12-03T22:01:15.894+0000] {logging_mixin.py:137} INFO - [2022-12-03T22:01:15.894+0000] {dag.py:2676} INFO - Sync 1 DAGs
[2022-12-03T22:01:15.917+0000] {logging_mixin.py:137} INFO - [2022-12-03T22:01:15.917+0000] {dag.py:3427} INFO - Setting next_dagrun for example_sensors to None, run_after=None
[2022-12-03T22:01:15.933+0000] {processor.py:175} INFO - Processing /home/airflow/.local/lib/python3.7/site-packages/airflow/example_dags/example_sensors.py took 0.099 seconds
[2022-12-03T22:01:46.640+0000] {processor.py:153} INFO - Started process (PID=1259) to work on /home/airflow/.local/lib/python3.7/site-packages/airflow/example_dags/example_sensors.py
[2022-12-03T22:01:46.641+0000] {processor.py:743} INFO - Processing file /home/airflow/.local/lib/python3.7/site-packages/airflow/example_dags/example_sensors.py for tasks to queue
[2022-12-03T22:01:46.642+0000] {logging_mixin.py:137} INFO - [2022-12-03T22:01:46.641+0000] {dagbag.py:538} INFO - Filling up the DagBag from /home/airflow/.local/lib/python3.7/site-packages/airflow/example_dags/example_sensors.py
[2022-12-03T22:01:46.659+0000] {processor.py:753} INFO - DAG(s) dict_keys(['example_sensors']) retrieved from /home/airflow/.local/lib/python3.7/site-packages/airflow/example_dags/example_sensors.py
[2022-12-03T22:01:46.697+0000] {logging_mixin.py:137} INFO - [2022-12-03T22:01:46.696+0000] {dag.py:2676} INFO - Sync 1 DAGs
[2022-12-03T22:01:46.721+0000] {logging_mixin.py:137} INFO - [2022-12-03T22:01:46.721+0000] {dag.py:3427} INFO - Setting next_dagrun for example_sensors to None, run_after=None
[2022-12-03T22:01:46.744+0000] {processor.py:175} INFO - Processing /home/airflow/.local/lib/python3.7/site-packages/airflow/example_dags/example_sensors.py took 0.106 seconds
[2022-12-03T22:02:16.964+0000] {processor.py:153} INFO - Started process (PID=1345) to work on /home/airflow/.local/lib/python3.7/site-packages/airflow/example_dags/example_sensors.py
[2022-12-03T22:02:16.965+0000] {processor.py:743} INFO - Processing file /home/airflow/.local/lib/python3.7/site-packages/airflow/example_dags/example_sensors.py for tasks to queue
[2022-12-03T22:02:16.966+0000] {logging_mixin.py:137} INFO - [2022-12-03T22:02:16.966+0000] {dagbag.py:538} INFO - Filling up the DagBag from /home/airflow/.local/lib/python3.7/site-packages/airflow/example_dags/example_sensors.py
[2022-12-03T22:02:16.985+0000] {processor.py:753} INFO - DAG(s) dict_keys(['example_sensors']) retrieved from /home/airflow/.local/lib/python3.7/site-packages/airflow/example_dags/example_sensors.py
[2022-12-03T22:02:17.022+0000] {logging_mixin.py:137} INFO - [2022-12-03T22:02:17.022+0000] {dag.py:2676} INFO - Sync 1 DAGs
[2022-12-03T22:02:17.051+0000] {logging_mixin.py:137} INFO - [2022-12-03T22:02:17.051+0000] {dag.py:3427} INFO - Setting next_dagrun for example_sensors to None, run_after=None
[2022-12-03T22:02:17.071+0000] {processor.py:175} INFO - Processing /home/airflow/.local/lib/python3.7/site-packages/airflow/example_dags/example_sensors.py took 0.109 seconds
[2022-12-03T22:24:15.247+0000] {processor.py:153} INFO - Started process (PID=5498) to work on /home/airflow/.local/lib/python3.7/site-packages/airflow/example_dags/example_sensors.py
[2022-12-03T22:24:15.248+0000] {processor.py:743} INFO - Processing file /home/airflow/.local/lib/python3.7/site-packages/airflow/example_dags/example_sensors.py for tasks to queue
[2022-12-03T22:24:15.248+0000] {logging_mixin.py:137} INFO - [2022-12-03T22:24:15.248+0000] {dagbag.py:538} INFO - Filling up the DagBag from /home/airflow/.local/lib/python3.7/site-packages/airflow/example_dags/example_sensors.py
[2022-12-03T22:24:15.266+0000] {processor.py:753} INFO - DAG(s) dict_keys(['example_sensors']) retrieved from /home/airflow/.local/lib/python3.7/site-packages/airflow/example_dags/example_sensors.py
[2022-12-03T22:24:15.304+0000] {logging_mixin.py:137} INFO - [2022-12-03T22:24:15.304+0000] {dag.py:2676} INFO - Sync 1 DAGs
[2022-12-03T22:24:15.331+0000] {logging_mixin.py:137} INFO - [2022-12-03T22:24:15.331+0000] {dag.py:3427} INFO - Setting next_dagrun for example_sensors to None, run_after=None
[2022-12-03T22:24:15.348+0000] {processor.py:175} INFO - Processing /home/airflow/.local/lib/python3.7/site-packages/airflow/example_dags/example_sensors.py took 0.103 seconds
