[2022-12-03T21:55:38.328+0000] {processor.py:153} INFO - Started process (PID=101) to work on /home/airflow/.local/lib/python3.7/site-packages/airflow/example_dags/example_latest_only_with_trigger.py
[2022-12-03T21:55:38.375+0000] {processor.py:743} INFO - Processing file /home/airflow/.local/lib/python3.7/site-packages/airflow/example_dags/example_latest_only_with_trigger.py for tasks to queue
[2022-12-03T21:55:38.376+0000] {logging_mixin.py:137} INFO - [2022-12-03T21:55:38.376+0000] {dagbag.py:538} INFO - Filling up the DagBag from /home/airflow/.local/lib/python3.7/site-packages/airflow/example_dags/example_latest_only_with_trigger.py
[2022-12-03T21:55:38.394+0000] {processor.py:753} INFO - DAG(s) dict_keys(['latest_only_with_trigger']) retrieved from /home/airflow/.local/lib/python3.7/site-packages/airflow/example_dags/example_latest_only_with_trigger.py
[2022-12-03T21:55:38.422+0000] {logging_mixin.py:137} INFO - [2022-12-03T21:55:38.422+0000] {dag.py:2676} INFO - Sync 1 DAGs
[2022-12-03T21:55:38.493+0000] {logging_mixin.py:137} INFO - [2022-12-03T21:55:38.493+0000] {dag.py:3427} INFO - Setting next_dagrun for latest_only_with_trigger to 2022-12-03T17:55:38.493061+00:00, run_after=2022-12-03T21:55:38.493061+00:00
[2022-12-03T21:55:38.515+0000] {processor.py:175} INFO - Processing /home/airflow/.local/lib/python3.7/site-packages/airflow/example_dags/example_latest_only_with_trigger.py took 0.190 seconds
[2022-12-03T21:56:09.186+0000] {processor.py:153} INFO - Started process (PID=187) to work on /home/airflow/.local/lib/python3.7/site-packages/airflow/example_dags/example_latest_only_with_trigger.py
[2022-12-03T21:56:09.187+0000] {processor.py:743} INFO - Processing file /home/airflow/.local/lib/python3.7/site-packages/airflow/example_dags/example_latest_only_with_trigger.py for tasks to queue
[2022-12-03T21:56:09.187+0000] {logging_mixin.py:137} INFO - [2022-12-03T21:56:09.187+0000] {dagbag.py:538} INFO - Filling up the DagBag from /home/airflow/.local/lib/python3.7/site-packages/airflow/example_dags/example_latest_only_with_trigger.py
[2022-12-03T21:56:09.202+0000] {processor.py:753} INFO - DAG(s) dict_keys(['latest_only_with_trigger']) retrieved from /home/airflow/.local/lib/python3.7/site-packages/airflow/example_dags/example_latest_only_with_trigger.py
[2022-12-03T21:56:09.234+0000] {logging_mixin.py:137} INFO - [2022-12-03T21:56:09.234+0000] {dag.py:2676} INFO - Sync 1 DAGs
[2022-12-03T21:56:09.258+0000] {logging_mixin.py:137} INFO - [2022-12-03T21:56:09.258+0000] {dag.py:3427} INFO - Setting next_dagrun for latest_only_with_trigger to 2022-12-03T17:56:09.258200+00:00, run_after=2022-12-03T21:56:09.258200+00:00
[2022-12-03T21:56:09.274+0000] {processor.py:175} INFO - Processing /home/airflow/.local/lib/python3.7/site-packages/airflow/example_dags/example_latest_only_with_trigger.py took 0.091 seconds
[2022-12-03T21:56:39.783+0000] {processor.py:153} INFO - Started process (PID=273) to work on /home/airflow/.local/lib/python3.7/site-packages/airflow/example_dags/example_latest_only_with_trigger.py
[2022-12-03T21:56:39.784+0000] {processor.py:743} INFO - Processing file /home/airflow/.local/lib/python3.7/site-packages/airflow/example_dags/example_latest_only_with_trigger.py for tasks to queue
[2022-12-03T21:56:39.785+0000] {logging_mixin.py:137} INFO - [2022-12-03T21:56:39.785+0000] {dagbag.py:538} INFO - Filling up the DagBag from /home/airflow/.local/lib/python3.7/site-packages/airflow/example_dags/example_latest_only_with_trigger.py
[2022-12-03T21:56:39.799+0000] {processor.py:753} INFO - DAG(s) dict_keys(['latest_only_with_trigger']) retrieved from /home/airflow/.local/lib/python3.7/site-packages/airflow/example_dags/example_latest_only_with_trigger.py
[2022-12-03T21:56:39.834+0000] {logging_mixin.py:137} INFO - [2022-12-03T21:56:39.834+0000] {dag.py:2676} INFO - Sync 1 DAGs
[2022-12-03T21:56:39.858+0000] {logging_mixin.py:137} INFO - [2022-12-03T21:56:39.858+0000] {dag.py:3427} INFO - Setting next_dagrun for latest_only_with_trigger to 2022-12-03T17:56:39.857902+00:00, run_after=2022-12-03T21:56:39.857902+00:00
[2022-12-03T21:56:39.875+0000] {processor.py:175} INFO - Processing /home/airflow/.local/lib/python3.7/site-packages/airflow/example_dags/example_latest_only_with_trigger.py took 0.094 seconds
[2022-12-03T21:57:10.265+0000] {processor.py:153} INFO - Started process (PID=359) to work on /home/airflow/.local/lib/python3.7/site-packages/airflow/example_dags/example_latest_only_with_trigger.py
[2022-12-03T21:57:10.266+0000] {processor.py:743} INFO - Processing file /home/airflow/.local/lib/python3.7/site-packages/airflow/example_dags/example_latest_only_with_trigger.py for tasks to queue
[2022-12-03T21:57:10.267+0000] {logging_mixin.py:137} INFO - [2022-12-03T21:57:10.267+0000] {dagbag.py:538} INFO - Filling up the DagBag from /home/airflow/.local/lib/python3.7/site-packages/airflow/example_dags/example_latest_only_with_trigger.py
[2022-12-03T21:57:10.279+0000] {processor.py:753} INFO - DAG(s) dict_keys(['latest_only_with_trigger']) retrieved from /home/airflow/.local/lib/python3.7/site-packages/airflow/example_dags/example_latest_only_with_trigger.py
[2022-12-03T21:57:10.316+0000] {logging_mixin.py:137} INFO - [2022-12-03T21:57:10.315+0000] {dag.py:2676} INFO - Sync 1 DAGs
[2022-12-03T21:57:10.340+0000] {logging_mixin.py:137} INFO - [2022-12-03T21:57:10.340+0000] {dag.py:3427} INFO - Setting next_dagrun for latest_only_with_trigger to 2022-12-03T17:57:10.340165+00:00, run_after=2022-12-03T21:57:10.340165+00:00
[2022-12-03T21:57:10.357+0000] {processor.py:175} INFO - Processing /home/airflow/.local/lib/python3.7/site-packages/airflow/example_dags/example_latest_only_with_trigger.py took 0.094 seconds
[2022-12-03T21:57:40.699+0000] {processor.py:153} INFO - Started process (PID=469) to work on /home/airflow/.local/lib/python3.7/site-packages/airflow/example_dags/example_latest_only_with_trigger.py
[2022-12-03T21:57:40.700+0000] {processor.py:743} INFO - Processing file /home/airflow/.local/lib/python3.7/site-packages/airflow/example_dags/example_latest_only_with_trigger.py for tasks to queue
[2022-12-03T21:57:40.700+0000] {logging_mixin.py:137} INFO - [2022-12-03T21:57:40.700+0000] {dagbag.py:538} INFO - Filling up the DagBag from /home/airflow/.local/lib/python3.7/site-packages/airflow/example_dags/example_latest_only_with_trigger.py
[2022-12-03T21:57:40.714+0000] {processor.py:753} INFO - DAG(s) dict_keys(['latest_only_with_trigger']) retrieved from /home/airflow/.local/lib/python3.7/site-packages/airflow/example_dags/example_latest_only_with_trigger.py
[2022-12-03T21:57:40.751+0000] {logging_mixin.py:137} INFO - [2022-12-03T21:57:40.751+0000] {dag.py:2676} INFO - Sync 1 DAGs
[2022-12-03T21:57:40.776+0000] {logging_mixin.py:137} INFO - [2022-12-03T21:57:40.776+0000] {dag.py:3427} INFO - Setting next_dagrun for latest_only_with_trigger to 2022-12-03T17:57:40.775943+00:00, run_after=2022-12-03T21:57:40.775943+00:00
[2022-12-03T21:57:40.797+0000] {processor.py:175} INFO - Processing /home/airflow/.local/lib/python3.7/site-packages/airflow/example_dags/example_latest_only_with_trigger.py took 0.100 seconds
[2022-12-03T21:58:11.110+0000] {processor.py:153} INFO - Started process (PID=556) to work on /home/airflow/.local/lib/python3.7/site-packages/airflow/example_dags/example_latest_only_with_trigger.py
[2022-12-03T21:58:11.111+0000] {processor.py:743} INFO - Processing file /home/airflow/.local/lib/python3.7/site-packages/airflow/example_dags/example_latest_only_with_trigger.py for tasks to queue
[2022-12-03T21:58:11.111+0000] {logging_mixin.py:137} INFO - [2022-12-03T21:58:11.111+0000] {dagbag.py:538} INFO - Filling up the DagBag from /home/airflow/.local/lib/python3.7/site-packages/airflow/example_dags/example_latest_only_with_trigger.py
[2022-12-03T21:58:11.125+0000] {processor.py:753} INFO - DAG(s) dict_keys(['latest_only_with_trigger']) retrieved from /home/airflow/.local/lib/python3.7/site-packages/airflow/example_dags/example_latest_only_with_trigger.py
[2022-12-03T21:58:11.162+0000] {logging_mixin.py:137} INFO - [2022-12-03T21:58:11.161+0000] {dag.py:2676} INFO - Sync 1 DAGs
[2022-12-03T21:58:11.187+0000] {logging_mixin.py:137} INFO - [2022-12-03T21:58:11.187+0000] {dag.py:3427} INFO - Setting next_dagrun for latest_only_with_trigger to 2022-12-03T17:58:11.187274+00:00, run_after=2022-12-03T21:58:11.187274+00:00
[2022-12-03T21:58:11.204+0000] {processor.py:175} INFO - Processing /home/airflow/.local/lib/python3.7/site-packages/airflow/example_dags/example_latest_only_with_trigger.py took 0.097 seconds
[2022-12-03T21:58:41.695+0000] {processor.py:153} INFO - Started process (PID=666) to work on /home/airflow/.local/lib/python3.7/site-packages/airflow/example_dags/example_latest_only_with_trigger.py
[2022-12-03T21:58:41.696+0000] {processor.py:743} INFO - Processing file /home/airflow/.local/lib/python3.7/site-packages/airflow/example_dags/example_latest_only_with_trigger.py for tasks to queue
[2022-12-03T21:58:41.696+0000] {logging_mixin.py:137} INFO - [2022-12-03T21:58:41.696+0000] {dagbag.py:538} INFO - Filling up the DagBag from /home/airflow/.local/lib/python3.7/site-packages/airflow/example_dags/example_latest_only_with_trigger.py
[2022-12-03T21:58:41.710+0000] {processor.py:753} INFO - DAG(s) dict_keys(['latest_only_with_trigger']) retrieved from /home/airflow/.local/lib/python3.7/site-packages/airflow/example_dags/example_latest_only_with_trigger.py
[2022-12-03T21:58:41.746+0000] {logging_mixin.py:137} INFO - [2022-12-03T21:58:41.746+0000] {dag.py:2676} INFO - Sync 1 DAGs
[2022-12-03T21:58:41.770+0000] {logging_mixin.py:137} INFO - [2022-12-03T21:58:41.770+0000] {dag.py:3427} INFO - Setting next_dagrun for latest_only_with_trigger to 2022-12-03T17:58:41.770235+00:00, run_after=2022-12-03T21:58:41.770235+00:00
[2022-12-03T21:58:41.788+0000] {processor.py:175} INFO - Processing /home/airflow/.local/lib/python3.7/site-packages/airflow/example_dags/example_latest_only_with_trigger.py took 0.096 seconds
[2022-12-03T21:59:12.221+0000] {processor.py:153} INFO - Started process (PID=752) to work on /home/airflow/.local/lib/python3.7/site-packages/airflow/example_dags/example_latest_only_with_trigger.py
[2022-12-03T21:59:12.222+0000] {processor.py:743} INFO - Processing file /home/airflow/.local/lib/python3.7/site-packages/airflow/example_dags/example_latest_only_with_trigger.py for tasks to queue
[2022-12-03T21:59:12.223+0000] {logging_mixin.py:137} INFO - [2022-12-03T21:59:12.223+0000] {dagbag.py:538} INFO - Filling up the DagBag from /home/airflow/.local/lib/python3.7/site-packages/airflow/example_dags/example_latest_only_with_trigger.py
[2022-12-03T21:59:12.235+0000] {processor.py:753} INFO - DAG(s) dict_keys(['latest_only_with_trigger']) retrieved from /home/airflow/.local/lib/python3.7/site-packages/airflow/example_dags/example_latest_only_with_trigger.py
[2022-12-03T21:59:12.270+0000] {logging_mixin.py:137} INFO - [2022-12-03T21:59:12.270+0000] {dag.py:2676} INFO - Sync 1 DAGs
[2022-12-03T21:59:12.294+0000] {logging_mixin.py:137} INFO - [2022-12-03T21:59:12.294+0000] {dag.py:3427} INFO - Setting next_dagrun for latest_only_with_trigger to 2022-12-03T17:59:12.294015+00:00, run_after=2022-12-03T21:59:12.294015+00:00
[2022-12-03T21:59:12.311+0000] {processor.py:175} INFO - Processing /home/airflow/.local/lib/python3.7/site-packages/airflow/example_dags/example_latest_only_with_trigger.py took 0.092 seconds
[2022-12-03T21:59:42.755+0000] {processor.py:153} INFO - Started process (PID=862) to work on /home/airflow/.local/lib/python3.7/site-packages/airflow/example_dags/example_latest_only_with_trigger.py
[2022-12-03T21:59:42.756+0000] {processor.py:743} INFO - Processing file /home/airflow/.local/lib/python3.7/site-packages/airflow/example_dags/example_latest_only_with_trigger.py for tasks to queue
[2022-12-03T21:59:42.757+0000] {logging_mixin.py:137} INFO - [2022-12-03T21:59:42.756+0000] {dagbag.py:538} INFO - Filling up the DagBag from /home/airflow/.local/lib/python3.7/site-packages/airflow/example_dags/example_latest_only_with_trigger.py
[2022-12-03T21:59:42.770+0000] {processor.py:753} INFO - DAG(s) dict_keys(['latest_only_with_trigger']) retrieved from /home/airflow/.local/lib/python3.7/site-packages/airflow/example_dags/example_latest_only_with_trigger.py
[2022-12-03T21:59:42.803+0000] {logging_mixin.py:137} INFO - [2022-12-03T21:59:42.803+0000] {dag.py:2676} INFO - Sync 1 DAGs
[2022-12-03T21:59:42.828+0000] {logging_mixin.py:137} INFO - [2022-12-03T21:59:42.828+0000] {dag.py:3427} INFO - Setting next_dagrun for latest_only_with_trigger to 2022-12-03T17:59:42.828033+00:00, run_after=2022-12-03T21:59:42.828033+00:00
[2022-12-03T21:59:42.844+0000] {processor.py:175} INFO - Processing /home/airflow/.local/lib/python3.7/site-packages/airflow/example_dags/example_latest_only_with_trigger.py took 0.092 seconds
[2022-12-03T22:00:13.405+0000] {processor.py:153} INFO - Started process (PID=948) to work on /home/airflow/.local/lib/python3.7/site-packages/airflow/example_dags/example_latest_only_with_trigger.py
[2022-12-03T22:00:13.407+0000] {processor.py:743} INFO - Processing file /home/airflow/.local/lib/python3.7/site-packages/airflow/example_dags/example_latest_only_with_trigger.py for tasks to queue
[2022-12-03T22:00:13.407+0000] {logging_mixin.py:137} INFO - [2022-12-03T22:00:13.407+0000] {dagbag.py:538} INFO - Filling up the DagBag from /home/airflow/.local/lib/python3.7/site-packages/airflow/example_dags/example_latest_only_with_trigger.py
[2022-12-03T22:00:13.422+0000] {processor.py:753} INFO - DAG(s) dict_keys(['latest_only_with_trigger']) retrieved from /home/airflow/.local/lib/python3.7/site-packages/airflow/example_dags/example_latest_only_with_trigger.py
[2022-12-03T22:00:13.457+0000] {logging_mixin.py:137} INFO - [2022-12-03T22:00:13.457+0000] {dag.py:2676} INFO - Sync 1 DAGs
[2022-12-03T22:00:13.482+0000] {logging_mixin.py:137} INFO - [2022-12-03T22:00:13.482+0000] {dag.py:3427} INFO - Setting next_dagrun for latest_only_with_trigger to 2022-12-03T18:00:13.482431+00:00, run_after=2022-12-03T22:00:13.482431+00:00
[2022-12-03T22:00:13.500+0000] {processor.py:175} INFO - Processing /home/airflow/.local/lib/python3.7/site-packages/airflow/example_dags/example_latest_only_with_trigger.py took 0.098 seconds
[2022-12-03T22:00:44.027+0000] {processor.py:153} INFO - Started process (PID=1058) to work on /home/airflow/.local/lib/python3.7/site-packages/airflow/example_dags/example_latest_only_with_trigger.py
[2022-12-03T22:00:44.028+0000] {processor.py:743} INFO - Processing file /home/airflow/.local/lib/python3.7/site-packages/airflow/example_dags/example_latest_only_with_trigger.py for tasks to queue
[2022-12-03T22:00:44.029+0000] {logging_mixin.py:137} INFO - [2022-12-03T22:00:44.029+0000] {dagbag.py:538} INFO - Filling up the DagBag from /home/airflow/.local/lib/python3.7/site-packages/airflow/example_dags/example_latest_only_with_trigger.py
[2022-12-03T22:00:44.041+0000] {processor.py:753} INFO - DAG(s) dict_keys(['latest_only_with_trigger']) retrieved from /home/airflow/.local/lib/python3.7/site-packages/airflow/example_dags/example_latest_only_with_trigger.py
[2022-12-03T22:00:44.076+0000] {logging_mixin.py:137} INFO - [2022-12-03T22:00:44.076+0000] {dag.py:2676} INFO - Sync 1 DAGs
[2022-12-03T22:00:44.101+0000] {logging_mixin.py:137} INFO - [2022-12-03T22:00:44.100+0000] {dag.py:3427} INFO - Setting next_dagrun for latest_only_with_trigger to 2022-12-03T18:00:44.100711+00:00, run_after=2022-12-03T22:00:44.100711+00:00
[2022-12-03T22:00:44.117+0000] {processor.py:175} INFO - Processing /home/airflow/.local/lib/python3.7/site-packages/airflow/example_dags/example_latest_only_with_trigger.py took 0.093 seconds
[2022-12-03T22:01:14.464+0000] {processor.py:153} INFO - Started process (PID=1144) to work on /home/airflow/.local/lib/python3.7/site-packages/airflow/example_dags/example_latest_only_with_trigger.py
[2022-12-03T22:01:14.465+0000] {processor.py:743} INFO - Processing file /home/airflow/.local/lib/python3.7/site-packages/airflow/example_dags/example_latest_only_with_trigger.py for tasks to queue
[2022-12-03T22:01:14.465+0000] {logging_mixin.py:137} INFO - [2022-12-03T22:01:14.465+0000] {dagbag.py:538} INFO - Filling up the DagBag from /home/airflow/.local/lib/python3.7/site-packages/airflow/example_dags/example_latest_only_with_trigger.py
[2022-12-03T22:01:14.477+0000] {processor.py:753} INFO - DAG(s) dict_keys(['latest_only_with_trigger']) retrieved from /home/airflow/.local/lib/python3.7/site-packages/airflow/example_dags/example_latest_only_with_trigger.py
[2022-12-03T22:01:14.510+0000] {logging_mixin.py:137} INFO - [2022-12-03T22:01:14.510+0000] {dag.py:2676} INFO - Sync 1 DAGs
[2022-12-03T22:01:14.534+0000] {logging_mixin.py:137} INFO - [2022-12-03T22:01:14.534+0000] {dag.py:3427} INFO - Setting next_dagrun for latest_only_with_trigger to 2022-12-03T18:01:14.534161+00:00, run_after=2022-12-03T22:01:14.534161+00:00
[2022-12-03T22:01:14.552+0000] {processor.py:175} INFO - Processing /home/airflow/.local/lib/python3.7/site-packages/airflow/example_dags/example_latest_only_with_trigger.py took 0.090 seconds
[2022-12-03T22:01:45.293+0000] {processor.py:153} INFO - Started process (PID=1254) to work on /home/airflow/.local/lib/python3.7/site-packages/airflow/example_dags/example_latest_only_with_trigger.py
[2022-12-03T22:01:45.294+0000] {processor.py:743} INFO - Processing file /home/airflow/.local/lib/python3.7/site-packages/airflow/example_dags/example_latest_only_with_trigger.py for tasks to queue
[2022-12-03T22:01:45.295+0000] {logging_mixin.py:137} INFO - [2022-12-03T22:01:45.295+0000] {dagbag.py:538} INFO - Filling up the DagBag from /home/airflow/.local/lib/python3.7/site-packages/airflow/example_dags/example_latest_only_with_trigger.py
[2022-12-03T22:01:45.309+0000] {processor.py:753} INFO - DAG(s) dict_keys(['latest_only_with_trigger']) retrieved from /home/airflow/.local/lib/python3.7/site-packages/airflow/example_dags/example_latest_only_with_trigger.py
[2022-12-03T22:01:45.345+0000] {logging_mixin.py:137} INFO - [2022-12-03T22:01:45.344+0000] {dag.py:2676} INFO - Sync 1 DAGs
[2022-12-03T22:01:45.367+0000] {logging_mixin.py:137} INFO - [2022-12-03T22:01:45.367+0000] {dag.py:3427} INFO - Setting next_dagrun for latest_only_with_trigger to 2022-12-03T18:01:45.367700+00:00, run_after=2022-12-03T22:01:45.367700+00:00
[2022-12-03T22:01:45.395+0000] {processor.py:175} INFO - Processing /home/airflow/.local/lib/python3.7/site-packages/airflow/example_dags/example_latest_only_with_trigger.py took 0.105 seconds
[2022-12-03T22:02:15.601+0000] {processor.py:153} INFO - Started process (PID=1340) to work on /home/airflow/.local/lib/python3.7/site-packages/airflow/example_dags/example_latest_only_with_trigger.py
[2022-12-03T22:02:15.602+0000] {processor.py:743} INFO - Processing file /home/airflow/.local/lib/python3.7/site-packages/airflow/example_dags/example_latest_only_with_trigger.py for tasks to queue
[2022-12-03T22:02:15.602+0000] {logging_mixin.py:137} INFO - [2022-12-03T22:02:15.602+0000] {dagbag.py:538} INFO - Filling up the DagBag from /home/airflow/.local/lib/python3.7/site-packages/airflow/example_dags/example_latest_only_with_trigger.py
[2022-12-03T22:02:15.615+0000] {processor.py:753} INFO - DAG(s) dict_keys(['latest_only_with_trigger']) retrieved from /home/airflow/.local/lib/python3.7/site-packages/airflow/example_dags/example_latest_only_with_trigger.py
[2022-12-03T22:02:15.649+0000] {logging_mixin.py:137} INFO - [2022-12-03T22:02:15.648+0000] {dag.py:2676} INFO - Sync 1 DAGs
[2022-12-03T22:02:15.674+0000] {logging_mixin.py:137} INFO - [2022-12-03T22:02:15.674+0000] {dag.py:3427} INFO - Setting next_dagrun for latest_only_with_trigger to 2022-12-03T18:02:15.673855+00:00, run_after=2022-12-03T22:02:15.673855+00:00
[2022-12-03T22:02:15.690+0000] {processor.py:175} INFO - Processing /home/airflow/.local/lib/python3.7/site-packages/airflow/example_dags/example_latest_only_with_trigger.py took 0.092 seconds
[2022-12-03T22:24:12.960+0000] {processor.py:153} INFO - Started process (PID=5493) to work on /home/airflow/.local/lib/python3.7/site-packages/airflow/example_dags/example_latest_only_with_trigger.py
[2022-12-03T22:24:12.960+0000] {processor.py:743} INFO - Processing file /home/airflow/.local/lib/python3.7/site-packages/airflow/example_dags/example_latest_only_with_trigger.py for tasks to queue
[2022-12-03T22:24:12.961+0000] {logging_mixin.py:137} INFO - [2022-12-03T22:24:12.961+0000] {dagbag.py:538} INFO - Filling up the DagBag from /home/airflow/.local/lib/python3.7/site-packages/airflow/example_dags/example_latest_only_with_trigger.py
[2022-12-03T22:24:12.974+0000] {processor.py:753} INFO - DAG(s) dict_keys(['latest_only_with_trigger']) retrieved from /home/airflow/.local/lib/python3.7/site-packages/airflow/example_dags/example_latest_only_with_trigger.py
[2022-12-03T22:24:13.011+0000] {logging_mixin.py:137} INFO - [2022-12-03T22:24:13.011+0000] {dag.py:2676} INFO - Sync 1 DAGs
[2022-12-03T22:24:13.042+0000] {logging_mixin.py:137} INFO - [2022-12-03T22:24:13.042+0000] {dag.py:3427} INFO - Setting next_dagrun for latest_only_with_trigger to 2022-12-03T18:24:13.041917+00:00, run_after=2022-12-03T22:24:13.041917+00:00
[2022-12-03T22:24:13.068+0000] {processor.py:175} INFO - Processing /home/airflow/.local/lib/python3.7/site-packages/airflow/example_dags/example_latest_only_with_trigger.py took 0.110 seconds
