[2022-12-03T21:55:37.799+0000] {processor.py:153} INFO - Started process (PID=97) to work on /home/airflow/.local/lib/python3.7/site-packages/airflow/example_dags/example_datasets.py
[2022-12-03T21:55:37.800+0000] {processor.py:743} INFO - Processing file /home/airflow/.local/lib/python3.7/site-packages/airflow/example_dags/example_datasets.py for tasks to queue
[2022-12-03T21:55:37.801+0000] {logging_mixin.py:137} INFO - [2022-12-03T21:55:37.800+0000] {dagbag.py:538} INFO - Filling up the DagBag from /home/airflow/.local/lib/python3.7/site-packages/airflow/example_dags/example_datasets.py
[2022-12-03T21:55:37.817+0000] {processor.py:753} INFO - DAG(s) dict_keys(['dataset_produces_1', 'dataset_consumes_1', 'dataset_produces_2', 'dataset_consumes_1_and_2', 'dataset_consumes_unknown_never_scheduled', 'dataset_consumes_1_never_scheduled']) retrieved from /home/airflow/.local/lib/python3.7/site-packages/airflow/example_dags/example_datasets.py
[2022-12-03T21:55:37.902+0000] {logging_mixin.py:137} INFO - [2022-12-03T21:55:37.902+0000] {dag.py:2676} INFO - Sync 6 DAGs
[2022-12-03T21:55:37.976+0000] {logging_mixin.py:137} INFO - [2022-12-03T21:55:37.975+0000] {dag.py:3427} INFO - Setting next_dagrun for dataset_consumes_1 to None, run_after=None
[2022-12-03T21:55:37.980+0000] {logging_mixin.py:137} INFO - [2022-12-03T21:55:37.979+0000] {dag.py:3427} INFO - Setting next_dagrun for dataset_consumes_1_and_2 to None, run_after=None
[2022-12-03T21:55:37.981+0000] {logging_mixin.py:137} INFO - [2022-12-03T21:55:37.981+0000] {dag.py:3427} INFO - Setting next_dagrun for dataset_consumes_1_never_scheduled to None, run_after=None
[2022-12-03T21:55:37.982+0000] {logging_mixin.py:137} INFO - [2022-12-03T21:55:37.982+0000] {dag.py:3427} INFO - Setting next_dagrun for dataset_consumes_unknown_never_scheduled to None, run_after=None
[2022-12-03T21:55:37.985+0000] {logging_mixin.py:137} INFO - [2022-12-03T21:55:37.985+0000] {dag.py:3427} INFO - Setting next_dagrun for dataset_produces_1 to 2022-12-02T00:00:00+00:00, run_after=2022-12-03T00:00:00+00:00
[2022-12-03T21:55:37.987+0000] {logging_mixin.py:137} INFO - [2022-12-03T21:55:37.986+0000] {dag.py:3427} INFO - Setting next_dagrun for dataset_produces_2 to None, run_after=None
[2022-12-03T21:55:38.024+0000] {processor.py:175} INFO - Processing /home/airflow/.local/lib/python3.7/site-packages/airflow/example_dags/example_datasets.py took 0.227 seconds
[2022-12-03T21:56:08.848+0000] {processor.py:153} INFO - Started process (PID=183) to work on /home/airflow/.local/lib/python3.7/site-packages/airflow/example_dags/example_datasets.py
[2022-12-03T21:56:08.848+0000] {processor.py:743} INFO - Processing file /home/airflow/.local/lib/python3.7/site-packages/airflow/example_dags/example_datasets.py for tasks to queue
[2022-12-03T21:56:08.849+0000] {logging_mixin.py:137} INFO - [2022-12-03T21:56:08.849+0000] {dagbag.py:538} INFO - Filling up the DagBag from /home/airflow/.local/lib/python3.7/site-packages/airflow/example_dags/example_datasets.py
[2022-12-03T21:56:08.867+0000] {processor.py:753} INFO - DAG(s) dict_keys(['dataset_consumes_unknown_never_scheduled', 'dataset_consumes_1', 'dataset_consumes_1_never_scheduled', 'dataset_produces_2', 'dataset_consumes_1_and_2', 'dataset_produces_1']) retrieved from /home/airflow/.local/lib/python3.7/site-packages/airflow/example_dags/example_datasets.py
[2022-12-03T21:56:08.965+0000] {logging_mixin.py:137} INFO - [2022-12-03T21:56:08.965+0000] {dag.py:2676} INFO - Sync 6 DAGs
[2022-12-03T21:56:08.988+0000] {logging_mixin.py:137} INFO - [2022-12-03T21:56:08.988+0000] {dag.py:3427} INFO - Setting next_dagrun for dataset_consumes_1 to None, run_after=None
[2022-12-03T21:56:08.991+0000] {logging_mixin.py:137} INFO - [2022-12-03T21:56:08.991+0000] {dag.py:3427} INFO - Setting next_dagrun for dataset_consumes_1_and_2 to None, run_after=None
[2022-12-03T21:56:08.992+0000] {logging_mixin.py:137} INFO - [2022-12-03T21:56:08.992+0000] {dag.py:3427} INFO - Setting next_dagrun for dataset_consumes_1_never_scheduled to None, run_after=None
[2022-12-03T21:56:08.993+0000] {logging_mixin.py:137} INFO - [2022-12-03T21:56:08.993+0000] {dag.py:3427} INFO - Setting next_dagrun for dataset_consumes_unknown_never_scheduled to None, run_after=None
[2022-12-03T21:56:08.996+0000] {logging_mixin.py:137} INFO - [2022-12-03T21:56:08.996+0000] {dag.py:3427} INFO - Setting next_dagrun for dataset_produces_1 to 2022-12-02T00:00:00+00:00, run_after=2022-12-03T00:00:00+00:00
[2022-12-03T21:56:08.997+0000] {logging_mixin.py:137} INFO - [2022-12-03T21:56:08.997+0000] {dag.py:3427} INFO - Setting next_dagrun for dataset_produces_2 to None, run_after=None
[2022-12-03T21:56:09.031+0000] {processor.py:175} INFO - Processing /home/airflow/.local/lib/python3.7/site-packages/airflow/example_dags/example_datasets.py took 0.186 seconds
[2022-12-03T21:56:39.493+0000] {processor.py:153} INFO - Started process (PID=269) to work on /home/airflow/.local/lib/python3.7/site-packages/airflow/example_dags/example_datasets.py
[2022-12-03T21:56:39.494+0000] {processor.py:743} INFO - Processing file /home/airflow/.local/lib/python3.7/site-packages/airflow/example_dags/example_datasets.py for tasks to queue
[2022-12-03T21:56:39.495+0000] {logging_mixin.py:137} INFO - [2022-12-03T21:56:39.495+0000] {dagbag.py:538} INFO - Filling up the DagBag from /home/airflow/.local/lib/python3.7/site-packages/airflow/example_dags/example_datasets.py
[2022-12-03T21:56:39.510+0000] {processor.py:753} INFO - DAG(s) dict_keys(['dataset_consumes_unknown_never_scheduled', 'dataset_consumes_1', 'dataset_produces_1', 'dataset_consumes_1_and_2', 'dataset_produces_2', 'dataset_consumes_1_never_scheduled']) retrieved from /home/airflow/.local/lib/python3.7/site-packages/airflow/example_dags/example_datasets.py
[2022-12-03T21:56:39.560+0000] {logging_mixin.py:137} INFO - [2022-12-03T21:56:39.560+0000] {dag.py:2676} INFO - Sync 6 DAGs
[2022-12-03T21:56:39.586+0000] {logging_mixin.py:137} INFO - [2022-12-03T21:56:39.586+0000] {dag.py:3427} INFO - Setting next_dagrun for dataset_consumes_1 to None, run_after=None
[2022-12-03T21:56:39.589+0000] {logging_mixin.py:137} INFO - [2022-12-03T21:56:39.589+0000] {dag.py:3427} INFO - Setting next_dagrun for dataset_consumes_1_and_2 to None, run_after=None
[2022-12-03T21:56:39.591+0000] {logging_mixin.py:137} INFO - [2022-12-03T21:56:39.590+0000] {dag.py:3427} INFO - Setting next_dagrun for dataset_consumes_1_never_scheduled to None, run_after=None
[2022-12-03T21:56:39.592+0000] {logging_mixin.py:137} INFO - [2022-12-03T21:56:39.592+0000] {dag.py:3427} INFO - Setting next_dagrun for dataset_consumes_unknown_never_scheduled to None, run_after=None
[2022-12-03T21:56:39.594+0000] {logging_mixin.py:137} INFO - [2022-12-03T21:56:39.594+0000] {dag.py:3427} INFO - Setting next_dagrun for dataset_produces_1 to 2022-12-02T00:00:00+00:00, run_after=2022-12-03T00:00:00+00:00
[2022-12-03T21:56:39.595+0000] {logging_mixin.py:137} INFO - [2022-12-03T21:56:39.595+0000] {dag.py:3427} INFO - Setting next_dagrun for dataset_produces_2 to None, run_after=None
[2022-12-03T21:56:39.627+0000] {processor.py:175} INFO - Processing /home/airflow/.local/lib/python3.7/site-packages/airflow/example_dags/example_datasets.py took 0.136 seconds
[2022-12-03T21:57:09.870+0000] {processor.py:153} INFO - Started process (PID=355) to work on /home/airflow/.local/lib/python3.7/site-packages/airflow/example_dags/example_datasets.py
[2022-12-03T21:57:09.871+0000] {processor.py:743} INFO - Processing file /home/airflow/.local/lib/python3.7/site-packages/airflow/example_dags/example_datasets.py for tasks to queue
[2022-12-03T21:57:09.872+0000] {logging_mixin.py:137} INFO - [2022-12-03T21:57:09.871+0000] {dagbag.py:538} INFO - Filling up the DagBag from /home/airflow/.local/lib/python3.7/site-packages/airflow/example_dags/example_datasets.py
[2022-12-03T21:57:09.886+0000] {processor.py:753} INFO - DAG(s) dict_keys(['dataset_produces_2', 'dataset_consumes_1', 'dataset_produces_1', 'dataset_consumes_unknown_never_scheduled', 'dataset_consumes_1_never_scheduled', 'dataset_consumes_1_and_2']) retrieved from /home/airflow/.local/lib/python3.7/site-packages/airflow/example_dags/example_datasets.py
[2022-12-03T21:57:09.936+0000] {logging_mixin.py:137} INFO - [2022-12-03T21:57:09.935+0000] {dag.py:2676} INFO - Sync 6 DAGs
[2022-12-03T21:57:09.965+0000] {logging_mixin.py:137} INFO - [2022-12-03T21:57:09.965+0000] {dag.py:3427} INFO - Setting next_dagrun for dataset_consumes_1 to None, run_after=None
[2022-12-03T21:57:09.969+0000] {logging_mixin.py:137} INFO - [2022-12-03T21:57:09.969+0000] {dag.py:3427} INFO - Setting next_dagrun for dataset_consumes_1_and_2 to None, run_after=None
[2022-12-03T21:57:09.971+0000] {logging_mixin.py:137} INFO - [2022-12-03T21:57:09.971+0000] {dag.py:3427} INFO - Setting next_dagrun for dataset_consumes_1_never_scheduled to None, run_after=None
[2022-12-03T21:57:09.972+0000] {logging_mixin.py:137} INFO - [2022-12-03T21:57:09.972+0000] {dag.py:3427} INFO - Setting next_dagrun for dataset_consumes_unknown_never_scheduled to None, run_after=None
[2022-12-03T21:57:09.975+0000] {logging_mixin.py:137} INFO - [2022-12-03T21:57:09.975+0000] {dag.py:3427} INFO - Setting next_dagrun for dataset_produces_1 to 2022-12-02T00:00:00+00:00, run_after=2022-12-03T00:00:00+00:00
[2022-12-03T21:57:09.976+0000] {logging_mixin.py:137} INFO - [2022-12-03T21:57:09.976+0000] {dag.py:3427} INFO - Setting next_dagrun for dataset_produces_2 to None, run_after=None
[2022-12-03T21:57:10.006+0000] {processor.py:175} INFO - Processing /home/airflow/.local/lib/python3.7/site-packages/airflow/example_dags/example_datasets.py took 0.138 seconds
[2022-12-03T21:57:40.314+0000] {processor.py:153} INFO - Started process (PID=465) to work on /home/airflow/.local/lib/python3.7/site-packages/airflow/example_dags/example_datasets.py
[2022-12-03T21:57:40.314+0000] {processor.py:743} INFO - Processing file /home/airflow/.local/lib/python3.7/site-packages/airflow/example_dags/example_datasets.py for tasks to queue
[2022-12-03T21:57:40.315+0000] {logging_mixin.py:137} INFO - [2022-12-03T21:57:40.315+0000] {dagbag.py:538} INFO - Filling up the DagBag from /home/airflow/.local/lib/python3.7/site-packages/airflow/example_dags/example_datasets.py
[2022-12-03T21:57:40.329+0000] {processor.py:753} INFO - DAG(s) dict_keys(['dataset_produces_2', 'dataset_consumes_unknown_never_scheduled', 'dataset_produces_1', 'dataset_consumes_1_never_scheduled', 'dataset_consumes_1_and_2', 'dataset_consumes_1']) retrieved from /home/airflow/.local/lib/python3.7/site-packages/airflow/example_dags/example_datasets.py
[2022-12-03T21:57:40.379+0000] {logging_mixin.py:137} INFO - [2022-12-03T21:57:40.379+0000] {dag.py:2676} INFO - Sync 6 DAGs
[2022-12-03T21:57:40.404+0000] {logging_mixin.py:137} INFO - [2022-12-03T21:57:40.404+0000] {dag.py:3427} INFO - Setting next_dagrun for dataset_consumes_1 to None, run_after=None
[2022-12-03T21:57:40.407+0000] {logging_mixin.py:137} INFO - [2022-12-03T21:57:40.407+0000] {dag.py:3427} INFO - Setting next_dagrun for dataset_consumes_1_and_2 to None, run_after=None
[2022-12-03T21:57:40.409+0000] {logging_mixin.py:137} INFO - [2022-12-03T21:57:40.408+0000] {dag.py:3427} INFO - Setting next_dagrun for dataset_consumes_1_never_scheduled to None, run_after=None
[2022-12-03T21:57:40.410+0000] {logging_mixin.py:137} INFO - [2022-12-03T21:57:40.409+0000] {dag.py:3427} INFO - Setting next_dagrun for dataset_consumes_unknown_never_scheduled to None, run_after=None
[2022-12-03T21:57:40.412+0000] {logging_mixin.py:137} INFO - [2022-12-03T21:57:40.412+0000] {dag.py:3427} INFO - Setting next_dagrun for dataset_produces_1 to 2022-12-02T00:00:00+00:00, run_after=2022-12-03T00:00:00+00:00
[2022-12-03T21:57:40.413+0000] {logging_mixin.py:137} INFO - [2022-12-03T21:57:40.413+0000] {dag.py:3427} INFO - Setting next_dagrun for dataset_produces_2 to None, run_after=None
[2022-12-03T21:57:40.449+0000] {processor.py:175} INFO - Processing /home/airflow/.local/lib/python3.7/site-packages/airflow/example_dags/example_datasets.py took 0.138 seconds
[2022-12-03T21:58:10.714+0000] {processor.py:153} INFO - Started process (PID=552) to work on /home/airflow/.local/lib/python3.7/site-packages/airflow/example_dags/example_datasets.py
[2022-12-03T21:58:10.715+0000] {processor.py:743} INFO - Processing file /home/airflow/.local/lib/python3.7/site-packages/airflow/example_dags/example_datasets.py for tasks to queue
[2022-12-03T21:58:10.715+0000] {logging_mixin.py:137} INFO - [2022-12-03T21:58:10.715+0000] {dagbag.py:538} INFO - Filling up the DagBag from /home/airflow/.local/lib/python3.7/site-packages/airflow/example_dags/example_datasets.py
[2022-12-03T21:58:10.732+0000] {processor.py:753} INFO - DAG(s) dict_keys(['dataset_consumes_1_and_2', 'dataset_consumes_unknown_never_scheduled', 'dataset_produces_2', 'dataset_consumes_1', 'dataset_consumes_1_never_scheduled', 'dataset_produces_1']) retrieved from /home/airflow/.local/lib/python3.7/site-packages/airflow/example_dags/example_datasets.py
[2022-12-03T21:58:10.787+0000] {logging_mixin.py:137} INFO - [2022-12-03T21:58:10.786+0000] {dag.py:2676} INFO - Sync 6 DAGs
[2022-12-03T21:58:10.812+0000] {logging_mixin.py:137} INFO - [2022-12-03T21:58:10.812+0000] {dag.py:3427} INFO - Setting next_dagrun for dataset_consumes_1 to None, run_after=None
[2022-12-03T21:58:10.815+0000] {logging_mixin.py:137} INFO - [2022-12-03T21:58:10.815+0000] {dag.py:3427} INFO - Setting next_dagrun for dataset_consumes_1_and_2 to None, run_after=None
[2022-12-03T21:58:10.817+0000] {logging_mixin.py:137} INFO - [2022-12-03T21:58:10.816+0000] {dag.py:3427} INFO - Setting next_dagrun for dataset_consumes_1_never_scheduled to None, run_after=None
[2022-12-03T21:58:10.818+0000] {logging_mixin.py:137} INFO - [2022-12-03T21:58:10.818+0000] {dag.py:3427} INFO - Setting next_dagrun for dataset_consumes_unknown_never_scheduled to None, run_after=None
[2022-12-03T21:58:10.820+0000] {logging_mixin.py:137} INFO - [2022-12-03T21:58:10.820+0000] {dag.py:3427} INFO - Setting next_dagrun for dataset_produces_1 to 2022-12-02T00:00:00+00:00, run_after=2022-12-03T00:00:00+00:00
[2022-12-03T21:58:10.821+0000] {logging_mixin.py:137} INFO - [2022-12-03T21:58:10.821+0000] {dag.py:3427} INFO - Setting next_dagrun for dataset_produces_2 to None, run_after=None
[2022-12-03T21:58:10.853+0000] {processor.py:175} INFO - Processing /home/airflow/.local/lib/python3.7/site-packages/airflow/example_dags/example_datasets.py took 0.141 seconds
[2022-12-03T21:58:41.310+0000] {processor.py:153} INFO - Started process (PID=662) to work on /home/airflow/.local/lib/python3.7/site-packages/airflow/example_dags/example_datasets.py
[2022-12-03T21:58:41.311+0000] {processor.py:743} INFO - Processing file /home/airflow/.local/lib/python3.7/site-packages/airflow/example_dags/example_datasets.py for tasks to queue
[2022-12-03T21:58:41.312+0000] {logging_mixin.py:137} INFO - [2022-12-03T21:58:41.312+0000] {dagbag.py:538} INFO - Filling up the DagBag from /home/airflow/.local/lib/python3.7/site-packages/airflow/example_dags/example_datasets.py
[2022-12-03T21:58:41.327+0000] {processor.py:753} INFO - DAG(s) dict_keys(['dataset_produces_1', 'dataset_produces_2', 'dataset_consumes_unknown_never_scheduled', 'dataset_consumes_1_never_scheduled', 'dataset_consumes_1', 'dataset_consumes_1_and_2']) retrieved from /home/airflow/.local/lib/python3.7/site-packages/airflow/example_dags/example_datasets.py
[2022-12-03T21:58:41.377+0000] {logging_mixin.py:137} INFO - [2022-12-03T21:58:41.377+0000] {dag.py:2676} INFO - Sync 6 DAGs
[2022-12-03T21:58:41.403+0000] {logging_mixin.py:137} INFO - [2022-12-03T21:58:41.403+0000] {dag.py:3427} INFO - Setting next_dagrun for dataset_consumes_1 to None, run_after=None
[2022-12-03T21:58:41.406+0000] {logging_mixin.py:137} INFO - [2022-12-03T21:58:41.406+0000] {dag.py:3427} INFO - Setting next_dagrun for dataset_consumes_1_and_2 to None, run_after=None
[2022-12-03T21:58:41.408+0000] {logging_mixin.py:137} INFO - [2022-12-03T21:58:41.408+0000] {dag.py:3427} INFO - Setting next_dagrun for dataset_consumes_1_never_scheduled to None, run_after=None
[2022-12-03T21:58:41.409+0000] {logging_mixin.py:137} INFO - [2022-12-03T21:58:41.409+0000] {dag.py:3427} INFO - Setting next_dagrun for dataset_consumes_unknown_never_scheduled to None, run_after=None
[2022-12-03T21:58:41.412+0000] {logging_mixin.py:137} INFO - [2022-12-03T21:58:41.412+0000] {dag.py:3427} INFO - Setting next_dagrun for dataset_produces_1 to 2022-12-02T00:00:00+00:00, run_after=2022-12-03T00:00:00+00:00
[2022-12-03T21:58:41.413+0000] {logging_mixin.py:137} INFO - [2022-12-03T21:58:41.413+0000] {dag.py:3427} INFO - Setting next_dagrun for dataset_produces_2 to None, run_after=None
[2022-12-03T21:58:41.445+0000] {processor.py:175} INFO - Processing /home/airflow/.local/lib/python3.7/site-packages/airflow/example_dags/example_datasets.py took 0.137 seconds
[2022-12-03T21:59:11.821+0000] {processor.py:153} INFO - Started process (PID=748) to work on /home/airflow/.local/lib/python3.7/site-packages/airflow/example_dags/example_datasets.py
[2022-12-03T21:59:11.822+0000] {processor.py:743} INFO - Processing file /home/airflow/.local/lib/python3.7/site-packages/airflow/example_dags/example_datasets.py for tasks to queue
[2022-12-03T21:59:11.822+0000] {logging_mixin.py:137} INFO - [2022-12-03T21:59:11.822+0000] {dagbag.py:538} INFO - Filling up the DagBag from /home/airflow/.local/lib/python3.7/site-packages/airflow/example_dags/example_datasets.py
[2022-12-03T21:59:11.841+0000] {processor.py:753} INFO - DAG(s) dict_keys(['dataset_produces_2', 'dataset_consumes_1_and_2', 'dataset_consumes_1_never_scheduled', 'dataset_consumes_unknown_never_scheduled', 'dataset_produces_1', 'dataset_consumes_1']) retrieved from /home/airflow/.local/lib/python3.7/site-packages/airflow/example_dags/example_datasets.py
[2022-12-03T21:59:12.011+0000] {logging_mixin.py:137} INFO - [2022-12-03T21:59:12.011+0000] {dag.py:2676} INFO - Sync 6 DAGs
[2022-12-03T21:59:12.037+0000] {logging_mixin.py:137} INFO - [2022-12-03T21:59:12.037+0000] {dag.py:3427} INFO - Setting next_dagrun for dataset_consumes_1 to None, run_after=None
[2022-12-03T21:59:12.040+0000] {logging_mixin.py:137} INFO - [2022-12-03T21:59:12.040+0000] {dag.py:3427} INFO - Setting next_dagrun for dataset_consumes_1_and_2 to None, run_after=None
[2022-12-03T21:59:12.041+0000] {logging_mixin.py:137} INFO - [2022-12-03T21:59:12.041+0000] {dag.py:3427} INFO - Setting next_dagrun for dataset_consumes_1_never_scheduled to None, run_after=None
[2022-12-03T21:59:12.042+0000] {logging_mixin.py:137} INFO - [2022-12-03T21:59:12.042+0000] {dag.py:3427} INFO - Setting next_dagrun for dataset_consumes_unknown_never_scheduled to None, run_after=None
[2022-12-03T21:59:12.044+0000] {logging_mixin.py:137} INFO - [2022-12-03T21:59:12.044+0000] {dag.py:3427} INFO - Setting next_dagrun for dataset_produces_1 to 2022-12-02T00:00:00+00:00, run_after=2022-12-03T00:00:00+00:00
[2022-12-03T21:59:12.046+0000] {logging_mixin.py:137} INFO - [2022-12-03T21:59:12.045+0000] {dag.py:3427} INFO - Setting next_dagrun for dataset_produces_2 to None, run_after=None
[2022-12-03T21:59:12.076+0000] {processor.py:175} INFO - Processing /home/airflow/.local/lib/python3.7/site-packages/airflow/example_dags/example_datasets.py took 0.259 seconds
[2022-12-03T21:59:42.469+0000] {processor.py:153} INFO - Started process (PID=858) to work on /home/airflow/.local/lib/python3.7/site-packages/airflow/example_dags/example_datasets.py
[2022-12-03T21:59:42.470+0000] {processor.py:743} INFO - Processing file /home/airflow/.local/lib/python3.7/site-packages/airflow/example_dags/example_datasets.py for tasks to queue
[2022-12-03T21:59:42.470+0000] {logging_mixin.py:137} INFO - [2022-12-03T21:59:42.470+0000] {dagbag.py:538} INFO - Filling up the DagBag from /home/airflow/.local/lib/python3.7/site-packages/airflow/example_dags/example_datasets.py
[2022-12-03T21:59:42.485+0000] {processor.py:753} INFO - DAG(s) dict_keys(['dataset_consumes_1', 'dataset_produces_2', 'dataset_consumes_unknown_never_scheduled', 'dataset_consumes_1_never_scheduled', 'dataset_produces_1', 'dataset_consumes_1_and_2']) retrieved from /home/airflow/.local/lib/python3.7/site-packages/airflow/example_dags/example_datasets.py
[2022-12-03T21:59:42.534+0000] {logging_mixin.py:137} INFO - [2022-12-03T21:59:42.534+0000] {dag.py:2676} INFO - Sync 6 DAGs
[2022-12-03T21:59:42.559+0000] {logging_mixin.py:137} INFO - [2022-12-03T21:59:42.559+0000] {dag.py:3427} INFO - Setting next_dagrun for dataset_consumes_1 to None, run_after=None
[2022-12-03T21:59:42.562+0000] {logging_mixin.py:137} INFO - [2022-12-03T21:59:42.562+0000] {dag.py:3427} INFO - Setting next_dagrun for dataset_consumes_1_and_2 to None, run_after=None
[2022-12-03T21:59:42.563+0000] {logging_mixin.py:137} INFO - [2022-12-03T21:59:42.563+0000] {dag.py:3427} INFO - Setting next_dagrun for dataset_consumes_1_never_scheduled to None, run_after=None
[2022-12-03T21:59:42.564+0000] {logging_mixin.py:137} INFO - [2022-12-03T21:59:42.564+0000] {dag.py:3427} INFO - Setting next_dagrun for dataset_consumes_unknown_never_scheduled to None, run_after=None
[2022-12-03T21:59:42.567+0000] {logging_mixin.py:137} INFO - [2022-12-03T21:59:42.567+0000] {dag.py:3427} INFO - Setting next_dagrun for dataset_produces_1 to 2022-12-02T00:00:00+00:00, run_after=2022-12-03T00:00:00+00:00
[2022-12-03T21:59:42.568+0000] {logging_mixin.py:137} INFO - [2022-12-03T21:59:42.568+0000] {dag.py:3427} INFO - Setting next_dagrun for dataset_produces_2 to None, run_after=None
[2022-12-03T21:59:42.600+0000] {processor.py:175} INFO - Processing /home/airflow/.local/lib/python3.7/site-packages/airflow/example_dags/example_datasets.py took 0.134 seconds
[2022-12-03T22:00:13.078+0000] {processor.py:153} INFO - Started process (PID=944) to work on /home/airflow/.local/lib/python3.7/site-packages/airflow/example_dags/example_datasets.py
[2022-12-03T22:00:13.079+0000] {processor.py:743} INFO - Processing file /home/airflow/.local/lib/python3.7/site-packages/airflow/example_dags/example_datasets.py for tasks to queue
[2022-12-03T22:00:13.079+0000] {logging_mixin.py:137} INFO - [2022-12-03T22:00:13.079+0000] {dagbag.py:538} INFO - Filling up the DagBag from /home/airflow/.local/lib/python3.7/site-packages/airflow/example_dags/example_datasets.py
[2022-12-03T22:00:13.094+0000] {processor.py:753} INFO - DAG(s) dict_keys(['dataset_consumes_1', 'dataset_consumes_1_never_scheduled', 'dataset_produces_1', 'dataset_produces_2', 'dataset_consumes_unknown_never_scheduled', 'dataset_consumes_1_and_2']) retrieved from /home/airflow/.local/lib/python3.7/site-packages/airflow/example_dags/example_datasets.py
[2022-12-03T22:00:13.146+0000] {logging_mixin.py:137} INFO - [2022-12-03T22:00:13.146+0000] {dag.py:2676} INFO - Sync 6 DAGs
[2022-12-03T22:00:13.183+0000] {logging_mixin.py:137} INFO - [2022-12-03T22:00:13.182+0000] {dag.py:3427} INFO - Setting next_dagrun for dataset_consumes_1 to None, run_after=None
[2022-12-03T22:00:13.187+0000] {logging_mixin.py:137} INFO - [2022-12-03T22:00:13.187+0000] {dag.py:3427} INFO - Setting next_dagrun for dataset_consumes_1_and_2 to None, run_after=None
[2022-12-03T22:00:13.188+0000] {logging_mixin.py:137} INFO - [2022-12-03T22:00:13.188+0000] {dag.py:3427} INFO - Setting next_dagrun for dataset_consumes_1_never_scheduled to None, run_after=None
[2022-12-03T22:00:13.189+0000] {logging_mixin.py:137} INFO - [2022-12-03T22:00:13.189+0000] {dag.py:3427} INFO - Setting next_dagrun for dataset_consumes_unknown_never_scheduled to None, run_after=None
[2022-12-03T22:00:13.193+0000] {logging_mixin.py:137} INFO - [2022-12-03T22:00:13.193+0000] {dag.py:3427} INFO - Setting next_dagrun for dataset_produces_1 to 2022-12-02T00:00:00+00:00, run_after=2022-12-03T00:00:00+00:00
[2022-12-03T22:00:13.194+0000] {logging_mixin.py:137} INFO - [2022-12-03T22:00:13.194+0000] {dag.py:3427} INFO - Setting next_dagrun for dataset_produces_2 to None, run_after=None
[2022-12-03T22:00:13.233+0000] {processor.py:175} INFO - Processing /home/airflow/.local/lib/python3.7/site-packages/airflow/example_dags/example_datasets.py took 0.158 seconds
[2022-12-03T22:00:43.743+0000] {processor.py:153} INFO - Started process (PID=1054) to work on /home/airflow/.local/lib/python3.7/site-packages/airflow/example_dags/example_datasets.py
[2022-12-03T22:00:43.744+0000] {processor.py:743} INFO - Processing file /home/airflow/.local/lib/python3.7/site-packages/airflow/example_dags/example_datasets.py for tasks to queue
[2022-12-03T22:00:43.744+0000] {logging_mixin.py:137} INFO - [2022-12-03T22:00:43.744+0000] {dagbag.py:538} INFO - Filling up the DagBag from /home/airflow/.local/lib/python3.7/site-packages/airflow/example_dags/example_datasets.py
[2022-12-03T22:00:43.760+0000] {processor.py:753} INFO - DAG(s) dict_keys(['dataset_consumes_unknown_never_scheduled', 'dataset_consumes_1_and_2', 'dataset_produces_2', 'dataset_consumes_1_never_scheduled', 'dataset_consumes_1', 'dataset_produces_1']) retrieved from /home/airflow/.local/lib/python3.7/site-packages/airflow/example_dags/example_datasets.py
[2022-12-03T22:00:43.811+0000] {logging_mixin.py:137} INFO - [2022-12-03T22:00:43.811+0000] {dag.py:2676} INFO - Sync 6 DAGs
[2022-12-03T22:00:43.837+0000] {logging_mixin.py:137} INFO - [2022-12-03T22:00:43.836+0000] {dag.py:3427} INFO - Setting next_dagrun for dataset_consumes_1 to None, run_after=None
[2022-12-03T22:00:43.840+0000] {logging_mixin.py:137} INFO - [2022-12-03T22:00:43.840+0000] {dag.py:3427} INFO - Setting next_dagrun for dataset_consumes_1_and_2 to None, run_after=None
[2022-12-03T22:00:43.841+0000] {logging_mixin.py:137} INFO - [2022-12-03T22:00:43.841+0000] {dag.py:3427} INFO - Setting next_dagrun for dataset_consumes_1_never_scheduled to None, run_after=None
[2022-12-03T22:00:43.842+0000] {logging_mixin.py:137} INFO - [2022-12-03T22:00:43.842+0000] {dag.py:3427} INFO - Setting next_dagrun for dataset_consumes_unknown_never_scheduled to None, run_after=None
[2022-12-03T22:00:43.845+0000] {logging_mixin.py:137} INFO - [2022-12-03T22:00:43.845+0000] {dag.py:3427} INFO - Setting next_dagrun for dataset_produces_1 to 2022-12-02T00:00:00+00:00, run_after=2022-12-03T00:00:00+00:00
[2022-12-03T22:00:43.846+0000] {logging_mixin.py:137} INFO - [2022-12-03T22:00:43.846+0000] {dag.py:3427} INFO - Setting next_dagrun for dataset_produces_2 to None, run_after=None
[2022-12-03T22:00:43.878+0000] {processor.py:175} INFO - Processing /home/airflow/.local/lib/python3.7/site-packages/airflow/example_dags/example_datasets.py took 0.137 seconds
[2022-12-03T22:01:14.068+0000] {processor.py:153} INFO - Started process (PID=1140) to work on /home/airflow/.local/lib/python3.7/site-packages/airflow/example_dags/example_datasets.py
[2022-12-03T22:01:14.069+0000] {processor.py:743} INFO - Processing file /home/airflow/.local/lib/python3.7/site-packages/airflow/example_dags/example_datasets.py for tasks to queue
[2022-12-03T22:01:14.069+0000] {logging_mixin.py:137} INFO - [2022-12-03T22:01:14.069+0000] {dagbag.py:538} INFO - Filling up the DagBag from /home/airflow/.local/lib/python3.7/site-packages/airflow/example_dags/example_datasets.py
[2022-12-03T22:01:14.085+0000] {processor.py:753} INFO - DAG(s) dict_keys(['dataset_consumes_1_never_scheduled', 'dataset_produces_1', 'dataset_consumes_1_and_2', 'dataset_consumes_1', 'dataset_produces_2', 'dataset_consumes_unknown_never_scheduled']) retrieved from /home/airflow/.local/lib/python3.7/site-packages/airflow/example_dags/example_datasets.py
[2022-12-03T22:01:14.136+0000] {logging_mixin.py:137} INFO - [2022-12-03T22:01:14.136+0000] {dag.py:2676} INFO - Sync 6 DAGs
[2022-12-03T22:01:14.161+0000] {logging_mixin.py:137} INFO - [2022-12-03T22:01:14.161+0000] {dag.py:3427} INFO - Setting next_dagrun for dataset_consumes_1 to None, run_after=None
[2022-12-03T22:01:14.164+0000] {logging_mixin.py:137} INFO - [2022-12-03T22:01:14.164+0000] {dag.py:3427} INFO - Setting next_dagrun for dataset_consumes_1_and_2 to None, run_after=None
[2022-12-03T22:01:14.166+0000] {logging_mixin.py:137} INFO - [2022-12-03T22:01:14.165+0000] {dag.py:3427} INFO - Setting next_dagrun for dataset_consumes_1_never_scheduled to None, run_after=None
[2022-12-03T22:01:14.167+0000] {logging_mixin.py:137} INFO - [2022-12-03T22:01:14.166+0000] {dag.py:3427} INFO - Setting next_dagrun for dataset_consumes_unknown_never_scheduled to None, run_after=None
[2022-12-03T22:01:14.169+0000] {logging_mixin.py:137} INFO - [2022-12-03T22:01:14.169+0000] {dag.py:3427} INFO - Setting next_dagrun for dataset_produces_1 to 2022-12-02T00:00:00+00:00, run_after=2022-12-03T00:00:00+00:00
[2022-12-03T22:01:14.171+0000] {logging_mixin.py:137} INFO - [2022-12-03T22:01:14.170+0000] {dag.py:3427} INFO - Setting next_dagrun for dataset_produces_2 to None, run_after=None
[2022-12-03T22:01:14.201+0000] {processor.py:175} INFO - Processing /home/airflow/.local/lib/python3.7/site-packages/airflow/example_dags/example_datasets.py took 0.136 seconds
[2022-12-03T22:01:44.965+0000] {processor.py:153} INFO - Started process (PID=1250) to work on /home/airflow/.local/lib/python3.7/site-packages/airflow/example_dags/example_datasets.py
[2022-12-03T22:01:44.966+0000] {processor.py:743} INFO - Processing file /home/airflow/.local/lib/python3.7/site-packages/airflow/example_dags/example_datasets.py for tasks to queue
[2022-12-03T22:01:44.967+0000] {logging_mixin.py:137} INFO - [2022-12-03T22:01:44.966+0000] {dagbag.py:538} INFO - Filling up the DagBag from /home/airflow/.local/lib/python3.7/site-packages/airflow/example_dags/example_datasets.py
[2022-12-03T22:01:44.984+0000] {processor.py:753} INFO - DAG(s) dict_keys(['dataset_produces_1', 'dataset_consumes_unknown_never_scheduled', 'dataset_produces_2', 'dataset_consumes_1_and_2', 'dataset_consumes_1_never_scheduled', 'dataset_consumes_1']) retrieved from /home/airflow/.local/lib/python3.7/site-packages/airflow/example_dags/example_datasets.py
[2022-12-03T22:01:45.038+0000] {logging_mixin.py:137} INFO - [2022-12-03T22:01:45.038+0000] {dag.py:2676} INFO - Sync 6 DAGs
[2022-12-03T22:01:45.064+0000] {logging_mixin.py:137} INFO - [2022-12-03T22:01:45.064+0000] {dag.py:3427} INFO - Setting next_dagrun for dataset_consumes_1 to None, run_after=None
[2022-12-03T22:01:45.068+0000] {logging_mixin.py:137} INFO - [2022-12-03T22:01:45.068+0000] {dag.py:3427} INFO - Setting next_dagrun for dataset_consumes_1_and_2 to None, run_after=None
[2022-12-03T22:01:45.069+0000] {logging_mixin.py:137} INFO - [2022-12-03T22:01:45.069+0000] {dag.py:3427} INFO - Setting next_dagrun for dataset_consumes_1_never_scheduled to None, run_after=None
[2022-12-03T22:01:45.075+0000] {logging_mixin.py:137} INFO - [2022-12-03T22:01:45.075+0000] {dag.py:3427} INFO - Setting next_dagrun for dataset_consumes_unknown_never_scheduled to None, run_after=None
[2022-12-03T22:01:45.078+0000] {logging_mixin.py:137} INFO - [2022-12-03T22:01:45.078+0000] {dag.py:3427} INFO - Setting next_dagrun for dataset_produces_1 to 2022-12-02T00:00:00+00:00, run_after=2022-12-03T00:00:00+00:00
[2022-12-03T22:01:45.079+0000] {logging_mixin.py:137} INFO - [2022-12-03T22:01:45.079+0000] {dag.py:3427} INFO - Setting next_dagrun for dataset_produces_2 to None, run_after=None
[2022-12-03T22:01:45.113+0000] {processor.py:175} INFO - Processing /home/airflow/.local/lib/python3.7/site-packages/airflow/example_dags/example_datasets.py took 0.150 seconds
[2022-12-03T22:02:15.353+0000] {processor.py:153} INFO - Started process (PID=1336) to work on /home/airflow/.local/lib/python3.7/site-packages/airflow/example_dags/example_datasets.py
[2022-12-03T22:02:15.354+0000] {processor.py:743} INFO - Processing file /home/airflow/.local/lib/python3.7/site-packages/airflow/example_dags/example_datasets.py for tasks to queue
[2022-12-03T22:02:15.354+0000] {logging_mixin.py:137} INFO - [2022-12-03T22:02:15.354+0000] {dagbag.py:538} INFO - Filling up the DagBag from /home/airflow/.local/lib/python3.7/site-packages/airflow/example_dags/example_datasets.py
[2022-12-03T22:02:15.369+0000] {processor.py:753} INFO - DAG(s) dict_keys(['dataset_consumes_1_never_scheduled', 'dataset_produces_2', 'dataset_consumes_1', 'dataset_consumes_unknown_never_scheduled', 'dataset_consumes_1_and_2', 'dataset_produces_1']) retrieved from /home/airflow/.local/lib/python3.7/site-packages/airflow/example_dags/example_datasets.py
[2022-12-03T22:02:15.420+0000] {logging_mixin.py:137} INFO - [2022-12-03T22:02:15.420+0000] {dag.py:2676} INFO - Sync 6 DAGs
[2022-12-03T22:02:15.445+0000] {logging_mixin.py:137} INFO - [2022-12-03T22:02:15.445+0000] {dag.py:3427} INFO - Setting next_dagrun for dataset_consumes_1 to None, run_after=None
[2022-12-03T22:02:15.449+0000] {logging_mixin.py:137} INFO - [2022-12-03T22:02:15.449+0000] {dag.py:3427} INFO - Setting next_dagrun for dataset_consumes_1_and_2 to None, run_after=None
[2022-12-03T22:02:15.450+0000] {logging_mixin.py:137} INFO - [2022-12-03T22:02:15.450+0000] {dag.py:3427} INFO - Setting next_dagrun for dataset_consumes_1_never_scheduled to None, run_after=None
[2022-12-03T22:02:15.451+0000] {logging_mixin.py:137} INFO - [2022-12-03T22:02:15.451+0000] {dag.py:3427} INFO - Setting next_dagrun for dataset_consumes_unknown_never_scheduled to None, run_after=None
[2022-12-03T22:02:15.454+0000] {logging_mixin.py:137} INFO - [2022-12-03T22:02:15.453+0000] {dag.py:3427} INFO - Setting next_dagrun for dataset_produces_1 to 2022-12-02T00:00:00+00:00, run_after=2022-12-03T00:00:00+00:00
[2022-12-03T22:02:15.455+0000] {logging_mixin.py:137} INFO - [2022-12-03T22:02:15.454+0000] {dag.py:3427} INFO - Setting next_dagrun for dataset_produces_2 to None, run_after=None
[2022-12-03T22:02:15.487+0000] {processor.py:175} INFO - Processing /home/airflow/.local/lib/python3.7/site-packages/airflow/example_dags/example_datasets.py took 0.137 seconds
