[2022-12-03T21:55:37.391+0000] {processor.py:153} INFO - Started process (PID=95) to work on /home/airflow/.local/lib/python3.7/site-packages/airflow/example_dags/example_complex.py
[2022-12-03T21:55:37.392+0000] {processor.py:743} INFO - Processing file /home/airflow/.local/lib/python3.7/site-packages/airflow/example_dags/example_complex.py for tasks to queue
[2022-12-03T21:55:37.393+0000] {logging_mixin.py:137} INFO - [2022-12-03T21:55:37.393+0000] {dagbag.py:538} INFO - Filling up the DagBag from /home/airflow/.local/lib/python3.7/site-packages/airflow/example_dags/example_complex.py
[2022-12-03T21:55:37.407+0000] {logging_mixin.py:137} INFO - [2022-12-03T21:55:37.407+0000] {taskmixin.py:205} WARNING - Dependency <Task(BashOperator): create_entry_group>, delete_entry_group already registered for DAG: example_complex
[2022-12-03T21:55:37.407+0000] {logging_mixin.py:137} INFO - [2022-12-03T21:55:37.407+0000] {taskmixin.py:205} WARNING - Dependency <Task(BashOperator): delete_entry_group>, create_entry_group already registered for DAG: example_complex
[2022-12-03T21:55:37.408+0000] {logging_mixin.py:137} INFO - [2022-12-03T21:55:37.408+0000] {taskmixin.py:205} WARNING - Dependency <Task(BashOperator): create_entry_gcs>, delete_entry already registered for DAG: example_complex
[2022-12-03T21:55:37.408+0000] {logging_mixin.py:137} INFO - [2022-12-03T21:55:37.408+0000] {taskmixin.py:205} WARNING - Dependency <Task(BashOperator): delete_entry>, create_entry_gcs already registered for DAG: example_complex
[2022-12-03T21:55:37.408+0000] {logging_mixin.py:137} INFO - [2022-12-03T21:55:37.408+0000] {taskmixin.py:205} WARNING - Dependency <Task(BashOperator): create_tag>, delete_tag already registered for DAG: example_complex
[2022-12-03T21:55:37.409+0000] {logging_mixin.py:137} INFO - [2022-12-03T21:55:37.409+0000] {taskmixin.py:205} WARNING - Dependency <Task(BashOperator): delete_tag>, create_tag already registered for DAG: example_complex
[2022-12-03T21:55:37.476+0000] {processor.py:753} INFO - DAG(s) dict_keys(['example_complex']) retrieved from /home/airflow/.local/lib/python3.7/site-packages/airflow/example_dags/example_complex.py
[2022-12-03T21:55:37.507+0000] {logging_mixin.py:137} INFO - [2022-12-03T21:55:37.506+0000] {dag.py:2676} INFO - Sync 1 DAGs
[2022-12-03T21:55:37.607+0000] {logging_mixin.py:137} INFO - [2022-12-03T21:55:37.607+0000] {dag.py:3427} INFO - Setting next_dagrun for example_complex to None, run_after=None
[2022-12-03T21:55:37.693+0000] {processor.py:175} INFO - Processing /home/airflow/.local/lib/python3.7/site-packages/airflow/example_dags/example_complex.py took 0.305 seconds
[2022-12-03T21:56:08.725+0000] {processor.py:153} INFO - Started process (PID=181) to work on /home/airflow/.local/lib/python3.7/site-packages/airflow/example_dags/example_complex.py
[2022-12-03T21:56:08.727+0000] {processor.py:743} INFO - Processing file /home/airflow/.local/lib/python3.7/site-packages/airflow/example_dags/example_complex.py for tasks to queue
[2022-12-03T21:56:08.727+0000] {logging_mixin.py:137} INFO - [2022-12-03T21:56:08.727+0000] {dagbag.py:538} INFO - Filling up the DagBag from /home/airflow/.local/lib/python3.7/site-packages/airflow/example_dags/example_complex.py
[2022-12-03T21:56:08.740+0000] {logging_mixin.py:137} INFO - [2022-12-03T21:56:08.739+0000] {taskmixin.py:205} WARNING - Dependency <Task(BashOperator): create_entry_group>, delete_entry_group already registered for DAG: example_complex
[2022-12-03T21:56:08.740+0000] {logging_mixin.py:137} INFO - [2022-12-03T21:56:08.740+0000] {taskmixin.py:205} WARNING - Dependency <Task(BashOperator): delete_entry_group>, create_entry_group already registered for DAG: example_complex
[2022-12-03T21:56:08.740+0000] {logging_mixin.py:137} INFO - [2022-12-03T21:56:08.740+0000] {taskmixin.py:205} WARNING - Dependency <Task(BashOperator): create_entry_gcs>, delete_entry already registered for DAG: example_complex
[2022-12-03T21:56:08.740+0000] {logging_mixin.py:137} INFO - [2022-12-03T21:56:08.740+0000] {taskmixin.py:205} WARNING - Dependency <Task(BashOperator): delete_entry>, create_entry_gcs already registered for DAG: example_complex
[2022-12-03T21:56:08.741+0000] {logging_mixin.py:137} INFO - [2022-12-03T21:56:08.740+0000] {taskmixin.py:205} WARNING - Dependency <Task(BashOperator): create_tag>, delete_tag already registered for DAG: example_complex
[2022-12-03T21:56:08.741+0000] {logging_mixin.py:137} INFO - [2022-12-03T21:56:08.741+0000] {taskmixin.py:205} WARNING - Dependency <Task(BashOperator): delete_tag>, create_tag already registered for DAG: example_complex
[2022-12-03T21:56:08.748+0000] {processor.py:753} INFO - DAG(s) dict_keys(['example_complex']) retrieved from /home/airflow/.local/lib/python3.7/site-packages/airflow/example_dags/example_complex.py
[2022-12-03T21:56:08.788+0000] {logging_mixin.py:137} INFO - [2022-12-03T21:56:08.788+0000] {dag.py:2676} INFO - Sync 1 DAGs
[2022-12-03T21:56:08.812+0000] {logging_mixin.py:137} INFO - [2022-12-03T21:56:08.812+0000] {dag.py:3427} INFO - Setting next_dagrun for example_complex to None, run_after=None
[2022-12-03T21:56:08.829+0000] {processor.py:175} INFO - Processing /home/airflow/.local/lib/python3.7/site-packages/airflow/example_dags/example_complex.py took 0.106 seconds
[2022-12-03T21:56:39.368+0000] {processor.py:153} INFO - Started process (PID=267) to work on /home/airflow/.local/lib/python3.7/site-packages/airflow/example_dags/example_complex.py
[2022-12-03T21:56:39.369+0000] {processor.py:743} INFO - Processing file /home/airflow/.local/lib/python3.7/site-packages/airflow/example_dags/example_complex.py for tasks to queue
[2022-12-03T21:56:39.370+0000] {logging_mixin.py:137} INFO - [2022-12-03T21:56:39.369+0000] {dagbag.py:538} INFO - Filling up the DagBag from /home/airflow/.local/lib/python3.7/site-packages/airflow/example_dags/example_complex.py
[2022-12-03T21:56:39.380+0000] {logging_mixin.py:137} INFO - [2022-12-03T21:56:39.380+0000] {taskmixin.py:205} WARNING - Dependency <Task(BashOperator): create_entry_group>, delete_entry_group already registered for DAG: example_complex
[2022-12-03T21:56:39.381+0000] {logging_mixin.py:137} INFO - [2022-12-03T21:56:39.380+0000] {taskmixin.py:205} WARNING - Dependency <Task(BashOperator): delete_entry_group>, create_entry_group already registered for DAG: example_complex
[2022-12-03T21:56:39.381+0000] {logging_mixin.py:137} INFO - [2022-12-03T21:56:39.381+0000] {taskmixin.py:205} WARNING - Dependency <Task(BashOperator): create_entry_gcs>, delete_entry already registered for DAG: example_complex
[2022-12-03T21:56:39.381+0000] {logging_mixin.py:137} INFO - [2022-12-03T21:56:39.381+0000] {taskmixin.py:205} WARNING - Dependency <Task(BashOperator): delete_entry>, create_entry_gcs already registered for DAG: example_complex
[2022-12-03T21:56:39.381+0000] {logging_mixin.py:137} INFO - [2022-12-03T21:56:39.381+0000] {taskmixin.py:205} WARNING - Dependency <Task(BashOperator): create_tag>, delete_tag already registered for DAG: example_complex
[2022-12-03T21:56:39.382+0000] {logging_mixin.py:137} INFO - [2022-12-03T21:56:39.381+0000] {taskmixin.py:205} WARNING - Dependency <Task(BashOperator): delete_tag>, create_tag already registered for DAG: example_complex
[2022-12-03T21:56:39.389+0000] {processor.py:753} INFO - DAG(s) dict_keys(['example_complex']) retrieved from /home/airflow/.local/lib/python3.7/site-packages/airflow/example_dags/example_complex.py
[2022-12-03T21:56:39.432+0000] {logging_mixin.py:137} INFO - [2022-12-03T21:56:39.432+0000] {dag.py:2676} INFO - Sync 1 DAGs
[2022-12-03T21:56:39.456+0000] {logging_mixin.py:137} INFO - [2022-12-03T21:56:39.455+0000] {dag.py:3427} INFO - Setting next_dagrun for example_complex to None, run_after=None
[2022-12-03T21:56:39.472+0000] {processor.py:175} INFO - Processing /home/airflow/.local/lib/python3.7/site-packages/airflow/example_dags/example_complex.py took 0.106 seconds
[2022-12-03T21:57:09.747+0000] {processor.py:153} INFO - Started process (PID=353) to work on /home/airflow/.local/lib/python3.7/site-packages/airflow/example_dags/example_complex.py
[2022-12-03T21:57:09.747+0000] {processor.py:743} INFO - Processing file /home/airflow/.local/lib/python3.7/site-packages/airflow/example_dags/example_complex.py for tasks to queue
[2022-12-03T21:57:09.748+0000] {logging_mixin.py:137} INFO - [2022-12-03T21:57:09.748+0000] {dagbag.py:538} INFO - Filling up the DagBag from /home/airflow/.local/lib/python3.7/site-packages/airflow/example_dags/example_complex.py
[2022-12-03T21:57:09.761+0000] {logging_mixin.py:137} INFO - [2022-12-03T21:57:09.761+0000] {taskmixin.py:205} WARNING - Dependency <Task(BashOperator): create_entry_group>, delete_entry_group already registered for DAG: example_complex
[2022-12-03T21:57:09.761+0000] {logging_mixin.py:137} INFO - [2022-12-03T21:57:09.761+0000] {taskmixin.py:205} WARNING - Dependency <Task(BashOperator): delete_entry_group>, create_entry_group already registered for DAG: example_complex
[2022-12-03T21:57:09.761+0000] {logging_mixin.py:137} INFO - [2022-12-03T21:57:09.761+0000] {taskmixin.py:205} WARNING - Dependency <Task(BashOperator): create_entry_gcs>, delete_entry already registered for DAG: example_complex
[2022-12-03T21:57:09.762+0000] {logging_mixin.py:137} INFO - [2022-12-03T21:57:09.761+0000] {taskmixin.py:205} WARNING - Dependency <Task(BashOperator): delete_entry>, create_entry_gcs already registered for DAG: example_complex
[2022-12-03T21:57:09.762+0000] {logging_mixin.py:137} INFO - [2022-12-03T21:57:09.762+0000] {taskmixin.py:205} WARNING - Dependency <Task(BashOperator): create_tag>, delete_tag already registered for DAG: example_complex
[2022-12-03T21:57:09.762+0000] {logging_mixin.py:137} INFO - [2022-12-03T21:57:09.762+0000] {taskmixin.py:205} WARNING - Dependency <Task(BashOperator): delete_tag>, create_tag already registered for DAG: example_complex
[2022-12-03T21:57:09.770+0000] {processor.py:753} INFO - DAG(s) dict_keys(['example_complex']) retrieved from /home/airflow/.local/lib/python3.7/site-packages/airflow/example_dags/example_complex.py
[2022-12-03T21:57:09.814+0000] {logging_mixin.py:137} INFO - [2022-12-03T21:57:09.814+0000] {dag.py:2676} INFO - Sync 1 DAGs
[2022-12-03T21:57:09.837+0000] {logging_mixin.py:137} INFO - [2022-12-03T21:57:09.837+0000] {dag.py:3427} INFO - Setting next_dagrun for example_complex to None, run_after=None
[2022-12-03T21:57:09.853+0000] {processor.py:175} INFO - Processing /home/airflow/.local/lib/python3.7/site-packages/airflow/example_dags/example_complex.py took 0.110 seconds
[2022-12-03T21:57:40.176+0000] {processor.py:153} INFO - Started process (PID=463) to work on /home/airflow/.local/lib/python3.7/site-packages/airflow/example_dags/example_complex.py
[2022-12-03T21:57:40.177+0000] {processor.py:743} INFO - Processing file /home/airflow/.local/lib/python3.7/site-packages/airflow/example_dags/example_complex.py for tasks to queue
[2022-12-03T21:57:40.178+0000] {logging_mixin.py:137} INFO - [2022-12-03T21:57:40.178+0000] {dagbag.py:538} INFO - Filling up the DagBag from /home/airflow/.local/lib/python3.7/site-packages/airflow/example_dags/example_complex.py
[2022-12-03T21:57:40.190+0000] {logging_mixin.py:137} INFO - [2022-12-03T21:57:40.189+0000] {taskmixin.py:205} WARNING - Dependency <Task(BashOperator): create_entry_group>, delete_entry_group already registered for DAG: example_complex
[2022-12-03T21:57:40.190+0000] {logging_mixin.py:137} INFO - [2022-12-03T21:57:40.190+0000] {taskmixin.py:205} WARNING - Dependency <Task(BashOperator): delete_entry_group>, create_entry_group already registered for DAG: example_complex
[2022-12-03T21:57:40.190+0000] {logging_mixin.py:137} INFO - [2022-12-03T21:57:40.190+0000] {taskmixin.py:205} WARNING - Dependency <Task(BashOperator): create_entry_gcs>, delete_entry already registered for DAG: example_complex
[2022-12-03T21:57:40.190+0000] {logging_mixin.py:137} INFO - [2022-12-03T21:57:40.190+0000] {taskmixin.py:205} WARNING - Dependency <Task(BashOperator): delete_entry>, create_entry_gcs already registered for DAG: example_complex
[2022-12-03T21:57:40.191+0000] {logging_mixin.py:137} INFO - [2022-12-03T21:57:40.191+0000] {taskmixin.py:205} WARNING - Dependency <Task(BashOperator): create_tag>, delete_tag already registered for DAG: example_complex
[2022-12-03T21:57:40.191+0000] {logging_mixin.py:137} INFO - [2022-12-03T21:57:40.191+0000] {taskmixin.py:205} WARNING - Dependency <Task(BashOperator): delete_tag>, create_tag already registered for DAG: example_complex
[2022-12-03T21:57:40.199+0000] {processor.py:753} INFO - DAG(s) dict_keys(['example_complex']) retrieved from /home/airflow/.local/lib/python3.7/site-packages/airflow/example_dags/example_complex.py
[2022-12-03T21:57:40.244+0000] {logging_mixin.py:137} INFO - [2022-12-03T21:57:40.244+0000] {dag.py:2676} INFO - Sync 1 DAGs
[2022-12-03T21:57:40.267+0000] {logging_mixin.py:137} INFO - [2022-12-03T21:57:40.267+0000] {dag.py:3427} INFO - Setting next_dagrun for example_complex to None, run_after=None
[2022-12-03T21:57:40.290+0000] {processor.py:175} INFO - Processing /home/airflow/.local/lib/python3.7/site-packages/airflow/example_dags/example_complex.py took 0.116 seconds
[2022-12-03T21:58:10.589+0000] {processor.py:153} INFO - Started process (PID=550) to work on /home/airflow/.local/lib/python3.7/site-packages/airflow/example_dags/example_complex.py
[2022-12-03T21:58:10.590+0000] {processor.py:743} INFO - Processing file /home/airflow/.local/lib/python3.7/site-packages/airflow/example_dags/example_complex.py for tasks to queue
[2022-12-03T21:58:10.590+0000] {logging_mixin.py:137} INFO - [2022-12-03T21:58:10.590+0000] {dagbag.py:538} INFO - Filling up the DagBag from /home/airflow/.local/lib/python3.7/site-packages/airflow/example_dags/example_complex.py
[2022-12-03T21:58:10.602+0000] {logging_mixin.py:137} INFO - [2022-12-03T21:58:10.602+0000] {taskmixin.py:205} WARNING - Dependency <Task(BashOperator): create_entry_group>, delete_entry_group already registered for DAG: example_complex
[2022-12-03T21:58:10.602+0000] {logging_mixin.py:137} INFO - [2022-12-03T21:58:10.602+0000] {taskmixin.py:205} WARNING - Dependency <Task(BashOperator): delete_entry_group>, create_entry_group already registered for DAG: example_complex
[2022-12-03T21:58:10.603+0000] {logging_mixin.py:137} INFO - [2022-12-03T21:58:10.603+0000] {taskmixin.py:205} WARNING - Dependency <Task(BashOperator): create_entry_gcs>, delete_entry already registered for DAG: example_complex
[2022-12-03T21:58:10.603+0000] {logging_mixin.py:137} INFO - [2022-12-03T21:58:10.603+0000] {taskmixin.py:205} WARNING - Dependency <Task(BashOperator): delete_entry>, create_entry_gcs already registered for DAG: example_complex
[2022-12-03T21:58:10.603+0000] {logging_mixin.py:137} INFO - [2022-12-03T21:58:10.603+0000] {taskmixin.py:205} WARNING - Dependency <Task(BashOperator): create_tag>, delete_tag already registered for DAG: example_complex
[2022-12-03T21:58:10.603+0000] {logging_mixin.py:137} INFO - [2022-12-03T21:58:10.603+0000] {taskmixin.py:205} WARNING - Dependency <Task(BashOperator): delete_tag>, create_tag already registered for DAG: example_complex
[2022-12-03T21:58:10.611+0000] {processor.py:753} INFO - DAG(s) dict_keys(['example_complex']) retrieved from /home/airflow/.local/lib/python3.7/site-packages/airflow/example_dags/example_complex.py
[2022-12-03T21:58:10.654+0000] {logging_mixin.py:137} INFO - [2022-12-03T21:58:10.654+0000] {dag.py:2676} INFO - Sync 1 DAGs
[2022-12-03T21:58:10.680+0000] {logging_mixin.py:137} INFO - [2022-12-03T21:58:10.679+0000] {dag.py:3427} INFO - Setting next_dagrun for example_complex to None, run_after=None
[2022-12-03T21:58:10.696+0000] {processor.py:175} INFO - Processing /home/airflow/.local/lib/python3.7/site-packages/airflow/example_dags/example_complex.py took 0.110 seconds
[2022-12-03T21:58:41.188+0000] {processor.py:153} INFO - Started process (PID=660) to work on /home/airflow/.local/lib/python3.7/site-packages/airflow/example_dags/example_complex.py
[2022-12-03T21:58:41.188+0000] {processor.py:743} INFO - Processing file /home/airflow/.local/lib/python3.7/site-packages/airflow/example_dags/example_complex.py for tasks to queue
[2022-12-03T21:58:41.189+0000] {logging_mixin.py:137} INFO - [2022-12-03T21:58:41.189+0000] {dagbag.py:538} INFO - Filling up the DagBag from /home/airflow/.local/lib/python3.7/site-packages/airflow/example_dags/example_complex.py
[2022-12-03T21:58:41.200+0000] {logging_mixin.py:137} INFO - [2022-12-03T21:58:41.200+0000] {taskmixin.py:205} WARNING - Dependency <Task(BashOperator): create_entry_group>, delete_entry_group already registered for DAG: example_complex
[2022-12-03T21:58:41.200+0000] {logging_mixin.py:137} INFO - [2022-12-03T21:58:41.200+0000] {taskmixin.py:205} WARNING - Dependency <Task(BashOperator): delete_entry_group>, create_entry_group already registered for DAG: example_complex
[2022-12-03T21:58:41.200+0000] {logging_mixin.py:137} INFO - [2022-12-03T21:58:41.200+0000] {taskmixin.py:205} WARNING - Dependency <Task(BashOperator): create_entry_gcs>, delete_entry already registered for DAG: example_complex
[2022-12-03T21:58:41.200+0000] {logging_mixin.py:137} INFO - [2022-12-03T21:58:41.200+0000] {taskmixin.py:205} WARNING - Dependency <Task(BashOperator): delete_entry>, create_entry_gcs already registered for DAG: example_complex
[2022-12-03T21:58:41.201+0000] {logging_mixin.py:137} INFO - [2022-12-03T21:58:41.201+0000] {taskmixin.py:205} WARNING - Dependency <Task(BashOperator): create_tag>, delete_tag already registered for DAG: example_complex
[2022-12-03T21:58:41.201+0000] {logging_mixin.py:137} INFO - [2022-12-03T21:58:41.201+0000] {taskmixin.py:205} WARNING - Dependency <Task(BashOperator): delete_tag>, create_tag already registered for DAG: example_complex
[2022-12-03T21:58:41.209+0000] {processor.py:753} INFO - DAG(s) dict_keys(['example_complex']) retrieved from /home/airflow/.local/lib/python3.7/site-packages/airflow/example_dags/example_complex.py
[2022-12-03T21:58:41.249+0000] {logging_mixin.py:137} INFO - [2022-12-03T21:58:41.249+0000] {dag.py:2676} INFO - Sync 1 DAGs
[2022-12-03T21:58:41.273+0000] {logging_mixin.py:137} INFO - [2022-12-03T21:58:41.273+0000] {dag.py:3427} INFO - Setting next_dagrun for example_complex to None, run_after=None
[2022-12-03T21:58:41.291+0000] {processor.py:175} INFO - Processing /home/airflow/.local/lib/python3.7/site-packages/airflow/example_dags/example_complex.py took 0.107 seconds
[2022-12-03T21:59:11.540+0000] {processor.py:153} INFO - Started process (PID=746) to work on /home/airflow/.local/lib/python3.7/site-packages/airflow/example_dags/example_complex.py
[2022-12-03T21:59:11.541+0000] {processor.py:743} INFO - Processing file /home/airflow/.local/lib/python3.7/site-packages/airflow/example_dags/example_complex.py for tasks to queue
[2022-12-03T21:59:11.541+0000] {logging_mixin.py:137} INFO - [2022-12-03T21:59:11.541+0000] {dagbag.py:538} INFO - Filling up the DagBag from /home/airflow/.local/lib/python3.7/site-packages/airflow/example_dags/example_complex.py
[2022-12-03T21:59:11.552+0000] {logging_mixin.py:137} INFO - [2022-12-03T21:59:11.552+0000] {taskmixin.py:205} WARNING - Dependency <Task(BashOperator): create_entry_group>, delete_entry_group already registered for DAG: example_complex
[2022-12-03T21:59:11.552+0000] {logging_mixin.py:137} INFO - [2022-12-03T21:59:11.552+0000] {taskmixin.py:205} WARNING - Dependency <Task(BashOperator): delete_entry_group>, create_entry_group already registered for DAG: example_complex
[2022-12-03T21:59:11.552+0000] {logging_mixin.py:137} INFO - [2022-12-03T21:59:11.552+0000] {taskmixin.py:205} WARNING - Dependency <Task(BashOperator): create_entry_gcs>, delete_entry already registered for DAG: example_complex
[2022-12-03T21:59:11.553+0000] {logging_mixin.py:137} INFO - [2022-12-03T21:59:11.552+0000] {taskmixin.py:205} WARNING - Dependency <Task(BashOperator): delete_entry>, create_entry_gcs already registered for DAG: example_complex
[2022-12-03T21:59:11.553+0000] {logging_mixin.py:137} INFO - [2022-12-03T21:59:11.553+0000] {taskmixin.py:205} WARNING - Dependency <Task(BashOperator): create_tag>, delete_tag already registered for DAG: example_complex
[2022-12-03T21:59:11.553+0000] {logging_mixin.py:137} INFO - [2022-12-03T21:59:11.553+0000] {taskmixin.py:205} WARNING - Dependency <Task(BashOperator): delete_tag>, create_tag already registered for DAG: example_complex
[2022-12-03T21:59:11.560+0000] {processor.py:753} INFO - DAG(s) dict_keys(['example_complex']) retrieved from /home/airflow/.local/lib/python3.7/site-packages/airflow/example_dags/example_complex.py
[2022-12-03T21:59:11.602+0000] {logging_mixin.py:137} INFO - [2022-12-03T21:59:11.602+0000] {dag.py:2676} INFO - Sync 1 DAGs
[2022-12-03T21:59:11.627+0000] {logging_mixin.py:137} INFO - [2022-12-03T21:59:11.626+0000] {dag.py:3427} INFO - Setting next_dagrun for example_complex to None, run_after=None
[2022-12-03T21:59:11.645+0000] {processor.py:175} INFO - Processing /home/airflow/.local/lib/python3.7/site-packages/airflow/example_dags/example_complex.py took 0.108 seconds
[2022-12-03T21:59:42.339+0000] {processor.py:153} INFO - Started process (PID=856) to work on /home/airflow/.local/lib/python3.7/site-packages/airflow/example_dags/example_complex.py
[2022-12-03T21:59:42.340+0000] {processor.py:743} INFO - Processing file /home/airflow/.local/lib/python3.7/site-packages/airflow/example_dags/example_complex.py for tasks to queue
[2022-12-03T21:59:42.340+0000] {logging_mixin.py:137} INFO - [2022-12-03T21:59:42.340+0000] {dagbag.py:538} INFO - Filling up the DagBag from /home/airflow/.local/lib/python3.7/site-packages/airflow/example_dags/example_complex.py
[2022-12-03T21:59:42.351+0000] {logging_mixin.py:137} INFO - [2022-12-03T21:59:42.351+0000] {taskmixin.py:205} WARNING - Dependency <Task(BashOperator): create_entry_group>, delete_entry_group already registered for DAG: example_complex
[2022-12-03T21:59:42.352+0000] {logging_mixin.py:137} INFO - [2022-12-03T21:59:42.352+0000] {taskmixin.py:205} WARNING - Dependency <Task(BashOperator): delete_entry_group>, create_entry_group already registered for DAG: example_complex
[2022-12-03T21:59:42.352+0000] {logging_mixin.py:137} INFO - [2022-12-03T21:59:42.352+0000] {taskmixin.py:205} WARNING - Dependency <Task(BashOperator): create_entry_gcs>, delete_entry already registered for DAG: example_complex
[2022-12-03T21:59:42.352+0000] {logging_mixin.py:137} INFO - [2022-12-03T21:59:42.352+0000] {taskmixin.py:205} WARNING - Dependency <Task(BashOperator): delete_entry>, create_entry_gcs already registered for DAG: example_complex
[2022-12-03T21:59:42.352+0000] {logging_mixin.py:137} INFO - [2022-12-03T21:59:42.352+0000] {taskmixin.py:205} WARNING - Dependency <Task(BashOperator): create_tag>, delete_tag already registered for DAG: example_complex
[2022-12-03T21:59:42.353+0000] {logging_mixin.py:137} INFO - [2022-12-03T21:59:42.352+0000] {taskmixin.py:205} WARNING - Dependency <Task(BashOperator): delete_tag>, create_tag already registered for DAG: example_complex
[2022-12-03T21:59:42.360+0000] {processor.py:753} INFO - DAG(s) dict_keys(['example_complex']) retrieved from /home/airflow/.local/lib/python3.7/site-packages/airflow/example_dags/example_complex.py
[2022-12-03T21:59:42.403+0000] {logging_mixin.py:137} INFO - [2022-12-03T21:59:42.403+0000] {dag.py:2676} INFO - Sync 1 DAGs
[2022-12-03T21:59:42.428+0000] {logging_mixin.py:137} INFO - [2022-12-03T21:59:42.427+0000] {dag.py:3427} INFO - Setting next_dagrun for example_complex to None, run_after=None
[2022-12-03T21:59:42.444+0000] {processor.py:175} INFO - Processing /home/airflow/.local/lib/python3.7/site-packages/airflow/example_dags/example_complex.py took 0.109 seconds
[2022-12-03T22:00:12.786+0000] {processor.py:153} INFO - Started process (PID=942) to work on /home/airflow/.local/lib/python3.7/site-packages/airflow/example_dags/example_complex.py
[2022-12-03T22:00:12.787+0000] {processor.py:743} INFO - Processing file /home/airflow/.local/lib/python3.7/site-packages/airflow/example_dags/example_complex.py for tasks to queue
[2022-12-03T22:00:12.787+0000] {logging_mixin.py:137} INFO - [2022-12-03T22:00:12.787+0000] {dagbag.py:538} INFO - Filling up the DagBag from /home/airflow/.local/lib/python3.7/site-packages/airflow/example_dags/example_complex.py
[2022-12-03T22:00:12.798+0000] {logging_mixin.py:137} INFO - [2022-12-03T22:00:12.798+0000] {taskmixin.py:205} WARNING - Dependency <Task(BashOperator): create_entry_group>, delete_entry_group already registered for DAG: example_complex
[2022-12-03T22:00:12.799+0000] {logging_mixin.py:137} INFO - [2022-12-03T22:00:12.798+0000] {taskmixin.py:205} WARNING - Dependency <Task(BashOperator): delete_entry_group>, create_entry_group already registered for DAG: example_complex
[2022-12-03T22:00:12.799+0000] {logging_mixin.py:137} INFO - [2022-12-03T22:00:12.799+0000] {taskmixin.py:205} WARNING - Dependency <Task(BashOperator): create_entry_gcs>, delete_entry already registered for DAG: example_complex
[2022-12-03T22:00:12.799+0000] {logging_mixin.py:137} INFO - [2022-12-03T22:00:12.799+0000] {taskmixin.py:205} WARNING - Dependency <Task(BashOperator): delete_entry>, create_entry_gcs already registered for DAG: example_complex
[2022-12-03T22:00:12.799+0000] {logging_mixin.py:137} INFO - [2022-12-03T22:00:12.799+0000] {taskmixin.py:205} WARNING - Dependency <Task(BashOperator): create_tag>, delete_tag already registered for DAG: example_complex
[2022-12-03T22:00:12.799+0000] {logging_mixin.py:137} INFO - [2022-12-03T22:00:12.799+0000] {taskmixin.py:205} WARNING - Dependency <Task(BashOperator): delete_tag>, create_tag already registered for DAG: example_complex
[2022-12-03T22:00:12.807+0000] {processor.py:753} INFO - DAG(s) dict_keys(['example_complex']) retrieved from /home/airflow/.local/lib/python3.7/site-packages/airflow/example_dags/example_complex.py
[2022-12-03T22:00:12.849+0000] {logging_mixin.py:137} INFO - [2022-12-03T22:00:12.849+0000] {dag.py:2676} INFO - Sync 1 DAGs
[2022-12-03T22:00:12.874+0000] {logging_mixin.py:137} INFO - [2022-12-03T22:00:12.873+0000] {dag.py:3427} INFO - Setting next_dagrun for example_complex to None, run_after=None
[2022-12-03T22:00:12.892+0000] {processor.py:175} INFO - Processing /home/airflow/.local/lib/python3.7/site-packages/airflow/example_dags/example_complex.py took 0.109 seconds
[2022-12-03T22:00:43.608+0000] {processor.py:153} INFO - Started process (PID=1052) to work on /home/airflow/.local/lib/python3.7/site-packages/airflow/example_dags/example_complex.py
[2022-12-03T22:00:43.609+0000] {processor.py:743} INFO - Processing file /home/airflow/.local/lib/python3.7/site-packages/airflow/example_dags/example_complex.py for tasks to queue
[2022-12-03T22:00:43.610+0000] {logging_mixin.py:137} INFO - [2022-12-03T22:00:43.610+0000] {dagbag.py:538} INFO - Filling up the DagBag from /home/airflow/.local/lib/python3.7/site-packages/airflow/example_dags/example_complex.py
[2022-12-03T22:00:43.623+0000] {logging_mixin.py:137} INFO - [2022-12-03T22:00:43.623+0000] {taskmixin.py:205} WARNING - Dependency <Task(BashOperator): create_entry_group>, delete_entry_group already registered for DAG: example_complex
[2022-12-03T22:00:43.623+0000] {logging_mixin.py:137} INFO - [2022-12-03T22:00:43.623+0000] {taskmixin.py:205} WARNING - Dependency <Task(BashOperator): delete_entry_group>, create_entry_group already registered for DAG: example_complex
[2022-12-03T22:00:43.623+0000] {logging_mixin.py:137} INFO - [2022-12-03T22:00:43.623+0000] {taskmixin.py:205} WARNING - Dependency <Task(BashOperator): create_entry_gcs>, delete_entry already registered for DAG: example_complex
[2022-12-03T22:00:43.624+0000] {logging_mixin.py:137} INFO - [2022-12-03T22:00:43.624+0000] {taskmixin.py:205} WARNING - Dependency <Task(BashOperator): delete_entry>, create_entry_gcs already registered for DAG: example_complex
[2022-12-03T22:00:43.624+0000] {logging_mixin.py:137} INFO - [2022-12-03T22:00:43.624+0000] {taskmixin.py:205} WARNING - Dependency <Task(BashOperator): create_tag>, delete_tag already registered for DAG: example_complex
[2022-12-03T22:00:43.624+0000] {logging_mixin.py:137} INFO - [2022-12-03T22:00:43.624+0000] {taskmixin.py:205} WARNING - Dependency <Task(BashOperator): delete_tag>, create_tag already registered for DAG: example_complex
[2022-12-03T22:00:43.635+0000] {processor.py:753} INFO - DAG(s) dict_keys(['example_complex']) retrieved from /home/airflow/.local/lib/python3.7/site-packages/airflow/example_dags/example_complex.py
[2022-12-03T22:00:43.679+0000] {logging_mixin.py:137} INFO - [2022-12-03T22:00:43.679+0000] {dag.py:2676} INFO - Sync 1 DAGs
[2022-12-03T22:00:43.704+0000] {logging_mixin.py:137} INFO - [2022-12-03T22:00:43.703+0000] {dag.py:3427} INFO - Setting next_dagrun for example_complex to None, run_after=None
[2022-12-03T22:00:43.721+0000] {processor.py:175} INFO - Processing /home/airflow/.local/lib/python3.7/site-packages/airflow/example_dags/example_complex.py took 0.114 seconds
[2022-12-03T22:01:13.936+0000] {processor.py:153} INFO - Started process (PID=1138) to work on /home/airflow/.local/lib/python3.7/site-packages/airflow/example_dags/example_complex.py
[2022-12-03T22:01:13.937+0000] {processor.py:743} INFO - Processing file /home/airflow/.local/lib/python3.7/site-packages/airflow/example_dags/example_complex.py for tasks to queue
[2022-12-03T22:01:13.938+0000] {logging_mixin.py:137} INFO - [2022-12-03T22:01:13.938+0000] {dagbag.py:538} INFO - Filling up the DagBag from /home/airflow/.local/lib/python3.7/site-packages/airflow/example_dags/example_complex.py
[2022-12-03T22:01:13.949+0000] {logging_mixin.py:137} INFO - [2022-12-03T22:01:13.949+0000] {taskmixin.py:205} WARNING - Dependency <Task(BashOperator): create_entry_group>, delete_entry_group already registered for DAG: example_complex
[2022-12-03T22:01:13.950+0000] {logging_mixin.py:137} INFO - [2022-12-03T22:01:13.950+0000] {taskmixin.py:205} WARNING - Dependency <Task(BashOperator): delete_entry_group>, create_entry_group already registered for DAG: example_complex
[2022-12-03T22:01:13.950+0000] {logging_mixin.py:137} INFO - [2022-12-03T22:01:13.950+0000] {taskmixin.py:205} WARNING - Dependency <Task(BashOperator): create_entry_gcs>, delete_entry already registered for DAG: example_complex
[2022-12-03T22:01:13.950+0000] {logging_mixin.py:137} INFO - [2022-12-03T22:01:13.950+0000] {taskmixin.py:205} WARNING - Dependency <Task(BashOperator): delete_entry>, create_entry_gcs already registered for DAG: example_complex
[2022-12-03T22:01:13.950+0000] {logging_mixin.py:137} INFO - [2022-12-03T22:01:13.950+0000] {taskmixin.py:205} WARNING - Dependency <Task(BashOperator): create_tag>, delete_tag already registered for DAG: example_complex
[2022-12-03T22:01:13.950+0000] {logging_mixin.py:137} INFO - [2022-12-03T22:01:13.950+0000] {taskmixin.py:205} WARNING - Dependency <Task(BashOperator): delete_tag>, create_tag already registered for DAG: example_complex
[2022-12-03T22:01:13.958+0000] {processor.py:753} INFO - DAG(s) dict_keys(['example_complex']) retrieved from /home/airflow/.local/lib/python3.7/site-packages/airflow/example_dags/example_complex.py
[2022-12-03T22:01:13.999+0000] {logging_mixin.py:137} INFO - [2022-12-03T22:01:13.998+0000] {dag.py:2676} INFO - Sync 1 DAGs
[2022-12-03T22:01:14.022+0000] {logging_mixin.py:137} INFO - [2022-12-03T22:01:14.022+0000] {dag.py:3427} INFO - Setting next_dagrun for example_complex to None, run_after=None
[2022-12-03T22:01:14.040+0000] {processor.py:175} INFO - Processing /home/airflow/.local/lib/python3.7/site-packages/airflow/example_dags/example_complex.py took 0.107 seconds
[2022-12-03T22:01:44.835+0000] {processor.py:153} INFO - Started process (PID=1248) to work on /home/airflow/.local/lib/python3.7/site-packages/airflow/example_dags/example_complex.py
[2022-12-03T22:01:44.836+0000] {processor.py:743} INFO - Processing file /home/airflow/.local/lib/python3.7/site-packages/airflow/example_dags/example_complex.py for tasks to queue
[2022-12-03T22:01:44.837+0000] {logging_mixin.py:137} INFO - [2022-12-03T22:01:44.837+0000] {dagbag.py:538} INFO - Filling up the DagBag from /home/airflow/.local/lib/python3.7/site-packages/airflow/example_dags/example_complex.py
[2022-12-03T22:01:44.849+0000] {logging_mixin.py:137} INFO - [2022-12-03T22:01:44.849+0000] {taskmixin.py:205} WARNING - Dependency <Task(BashOperator): create_entry_group>, delete_entry_group already registered for DAG: example_complex
[2022-12-03T22:01:44.849+0000] {logging_mixin.py:137} INFO - [2022-12-03T22:01:44.849+0000] {taskmixin.py:205} WARNING - Dependency <Task(BashOperator): delete_entry_group>, create_entry_group already registered for DAG: example_complex
[2022-12-03T22:01:44.850+0000] {logging_mixin.py:137} INFO - [2022-12-03T22:01:44.849+0000] {taskmixin.py:205} WARNING - Dependency <Task(BashOperator): create_entry_gcs>, delete_entry already registered for DAG: example_complex
[2022-12-03T22:01:44.850+0000] {logging_mixin.py:137} INFO - [2022-12-03T22:01:44.850+0000] {taskmixin.py:205} WARNING - Dependency <Task(BashOperator): delete_entry>, create_entry_gcs already registered for DAG: example_complex
[2022-12-03T22:01:44.850+0000] {logging_mixin.py:137} INFO - [2022-12-03T22:01:44.850+0000] {taskmixin.py:205} WARNING - Dependency <Task(BashOperator): create_tag>, delete_tag already registered for DAG: example_complex
[2022-12-03T22:01:44.850+0000] {logging_mixin.py:137} INFO - [2022-12-03T22:01:44.850+0000] {taskmixin.py:205} WARNING - Dependency <Task(BashOperator): delete_tag>, create_tag already registered for DAG: example_complex
[2022-12-03T22:01:44.858+0000] {processor.py:753} INFO - DAG(s) dict_keys(['example_complex']) retrieved from /home/airflow/.local/lib/python3.7/site-packages/airflow/example_dags/example_complex.py
[2022-12-03T22:01:44.899+0000] {logging_mixin.py:137} INFO - [2022-12-03T22:01:44.899+0000] {dag.py:2676} INFO - Sync 1 DAGs
[2022-12-03T22:01:44.923+0000] {logging_mixin.py:137} INFO - [2022-12-03T22:01:44.923+0000] {dag.py:3427} INFO - Setting next_dagrun for example_complex to None, run_after=None
[2022-12-03T22:01:44.942+0000] {processor.py:175} INFO - Processing /home/airflow/.local/lib/python3.7/site-packages/airflow/example_dags/example_complex.py took 0.109 seconds
[2022-12-03T22:02:15.062+0000] {processor.py:153} INFO - Started process (PID=1334) to work on /home/airflow/.local/lib/python3.7/site-packages/airflow/example_dags/example_complex.py
[2022-12-03T22:02:15.063+0000] {processor.py:743} INFO - Processing file /home/airflow/.local/lib/python3.7/site-packages/airflow/example_dags/example_complex.py for tasks to queue
[2022-12-03T22:02:15.063+0000] {logging_mixin.py:137} INFO - [2022-12-03T22:02:15.063+0000] {dagbag.py:538} INFO - Filling up the DagBag from /home/airflow/.local/lib/python3.7/site-packages/airflow/example_dags/example_complex.py
[2022-12-03T22:02:15.075+0000] {logging_mixin.py:137} INFO - [2022-12-03T22:02:15.075+0000] {taskmixin.py:205} WARNING - Dependency <Task(BashOperator): create_entry_group>, delete_entry_group already registered for DAG: example_complex
[2022-12-03T22:02:15.075+0000] {logging_mixin.py:137} INFO - [2022-12-03T22:02:15.075+0000] {taskmixin.py:205} WARNING - Dependency <Task(BashOperator): delete_entry_group>, create_entry_group already registered for DAG: example_complex
[2022-12-03T22:02:15.076+0000] {logging_mixin.py:137} INFO - [2022-12-03T22:02:15.075+0000] {taskmixin.py:205} WARNING - Dependency <Task(BashOperator): create_entry_gcs>, delete_entry already registered for DAG: example_complex
[2022-12-03T22:02:15.076+0000] {logging_mixin.py:137} INFO - [2022-12-03T22:02:15.076+0000] {taskmixin.py:205} WARNING - Dependency <Task(BashOperator): delete_entry>, create_entry_gcs already registered for DAG: example_complex
[2022-12-03T22:02:15.076+0000] {logging_mixin.py:137} INFO - [2022-12-03T22:02:15.076+0000] {taskmixin.py:205} WARNING - Dependency <Task(BashOperator): create_tag>, delete_tag already registered for DAG: example_complex
[2022-12-03T22:02:15.076+0000] {logging_mixin.py:137} INFO - [2022-12-03T22:02:15.076+0000] {taskmixin.py:205} WARNING - Dependency <Task(BashOperator): delete_tag>, create_tag already registered for DAG: example_complex
[2022-12-03T22:02:15.083+0000] {processor.py:753} INFO - DAG(s) dict_keys(['example_complex']) retrieved from /home/airflow/.local/lib/python3.7/site-packages/airflow/example_dags/example_complex.py
[2022-12-03T22:02:15.125+0000] {logging_mixin.py:137} INFO - [2022-12-03T22:02:15.125+0000] {dag.py:2676} INFO - Sync 1 DAGs
[2022-12-03T22:02:15.149+0000] {logging_mixin.py:137} INFO - [2022-12-03T22:02:15.149+0000] {dag.py:3427} INFO - Setting next_dagrun for example_complex to None, run_after=None
[2022-12-03T22:02:15.168+0000] {processor.py:175} INFO - Processing /home/airflow/.local/lib/python3.7/site-packages/airflow/example_dags/example_complex.py took 0.108 seconds
