[2022-12-03T21:55:37.494+0000] {processor.py:153} INFO - Started process (PID=96) to work on /home/airflow/.local/lib/python3.7/site-packages/airflow/example_dags/example_dag_decorator.py
[2022-12-03T21:55:37.494+0000] {processor.py:743} INFO - Processing file /home/airflow/.local/lib/python3.7/site-packages/airflow/example_dags/example_dag_decorator.py for tasks to queue
[2022-12-03T21:55:37.495+0000] {logging_mixin.py:137} INFO - [2022-12-03T21:55:37.495+0000] {dagbag.py:538} INFO - Filling up the DagBag from /home/airflow/.local/lib/python3.7/site-packages/airflow/example_dags/example_dag_decorator.py
[2022-12-03T21:55:37.577+0000] {logging_mixin.py:137} INFO - [2022-12-03T21:55:37.577+0000] {taskmixin.py:205} WARNING - Dependency <Task(_PythonDecoratedOperator): prepare_email>, send_email already registered for DAG: example_dag_decorator
[2022-12-03T21:55:37.577+0000] {logging_mixin.py:137} INFO - [2022-12-03T21:55:37.577+0000] {taskmixin.py:205} WARNING - Dependency <Task(EmailOperator): send_email>, prepare_email already registered for DAG: example_dag_decorator
[2022-12-03T21:55:37.601+0000] {processor.py:753} INFO - DAG(s) dict_keys(['example_dag_decorator']) retrieved from /home/airflow/.local/lib/python3.7/site-packages/airflow/example_dags/example_dag_decorator.py
[2022-12-03T21:55:37.686+0000] {logging_mixin.py:137} INFO - [2022-12-03T21:55:37.685+0000] {dag.py:2676} INFO - Sync 1 DAGs
[2022-12-03T21:55:37.799+0000] {logging_mixin.py:137} INFO - [2022-12-03T21:55:37.799+0000] {dag.py:3427} INFO - Setting next_dagrun for example_dag_decorator to None, run_after=None
[2022-12-03T21:55:37.876+0000] {processor.py:175} INFO - Processing /home/airflow/.local/lib/python3.7/site-packages/airflow/example_dags/example_dag_decorator.py took 0.385 seconds
[2022-12-03T21:56:08.837+0000] {processor.py:153} INFO - Started process (PID=182) to work on /home/airflow/.local/lib/python3.7/site-packages/airflow/example_dags/example_dag_decorator.py
[2022-12-03T21:56:08.838+0000] {processor.py:743} INFO - Processing file /home/airflow/.local/lib/python3.7/site-packages/airflow/example_dags/example_dag_decorator.py for tasks to queue
[2022-12-03T21:56:08.839+0000] {logging_mixin.py:137} INFO - [2022-12-03T21:56:08.839+0000] {dagbag.py:538} INFO - Filling up the DagBag from /home/airflow/.local/lib/python3.7/site-packages/airflow/example_dags/example_dag_decorator.py
[2022-12-03T21:56:08.857+0000] {logging_mixin.py:137} INFO - [2022-12-03T21:56:08.857+0000] {taskmixin.py:205} WARNING - Dependency <Task(_PythonDecoratedOperator): prepare_email>, send_email already registered for DAG: example_dag_decorator
[2022-12-03T21:56:08.857+0000] {logging_mixin.py:137} INFO - [2022-12-03T21:56:08.857+0000] {taskmixin.py:205} WARNING - Dependency <Task(EmailOperator): send_email>, prepare_email already registered for DAG: example_dag_decorator
[2022-12-03T21:56:08.868+0000] {processor.py:753} INFO - DAG(s) dict_keys(['example_dag_decorator']) retrieved from /home/airflow/.local/lib/python3.7/site-packages/airflow/example_dags/example_dag_decorator.py
[2022-12-03T21:56:08.942+0000] {logging_mixin.py:137} INFO - [2022-12-03T21:56:08.942+0000] {dag.py:2676} INFO - Sync 1 DAGs
[2022-12-03T21:56:08.964+0000] {logging_mixin.py:137} INFO - [2022-12-03T21:56:08.964+0000] {dag.py:3427} INFO - Setting next_dagrun for example_dag_decorator to None, run_after=None
[2022-12-03T21:56:08.981+0000] {processor.py:175} INFO - Processing /home/airflow/.local/lib/python3.7/site-packages/airflow/example_dags/example_dag_decorator.py took 0.146 seconds
[2022-12-03T21:56:39.371+0000] {processor.py:153} INFO - Started process (PID=268) to work on /home/airflow/.local/lib/python3.7/site-packages/airflow/example_dags/example_dag_decorator.py
[2022-12-03T21:56:39.372+0000] {processor.py:743} INFO - Processing file /home/airflow/.local/lib/python3.7/site-packages/airflow/example_dags/example_dag_decorator.py for tasks to queue
[2022-12-03T21:56:39.372+0000] {logging_mixin.py:137} INFO - [2022-12-03T21:56:39.372+0000] {dagbag.py:538} INFO - Filling up the DagBag from /home/airflow/.local/lib/python3.7/site-packages/airflow/example_dags/example_dag_decorator.py
[2022-12-03T21:56:39.388+0000] {logging_mixin.py:137} INFO - [2022-12-03T21:56:39.388+0000] {taskmixin.py:205} WARNING - Dependency <Task(_PythonDecoratedOperator): prepare_email>, send_email already registered for DAG: example_dag_decorator
[2022-12-03T21:56:39.388+0000] {logging_mixin.py:137} INFO - [2022-12-03T21:56:39.388+0000] {taskmixin.py:205} WARNING - Dependency <Task(EmailOperator): send_email>, prepare_email already registered for DAG: example_dag_decorator
[2022-12-03T21:56:39.399+0000] {processor.py:753} INFO - DAG(s) dict_keys(['example_dag_decorator']) retrieved from /home/airflow/.local/lib/python3.7/site-packages/airflow/example_dags/example_dag_decorator.py
[2022-12-03T21:56:39.476+0000] {logging_mixin.py:137} INFO - [2022-12-03T21:56:39.476+0000] {dag.py:2676} INFO - Sync 1 DAGs
[2022-12-03T21:56:39.499+0000] {logging_mixin.py:137} INFO - [2022-12-03T21:56:39.499+0000] {dag.py:3427} INFO - Setting next_dagrun for example_dag_decorator to None, run_after=None
[2022-12-03T21:56:39.517+0000] {processor.py:175} INFO - Processing /home/airflow/.local/lib/python3.7/site-packages/airflow/example_dags/example_dag_decorator.py took 0.148 seconds
[2022-12-03T21:57:09.860+0000] {processor.py:153} INFO - Started process (PID=354) to work on /home/airflow/.local/lib/python3.7/site-packages/airflow/example_dags/example_dag_decorator.py
[2022-12-03T21:57:09.861+0000] {processor.py:743} INFO - Processing file /home/airflow/.local/lib/python3.7/site-packages/airflow/example_dags/example_dag_decorator.py for tasks to queue
[2022-12-03T21:57:09.862+0000] {logging_mixin.py:137} INFO - [2022-12-03T21:57:09.862+0000] {dagbag.py:538} INFO - Filling up the DagBag from /home/airflow/.local/lib/python3.7/site-packages/airflow/example_dags/example_dag_decorator.py
[2022-12-03T21:57:09.878+0000] {logging_mixin.py:137} INFO - [2022-12-03T21:57:09.878+0000] {taskmixin.py:205} WARNING - Dependency <Task(_PythonDecoratedOperator): prepare_email>, send_email already registered for DAG: example_dag_decorator
[2022-12-03T21:57:09.879+0000] {logging_mixin.py:137} INFO - [2022-12-03T21:57:09.879+0000] {taskmixin.py:205} WARNING - Dependency <Task(EmailOperator): send_email>, prepare_email already registered for DAG: example_dag_decorator
[2022-12-03T21:57:09.890+0000] {processor.py:753} INFO - DAG(s) dict_keys(['example_dag_decorator']) retrieved from /home/airflow/.local/lib/python3.7/site-packages/airflow/example_dags/example_dag_decorator.py
[2022-12-03T21:57:09.964+0000] {logging_mixin.py:137} INFO - [2022-12-03T21:57:09.964+0000] {dag.py:2676} INFO - Sync 1 DAGs
[2022-12-03T21:57:09.986+0000] {logging_mixin.py:137} INFO - [2022-12-03T21:57:09.986+0000] {dag.py:3427} INFO - Setting next_dagrun for example_dag_decorator to None, run_after=None
[2022-12-03T21:57:10.004+0000] {processor.py:175} INFO - Processing /home/airflow/.local/lib/python3.7/site-packages/airflow/example_dags/example_dag_decorator.py took 0.146 seconds
[2022-12-03T21:57:40.297+0000] {processor.py:153} INFO - Started process (PID=464) to work on /home/airflow/.local/lib/python3.7/site-packages/airflow/example_dags/example_dag_decorator.py
[2022-12-03T21:57:40.298+0000] {processor.py:743} INFO - Processing file /home/airflow/.local/lib/python3.7/site-packages/airflow/example_dags/example_dag_decorator.py for tasks to queue
[2022-12-03T21:57:40.298+0000] {logging_mixin.py:137} INFO - [2022-12-03T21:57:40.298+0000] {dagbag.py:538} INFO - Filling up the DagBag from /home/airflow/.local/lib/python3.7/site-packages/airflow/example_dags/example_dag_decorator.py
[2022-12-03T21:57:40.315+0000] {logging_mixin.py:137} INFO - [2022-12-03T21:57:40.314+0000] {taskmixin.py:205} WARNING - Dependency <Task(_PythonDecoratedOperator): prepare_email>, send_email already registered for DAG: example_dag_decorator
[2022-12-03T21:57:40.315+0000] {logging_mixin.py:137} INFO - [2022-12-03T21:57:40.315+0000] {taskmixin.py:205} WARNING - Dependency <Task(EmailOperator): send_email>, prepare_email already registered for DAG: example_dag_decorator
[2022-12-03T21:57:40.326+0000] {processor.py:753} INFO - DAG(s) dict_keys(['example_dag_decorator']) retrieved from /home/airflow/.local/lib/python3.7/site-packages/airflow/example_dags/example_dag_decorator.py
[2022-12-03T21:57:40.409+0000] {logging_mixin.py:137} INFO - [2022-12-03T21:57:40.409+0000] {dag.py:2676} INFO - Sync 1 DAGs
[2022-12-03T21:57:40.430+0000] {logging_mixin.py:137} INFO - [2022-12-03T21:57:40.430+0000] {dag.py:3427} INFO - Setting next_dagrun for example_dag_decorator to None, run_after=None
[2022-12-03T21:57:40.453+0000] {processor.py:175} INFO - Processing /home/airflow/.local/lib/python3.7/site-packages/airflow/example_dags/example_dag_decorator.py took 0.158 seconds
[2022-12-03T21:58:10.702+0000] {processor.py:153} INFO - Started process (PID=551) to work on /home/airflow/.local/lib/python3.7/site-packages/airflow/example_dags/example_dag_decorator.py
[2022-12-03T21:58:10.703+0000] {processor.py:743} INFO - Processing file /home/airflow/.local/lib/python3.7/site-packages/airflow/example_dags/example_dag_decorator.py for tasks to queue
[2022-12-03T21:58:10.703+0000] {logging_mixin.py:137} INFO - [2022-12-03T21:58:10.703+0000] {dagbag.py:538} INFO - Filling up the DagBag from /home/airflow/.local/lib/python3.7/site-packages/airflow/example_dags/example_dag_decorator.py
[2022-12-03T21:58:10.720+0000] {logging_mixin.py:137} INFO - [2022-12-03T21:58:10.720+0000] {taskmixin.py:205} WARNING - Dependency <Task(_PythonDecoratedOperator): prepare_email>, send_email already registered for DAG: example_dag_decorator
[2022-12-03T21:58:10.720+0000] {logging_mixin.py:137} INFO - [2022-12-03T21:58:10.720+0000] {taskmixin.py:205} WARNING - Dependency <Task(EmailOperator): send_email>, prepare_email already registered for DAG: example_dag_decorator
[2022-12-03T21:58:10.732+0000] {processor.py:753} INFO - DAG(s) dict_keys(['example_dag_decorator']) retrieved from /home/airflow/.local/lib/python3.7/site-packages/airflow/example_dags/example_dag_decorator.py
[2022-12-03T21:58:10.815+0000] {logging_mixin.py:137} INFO - [2022-12-03T21:58:10.815+0000] {dag.py:2676} INFO - Sync 1 DAGs
[2022-12-03T21:58:10.837+0000] {logging_mixin.py:137} INFO - [2022-12-03T21:58:10.837+0000] {dag.py:3427} INFO - Setting next_dagrun for example_dag_decorator to None, run_after=None
[2022-12-03T21:58:10.855+0000] {processor.py:175} INFO - Processing /home/airflow/.local/lib/python3.7/site-packages/airflow/example_dags/example_dag_decorator.py took 0.155 seconds
[2022-12-03T21:58:41.292+0000] {processor.py:153} INFO - Started process (PID=661) to work on /home/airflow/.local/lib/python3.7/site-packages/airflow/example_dags/example_dag_decorator.py
[2022-12-03T21:58:41.292+0000] {processor.py:743} INFO - Processing file /home/airflow/.local/lib/python3.7/site-packages/airflow/example_dags/example_dag_decorator.py for tasks to queue
[2022-12-03T21:58:41.293+0000] {logging_mixin.py:137} INFO - [2022-12-03T21:58:41.293+0000] {dagbag.py:538} INFO - Filling up the DagBag from /home/airflow/.local/lib/python3.7/site-packages/airflow/example_dags/example_dag_decorator.py
[2022-12-03T21:58:41.309+0000] {logging_mixin.py:137} INFO - [2022-12-03T21:58:41.308+0000] {taskmixin.py:205} WARNING - Dependency <Task(_PythonDecoratedOperator): prepare_email>, send_email already registered for DAG: example_dag_decorator
[2022-12-03T21:58:41.309+0000] {logging_mixin.py:137} INFO - [2022-12-03T21:58:41.309+0000] {taskmixin.py:205} WARNING - Dependency <Task(EmailOperator): send_email>, prepare_email already registered for DAG: example_dag_decorator
[2022-12-03T21:58:41.319+0000] {processor.py:753} INFO - DAG(s) dict_keys(['example_dag_decorator']) retrieved from /home/airflow/.local/lib/python3.7/site-packages/airflow/example_dags/example_dag_decorator.py
[2022-12-03T21:58:41.398+0000] {logging_mixin.py:137} INFO - [2022-12-03T21:58:41.398+0000] {dag.py:2676} INFO - Sync 1 DAGs
[2022-12-03T21:58:41.421+0000] {logging_mixin.py:137} INFO - [2022-12-03T21:58:41.421+0000] {dag.py:3427} INFO - Setting next_dagrun for example_dag_decorator to None, run_after=None
[2022-12-03T21:58:41.439+0000] {processor.py:175} INFO - Processing /home/airflow/.local/lib/python3.7/site-packages/airflow/example_dags/example_dag_decorator.py took 0.150 seconds
[2022-12-03T21:59:11.658+0000] {processor.py:153} INFO - Started process (PID=747) to work on /home/airflow/.local/lib/python3.7/site-packages/airflow/example_dags/example_dag_decorator.py
[2022-12-03T21:59:11.659+0000] {processor.py:743} INFO - Processing file /home/airflow/.local/lib/python3.7/site-packages/airflow/example_dags/example_dag_decorator.py for tasks to queue
[2022-12-03T21:59:11.659+0000] {logging_mixin.py:137} INFO - [2022-12-03T21:59:11.659+0000] {dagbag.py:538} INFO - Filling up the DagBag from /home/airflow/.local/lib/python3.7/site-packages/airflow/example_dags/example_dag_decorator.py
[2022-12-03T21:59:11.675+0000] {logging_mixin.py:137} INFO - [2022-12-03T21:59:11.674+0000] {taskmixin.py:205} WARNING - Dependency <Task(_PythonDecoratedOperator): prepare_email>, send_email already registered for DAG: example_dag_decorator
[2022-12-03T21:59:11.675+0000] {logging_mixin.py:137} INFO - [2022-12-03T21:59:11.675+0000] {taskmixin.py:205} WARNING - Dependency <Task(EmailOperator): send_email>, prepare_email already registered for DAG: example_dag_decorator
[2022-12-03T21:59:11.685+0000] {processor.py:753} INFO - DAG(s) dict_keys(['example_dag_decorator']) retrieved from /home/airflow/.local/lib/python3.7/site-packages/airflow/example_dags/example_dag_decorator.py
[2022-12-03T21:59:11.762+0000] {logging_mixin.py:137} INFO - [2022-12-03T21:59:11.762+0000] {dag.py:2676} INFO - Sync 1 DAGs
[2022-12-03T21:59:11.785+0000] {logging_mixin.py:137} INFO - [2022-12-03T21:59:11.785+0000] {dag.py:3427} INFO - Setting next_dagrun for example_dag_decorator to None, run_after=None
[2022-12-03T21:59:11.802+0000] {processor.py:175} INFO - Processing /home/airflow/.local/lib/python3.7/site-packages/airflow/example_dags/example_dag_decorator.py took 0.147 seconds
[2022-12-03T21:59:42.437+0000] {processor.py:153} INFO - Started process (PID=857) to work on /home/airflow/.local/lib/python3.7/site-packages/airflow/example_dags/example_dag_decorator.py
[2022-12-03T21:59:42.438+0000] {processor.py:743} INFO - Processing file /home/airflow/.local/lib/python3.7/site-packages/airflow/example_dags/example_dag_decorator.py for tasks to queue
[2022-12-03T21:59:42.439+0000] {logging_mixin.py:137} INFO - [2022-12-03T21:59:42.439+0000] {dagbag.py:538} INFO - Filling up the DagBag from /home/airflow/.local/lib/python3.7/site-packages/airflow/example_dags/example_dag_decorator.py
[2022-12-03T21:59:42.456+0000] {logging_mixin.py:137} INFO - [2022-12-03T21:59:42.456+0000] {taskmixin.py:205} WARNING - Dependency <Task(_PythonDecoratedOperator): prepare_email>, send_email already registered for DAG: example_dag_decorator
[2022-12-03T21:59:42.456+0000] {logging_mixin.py:137} INFO - [2022-12-03T21:59:42.456+0000] {taskmixin.py:205} WARNING - Dependency <Task(EmailOperator): send_email>, prepare_email already registered for DAG: example_dag_decorator
[2022-12-03T21:59:42.467+0000] {processor.py:753} INFO - DAG(s) dict_keys(['example_dag_decorator']) retrieved from /home/airflow/.local/lib/python3.7/site-packages/airflow/example_dags/example_dag_decorator.py
[2022-12-03T21:59:42.546+0000] {logging_mixin.py:137} INFO - [2022-12-03T21:59:42.546+0000] {dag.py:2676} INFO - Sync 1 DAGs
[2022-12-03T21:59:42.568+0000] {logging_mixin.py:137} INFO - [2022-12-03T21:59:42.568+0000] {dag.py:3427} INFO - Setting next_dagrun for example_dag_decorator to None, run_after=None
[2022-12-03T21:59:42.587+0000] {processor.py:175} INFO - Processing /home/airflow/.local/lib/python3.7/site-packages/airflow/example_dags/example_dag_decorator.py took 0.153 seconds
[2022-12-03T22:00:12.908+0000] {processor.py:153} INFO - Started process (PID=943) to work on /home/airflow/.local/lib/python3.7/site-packages/airflow/example_dags/example_dag_decorator.py
[2022-12-03T22:00:12.908+0000] {processor.py:743} INFO - Processing file /home/airflow/.local/lib/python3.7/site-packages/airflow/example_dags/example_dag_decorator.py for tasks to queue
[2022-12-03T22:00:12.909+0000] {logging_mixin.py:137} INFO - [2022-12-03T22:00:12.909+0000] {dagbag.py:538} INFO - Filling up the DagBag from /home/airflow/.local/lib/python3.7/site-packages/airflow/example_dags/example_dag_decorator.py
[2022-12-03T22:00:12.925+0000] {logging_mixin.py:137} INFO - [2022-12-03T22:00:12.925+0000] {taskmixin.py:205} WARNING - Dependency <Task(_PythonDecoratedOperator): prepare_email>, send_email already registered for DAG: example_dag_decorator
[2022-12-03T22:00:12.925+0000] {logging_mixin.py:137} INFO - [2022-12-03T22:00:12.925+0000] {taskmixin.py:205} WARNING - Dependency <Task(EmailOperator): send_email>, prepare_email already registered for DAG: example_dag_decorator
[2022-12-03T22:00:12.936+0000] {processor.py:753} INFO - DAG(s) dict_keys(['example_dag_decorator']) retrieved from /home/airflow/.local/lib/python3.7/site-packages/airflow/example_dags/example_dag_decorator.py
[2022-12-03T22:00:13.019+0000] {logging_mixin.py:137} INFO - [2022-12-03T22:00:13.019+0000] {dag.py:2676} INFO - Sync 1 DAGs
[2022-12-03T22:00:13.041+0000] {logging_mixin.py:137} INFO - [2022-12-03T22:00:13.041+0000] {dag.py:3427} INFO - Setting next_dagrun for example_dag_decorator to None, run_after=None
[2022-12-03T22:00:13.059+0000] {processor.py:175} INFO - Processing /home/airflow/.local/lib/python3.7/site-packages/airflow/example_dags/example_dag_decorator.py took 0.154 seconds
[2022-12-03T22:00:43.714+0000] {processor.py:153} INFO - Started process (PID=1053) to work on /home/airflow/.local/lib/python3.7/site-packages/airflow/example_dags/example_dag_decorator.py
[2022-12-03T22:00:43.715+0000] {processor.py:743} INFO - Processing file /home/airflow/.local/lib/python3.7/site-packages/airflow/example_dags/example_dag_decorator.py for tasks to queue
[2022-12-03T22:00:43.716+0000] {logging_mixin.py:137} INFO - [2022-12-03T22:00:43.716+0000] {dagbag.py:538} INFO - Filling up the DagBag from /home/airflow/.local/lib/python3.7/site-packages/airflow/example_dags/example_dag_decorator.py
[2022-12-03T22:00:43.731+0000] {logging_mixin.py:137} INFO - [2022-12-03T22:00:43.731+0000] {taskmixin.py:205} WARNING - Dependency <Task(_PythonDecoratedOperator): prepare_email>, send_email already registered for DAG: example_dag_decorator
[2022-12-03T22:00:43.732+0000] {logging_mixin.py:137} INFO - [2022-12-03T22:00:43.732+0000] {taskmixin.py:205} WARNING - Dependency <Task(EmailOperator): send_email>, prepare_email already registered for DAG: example_dag_decorator
[2022-12-03T22:00:43.743+0000] {processor.py:753} INFO - DAG(s) dict_keys(['example_dag_decorator']) retrieved from /home/airflow/.local/lib/python3.7/site-packages/airflow/example_dags/example_dag_decorator.py
[2022-12-03T22:00:43.825+0000] {logging_mixin.py:137} INFO - [2022-12-03T22:00:43.825+0000] {dag.py:2676} INFO - Sync 1 DAGs
[2022-12-03T22:00:43.848+0000] {logging_mixin.py:137} INFO - [2022-12-03T22:00:43.848+0000] {dag.py:3427} INFO - Setting next_dagrun for example_dag_decorator to None, run_after=None
[2022-12-03T22:00:43.866+0000] {processor.py:175} INFO - Processing /home/airflow/.local/lib/python3.7/site-packages/airflow/example_dags/example_dag_decorator.py took 0.154 seconds
[2022-12-03T22:01:14.062+0000] {processor.py:153} INFO - Started process (PID=1139) to work on /home/airflow/.local/lib/python3.7/site-packages/airflow/example_dags/example_dag_decorator.py
[2022-12-03T22:01:14.063+0000] {processor.py:743} INFO - Processing file /home/airflow/.local/lib/python3.7/site-packages/airflow/example_dags/example_dag_decorator.py for tasks to queue
[2022-12-03T22:01:14.063+0000] {logging_mixin.py:137} INFO - [2022-12-03T22:01:14.063+0000] {dagbag.py:538} INFO - Filling up the DagBag from /home/airflow/.local/lib/python3.7/site-packages/airflow/example_dags/example_dag_decorator.py
[2022-12-03T22:01:14.080+0000] {logging_mixin.py:137} INFO - [2022-12-03T22:01:14.080+0000] {taskmixin.py:205} WARNING - Dependency <Task(_PythonDecoratedOperator): prepare_email>, send_email already registered for DAG: example_dag_decorator
[2022-12-03T22:01:14.080+0000] {logging_mixin.py:137} INFO - [2022-12-03T22:01:14.080+0000] {taskmixin.py:205} WARNING - Dependency <Task(EmailOperator): send_email>, prepare_email already registered for DAG: example_dag_decorator
[2022-12-03T22:01:14.092+0000] {processor.py:753} INFO - DAG(s) dict_keys(['example_dag_decorator']) retrieved from /home/airflow/.local/lib/python3.7/site-packages/airflow/example_dags/example_dag_decorator.py
[2022-12-03T22:01:14.167+0000] {logging_mixin.py:137} INFO - [2022-12-03T22:01:14.167+0000] {dag.py:2676} INFO - Sync 1 DAGs
[2022-12-03T22:01:14.190+0000] {logging_mixin.py:137} INFO - [2022-12-03T22:01:14.190+0000] {dag.py:3427} INFO - Setting next_dagrun for example_dag_decorator to None, run_after=None
[2022-12-03T22:01:14.207+0000] {processor.py:175} INFO - Processing /home/airflow/.local/lib/python3.7/site-packages/airflow/example_dags/example_dag_decorator.py took 0.148 seconds
[2022-12-03T22:01:44.839+0000] {processor.py:153} INFO - Started process (PID=1249) to work on /home/airflow/.local/lib/python3.7/site-packages/airflow/example_dags/example_dag_decorator.py
[2022-12-03T22:01:44.840+0000] {processor.py:743} INFO - Processing file /home/airflow/.local/lib/python3.7/site-packages/airflow/example_dags/example_dag_decorator.py for tasks to queue
[2022-12-03T22:01:44.841+0000] {logging_mixin.py:137} INFO - [2022-12-03T22:01:44.841+0000] {dagbag.py:538} INFO - Filling up the DagBag from /home/airflow/.local/lib/python3.7/site-packages/airflow/example_dags/example_dag_decorator.py
[2022-12-03T22:01:44.857+0000] {logging_mixin.py:137} INFO - [2022-12-03T22:01:44.857+0000] {taskmixin.py:205} WARNING - Dependency <Task(_PythonDecoratedOperator): prepare_email>, send_email already registered for DAG: example_dag_decorator
[2022-12-03T22:01:44.857+0000] {logging_mixin.py:137} INFO - [2022-12-03T22:01:44.857+0000] {taskmixin.py:205} WARNING - Dependency <Task(EmailOperator): send_email>, prepare_email already registered for DAG: example_dag_decorator
[2022-12-03T22:01:44.868+0000] {processor.py:753} INFO - DAG(s) dict_keys(['example_dag_decorator']) retrieved from /home/airflow/.local/lib/python3.7/site-packages/airflow/example_dags/example_dag_decorator.py
[2022-12-03T22:01:44.945+0000] {logging_mixin.py:137} INFO - [2022-12-03T22:01:44.945+0000] {dag.py:2676} INFO - Sync 1 DAGs
[2022-12-03T22:01:44.967+0000] {logging_mixin.py:137} INFO - [2022-12-03T22:01:44.967+0000] {dag.py:3427} INFO - Setting next_dagrun for example_dag_decorator to None, run_after=None
[2022-12-03T22:01:44.988+0000] {processor.py:175} INFO - Processing /home/airflow/.local/lib/python3.7/site-packages/airflow/example_dags/example_dag_decorator.py took 0.151 seconds
[2022-12-03T22:02:15.180+0000] {processor.py:153} INFO - Started process (PID=1335) to work on /home/airflow/.local/lib/python3.7/site-packages/airflow/example_dags/example_dag_decorator.py
[2022-12-03T22:02:15.180+0000] {processor.py:743} INFO - Processing file /home/airflow/.local/lib/python3.7/site-packages/airflow/example_dags/example_dag_decorator.py for tasks to queue
[2022-12-03T22:02:15.181+0000] {logging_mixin.py:137} INFO - [2022-12-03T22:02:15.181+0000] {dagbag.py:538} INFO - Filling up the DagBag from /home/airflow/.local/lib/python3.7/site-packages/airflow/example_dags/example_dag_decorator.py
[2022-12-03T22:02:15.197+0000] {logging_mixin.py:137} INFO - [2022-12-03T22:02:15.197+0000] {taskmixin.py:205} WARNING - Dependency <Task(_PythonDecoratedOperator): prepare_email>, send_email already registered for DAG: example_dag_decorator
[2022-12-03T22:02:15.197+0000] {logging_mixin.py:137} INFO - [2022-12-03T22:02:15.197+0000] {taskmixin.py:205} WARNING - Dependency <Task(EmailOperator): send_email>, prepare_email already registered for DAG: example_dag_decorator
[2022-12-03T22:02:15.210+0000] {processor.py:753} INFO - DAG(s) dict_keys(['example_dag_decorator']) retrieved from /home/airflow/.local/lib/python3.7/site-packages/airflow/example_dags/example_dag_decorator.py
[2022-12-03T22:02:15.290+0000] {logging_mixin.py:137} INFO - [2022-12-03T22:02:15.290+0000] {dag.py:2676} INFO - Sync 1 DAGs
[2022-12-03T22:02:15.312+0000] {logging_mixin.py:137} INFO - [2022-12-03T22:02:15.312+0000] {dag.py:3427} INFO - Setting next_dagrun for example_dag_decorator to None, run_after=None
[2022-12-03T22:02:15.330+0000] {processor.py:175} INFO - Processing /home/airflow/.local/lib/python3.7/site-packages/airflow/example_dags/example_dag_decorator.py took 0.152 seconds
[2022-12-03T22:24:11.655+0000] {processor.py:153} INFO - Started process (PID=5489) to work on /home/airflow/.local/lib/python3.7/site-packages/airflow/example_dags/example_dag_decorator.py
[2022-12-03T22:24:11.656+0000] {processor.py:743} INFO - Processing file /home/airflow/.local/lib/python3.7/site-packages/airflow/example_dags/example_dag_decorator.py for tasks to queue
[2022-12-03T22:24:11.656+0000] {logging_mixin.py:137} INFO - [2022-12-03T22:24:11.656+0000] {dagbag.py:538} INFO - Filling up the DagBag from /home/airflow/.local/lib/python3.7/site-packages/airflow/example_dags/example_dag_decorator.py
[2022-12-03T22:24:11.673+0000] {logging_mixin.py:137} INFO - [2022-12-03T22:24:11.673+0000] {taskmixin.py:205} WARNING - Dependency <Task(_PythonDecoratedOperator): prepare_email>, send_email already registered for DAG: example_dag_decorator
[2022-12-03T22:24:11.673+0000] {logging_mixin.py:137} INFO - [2022-12-03T22:24:11.673+0000] {taskmixin.py:205} WARNING - Dependency <Task(EmailOperator): send_email>, prepare_email already registered for DAG: example_dag_decorator
[2022-12-03T22:24:11.685+0000] {processor.py:753} INFO - DAG(s) dict_keys(['example_dag_decorator']) retrieved from /home/airflow/.local/lib/python3.7/site-packages/airflow/example_dags/example_dag_decorator.py
[2022-12-03T22:24:11.769+0000] {logging_mixin.py:137} INFO - [2022-12-03T22:24:11.768+0000] {dag.py:2676} INFO - Sync 1 DAGs
[2022-12-03T22:24:11.792+0000] {logging_mixin.py:137} INFO - [2022-12-03T22:24:11.792+0000] {dag.py:3427} INFO - Setting next_dagrun for example_dag_decorator to None, run_after=None
[2022-12-03T22:24:11.810+0000] {processor.py:175} INFO - Processing /home/airflow/.local/lib/python3.7/site-packages/airflow/example_dags/example_dag_decorator.py took 0.158 seconds
