[2022-12-03T21:55:36.775+0000] {processor.py:153} INFO - Started process (PID=77) to work on /home/airflow/.local/lib/python3.7/site-packages/airflow/example_dags/example_branch_operator.py
[2022-12-03T21:55:36.776+0000] {processor.py:743} INFO - Processing file /home/airflow/.local/lib/python3.7/site-packages/airflow/example_dags/example_branch_operator.py for tasks to queue
[2022-12-03T21:55:36.777+0000] {logging_mixin.py:137} INFO - [2022-12-03T21:55:36.777+0000] {dagbag.py:538} INFO - Filling up the DagBag from /home/airflow/.local/lib/python3.7/site-packages/airflow/example_dags/example_branch_operator.py
[2022-12-03T21:55:36.804+0000] {processor.py:753} INFO - DAG(s) dict_keys(['example_branch_operator']) retrieved from /home/airflow/.local/lib/python3.7/site-packages/airflow/example_dags/example_branch_operator.py
[2022-12-03T21:55:36.891+0000] {logging_mixin.py:137} INFO - [2022-12-03T21:55:36.891+0000] {dag.py:2676} INFO - Sync 1 DAGs
[2022-12-03T21:55:36.979+0000] {logging_mixin.py:137} INFO - [2022-12-03T21:55:36.978+0000] {dag.py:3427} INFO - Setting next_dagrun for example_branch_operator to 2022-12-02T00:00:00+00:00, run_after=2022-12-03T00:00:00+00:00
[2022-12-03T21:55:37.003+0000] {processor.py:175} INFO - Processing /home/airflow/.local/lib/python3.7/site-packages/airflow/example_dags/example_branch_operator.py took 0.278 seconds
[2022-12-03T21:56:08.588+0000] {processor.py:153} INFO - Started process (PID=178) to work on /home/airflow/.local/lib/python3.7/site-packages/airflow/example_dags/example_branch_operator.py
[2022-12-03T21:56:08.589+0000] {processor.py:743} INFO - Processing file /home/airflow/.local/lib/python3.7/site-packages/airflow/example_dags/example_branch_operator.py for tasks to queue
[2022-12-03T21:56:08.590+0000] {logging_mixin.py:137} INFO - [2022-12-03T21:56:08.590+0000] {dagbag.py:538} INFO - Filling up the DagBag from /home/airflow/.local/lib/python3.7/site-packages/airflow/example_dags/example_branch_operator.py
[2022-12-03T21:56:08.608+0000] {processor.py:753} INFO - DAG(s) dict_keys(['example_branch_operator']) retrieved from /home/airflow/.local/lib/python3.7/site-packages/airflow/example_dags/example_branch_operator.py
[2022-12-03T21:56:08.645+0000] {logging_mixin.py:137} INFO - [2022-12-03T21:56:08.645+0000] {dag.py:2676} INFO - Sync 1 DAGs
[2022-12-03T21:56:08.671+0000] {logging_mixin.py:137} INFO - [2022-12-03T21:56:08.671+0000] {dag.py:3427} INFO - Setting next_dagrun for example_branch_operator to 2022-12-02T00:00:00+00:00, run_after=2022-12-03T00:00:00+00:00
[2022-12-03T21:56:08.688+0000] {processor.py:175} INFO - Processing /home/airflow/.local/lib/python3.7/site-packages/airflow/example_dags/example_branch_operator.py took 0.103 seconds
[2022-12-03T21:56:39.132+0000] {processor.py:153} INFO - Started process (PID=264) to work on /home/airflow/.local/lib/python3.7/site-packages/airflow/example_dags/example_branch_operator.py
[2022-12-03T21:56:39.133+0000] {processor.py:743} INFO - Processing file /home/airflow/.local/lib/python3.7/site-packages/airflow/example_dags/example_branch_operator.py for tasks to queue
[2022-12-03T21:56:39.133+0000] {logging_mixin.py:137} INFO - [2022-12-03T21:56:39.133+0000] {dagbag.py:538} INFO - Filling up the DagBag from /home/airflow/.local/lib/python3.7/site-packages/airflow/example_dags/example_branch_operator.py
[2022-12-03T21:56:39.149+0000] {processor.py:753} INFO - DAG(s) dict_keys(['example_branch_operator']) retrieved from /home/airflow/.local/lib/python3.7/site-packages/airflow/example_dags/example_branch_operator.py
[2022-12-03T21:56:39.189+0000] {logging_mixin.py:137} INFO - [2022-12-03T21:56:39.189+0000] {dag.py:2676} INFO - Sync 1 DAGs
[2022-12-03T21:56:39.216+0000] {logging_mixin.py:137} INFO - [2022-12-03T21:56:39.216+0000] {dag.py:3427} INFO - Setting next_dagrun for example_branch_operator to 2022-12-02T00:00:00+00:00, run_after=2022-12-03T00:00:00+00:00
[2022-12-03T21:56:39.233+0000] {processor.py:175} INFO - Processing /home/airflow/.local/lib/python3.7/site-packages/airflow/example_dags/example_branch_operator.py took 0.104 seconds
[2022-12-03T21:57:09.605+0000] {processor.py:153} INFO - Started process (PID=350) to work on /home/airflow/.local/lib/python3.7/site-packages/airflow/example_dags/example_branch_operator.py
[2022-12-03T21:57:09.606+0000] {processor.py:743} INFO - Processing file /home/airflow/.local/lib/python3.7/site-packages/airflow/example_dags/example_branch_operator.py for tasks to queue
[2022-12-03T21:57:09.606+0000] {logging_mixin.py:137} INFO - [2022-12-03T21:57:09.606+0000] {dagbag.py:538} INFO - Filling up the DagBag from /home/airflow/.local/lib/python3.7/site-packages/airflow/example_dags/example_branch_operator.py
[2022-12-03T21:57:09.624+0000] {processor.py:753} INFO - DAG(s) dict_keys(['example_branch_operator']) retrieved from /home/airflow/.local/lib/python3.7/site-packages/airflow/example_dags/example_branch_operator.py
[2022-12-03T21:57:09.665+0000] {logging_mixin.py:137} INFO - [2022-12-03T21:57:09.665+0000] {dag.py:2676} INFO - Sync 1 DAGs
[2022-12-03T21:57:09.694+0000] {logging_mixin.py:137} INFO - [2022-12-03T21:57:09.694+0000] {dag.py:3427} INFO - Setting next_dagrun for example_branch_operator to 2022-12-02T00:00:00+00:00, run_after=2022-12-03T00:00:00+00:00
[2022-12-03T21:57:09.713+0000] {processor.py:175} INFO - Processing /home/airflow/.local/lib/python3.7/site-packages/airflow/example_dags/example_branch_operator.py took 0.111 seconds
[2022-12-03T21:57:40.050+0000] {processor.py:153} INFO - Started process (PID=460) to work on /home/airflow/.local/lib/python3.7/site-packages/airflow/example_dags/example_branch_operator.py
[2022-12-03T21:57:40.051+0000] {processor.py:743} INFO - Processing file /home/airflow/.local/lib/python3.7/site-packages/airflow/example_dags/example_branch_operator.py for tasks to queue
[2022-12-03T21:57:40.051+0000] {logging_mixin.py:137} INFO - [2022-12-03T21:57:40.051+0000] {dagbag.py:538} INFO - Filling up the DagBag from /home/airflow/.local/lib/python3.7/site-packages/airflow/example_dags/example_branch_operator.py
[2022-12-03T21:57:40.067+0000] {processor.py:753} INFO - DAG(s) dict_keys(['example_branch_operator']) retrieved from /home/airflow/.local/lib/python3.7/site-packages/airflow/example_dags/example_branch_operator.py
[2022-12-03T21:57:40.103+0000] {logging_mixin.py:137} INFO - [2022-12-03T21:57:40.103+0000] {dag.py:2676} INFO - Sync 1 DAGs
[2022-12-03T21:57:40.129+0000] {logging_mixin.py:137} INFO - [2022-12-03T21:57:40.129+0000] {dag.py:3427} INFO - Setting next_dagrun for example_branch_operator to 2022-12-02T00:00:00+00:00, run_after=2022-12-03T00:00:00+00:00
[2022-12-03T21:57:40.146+0000] {processor.py:175} INFO - Processing /home/airflow/.local/lib/python3.7/site-packages/airflow/example_dags/example_branch_operator.py took 0.098 seconds
[2022-12-03T21:58:10.456+0000] {processor.py:153} INFO - Started process (PID=547) to work on /home/airflow/.local/lib/python3.7/site-packages/airflow/example_dags/example_branch_operator.py
[2022-12-03T21:58:10.457+0000] {processor.py:743} INFO - Processing file /home/airflow/.local/lib/python3.7/site-packages/airflow/example_dags/example_branch_operator.py for tasks to queue
[2022-12-03T21:58:10.458+0000] {logging_mixin.py:137} INFO - [2022-12-03T21:58:10.458+0000] {dagbag.py:538} INFO - Filling up the DagBag from /home/airflow/.local/lib/python3.7/site-packages/airflow/example_dags/example_branch_operator.py
[2022-12-03T21:58:10.474+0000] {processor.py:753} INFO - DAG(s) dict_keys(['example_branch_operator']) retrieved from /home/airflow/.local/lib/python3.7/site-packages/airflow/example_dags/example_branch_operator.py
[2022-12-03T21:58:10.510+0000] {logging_mixin.py:137} INFO - [2022-12-03T21:58:10.510+0000] {dag.py:2676} INFO - Sync 1 DAGs
[2022-12-03T21:58:10.537+0000] {logging_mixin.py:137} INFO - [2022-12-03T21:58:10.537+0000] {dag.py:3427} INFO - Setting next_dagrun for example_branch_operator to 2022-12-02T00:00:00+00:00, run_after=2022-12-03T00:00:00+00:00
[2022-12-03T21:58:10.555+0000] {processor.py:175} INFO - Processing /home/airflow/.local/lib/python3.7/site-packages/airflow/example_dags/example_branch_operator.py took 0.101 seconds
[2022-12-03T21:58:41.056+0000] {processor.py:153} INFO - Started process (PID=657) to work on /home/airflow/.local/lib/python3.7/site-packages/airflow/example_dags/example_branch_operator.py
[2022-12-03T21:58:41.056+0000] {processor.py:743} INFO - Processing file /home/airflow/.local/lib/python3.7/site-packages/airflow/example_dags/example_branch_operator.py for tasks to queue
[2022-12-03T21:58:41.057+0000] {logging_mixin.py:137} INFO - [2022-12-03T21:58:41.057+0000] {dagbag.py:538} INFO - Filling up the DagBag from /home/airflow/.local/lib/python3.7/site-packages/airflow/example_dags/example_branch_operator.py
[2022-12-03T21:58:41.074+0000] {processor.py:753} INFO - DAG(s) dict_keys(['example_branch_operator']) retrieved from /home/airflow/.local/lib/python3.7/site-packages/airflow/example_dags/example_branch_operator.py
[2022-12-03T21:58:41.108+0000] {logging_mixin.py:137} INFO - [2022-12-03T21:58:41.108+0000] {dag.py:2676} INFO - Sync 1 DAGs
[2022-12-03T21:58:41.135+0000] {logging_mixin.py:137} INFO - [2022-12-03T21:58:41.135+0000] {dag.py:3427} INFO - Setting next_dagrun for example_branch_operator to 2022-12-02T00:00:00+00:00, run_after=2022-12-03T00:00:00+00:00
[2022-12-03T21:58:41.151+0000] {processor.py:175} INFO - Processing /home/airflow/.local/lib/python3.7/site-packages/airflow/example_dags/example_branch_operator.py took 0.098 seconds
[2022-12-03T21:59:11.411+0000] {processor.py:153} INFO - Started process (PID=743) to work on /home/airflow/.local/lib/python3.7/site-packages/airflow/example_dags/example_branch_operator.py
[2022-12-03T21:59:11.412+0000] {processor.py:743} INFO - Processing file /home/airflow/.local/lib/python3.7/site-packages/airflow/example_dags/example_branch_operator.py for tasks to queue
[2022-12-03T21:59:11.412+0000] {logging_mixin.py:137} INFO - [2022-12-03T21:59:11.412+0000] {dagbag.py:538} INFO - Filling up the DagBag from /home/airflow/.local/lib/python3.7/site-packages/airflow/example_dags/example_branch_operator.py
[2022-12-03T21:59:11.429+0000] {processor.py:753} INFO - DAG(s) dict_keys(['example_branch_operator']) retrieved from /home/airflow/.local/lib/python3.7/site-packages/airflow/example_dags/example_branch_operator.py
[2022-12-03T21:59:11.468+0000] {logging_mixin.py:137} INFO - [2022-12-03T21:59:11.467+0000] {dag.py:2676} INFO - Sync 1 DAGs
[2022-12-03T21:59:11.496+0000] {logging_mixin.py:137} INFO - [2022-12-03T21:59:11.495+0000] {dag.py:3427} INFO - Setting next_dagrun for example_branch_operator to 2022-12-02T00:00:00+00:00, run_after=2022-12-03T00:00:00+00:00
[2022-12-03T21:59:11.513+0000] {processor.py:175} INFO - Processing /home/airflow/.local/lib/python3.7/site-packages/airflow/example_dags/example_branch_operator.py took 0.105 seconds
[2022-12-03T21:59:42.179+0000] {processor.py:153} INFO - Started process (PID=853) to work on /home/airflow/.local/lib/python3.7/site-packages/airflow/example_dags/example_branch_operator.py
[2022-12-03T21:59:42.180+0000] {processor.py:743} INFO - Processing file /home/airflow/.local/lib/python3.7/site-packages/airflow/example_dags/example_branch_operator.py for tasks to queue
[2022-12-03T21:59:42.180+0000] {logging_mixin.py:137} INFO - [2022-12-03T21:59:42.180+0000] {dagbag.py:538} INFO - Filling up the DagBag from /home/airflow/.local/lib/python3.7/site-packages/airflow/example_dags/example_branch_operator.py
[2022-12-03T21:59:42.197+0000] {processor.py:753} INFO - DAG(s) dict_keys(['example_branch_operator']) retrieved from /home/airflow/.local/lib/python3.7/site-packages/airflow/example_dags/example_branch_operator.py
[2022-12-03T21:59:42.234+0000] {logging_mixin.py:137} INFO - [2022-12-03T21:59:42.234+0000] {dag.py:2676} INFO - Sync 1 DAGs
[2022-12-03T21:59:42.259+0000] {logging_mixin.py:137} INFO - [2022-12-03T21:59:42.259+0000] {dag.py:3427} INFO - Setting next_dagrun for example_branch_operator to 2022-12-02T00:00:00+00:00, run_after=2022-12-03T00:00:00+00:00
[2022-12-03T21:59:42.278+0000] {processor.py:175} INFO - Processing /home/airflow/.local/lib/python3.7/site-packages/airflow/example_dags/example_branch_operator.py took 0.102 seconds
[2022-12-03T22:00:12.659+0000] {processor.py:153} INFO - Started process (PID=939) to work on /home/airflow/.local/lib/python3.7/site-packages/airflow/example_dags/example_branch_operator.py
[2022-12-03T22:00:12.660+0000] {processor.py:743} INFO - Processing file /home/airflow/.local/lib/python3.7/site-packages/airflow/example_dags/example_branch_operator.py for tasks to queue
[2022-12-03T22:00:12.661+0000] {logging_mixin.py:137} INFO - [2022-12-03T22:00:12.661+0000] {dagbag.py:538} INFO - Filling up the DagBag from /home/airflow/.local/lib/python3.7/site-packages/airflow/example_dags/example_branch_operator.py
[2022-12-03T22:00:12.678+0000] {processor.py:753} INFO - DAG(s) dict_keys(['example_branch_operator']) retrieved from /home/airflow/.local/lib/python3.7/site-packages/airflow/example_dags/example_branch_operator.py
[2022-12-03T22:00:12.714+0000] {logging_mixin.py:137} INFO - [2022-12-03T22:00:12.713+0000] {dag.py:2676} INFO - Sync 1 DAGs
[2022-12-03T22:00:12.741+0000] {logging_mixin.py:137} INFO - [2022-12-03T22:00:12.741+0000] {dag.py:3427} INFO - Setting next_dagrun for example_branch_operator to 2022-12-02T00:00:00+00:00, run_after=2022-12-03T00:00:00+00:00
[2022-12-03T22:00:12.758+0000] {processor.py:175} INFO - Processing /home/airflow/.local/lib/python3.7/site-packages/airflow/example_dags/example_branch_operator.py took 0.101 seconds
[2022-12-03T22:00:43.461+0000] {processor.py:153} INFO - Started process (PID=1049) to work on /home/airflow/.local/lib/python3.7/site-packages/airflow/example_dags/example_branch_operator.py
[2022-12-03T22:00:43.462+0000] {processor.py:743} INFO - Processing file /home/airflow/.local/lib/python3.7/site-packages/airflow/example_dags/example_branch_operator.py for tasks to queue
[2022-12-03T22:00:43.462+0000] {logging_mixin.py:137} INFO - [2022-12-03T22:00:43.462+0000] {dagbag.py:538} INFO - Filling up the DagBag from /home/airflow/.local/lib/python3.7/site-packages/airflow/example_dags/example_branch_operator.py
[2022-12-03T22:00:43.479+0000] {processor.py:753} INFO - DAG(s) dict_keys(['example_branch_operator']) retrieved from /home/airflow/.local/lib/python3.7/site-packages/airflow/example_dags/example_branch_operator.py
[2022-12-03T22:00:43.522+0000] {logging_mixin.py:137} INFO - [2022-12-03T22:00:43.522+0000] {dag.py:2676} INFO - Sync 1 DAGs
[2022-12-03T22:00:43.558+0000] {logging_mixin.py:137} INFO - [2022-12-03T22:00:43.557+0000] {dag.py:3427} INFO - Setting next_dagrun for example_branch_operator to 2022-12-02T00:00:00+00:00, run_after=2022-12-03T00:00:00+00:00
[2022-12-03T22:00:43.582+0000] {processor.py:175} INFO - Processing /home/airflow/.local/lib/python3.7/site-packages/airflow/example_dags/example_branch_operator.py took 0.124 seconds
[2022-12-03T22:01:13.685+0000] {processor.py:153} INFO - Started process (PID=1135) to work on /home/airflow/.local/lib/python3.7/site-packages/airflow/example_dags/example_branch_operator.py
[2022-12-03T22:01:13.686+0000] {processor.py:743} INFO - Processing file /home/airflow/.local/lib/python3.7/site-packages/airflow/example_dags/example_branch_operator.py for tasks to queue
[2022-12-03T22:01:13.687+0000] {logging_mixin.py:137} INFO - [2022-12-03T22:01:13.687+0000] {dagbag.py:538} INFO - Filling up the DagBag from /home/airflow/.local/lib/python3.7/site-packages/airflow/example_dags/example_branch_operator.py
[2022-12-03T22:01:13.705+0000] {processor.py:753} INFO - DAG(s) dict_keys(['example_branch_operator']) retrieved from /home/airflow/.local/lib/python3.7/site-packages/airflow/example_dags/example_branch_operator.py
[2022-12-03T22:01:13.744+0000] {logging_mixin.py:137} INFO - [2022-12-03T22:01:13.744+0000] {dag.py:2676} INFO - Sync 1 DAGs
[2022-12-03T22:01:13.771+0000] {logging_mixin.py:137} INFO - [2022-12-03T22:01:13.771+0000] {dag.py:3427} INFO - Setting next_dagrun for example_branch_operator to 2022-12-02T00:00:00+00:00, run_after=2022-12-03T00:00:00+00:00
[2022-12-03T22:01:13.788+0000] {processor.py:175} INFO - Processing /home/airflow/.local/lib/python3.7/site-packages/airflow/example_dags/example_branch_operator.py took 0.106 seconds
[2022-12-03T22:01:44.578+0000] {processor.py:153} INFO - Started process (PID=1245) to work on /home/airflow/.local/lib/python3.7/site-packages/airflow/example_dags/example_branch_operator.py
[2022-12-03T22:01:44.579+0000] {processor.py:743} INFO - Processing file /home/airflow/.local/lib/python3.7/site-packages/airflow/example_dags/example_branch_operator.py for tasks to queue
[2022-12-03T22:01:44.579+0000] {logging_mixin.py:137} INFO - [2022-12-03T22:01:44.579+0000] {dagbag.py:538} INFO - Filling up the DagBag from /home/airflow/.local/lib/python3.7/site-packages/airflow/example_dags/example_branch_operator.py
[2022-12-03T22:01:44.596+0000] {processor.py:753} INFO - DAG(s) dict_keys(['example_branch_operator']) retrieved from /home/airflow/.local/lib/python3.7/site-packages/airflow/example_dags/example_branch_operator.py
[2022-12-03T22:01:44.634+0000] {logging_mixin.py:137} INFO - [2022-12-03T22:01:44.634+0000] {dag.py:2676} INFO - Sync 1 DAGs
[2022-12-03T22:01:44.661+0000] {logging_mixin.py:137} INFO - [2022-12-03T22:01:44.661+0000] {dag.py:3427} INFO - Setting next_dagrun for example_branch_operator to 2022-12-02T00:00:00+00:00, run_after=2022-12-03T00:00:00+00:00
[2022-12-03T22:01:44.684+0000] {processor.py:175} INFO - Processing /home/airflow/.local/lib/python3.7/site-packages/airflow/example_dags/example_branch_operator.py took 0.183 seconds
[2022-12-03T22:02:14.922+0000] {processor.py:153} INFO - Started process (PID=1331) to work on /home/airflow/.local/lib/python3.7/site-packages/airflow/example_dags/example_branch_operator.py
[2022-12-03T22:02:14.923+0000] {processor.py:743} INFO - Processing file /home/airflow/.local/lib/python3.7/site-packages/airflow/example_dags/example_branch_operator.py for tasks to queue
[2022-12-03T22:02:14.924+0000] {logging_mixin.py:137} INFO - [2022-12-03T22:02:14.924+0000] {dagbag.py:538} INFO - Filling up the DagBag from /home/airflow/.local/lib/python3.7/site-packages/airflow/example_dags/example_branch_operator.py
[2022-12-03T22:02:14.941+0000] {processor.py:753} INFO - DAG(s) dict_keys(['example_branch_operator']) retrieved from /home/airflow/.local/lib/python3.7/site-packages/airflow/example_dags/example_branch_operator.py
[2022-12-03T22:02:14.977+0000] {logging_mixin.py:137} INFO - [2022-12-03T22:02:14.977+0000] {dag.py:2676} INFO - Sync 1 DAGs
[2022-12-03T22:02:15.009+0000] {logging_mixin.py:137} INFO - [2022-12-03T22:02:15.009+0000] {dag.py:3427} INFO - Setting next_dagrun for example_branch_operator to 2022-12-02T00:00:00+00:00, run_after=2022-12-03T00:00:00+00:00
[2022-12-03T22:02:15.026+0000] {processor.py:175} INFO - Processing /home/airflow/.local/lib/python3.7/site-packages/airflow/example_dags/example_branch_operator.py took 0.107 seconds
[2022-12-03T22:24:11.021+0000] {processor.py:153} INFO - Started process (PID=5483) to work on /home/airflow/.local/lib/python3.7/site-packages/airflow/example_dags/example_branch_operator.py
[2022-12-03T22:24:11.022+0000] {processor.py:743} INFO - Processing file /home/airflow/.local/lib/python3.7/site-packages/airflow/example_dags/example_branch_operator.py for tasks to queue
[2022-12-03T22:24:11.023+0000] {logging_mixin.py:137} INFO - [2022-12-03T22:24:11.022+0000] {dagbag.py:538} INFO - Filling up the DagBag from /home/airflow/.local/lib/python3.7/site-packages/airflow/example_dags/example_branch_operator.py
[2022-12-03T22:24:11.040+0000] {processor.py:753} INFO - DAG(s) dict_keys(['example_branch_operator']) retrieved from /home/airflow/.local/lib/python3.7/site-packages/airflow/example_dags/example_branch_operator.py
[2022-12-03T22:24:11.076+0000] {logging_mixin.py:137} INFO - [2022-12-03T22:24:11.076+0000] {dag.py:2676} INFO - Sync 1 DAGs
[2022-12-03T22:24:11.102+0000] {logging_mixin.py:137} INFO - [2022-12-03T22:24:11.102+0000] {dag.py:3427} INFO - Setting next_dagrun for example_branch_operator to 2022-12-02T00:00:00+00:00, run_after=2022-12-03T00:00:00+00:00
[2022-12-03T22:24:11.122+0000] {processor.py:175} INFO - Processing /home/airflow/.local/lib/python3.7/site-packages/airflow/example_dags/example_branch_operator.py took 0.104 seconds
