[2022-12-03T21:55:38.197+0000] {processor.py:153} INFO - Started process (PID=100) to work on /home/airflow/.local/lib/python3.7/site-packages/airflow/example_dags/example_latest_only.py
[2022-12-03T21:55:38.198+0000] {processor.py:743} INFO - Processing file /home/airflow/.local/lib/python3.7/site-packages/airflow/example_dags/example_latest_only.py for tasks to queue
[2022-12-03T21:55:38.199+0000] {logging_mixin.py:137} INFO - [2022-12-03T21:55:38.198+0000] {dagbag.py:538} INFO - Filling up the DagBag from /home/airflow/.local/lib/python3.7/site-packages/airflow/example_dags/example_latest_only.py
[2022-12-03T21:55:38.219+0000] {processor.py:753} INFO - DAG(s) dict_keys(['latest_only']) retrieved from /home/airflow/.local/lib/python3.7/site-packages/airflow/example_dags/example_latest_only.py
[2022-12-03T21:55:38.303+0000] {logging_mixin.py:137} INFO - [2022-12-03T21:55:38.303+0000] {dag.py:2676} INFO - Sync 1 DAGs
[2022-12-03T21:55:38.378+0000] {logging_mixin.py:137} INFO - [2022-12-03T21:55:38.378+0000] {dag.py:3427} INFO - Setting next_dagrun for latest_only to 2022-12-03T17:55:38.378142+00:00, run_after=2022-12-03T21:55:38.378142+00:00
[2022-12-03T21:55:38.400+0000] {processor.py:175} INFO - Processing /home/airflow/.local/lib/python3.7/site-packages/airflow/example_dags/example_latest_only.py took 0.207 seconds
[2022-12-03T21:56:09.152+0000] {processor.py:153} INFO - Started process (PID=186) to work on /home/airflow/.local/lib/python3.7/site-packages/airflow/example_dags/example_latest_only.py
[2022-12-03T21:56:09.153+0000] {processor.py:743} INFO - Processing file /home/airflow/.local/lib/python3.7/site-packages/airflow/example_dags/example_latest_only.py for tasks to queue
[2022-12-03T21:56:09.154+0000] {logging_mixin.py:137} INFO - [2022-12-03T21:56:09.154+0000] {dagbag.py:538} INFO - Filling up the DagBag from /home/airflow/.local/lib/python3.7/site-packages/airflow/example_dags/example_latest_only.py
[2022-12-03T21:56:09.167+0000] {processor.py:753} INFO - DAG(s) dict_keys(['latest_only']) retrieved from /home/airflow/.local/lib/python3.7/site-packages/airflow/example_dags/example_latest_only.py
[2022-12-03T21:56:09.198+0000] {logging_mixin.py:137} INFO - [2022-12-03T21:56:09.198+0000] {dag.py:2676} INFO - Sync 1 DAGs
[2022-12-03T21:56:09.222+0000] {logging_mixin.py:137} INFO - [2022-12-03T21:56:09.222+0000] {dag.py:3427} INFO - Setting next_dagrun for latest_only to 2022-12-03T17:56:09.222593+00:00, run_after=2022-12-03T21:56:09.222593+00:00
[2022-12-03T21:56:09.239+0000] {processor.py:175} INFO - Processing /home/airflow/.local/lib/python3.7/site-packages/airflow/example_dags/example_latest_only.py took 0.089 seconds
[2022-12-03T21:56:39.779+0000] {processor.py:153} INFO - Started process (PID=272) to work on /home/airflow/.local/lib/python3.7/site-packages/airflow/example_dags/example_latest_only.py
[2022-12-03T21:56:39.779+0000] {processor.py:743} INFO - Processing file /home/airflow/.local/lib/python3.7/site-packages/airflow/example_dags/example_latest_only.py for tasks to queue
[2022-12-03T21:56:39.780+0000] {logging_mixin.py:137} INFO - [2022-12-03T21:56:39.780+0000] {dagbag.py:538} INFO - Filling up the DagBag from /home/airflow/.local/lib/python3.7/site-packages/airflow/example_dags/example_latest_only.py
[2022-12-03T21:56:39.792+0000] {processor.py:753} INFO - DAG(s) dict_keys(['latest_only']) retrieved from /home/airflow/.local/lib/python3.7/site-packages/airflow/example_dags/example_latest_only.py
[2022-12-03T21:56:39.827+0000] {logging_mixin.py:137} INFO - [2022-12-03T21:56:39.826+0000] {dag.py:2676} INFO - Sync 1 DAGs
[2022-12-03T21:56:39.850+0000] {logging_mixin.py:137} INFO - [2022-12-03T21:56:39.850+0000] {dag.py:3427} INFO - Setting next_dagrun for latest_only to 2022-12-03T17:56:39.850221+00:00, run_after=2022-12-03T21:56:39.850221+00:00
[2022-12-03T21:56:39.867+0000] {processor.py:175} INFO - Processing /home/airflow/.local/lib/python3.7/site-packages/airflow/example_dags/example_latest_only.py took 0.090 seconds
[2022-12-03T21:57:10.262+0000] {processor.py:153} INFO - Started process (PID=358) to work on /home/airflow/.local/lib/python3.7/site-packages/airflow/example_dags/example_latest_only.py
[2022-12-03T21:57:10.263+0000] {processor.py:743} INFO - Processing file /home/airflow/.local/lib/python3.7/site-packages/airflow/example_dags/example_latest_only.py for tasks to queue
[2022-12-03T21:57:10.263+0000] {logging_mixin.py:137} INFO - [2022-12-03T21:57:10.263+0000] {dagbag.py:538} INFO - Filling up the DagBag from /home/airflow/.local/lib/python3.7/site-packages/airflow/example_dags/example_latest_only.py
[2022-12-03T21:57:10.276+0000] {processor.py:753} INFO - DAG(s) dict_keys(['latest_only']) retrieved from /home/airflow/.local/lib/python3.7/site-packages/airflow/example_dags/example_latest_only.py
[2022-12-03T21:57:10.312+0000] {logging_mixin.py:137} INFO - [2022-12-03T21:57:10.312+0000] {dag.py:2676} INFO - Sync 1 DAGs
[2022-12-03T21:57:10.337+0000] {logging_mixin.py:137} INFO - [2022-12-03T21:57:10.337+0000] {dag.py:3427} INFO - Setting next_dagrun for latest_only to 2022-12-03T17:57:10.336806+00:00, run_after=2022-12-03T21:57:10.336806+00:00
[2022-12-03T21:57:10.353+0000] {processor.py:175} INFO - Processing /home/airflow/.local/lib/python3.7/site-packages/airflow/example_dags/example_latest_only.py took 0.093 seconds
[2022-12-03T21:57:40.582+0000] {processor.py:153} INFO - Started process (PID=468) to work on /home/airflow/.local/lib/python3.7/site-packages/airflow/example_dags/example_latest_only.py
[2022-12-03T21:57:40.583+0000] {processor.py:743} INFO - Processing file /home/airflow/.local/lib/python3.7/site-packages/airflow/example_dags/example_latest_only.py for tasks to queue
[2022-12-03T21:57:40.584+0000] {logging_mixin.py:137} INFO - [2022-12-03T21:57:40.584+0000] {dagbag.py:538} INFO - Filling up the DagBag from /home/airflow/.local/lib/python3.7/site-packages/airflow/example_dags/example_latest_only.py
[2022-12-03T21:57:40.596+0000] {processor.py:753} INFO - DAG(s) dict_keys(['latest_only']) retrieved from /home/airflow/.local/lib/python3.7/site-packages/airflow/example_dags/example_latest_only.py
[2022-12-03T21:57:40.631+0000] {logging_mixin.py:137} INFO - [2022-12-03T21:57:40.631+0000] {dag.py:2676} INFO - Sync 1 DAGs
[2022-12-03T21:57:40.656+0000] {logging_mixin.py:137} INFO - [2022-12-03T21:57:40.656+0000] {dag.py:3427} INFO - Setting next_dagrun for latest_only to 2022-12-03T17:57:40.656295+00:00, run_after=2022-12-03T21:57:40.656295+00:00
[2022-12-03T21:57:40.676+0000] {processor.py:175} INFO - Processing /home/airflow/.local/lib/python3.7/site-packages/airflow/example_dags/example_latest_only.py took 0.096 seconds
[2022-12-03T21:58:10.988+0000] {processor.py:153} INFO - Started process (PID=554) to work on /home/airflow/.local/lib/python3.7/site-packages/airflow/example_dags/example_latest_only.py
[2022-12-03T21:58:10.990+0000] {processor.py:743} INFO - Processing file /home/airflow/.local/lib/python3.7/site-packages/airflow/example_dags/example_latest_only.py for tasks to queue
[2022-12-03T21:58:10.990+0000] {logging_mixin.py:137} INFO - [2022-12-03T21:58:10.990+0000] {dagbag.py:538} INFO - Filling up the DagBag from /home/airflow/.local/lib/python3.7/site-packages/airflow/example_dags/example_latest_only.py
[2022-12-03T21:58:11.005+0000] {processor.py:753} INFO - DAG(s) dict_keys(['latest_only']) retrieved from /home/airflow/.local/lib/python3.7/site-packages/airflow/example_dags/example_latest_only.py
[2022-12-03T21:58:11.041+0000] {logging_mixin.py:137} INFO - [2022-12-03T21:58:11.041+0000] {dag.py:2676} INFO - Sync 1 DAGs
[2022-12-03T21:58:11.069+0000] {logging_mixin.py:137} INFO - [2022-12-03T21:58:11.069+0000] {dag.py:3427} INFO - Setting next_dagrun for latest_only to 2022-12-03T17:58:11.068977+00:00, run_after=2022-12-03T21:58:11.068977+00:00
[2022-12-03T21:58:11.086+0000] {processor.py:175} INFO - Processing /home/airflow/.local/lib/python3.7/site-packages/airflow/example_dags/example_latest_only.py took 0.101 seconds
[2022-12-03T21:58:41.585+0000] {processor.py:153} INFO - Started process (PID=665) to work on /home/airflow/.local/lib/python3.7/site-packages/airflow/example_dags/example_latest_only.py
[2022-12-03T21:58:41.586+0000] {processor.py:743} INFO - Processing file /home/airflow/.local/lib/python3.7/site-packages/airflow/example_dags/example_latest_only.py for tasks to queue
[2022-12-03T21:58:41.586+0000] {logging_mixin.py:137} INFO - [2022-12-03T21:58:41.586+0000] {dagbag.py:538} INFO - Filling up the DagBag from /home/airflow/.local/lib/python3.7/site-packages/airflow/example_dags/example_latest_only.py
[2022-12-03T21:58:41.599+0000] {processor.py:753} INFO - DAG(s) dict_keys(['latest_only']) retrieved from /home/airflow/.local/lib/python3.7/site-packages/airflow/example_dags/example_latest_only.py
[2022-12-03T21:58:41.636+0000] {logging_mixin.py:137} INFO - [2022-12-03T21:58:41.635+0000] {dag.py:2676} INFO - Sync 1 DAGs
[2022-12-03T21:58:41.660+0000] {logging_mixin.py:137} INFO - [2022-12-03T21:58:41.660+0000] {dag.py:3427} INFO - Setting next_dagrun for latest_only to 2022-12-03T17:58:41.659860+00:00, run_after=2022-12-03T21:58:41.659860+00:00
[2022-12-03T21:58:41.676+0000] {processor.py:175} INFO - Processing /home/airflow/.local/lib/python3.7/site-packages/airflow/example_dags/example_latest_only.py took 0.094 seconds
[2022-12-03T21:59:12.099+0000] {processor.py:153} INFO - Started process (PID=751) to work on /home/airflow/.local/lib/python3.7/site-packages/airflow/example_dags/example_latest_only.py
[2022-12-03T21:59:12.100+0000] {processor.py:743} INFO - Processing file /home/airflow/.local/lib/python3.7/site-packages/airflow/example_dags/example_latest_only.py for tasks to queue
[2022-12-03T21:59:12.101+0000] {logging_mixin.py:137} INFO - [2022-12-03T21:59:12.101+0000] {dagbag.py:538} INFO - Filling up the DagBag from /home/airflow/.local/lib/python3.7/site-packages/airflow/example_dags/example_latest_only.py
[2022-12-03T21:59:12.114+0000] {processor.py:753} INFO - DAG(s) dict_keys(['latest_only']) retrieved from /home/airflow/.local/lib/python3.7/site-packages/airflow/example_dags/example_latest_only.py
[2022-12-03T21:59:12.156+0000] {logging_mixin.py:137} INFO - [2022-12-03T21:59:12.155+0000] {dag.py:2676} INFO - Sync 1 DAGs
[2022-12-03T21:59:12.182+0000] {logging_mixin.py:137} INFO - [2022-12-03T21:59:12.181+0000] {dag.py:3427} INFO - Setting next_dagrun for latest_only to 2022-12-03T17:59:12.181732+00:00, run_after=2022-12-03T21:59:12.181732+00:00
[2022-12-03T21:59:12.201+0000] {processor.py:175} INFO - Processing /home/airflow/.local/lib/python3.7/site-packages/airflow/example_dags/example_latest_only.py took 0.104 seconds
[2022-12-03T21:59:42.729+0000] {processor.py:153} INFO - Started process (PID=861) to work on /home/airflow/.local/lib/python3.7/site-packages/airflow/example_dags/example_latest_only.py
[2022-12-03T21:59:42.730+0000] {processor.py:743} INFO - Processing file /home/airflow/.local/lib/python3.7/site-packages/airflow/example_dags/example_latest_only.py for tasks to queue
[2022-12-03T21:59:42.731+0000] {logging_mixin.py:137} INFO - [2022-12-03T21:59:42.730+0000] {dagbag.py:538} INFO - Filling up the DagBag from /home/airflow/.local/lib/python3.7/site-packages/airflow/example_dags/example_latest_only.py
[2022-12-03T21:59:42.744+0000] {processor.py:753} INFO - DAG(s) dict_keys(['latest_only']) retrieved from /home/airflow/.local/lib/python3.7/site-packages/airflow/example_dags/example_latest_only.py
[2022-12-03T21:59:42.778+0000] {logging_mixin.py:137} INFO - [2022-12-03T21:59:42.778+0000] {dag.py:2676} INFO - Sync 1 DAGs
[2022-12-03T21:59:42.802+0000] {logging_mixin.py:137} INFO - [2022-12-03T21:59:42.802+0000] {dag.py:3427} INFO - Setting next_dagrun for latest_only to 2022-12-03T17:59:42.802066+00:00, run_after=2022-12-03T21:59:42.802066+00:00
[2022-12-03T21:59:42.820+0000] {processor.py:175} INFO - Processing /home/airflow/.local/lib/python3.7/site-packages/airflow/example_dags/example_latest_only.py took 0.093 seconds
[2022-12-03T22:00:13.373+0000] {processor.py:153} INFO - Started process (PID=947) to work on /home/airflow/.local/lib/python3.7/site-packages/airflow/example_dags/example_latest_only.py
[2022-12-03T22:00:13.374+0000] {processor.py:743} INFO - Processing file /home/airflow/.local/lib/python3.7/site-packages/airflow/example_dags/example_latest_only.py for tasks to queue
[2022-12-03T22:00:13.375+0000] {logging_mixin.py:137} INFO - [2022-12-03T22:00:13.375+0000] {dagbag.py:538} INFO - Filling up the DagBag from /home/airflow/.local/lib/python3.7/site-packages/airflow/example_dags/example_latest_only.py
[2022-12-03T22:00:13.390+0000] {processor.py:753} INFO - DAG(s) dict_keys(['latest_only']) retrieved from /home/airflow/.local/lib/python3.7/site-packages/airflow/example_dags/example_latest_only.py
[2022-12-03T22:00:13.430+0000] {logging_mixin.py:137} INFO - [2022-12-03T22:00:13.430+0000] {dag.py:2676} INFO - Sync 1 DAGs
[2022-12-03T22:00:13.457+0000] {logging_mixin.py:137} INFO - [2022-12-03T22:00:13.456+0000] {dag.py:3427} INFO - Setting next_dagrun for latest_only to 2022-12-03T18:00:13.456673+00:00, run_after=2022-12-03T22:00:13.456673+00:00
[2022-12-03T22:00:13.474+0000] {processor.py:175} INFO - Processing /home/airflow/.local/lib/python3.7/site-packages/airflow/example_dags/example_latest_only.py took 0.103 seconds
[2022-12-03T22:00:44.003+0000] {processor.py:153} INFO - Started process (PID=1057) to work on /home/airflow/.local/lib/python3.7/site-packages/airflow/example_dags/example_latest_only.py
[2022-12-03T22:00:44.004+0000] {processor.py:743} INFO - Processing file /home/airflow/.local/lib/python3.7/site-packages/airflow/example_dags/example_latest_only.py for tasks to queue
[2022-12-03T22:00:44.004+0000] {logging_mixin.py:137} INFO - [2022-12-03T22:00:44.004+0000] {dagbag.py:538} INFO - Filling up the DagBag from /home/airflow/.local/lib/python3.7/site-packages/airflow/example_dags/example_latest_only.py
[2022-12-03T22:00:44.016+0000] {processor.py:753} INFO - DAG(s) dict_keys(['latest_only']) retrieved from /home/airflow/.local/lib/python3.7/site-packages/airflow/example_dags/example_latest_only.py
[2022-12-03T22:00:44.050+0000] {logging_mixin.py:137} INFO - [2022-12-03T22:00:44.050+0000] {dag.py:2676} INFO - Sync 1 DAGs
[2022-12-03T22:00:44.074+0000] {logging_mixin.py:137} INFO - [2022-12-03T22:00:44.074+0000] {dag.py:3427} INFO - Setting next_dagrun for latest_only to 2022-12-03T18:00:44.074096+00:00, run_after=2022-12-03T22:00:44.074096+00:00
[2022-12-03T22:00:44.092+0000] {processor.py:175} INFO - Processing /home/airflow/.local/lib/python3.7/site-packages/airflow/example_dags/example_latest_only.py took 0.092 seconds
[2022-12-03T22:01:14.461+0000] {processor.py:153} INFO - Started process (PID=1143) to work on /home/airflow/.local/lib/python3.7/site-packages/airflow/example_dags/example_latest_only.py
[2022-12-03T22:01:14.461+0000] {processor.py:743} INFO - Processing file /home/airflow/.local/lib/python3.7/site-packages/airflow/example_dags/example_latest_only.py for tasks to queue
[2022-12-03T22:01:14.462+0000] {logging_mixin.py:137} INFO - [2022-12-03T22:01:14.462+0000] {dagbag.py:538} INFO - Filling up the DagBag from /home/airflow/.local/lib/python3.7/site-packages/airflow/example_dags/example_latest_only.py
[2022-12-03T22:01:14.474+0000] {processor.py:753} INFO - DAG(s) dict_keys(['latest_only']) retrieved from /home/airflow/.local/lib/python3.7/site-packages/airflow/example_dags/example_latest_only.py
[2022-12-03T22:01:14.510+0000] {logging_mixin.py:137} INFO - [2022-12-03T22:01:14.510+0000] {dag.py:2676} INFO - Sync 1 DAGs
[2022-12-03T22:01:14.534+0000] {logging_mixin.py:137} INFO - [2022-12-03T22:01:14.534+0000] {dag.py:3427} INFO - Setting next_dagrun for latest_only to 2022-12-03T18:01:14.534213+00:00, run_after=2022-12-03T22:01:14.534213+00:00
[2022-12-03T22:01:14.552+0000] {processor.py:175} INFO - Processing /home/airflow/.local/lib/python3.7/site-packages/airflow/example_dags/example_latest_only.py took 0.094 seconds
[2022-12-03T22:01:45.288+0000] {processor.py:153} INFO - Started process (PID=1253) to work on /home/airflow/.local/lib/python3.7/site-packages/airflow/example_dags/example_latest_only.py
[2022-12-03T22:01:45.288+0000] {processor.py:743} INFO - Processing file /home/airflow/.local/lib/python3.7/site-packages/airflow/example_dags/example_latest_only.py for tasks to queue
[2022-12-03T22:01:45.290+0000] {logging_mixin.py:137} INFO - [2022-12-03T22:01:45.289+0000] {dagbag.py:538} INFO - Filling up the DagBag from /home/airflow/.local/lib/python3.7/site-packages/airflow/example_dags/example_latest_only.py
[2022-12-03T22:01:45.302+0000] {processor.py:753} INFO - DAG(s) dict_keys(['latest_only']) retrieved from /home/airflow/.local/lib/python3.7/site-packages/airflow/example_dags/example_latest_only.py
[2022-12-03T22:01:45.336+0000] {logging_mixin.py:137} INFO - [2022-12-03T22:01:45.336+0000] {dag.py:2676} INFO - Sync 1 DAGs
[2022-12-03T22:01:45.361+0000] {logging_mixin.py:137} INFO - [2022-12-03T22:01:45.360+0000] {dag.py:3427} INFO - Setting next_dagrun for latest_only to 2022-12-03T18:01:45.360717+00:00, run_after=2022-12-03T22:01:45.360717+00:00
[2022-12-03T22:01:45.387+0000] {processor.py:175} INFO - Processing /home/airflow/.local/lib/python3.7/site-packages/airflow/example_dags/example_latest_only.py took 0.102 seconds
[2022-12-03T22:02:15.508+0000] {processor.py:153} INFO - Started process (PID=1339) to work on /home/airflow/.local/lib/python3.7/site-packages/airflow/example_dags/example_latest_only.py
[2022-12-03T22:02:15.509+0000] {processor.py:743} INFO - Processing file /home/airflow/.local/lib/python3.7/site-packages/airflow/example_dags/example_latest_only.py for tasks to queue
[2022-12-03T22:02:15.510+0000] {logging_mixin.py:137} INFO - [2022-12-03T22:02:15.510+0000] {dagbag.py:538} INFO - Filling up the DagBag from /home/airflow/.local/lib/python3.7/site-packages/airflow/example_dags/example_latest_only.py
[2022-12-03T22:02:15.522+0000] {processor.py:753} INFO - DAG(s) dict_keys(['latest_only']) retrieved from /home/airflow/.local/lib/python3.7/site-packages/airflow/example_dags/example_latest_only.py
[2022-12-03T22:02:15.556+0000] {logging_mixin.py:137} INFO - [2022-12-03T22:02:15.556+0000] {dag.py:2676} INFO - Sync 1 DAGs
[2022-12-03T22:02:15.582+0000] {logging_mixin.py:137} INFO - [2022-12-03T22:02:15.582+0000] {dag.py:3427} INFO - Setting next_dagrun for latest_only to 2022-12-03T18:02:15.581911+00:00, run_after=2022-12-03T22:02:15.581911+00:00
[2022-12-03T22:02:15.599+0000] {processor.py:175} INFO - Processing /home/airflow/.local/lib/python3.7/site-packages/airflow/example_dags/example_latest_only.py took 0.093 seconds
