[2022-12-03T21:55:39.091+0000] {processor.py:153} INFO - Started process (PID=105) to work on /home/airflow/.local/lib/python3.7/site-packages/airflow/example_dags/example_python_operator.py
[2022-12-03T21:55:39.094+0000] {processor.py:743} INFO - Processing file /home/airflow/.local/lib/python3.7/site-packages/airflow/example_dags/example_python_operator.py for tasks to queue
[2022-12-03T21:55:39.095+0000] {logging_mixin.py:137} INFO - [2022-12-03T21:55:39.094+0000] {dagbag.py:538} INFO - Filling up the DagBag from /home/airflow/.local/lib/python3.7/site-packages/airflow/example_dags/example_python_operator.py
[2022-12-03T21:55:39.195+0000] {logging_mixin.py:137} INFO - [2022-12-03T21:55:39.195+0000] {taskmixin.py:205} WARNING - Dependency <Task(_PythonDecoratedOperator): print_the_context>, log_sql_query already registered for DAG: example_python_operator
[2022-12-03T21:55:39.195+0000] {logging_mixin.py:137} INFO - [2022-12-03T21:55:39.195+0000] {taskmixin.py:205} WARNING - Dependency <Task(_PythonDecoratedOperator): log_sql_query>, print_the_context already registered for DAG: example_python_operator
[2022-12-03T21:55:39.196+0000] {logging_mixin.py:137} INFO - [2022-12-03T21:55:39.196+0000] {taskmixin.py:205} WARNING - Dependency <Task(_PythonDecoratedOperator): print_the_context>, log_sql_query already registered for DAG: example_python_operator
[2022-12-03T21:55:39.196+0000] {logging_mixin.py:137} INFO - [2022-12-03T21:55:39.196+0000] {taskmixin.py:205} WARNING - Dependency <Task(_PythonDecoratedOperator): log_sql_query>, print_the_context already registered for DAG: example_python_operator
[2022-12-03T21:55:39.197+0000] {logging_mixin.py:137} INFO - [2022-12-03T21:55:39.197+0000] {taskmixin.py:205} WARNING - Dependency <Task(_PythonDecoratedOperator): print_the_context>, log_sql_query already registered for DAG: example_python_operator
[2022-12-03T21:55:39.197+0000] {logging_mixin.py:137} INFO - [2022-12-03T21:55:39.197+0000] {taskmixin.py:205} WARNING - Dependency <Task(_PythonDecoratedOperator): log_sql_query>, print_the_context already registered for DAG: example_python_operator
[2022-12-03T21:55:39.203+0000] {logging_mixin.py:137} INFO - [2022-12-03T21:55:39.203+0000] {taskmixin.py:205} WARNING - Dependency <Task(_PythonDecoratedOperator): print_the_context>, log_sql_query already registered for DAG: example_python_operator
[2022-12-03T21:55:39.203+0000] {logging_mixin.py:137} INFO - [2022-12-03T21:55:39.203+0000] {taskmixin.py:205} WARNING - Dependency <Task(_PythonDecoratedOperator): log_sql_query>, print_the_context already registered for DAG: example_python_operator
[2022-12-03T21:55:39.211+0000] {processor.py:753} INFO - DAG(s) dict_keys(['example_python_operator']) retrieved from /home/airflow/.local/lib/python3.7/site-packages/airflow/example_dags/example_python_operator.py
[2022-12-03T21:55:39.293+0000] {logging_mixin.py:137} INFO - [2022-12-03T21:55:39.293+0000] {dag.py:2676} INFO - Sync 1 DAGs
[2022-12-03T21:55:39.337+0000] {logging_mixin.py:137} INFO - [2022-12-03T21:55:39.337+0000] {dag.py:3427} INFO - Setting next_dagrun for example_python_operator to None, run_after=None
[2022-12-03T21:55:39.398+0000] {processor.py:175} INFO - Processing /home/airflow/.local/lib/python3.7/site-packages/airflow/example_dags/example_python_operator.py took 0.316 seconds
[2022-12-03T21:56:09.426+0000] {processor.py:153} INFO - Started process (PID=190) to work on /home/airflow/.local/lib/python3.7/site-packages/airflow/example_dags/example_python_operator.py
[2022-12-03T21:56:09.427+0000] {processor.py:743} INFO - Processing file /home/airflow/.local/lib/python3.7/site-packages/airflow/example_dags/example_python_operator.py for tasks to queue
[2022-12-03T21:56:09.427+0000] {logging_mixin.py:137} INFO - [2022-12-03T21:56:09.427+0000] {dagbag.py:538} INFO - Filling up the DagBag from /home/airflow/.local/lib/python3.7/site-packages/airflow/example_dags/example_python_operator.py
[2022-12-03T21:56:09.448+0000] {logging_mixin.py:137} INFO - [2022-12-03T21:56:09.447+0000] {taskmixin.py:205} WARNING - Dependency <Task(_PythonDecoratedOperator): print_the_context>, log_sql_query already registered for DAG: example_python_operator
[2022-12-03T21:56:09.448+0000] {logging_mixin.py:137} INFO - [2022-12-03T21:56:09.448+0000] {taskmixin.py:205} WARNING - Dependency <Task(_PythonDecoratedOperator): log_sql_query>, print_the_context already registered for DAG: example_python_operator
[2022-12-03T21:56:09.449+0000] {logging_mixin.py:137} INFO - [2022-12-03T21:56:09.449+0000] {taskmixin.py:205} WARNING - Dependency <Task(_PythonDecoratedOperator): print_the_context>, log_sql_query already registered for DAG: example_python_operator
[2022-12-03T21:56:09.449+0000] {logging_mixin.py:137} INFO - [2022-12-03T21:56:09.449+0000] {taskmixin.py:205} WARNING - Dependency <Task(_PythonDecoratedOperator): log_sql_query>, print_the_context already registered for DAG: example_python_operator
[2022-12-03T21:56:09.450+0000] {logging_mixin.py:137} INFO - [2022-12-03T21:56:09.450+0000] {taskmixin.py:205} WARNING - Dependency <Task(_PythonDecoratedOperator): print_the_context>, log_sql_query already registered for DAG: example_python_operator
[2022-12-03T21:56:09.450+0000] {logging_mixin.py:137} INFO - [2022-12-03T21:56:09.450+0000] {taskmixin.py:205} WARNING - Dependency <Task(_PythonDecoratedOperator): log_sql_query>, print_the_context already registered for DAG: example_python_operator
[2022-12-03T21:56:09.451+0000] {logging_mixin.py:137} INFO - [2022-12-03T21:56:09.451+0000] {taskmixin.py:205} WARNING - Dependency <Task(_PythonDecoratedOperator): print_the_context>, log_sql_query already registered for DAG: example_python_operator
[2022-12-03T21:56:09.451+0000] {logging_mixin.py:137} INFO - [2022-12-03T21:56:09.451+0000] {taskmixin.py:205} WARNING - Dependency <Task(_PythonDecoratedOperator): log_sql_query>, print_the_context already registered for DAG: example_python_operator
[2022-12-03T21:56:09.458+0000] {processor.py:753} INFO - DAG(s) dict_keys(['example_python_operator']) retrieved from /home/airflow/.local/lib/python3.7/site-packages/airflow/example_dags/example_python_operator.py
[2022-12-03T21:56:09.539+0000] {logging_mixin.py:137} INFO - [2022-12-03T21:56:09.539+0000] {dag.py:2676} INFO - Sync 1 DAGs
[2022-12-03T21:56:09.561+0000] {logging_mixin.py:137} INFO - [2022-12-03T21:56:09.561+0000] {dag.py:3427} INFO - Setting next_dagrun for example_python_operator to None, run_after=None
[2022-12-03T21:56:09.578+0000] {processor.py:175} INFO - Processing /home/airflow/.local/lib/python3.7/site-packages/airflow/example_dags/example_python_operator.py took 0.155 seconds
[2022-12-03T21:56:40.132+0000] {processor.py:153} INFO - Started process (PID=276) to work on /home/airflow/.local/lib/python3.7/site-packages/airflow/example_dags/example_python_operator.py
[2022-12-03T21:56:40.133+0000] {processor.py:743} INFO - Processing file /home/airflow/.local/lib/python3.7/site-packages/airflow/example_dags/example_python_operator.py for tasks to queue
[2022-12-03T21:56:40.134+0000] {logging_mixin.py:137} INFO - [2022-12-03T21:56:40.133+0000] {dagbag.py:538} INFO - Filling up the DagBag from /home/airflow/.local/lib/python3.7/site-packages/airflow/example_dags/example_python_operator.py
[2022-12-03T21:56:40.150+0000] {logging_mixin.py:137} INFO - [2022-12-03T21:56:40.150+0000] {taskmixin.py:205} WARNING - Dependency <Task(_PythonDecoratedOperator): print_the_context>, log_sql_query already registered for DAG: example_python_operator
[2022-12-03T21:56:40.150+0000] {logging_mixin.py:137} INFO - [2022-12-03T21:56:40.150+0000] {taskmixin.py:205} WARNING - Dependency <Task(_PythonDecoratedOperator): log_sql_query>, print_the_context already registered for DAG: example_python_operator
[2022-12-03T21:56:40.151+0000] {logging_mixin.py:137} INFO - [2022-12-03T21:56:40.151+0000] {taskmixin.py:205} WARNING - Dependency <Task(_PythonDecoratedOperator): print_the_context>, log_sql_query already registered for DAG: example_python_operator
[2022-12-03T21:56:40.151+0000] {logging_mixin.py:137} INFO - [2022-12-03T21:56:40.151+0000] {taskmixin.py:205} WARNING - Dependency <Task(_PythonDecoratedOperator): log_sql_query>, print_the_context already registered for DAG: example_python_operator
[2022-12-03T21:56:40.152+0000] {logging_mixin.py:137} INFO - [2022-12-03T21:56:40.152+0000] {taskmixin.py:205} WARNING - Dependency <Task(_PythonDecoratedOperator): print_the_context>, log_sql_query already registered for DAG: example_python_operator
[2022-12-03T21:56:40.152+0000] {logging_mixin.py:137} INFO - [2022-12-03T21:56:40.152+0000] {taskmixin.py:205} WARNING - Dependency <Task(_PythonDecoratedOperator): log_sql_query>, print_the_context already registered for DAG: example_python_operator
[2022-12-03T21:56:40.153+0000] {logging_mixin.py:137} INFO - [2022-12-03T21:56:40.153+0000] {taskmixin.py:205} WARNING - Dependency <Task(_PythonDecoratedOperator): print_the_context>, log_sql_query already registered for DAG: example_python_operator
[2022-12-03T21:56:40.153+0000] {logging_mixin.py:137} INFO - [2022-12-03T21:56:40.153+0000] {taskmixin.py:205} WARNING - Dependency <Task(_PythonDecoratedOperator): log_sql_query>, print_the_context already registered for DAG: example_python_operator
[2022-12-03T21:56:40.160+0000] {processor.py:753} INFO - DAG(s) dict_keys(['example_python_operator']) retrieved from /home/airflow/.local/lib/python3.7/site-packages/airflow/example_dags/example_python_operator.py
[2022-12-03T21:56:40.199+0000] {logging_mixin.py:137} INFO - [2022-12-03T21:56:40.199+0000] {dag.py:2676} INFO - Sync 1 DAGs
[2022-12-03T21:56:40.226+0000] {logging_mixin.py:137} INFO - [2022-12-03T21:56:40.226+0000] {dag.py:3427} INFO - Setting next_dagrun for example_python_operator to None, run_after=None
[2022-12-03T21:56:40.242+0000] {processor.py:175} INFO - Processing /home/airflow/.local/lib/python3.7/site-packages/airflow/example_dags/example_python_operator.py took 0.112 seconds
[2022-12-03T21:57:10.494+0000] {processor.py:153} INFO - Started process (PID=362) to work on /home/airflow/.local/lib/python3.7/site-packages/airflow/example_dags/example_python_operator.py
[2022-12-03T21:57:10.495+0000] {processor.py:743} INFO - Processing file /home/airflow/.local/lib/python3.7/site-packages/airflow/example_dags/example_python_operator.py for tasks to queue
[2022-12-03T21:57:10.496+0000] {logging_mixin.py:137} INFO - [2022-12-03T21:57:10.496+0000] {dagbag.py:538} INFO - Filling up the DagBag from /home/airflow/.local/lib/python3.7/site-packages/airflow/example_dags/example_python_operator.py
[2022-12-03T21:57:10.512+0000] {logging_mixin.py:137} INFO - [2022-12-03T21:57:10.512+0000] {taskmixin.py:205} WARNING - Dependency <Task(_PythonDecoratedOperator): print_the_context>, log_sql_query already registered for DAG: example_python_operator
[2022-12-03T21:57:10.512+0000] {logging_mixin.py:137} INFO - [2022-12-03T21:57:10.512+0000] {taskmixin.py:205} WARNING - Dependency <Task(_PythonDecoratedOperator): log_sql_query>, print_the_context already registered for DAG: example_python_operator
[2022-12-03T21:57:10.513+0000] {logging_mixin.py:137} INFO - [2022-12-03T21:57:10.513+0000] {taskmixin.py:205} WARNING - Dependency <Task(_PythonDecoratedOperator): print_the_context>, log_sql_query already registered for DAG: example_python_operator
[2022-12-03T21:57:10.513+0000] {logging_mixin.py:137} INFO - [2022-12-03T21:57:10.513+0000] {taskmixin.py:205} WARNING - Dependency <Task(_PythonDecoratedOperator): log_sql_query>, print_the_context already registered for DAG: example_python_operator
[2022-12-03T21:57:10.514+0000] {logging_mixin.py:137} INFO - [2022-12-03T21:57:10.514+0000] {taskmixin.py:205} WARNING - Dependency <Task(_PythonDecoratedOperator): print_the_context>, log_sql_query already registered for DAG: example_python_operator
[2022-12-03T21:57:10.514+0000] {logging_mixin.py:137} INFO - [2022-12-03T21:57:10.514+0000] {taskmixin.py:205} WARNING - Dependency <Task(_PythonDecoratedOperator): log_sql_query>, print_the_context already registered for DAG: example_python_operator
[2022-12-03T21:57:10.515+0000] {logging_mixin.py:137} INFO - [2022-12-03T21:57:10.515+0000] {taskmixin.py:205} WARNING - Dependency <Task(_PythonDecoratedOperator): print_the_context>, log_sql_query already registered for DAG: example_python_operator
[2022-12-03T21:57:10.515+0000] {logging_mixin.py:137} INFO - [2022-12-03T21:57:10.515+0000] {taskmixin.py:205} WARNING - Dependency <Task(_PythonDecoratedOperator): log_sql_query>, print_the_context already registered for DAG: example_python_operator
[2022-12-03T21:57:10.521+0000] {processor.py:753} INFO - DAG(s) dict_keys(['example_python_operator']) retrieved from /home/airflow/.local/lib/python3.7/site-packages/airflow/example_dags/example_python_operator.py
[2022-12-03T21:57:10.557+0000] {logging_mixin.py:137} INFO - [2022-12-03T21:57:10.557+0000] {dag.py:2676} INFO - Sync 1 DAGs
[2022-12-03T21:57:10.581+0000] {logging_mixin.py:137} INFO - [2022-12-03T21:57:10.581+0000] {dag.py:3427} INFO - Setting next_dagrun for example_python_operator to None, run_after=None
[2022-12-03T21:57:10.601+0000] {processor.py:175} INFO - Processing /home/airflow/.local/lib/python3.7/site-packages/airflow/example_dags/example_python_operator.py took 0.108 seconds
[2022-12-03T21:57:40.846+0000] {processor.py:153} INFO - Started process (PID=472) to work on /home/airflow/.local/lib/python3.7/site-packages/airflow/example_dags/example_python_operator.py
[2022-12-03T21:57:40.847+0000] {processor.py:743} INFO - Processing file /home/airflow/.local/lib/python3.7/site-packages/airflow/example_dags/example_python_operator.py for tasks to queue
[2022-12-03T21:57:40.847+0000] {logging_mixin.py:137} INFO - [2022-12-03T21:57:40.847+0000] {dagbag.py:538} INFO - Filling up the DagBag from /home/airflow/.local/lib/python3.7/site-packages/airflow/example_dags/example_python_operator.py
[2022-12-03T21:57:40.864+0000] {logging_mixin.py:137} INFO - [2022-12-03T21:57:40.864+0000] {taskmixin.py:205} WARNING - Dependency <Task(_PythonDecoratedOperator): print_the_context>, log_sql_query already registered for DAG: example_python_operator
[2022-12-03T21:57:40.864+0000] {logging_mixin.py:137} INFO - [2022-12-03T21:57:40.864+0000] {taskmixin.py:205} WARNING - Dependency <Task(_PythonDecoratedOperator): log_sql_query>, print_the_context already registered for DAG: example_python_operator
[2022-12-03T21:57:40.865+0000] {logging_mixin.py:137} INFO - [2022-12-03T21:57:40.865+0000] {taskmixin.py:205} WARNING - Dependency <Task(_PythonDecoratedOperator): print_the_context>, log_sql_query already registered for DAG: example_python_operator
[2022-12-03T21:57:40.865+0000] {logging_mixin.py:137} INFO - [2022-12-03T21:57:40.865+0000] {taskmixin.py:205} WARNING - Dependency <Task(_PythonDecoratedOperator): log_sql_query>, print_the_context already registered for DAG: example_python_operator
[2022-12-03T21:57:40.866+0000] {logging_mixin.py:137} INFO - [2022-12-03T21:57:40.866+0000] {taskmixin.py:205} WARNING - Dependency <Task(_PythonDecoratedOperator): print_the_context>, log_sql_query already registered for DAG: example_python_operator
[2022-12-03T21:57:40.866+0000] {logging_mixin.py:137} INFO - [2022-12-03T21:57:40.866+0000] {taskmixin.py:205} WARNING - Dependency <Task(_PythonDecoratedOperator): log_sql_query>, print_the_context already registered for DAG: example_python_operator
[2022-12-03T21:57:40.866+0000] {logging_mixin.py:137} INFO - [2022-12-03T21:57:40.866+0000] {taskmixin.py:205} WARNING - Dependency <Task(_PythonDecoratedOperator): print_the_context>, log_sql_query already registered for DAG: example_python_operator
[2022-12-03T21:57:40.867+0000] {logging_mixin.py:137} INFO - [2022-12-03T21:57:40.867+0000] {taskmixin.py:205} WARNING - Dependency <Task(_PythonDecoratedOperator): log_sql_query>, print_the_context already registered for DAG: example_python_operator
[2022-12-03T21:57:40.873+0000] {processor.py:753} INFO - DAG(s) dict_keys(['example_python_operator']) retrieved from /home/airflow/.local/lib/python3.7/site-packages/airflow/example_dags/example_python_operator.py
[2022-12-03T21:57:40.909+0000] {logging_mixin.py:137} INFO - [2022-12-03T21:57:40.909+0000] {dag.py:2676} INFO - Sync 1 DAGs
[2022-12-03T21:57:40.933+0000] {logging_mixin.py:137} INFO - [2022-12-03T21:57:40.933+0000] {dag.py:3427} INFO - Setting next_dagrun for example_python_operator to None, run_after=None
[2022-12-03T21:57:40.950+0000] {processor.py:175} INFO - Processing /home/airflow/.local/lib/python3.7/site-packages/airflow/example_dags/example_python_operator.py took 0.107 seconds
[2022-12-03T21:58:11.345+0000] {processor.py:153} INFO - Started process (PID=559) to work on /home/airflow/.local/lib/python3.7/site-packages/airflow/example_dags/example_python_operator.py
[2022-12-03T21:58:11.346+0000] {processor.py:743} INFO - Processing file /home/airflow/.local/lib/python3.7/site-packages/airflow/example_dags/example_python_operator.py for tasks to queue
[2022-12-03T21:58:11.347+0000] {logging_mixin.py:137} INFO - [2022-12-03T21:58:11.347+0000] {dagbag.py:538} INFO - Filling up the DagBag from /home/airflow/.local/lib/python3.7/site-packages/airflow/example_dags/example_python_operator.py
[2022-12-03T21:58:11.363+0000] {logging_mixin.py:137} INFO - [2022-12-03T21:58:11.363+0000] {taskmixin.py:205} WARNING - Dependency <Task(_PythonDecoratedOperator): print_the_context>, log_sql_query already registered for DAG: example_python_operator
[2022-12-03T21:58:11.363+0000] {logging_mixin.py:137} INFO - [2022-12-03T21:58:11.363+0000] {taskmixin.py:205} WARNING - Dependency <Task(_PythonDecoratedOperator): log_sql_query>, print_the_context already registered for DAG: example_python_operator
[2022-12-03T21:58:11.364+0000] {logging_mixin.py:137} INFO - [2022-12-03T21:58:11.364+0000] {taskmixin.py:205} WARNING - Dependency <Task(_PythonDecoratedOperator): print_the_context>, log_sql_query already registered for DAG: example_python_operator
[2022-12-03T21:58:11.364+0000] {logging_mixin.py:137} INFO - [2022-12-03T21:58:11.364+0000] {taskmixin.py:205} WARNING - Dependency <Task(_PythonDecoratedOperator): log_sql_query>, print_the_context already registered for DAG: example_python_operator
[2022-12-03T21:58:11.365+0000] {logging_mixin.py:137} INFO - [2022-12-03T21:58:11.364+0000] {taskmixin.py:205} WARNING - Dependency <Task(_PythonDecoratedOperator): print_the_context>, log_sql_query already registered for DAG: example_python_operator
[2022-12-03T21:58:11.365+0000] {logging_mixin.py:137} INFO - [2022-12-03T21:58:11.365+0000] {taskmixin.py:205} WARNING - Dependency <Task(_PythonDecoratedOperator): log_sql_query>, print_the_context already registered for DAG: example_python_operator
[2022-12-03T21:58:11.365+0000] {logging_mixin.py:137} INFO - [2022-12-03T21:58:11.365+0000] {taskmixin.py:205} WARNING - Dependency <Task(_PythonDecoratedOperator): print_the_context>, log_sql_query already registered for DAG: example_python_operator
[2022-12-03T21:58:11.366+0000] {logging_mixin.py:137} INFO - [2022-12-03T21:58:11.365+0000] {taskmixin.py:205} WARNING - Dependency <Task(_PythonDecoratedOperator): log_sql_query>, print_the_context already registered for DAG: example_python_operator
[2022-12-03T21:58:11.372+0000] {processor.py:753} INFO - DAG(s) dict_keys(['example_python_operator']) retrieved from /home/airflow/.local/lib/python3.7/site-packages/airflow/example_dags/example_python_operator.py
[2022-12-03T21:58:11.408+0000] {logging_mixin.py:137} INFO - [2022-12-03T21:58:11.408+0000] {dag.py:2676} INFO - Sync 1 DAGs
[2022-12-03T21:58:11.432+0000] {logging_mixin.py:137} INFO - [2022-12-03T21:58:11.431+0000] {dag.py:3427} INFO - Setting next_dagrun for example_python_operator to None, run_after=None
[2022-12-03T21:58:11.448+0000] {processor.py:175} INFO - Processing /home/airflow/.local/lib/python3.7/site-packages/airflow/example_dags/example_python_operator.py took 0.105 seconds
[2022-12-03T21:58:41.830+0000] {processor.py:153} INFO - Started process (PID=669) to work on /home/airflow/.local/lib/python3.7/site-packages/airflow/example_dags/example_python_operator.py
[2022-12-03T21:58:41.831+0000] {processor.py:743} INFO - Processing file /home/airflow/.local/lib/python3.7/site-packages/airflow/example_dags/example_python_operator.py for tasks to queue
[2022-12-03T21:58:41.832+0000] {logging_mixin.py:137} INFO - [2022-12-03T21:58:41.831+0000] {dagbag.py:538} INFO - Filling up the DagBag from /home/airflow/.local/lib/python3.7/site-packages/airflow/example_dags/example_python_operator.py
[2022-12-03T21:58:41.848+0000] {logging_mixin.py:137} INFO - [2022-12-03T21:58:41.848+0000] {taskmixin.py:205} WARNING - Dependency <Task(_PythonDecoratedOperator): print_the_context>, log_sql_query already registered for DAG: example_python_operator
[2022-12-03T21:58:41.848+0000] {logging_mixin.py:137} INFO - [2022-12-03T21:58:41.848+0000] {taskmixin.py:205} WARNING - Dependency <Task(_PythonDecoratedOperator): log_sql_query>, print_the_context already registered for DAG: example_python_operator
[2022-12-03T21:58:41.849+0000] {logging_mixin.py:137} INFO - [2022-12-03T21:58:41.849+0000] {taskmixin.py:205} WARNING - Dependency <Task(_PythonDecoratedOperator): print_the_context>, log_sql_query already registered for DAG: example_python_operator
[2022-12-03T21:58:41.849+0000] {logging_mixin.py:137} INFO - [2022-12-03T21:58:41.849+0000] {taskmixin.py:205} WARNING - Dependency <Task(_PythonDecoratedOperator): log_sql_query>, print_the_context already registered for DAG: example_python_operator
[2022-12-03T21:58:41.850+0000] {logging_mixin.py:137} INFO - [2022-12-03T21:58:41.849+0000] {taskmixin.py:205} WARNING - Dependency <Task(_PythonDecoratedOperator): print_the_context>, log_sql_query already registered for DAG: example_python_operator
[2022-12-03T21:58:41.850+0000] {logging_mixin.py:137} INFO - [2022-12-03T21:58:41.850+0000] {taskmixin.py:205} WARNING - Dependency <Task(_PythonDecoratedOperator): log_sql_query>, print_the_context already registered for DAG: example_python_operator
[2022-12-03T21:58:41.850+0000] {logging_mixin.py:137} INFO - [2022-12-03T21:58:41.850+0000] {taskmixin.py:205} WARNING - Dependency <Task(_PythonDecoratedOperator): print_the_context>, log_sql_query already registered for DAG: example_python_operator
[2022-12-03T21:58:41.850+0000] {logging_mixin.py:137} INFO - [2022-12-03T21:58:41.850+0000] {taskmixin.py:205} WARNING - Dependency <Task(_PythonDecoratedOperator): log_sql_query>, print_the_context already registered for DAG: example_python_operator
[2022-12-03T21:58:41.857+0000] {processor.py:753} INFO - DAG(s) dict_keys(['example_python_operator']) retrieved from /home/airflow/.local/lib/python3.7/site-packages/airflow/example_dags/example_python_operator.py
[2022-12-03T21:58:41.893+0000] {logging_mixin.py:137} INFO - [2022-12-03T21:58:41.893+0000] {dag.py:2676} INFO - Sync 1 DAGs
[2022-12-03T21:58:41.916+0000] {logging_mixin.py:137} INFO - [2022-12-03T21:58:41.916+0000] {dag.py:3427} INFO - Setting next_dagrun for example_python_operator to None, run_after=None
[2022-12-03T21:58:41.932+0000] {processor.py:175} INFO - Processing /home/airflow/.local/lib/python3.7/site-packages/airflow/example_dags/example_python_operator.py took 0.104 seconds
[2022-12-03T21:59:12.472+0000] {processor.py:153} INFO - Started process (PID=755) to work on /home/airflow/.local/lib/python3.7/site-packages/airflow/example_dags/example_python_operator.py
[2022-12-03T21:59:12.473+0000] {processor.py:743} INFO - Processing file /home/airflow/.local/lib/python3.7/site-packages/airflow/example_dags/example_python_operator.py for tasks to queue
[2022-12-03T21:59:12.474+0000] {logging_mixin.py:137} INFO - [2022-12-03T21:59:12.474+0000] {dagbag.py:538} INFO - Filling up the DagBag from /home/airflow/.local/lib/python3.7/site-packages/airflow/example_dags/example_python_operator.py
[2022-12-03T21:59:12.490+0000] {logging_mixin.py:137} INFO - [2022-12-03T21:59:12.490+0000] {taskmixin.py:205} WARNING - Dependency <Task(_PythonDecoratedOperator): print_the_context>, log_sql_query already registered for DAG: example_python_operator
[2022-12-03T21:59:12.490+0000] {logging_mixin.py:137} INFO - [2022-12-03T21:59:12.490+0000] {taskmixin.py:205} WARNING - Dependency <Task(_PythonDecoratedOperator): log_sql_query>, print_the_context already registered for DAG: example_python_operator
[2022-12-03T21:59:12.491+0000] {logging_mixin.py:137} INFO - [2022-12-03T21:59:12.491+0000] {taskmixin.py:205} WARNING - Dependency <Task(_PythonDecoratedOperator): print_the_context>, log_sql_query already registered for DAG: example_python_operator
[2022-12-03T21:59:12.491+0000] {logging_mixin.py:137} INFO - [2022-12-03T21:59:12.491+0000] {taskmixin.py:205} WARNING - Dependency <Task(_PythonDecoratedOperator): log_sql_query>, print_the_context already registered for DAG: example_python_operator
[2022-12-03T21:59:12.492+0000] {logging_mixin.py:137} INFO - [2022-12-03T21:59:12.492+0000] {taskmixin.py:205} WARNING - Dependency <Task(_PythonDecoratedOperator): print_the_context>, log_sql_query already registered for DAG: example_python_operator
[2022-12-03T21:59:12.492+0000] {logging_mixin.py:137} INFO - [2022-12-03T21:59:12.492+0000] {taskmixin.py:205} WARNING - Dependency <Task(_PythonDecoratedOperator): log_sql_query>, print_the_context already registered for DAG: example_python_operator
[2022-12-03T21:59:12.493+0000] {logging_mixin.py:137} INFO - [2022-12-03T21:59:12.493+0000] {taskmixin.py:205} WARNING - Dependency <Task(_PythonDecoratedOperator): print_the_context>, log_sql_query already registered for DAG: example_python_operator
[2022-12-03T21:59:12.493+0000] {logging_mixin.py:137} INFO - [2022-12-03T21:59:12.493+0000] {taskmixin.py:205} WARNING - Dependency <Task(_PythonDecoratedOperator): log_sql_query>, print_the_context already registered for DAG: example_python_operator
[2022-12-03T21:59:12.499+0000] {processor.py:753} INFO - DAG(s) dict_keys(['example_python_operator']) retrieved from /home/airflow/.local/lib/python3.7/site-packages/airflow/example_dags/example_python_operator.py
[2022-12-03T21:59:12.537+0000] {logging_mixin.py:137} INFO - [2022-12-03T21:59:12.537+0000] {dag.py:2676} INFO - Sync 1 DAGs
[2022-12-03T21:59:12.560+0000] {logging_mixin.py:137} INFO - [2022-12-03T21:59:12.560+0000] {dag.py:3427} INFO - Setting next_dagrun for example_python_operator to None, run_after=None
[2022-12-03T21:59:12.578+0000] {processor.py:175} INFO - Processing /home/airflow/.local/lib/python3.7/site-packages/airflow/example_dags/example_python_operator.py took 0.107 seconds
[2022-12-03T21:59:43.000+0000] {processor.py:153} INFO - Started process (PID=865) to work on /home/airflow/.local/lib/python3.7/site-packages/airflow/example_dags/example_python_operator.py
[2022-12-03T21:59:43.001+0000] {processor.py:743} INFO - Processing file /home/airflow/.local/lib/python3.7/site-packages/airflow/example_dags/example_python_operator.py for tasks to queue
[2022-12-03T21:59:43.001+0000] {logging_mixin.py:137} INFO - [2022-12-03T21:59:43.001+0000] {dagbag.py:538} INFO - Filling up the DagBag from /home/airflow/.local/lib/python3.7/site-packages/airflow/example_dags/example_python_operator.py
[2022-12-03T21:59:43.019+0000] {logging_mixin.py:137} INFO - [2022-12-03T21:59:43.019+0000] {taskmixin.py:205} WARNING - Dependency <Task(_PythonDecoratedOperator): print_the_context>, log_sql_query already registered for DAG: example_python_operator
[2022-12-03T21:59:43.019+0000] {logging_mixin.py:137} INFO - [2022-12-03T21:59:43.019+0000] {taskmixin.py:205} WARNING - Dependency <Task(_PythonDecoratedOperator): log_sql_query>, print_the_context already registered for DAG: example_python_operator
[2022-12-03T21:59:43.020+0000] {logging_mixin.py:137} INFO - [2022-12-03T21:59:43.020+0000] {taskmixin.py:205} WARNING - Dependency <Task(_PythonDecoratedOperator): print_the_context>, log_sql_query already registered for DAG: example_python_operator
[2022-12-03T21:59:43.020+0000] {logging_mixin.py:137} INFO - [2022-12-03T21:59:43.020+0000] {taskmixin.py:205} WARNING - Dependency <Task(_PythonDecoratedOperator): log_sql_query>, print_the_context already registered for DAG: example_python_operator
[2022-12-03T21:59:43.021+0000] {logging_mixin.py:137} INFO - [2022-12-03T21:59:43.021+0000] {taskmixin.py:205} WARNING - Dependency <Task(_PythonDecoratedOperator): print_the_context>, log_sql_query already registered for DAG: example_python_operator
[2022-12-03T21:59:43.021+0000] {logging_mixin.py:137} INFO - [2022-12-03T21:59:43.021+0000] {taskmixin.py:205} WARNING - Dependency <Task(_PythonDecoratedOperator): log_sql_query>, print_the_context already registered for DAG: example_python_operator
[2022-12-03T21:59:43.022+0000] {logging_mixin.py:137} INFO - [2022-12-03T21:59:43.021+0000] {taskmixin.py:205} WARNING - Dependency <Task(_PythonDecoratedOperator): print_the_context>, log_sql_query already registered for DAG: example_python_operator
[2022-12-03T21:59:43.022+0000] {logging_mixin.py:137} INFO - [2022-12-03T21:59:43.022+0000] {taskmixin.py:205} WARNING - Dependency <Task(_PythonDecoratedOperator): log_sql_query>, print_the_context already registered for DAG: example_python_operator
[2022-12-03T21:59:43.029+0000] {processor.py:753} INFO - DAG(s) dict_keys(['example_python_operator']) retrieved from /home/airflow/.local/lib/python3.7/site-packages/airflow/example_dags/example_python_operator.py
[2022-12-03T21:59:43.065+0000] {logging_mixin.py:137} INFO - [2022-12-03T21:59:43.065+0000] {dag.py:2676} INFO - Sync 1 DAGs
[2022-12-03T21:59:43.089+0000] {logging_mixin.py:137} INFO - [2022-12-03T21:59:43.089+0000] {dag.py:3427} INFO - Setting next_dagrun for example_python_operator to None, run_after=None
[2022-12-03T21:59:43.107+0000] {processor.py:175} INFO - Processing /home/airflow/.local/lib/python3.7/site-packages/airflow/example_dags/example_python_operator.py took 0.110 seconds
[2022-12-03T22:00:13.619+0000] {processor.py:153} INFO - Started process (PID=951) to work on /home/airflow/.local/lib/python3.7/site-packages/airflow/example_dags/example_python_operator.py
[2022-12-03T22:00:13.620+0000] {processor.py:743} INFO - Processing file /home/airflow/.local/lib/python3.7/site-packages/airflow/example_dags/example_python_operator.py for tasks to queue
[2022-12-03T22:00:13.620+0000] {logging_mixin.py:137} INFO - [2022-12-03T22:00:13.620+0000] {dagbag.py:538} INFO - Filling up the DagBag from /home/airflow/.local/lib/python3.7/site-packages/airflow/example_dags/example_python_operator.py
[2022-12-03T22:00:13.637+0000] {logging_mixin.py:137} INFO - [2022-12-03T22:00:13.637+0000] {taskmixin.py:205} WARNING - Dependency <Task(_PythonDecoratedOperator): print_the_context>, log_sql_query already registered for DAG: example_python_operator
[2022-12-03T22:00:13.637+0000] {logging_mixin.py:137} INFO - [2022-12-03T22:00:13.637+0000] {taskmixin.py:205} WARNING - Dependency <Task(_PythonDecoratedOperator): log_sql_query>, print_the_context already registered for DAG: example_python_operator
[2022-12-03T22:00:13.638+0000] {logging_mixin.py:137} INFO - [2022-12-03T22:00:13.638+0000] {taskmixin.py:205} WARNING - Dependency <Task(_PythonDecoratedOperator): print_the_context>, log_sql_query already registered for DAG: example_python_operator
[2022-12-03T22:00:13.638+0000] {logging_mixin.py:137} INFO - [2022-12-03T22:00:13.638+0000] {taskmixin.py:205} WARNING - Dependency <Task(_PythonDecoratedOperator): log_sql_query>, print_the_context already registered for DAG: example_python_operator
[2022-12-03T22:00:13.639+0000] {logging_mixin.py:137} INFO - [2022-12-03T22:00:13.639+0000] {taskmixin.py:205} WARNING - Dependency <Task(_PythonDecoratedOperator): print_the_context>, log_sql_query already registered for DAG: example_python_operator
[2022-12-03T22:00:13.639+0000] {logging_mixin.py:137} INFO - [2022-12-03T22:00:13.639+0000] {taskmixin.py:205} WARNING - Dependency <Task(_PythonDecoratedOperator): log_sql_query>, print_the_context already registered for DAG: example_python_operator
[2022-12-03T22:00:13.640+0000] {logging_mixin.py:137} INFO - [2022-12-03T22:00:13.640+0000] {taskmixin.py:205} WARNING - Dependency <Task(_PythonDecoratedOperator): print_the_context>, log_sql_query already registered for DAG: example_python_operator
[2022-12-03T22:00:13.640+0000] {logging_mixin.py:137} INFO - [2022-12-03T22:00:13.640+0000] {taskmixin.py:205} WARNING - Dependency <Task(_PythonDecoratedOperator): log_sql_query>, print_the_context already registered for DAG: example_python_operator
[2022-12-03T22:00:13.646+0000] {processor.py:753} INFO - DAG(s) dict_keys(['example_python_operator']) retrieved from /home/airflow/.local/lib/python3.7/site-packages/airflow/example_dags/example_python_operator.py
[2022-12-03T22:00:13.682+0000] {logging_mixin.py:137} INFO - [2022-12-03T22:00:13.681+0000] {dag.py:2676} INFO - Sync 1 DAGs
[2022-12-03T22:00:13.706+0000] {logging_mixin.py:137} INFO - [2022-12-03T22:00:13.706+0000] {dag.py:3427} INFO - Setting next_dagrun for example_python_operator to None, run_after=None
[2022-12-03T22:00:13.722+0000] {processor.py:175} INFO - Processing /home/airflow/.local/lib/python3.7/site-packages/airflow/example_dags/example_python_operator.py took 0.105 seconds
[2022-12-03T22:00:44.232+0000] {processor.py:153} INFO - Started process (PID=1061) to work on /home/airflow/.local/lib/python3.7/site-packages/airflow/example_dags/example_python_operator.py
[2022-12-03T22:00:44.233+0000] {processor.py:743} INFO - Processing file /home/airflow/.local/lib/python3.7/site-packages/airflow/example_dags/example_python_operator.py for tasks to queue
[2022-12-03T22:00:44.233+0000] {logging_mixin.py:137} INFO - [2022-12-03T22:00:44.233+0000] {dagbag.py:538} INFO - Filling up the DagBag from /home/airflow/.local/lib/python3.7/site-packages/airflow/example_dags/example_python_operator.py
[2022-12-03T22:00:44.250+0000] {logging_mixin.py:137} INFO - [2022-12-03T22:00:44.250+0000] {taskmixin.py:205} WARNING - Dependency <Task(_PythonDecoratedOperator): print_the_context>, log_sql_query already registered for DAG: example_python_operator
[2022-12-03T22:00:44.250+0000] {logging_mixin.py:137} INFO - [2022-12-03T22:00:44.250+0000] {taskmixin.py:205} WARNING - Dependency <Task(_PythonDecoratedOperator): log_sql_query>, print_the_context already registered for DAG: example_python_operator
[2022-12-03T22:00:44.251+0000] {logging_mixin.py:137} INFO - [2022-12-03T22:00:44.251+0000] {taskmixin.py:205} WARNING - Dependency <Task(_PythonDecoratedOperator): print_the_context>, log_sql_query already registered for DAG: example_python_operator
[2022-12-03T22:00:44.251+0000] {logging_mixin.py:137} INFO - [2022-12-03T22:00:44.251+0000] {taskmixin.py:205} WARNING - Dependency <Task(_PythonDecoratedOperator): log_sql_query>, print_the_context already registered for DAG: example_python_operator
[2022-12-03T22:00:44.252+0000] {logging_mixin.py:137} INFO - [2022-12-03T22:00:44.252+0000] {taskmixin.py:205} WARNING - Dependency <Task(_PythonDecoratedOperator): print_the_context>, log_sql_query already registered for DAG: example_python_operator
[2022-12-03T22:00:44.252+0000] {logging_mixin.py:137} INFO - [2022-12-03T22:00:44.252+0000] {taskmixin.py:205} WARNING - Dependency <Task(_PythonDecoratedOperator): log_sql_query>, print_the_context already registered for DAG: example_python_operator
[2022-12-03T22:00:44.253+0000] {logging_mixin.py:137} INFO - [2022-12-03T22:00:44.253+0000] {taskmixin.py:205} WARNING - Dependency <Task(_PythonDecoratedOperator): print_the_context>, log_sql_query already registered for DAG: example_python_operator
[2022-12-03T22:00:44.253+0000] {logging_mixin.py:137} INFO - [2022-12-03T22:00:44.253+0000] {taskmixin.py:205} WARNING - Dependency <Task(_PythonDecoratedOperator): log_sql_query>, print_the_context already registered for DAG: example_python_operator
[2022-12-03T22:00:44.259+0000] {processor.py:753} INFO - DAG(s) dict_keys(['example_python_operator']) retrieved from /home/airflow/.local/lib/python3.7/site-packages/airflow/example_dags/example_python_operator.py
[2022-12-03T22:00:44.295+0000] {logging_mixin.py:137} INFO - [2022-12-03T22:00:44.294+0000] {dag.py:2676} INFO - Sync 1 DAGs
[2022-12-03T22:00:44.318+0000] {logging_mixin.py:137} INFO - [2022-12-03T22:00:44.317+0000] {dag.py:3427} INFO - Setting next_dagrun for example_python_operator to None, run_after=None
[2022-12-03T22:00:44.333+0000] {processor.py:175} INFO - Processing /home/airflow/.local/lib/python3.7/site-packages/airflow/example_dags/example_python_operator.py took 0.104 seconds
[2022-12-03T22:01:14.694+0000] {processor.py:153} INFO - Started process (PID=1147) to work on /home/airflow/.local/lib/python3.7/site-packages/airflow/example_dags/example_python_operator.py
[2022-12-03T22:01:14.695+0000] {processor.py:743} INFO - Processing file /home/airflow/.local/lib/python3.7/site-packages/airflow/example_dags/example_python_operator.py for tasks to queue
[2022-12-03T22:01:14.695+0000] {logging_mixin.py:137} INFO - [2022-12-03T22:01:14.695+0000] {dagbag.py:538} INFO - Filling up the DagBag from /home/airflow/.local/lib/python3.7/site-packages/airflow/example_dags/example_python_operator.py
[2022-12-03T22:01:14.712+0000] {logging_mixin.py:137} INFO - [2022-12-03T22:01:14.711+0000] {taskmixin.py:205} WARNING - Dependency <Task(_PythonDecoratedOperator): print_the_context>, log_sql_query already registered for DAG: example_python_operator
[2022-12-03T22:01:14.712+0000] {logging_mixin.py:137} INFO - [2022-12-03T22:01:14.712+0000] {taskmixin.py:205} WARNING - Dependency <Task(_PythonDecoratedOperator): log_sql_query>, print_the_context already registered for DAG: example_python_operator
[2022-12-03T22:01:14.713+0000] {logging_mixin.py:137} INFO - [2022-12-03T22:01:14.712+0000] {taskmixin.py:205} WARNING - Dependency <Task(_PythonDecoratedOperator): print_the_context>, log_sql_query already registered for DAG: example_python_operator
[2022-12-03T22:01:14.713+0000] {logging_mixin.py:137} INFO - [2022-12-03T22:01:14.713+0000] {taskmixin.py:205} WARNING - Dependency <Task(_PythonDecoratedOperator): log_sql_query>, print_the_context already registered for DAG: example_python_operator
[2022-12-03T22:01:14.713+0000] {logging_mixin.py:137} INFO - [2022-12-03T22:01:14.713+0000] {taskmixin.py:205} WARNING - Dependency <Task(_PythonDecoratedOperator): print_the_context>, log_sql_query already registered for DAG: example_python_operator
[2022-12-03T22:01:14.714+0000] {logging_mixin.py:137} INFO - [2022-12-03T22:01:14.714+0000] {taskmixin.py:205} WARNING - Dependency <Task(_PythonDecoratedOperator): log_sql_query>, print_the_context already registered for DAG: example_python_operator
[2022-12-03T22:01:14.714+0000] {logging_mixin.py:137} INFO - [2022-12-03T22:01:14.714+0000] {taskmixin.py:205} WARNING - Dependency <Task(_PythonDecoratedOperator): print_the_context>, log_sql_query already registered for DAG: example_python_operator
[2022-12-03T22:01:14.714+0000] {logging_mixin.py:137} INFO - [2022-12-03T22:01:14.714+0000] {taskmixin.py:205} WARNING - Dependency <Task(_PythonDecoratedOperator): log_sql_query>, print_the_context already registered for DAG: example_python_operator
[2022-12-03T22:01:14.721+0000] {processor.py:753} INFO - DAG(s) dict_keys(['example_python_operator']) retrieved from /home/airflow/.local/lib/python3.7/site-packages/airflow/example_dags/example_python_operator.py
[2022-12-03T22:01:14.760+0000] {logging_mixin.py:137} INFO - [2022-12-03T22:01:14.760+0000] {dag.py:2676} INFO - Sync 1 DAGs
[2022-12-03T22:01:14.785+0000] {logging_mixin.py:137} INFO - [2022-12-03T22:01:14.785+0000] {dag.py:3427} INFO - Setting next_dagrun for example_python_operator to None, run_after=None
[2022-12-03T22:01:14.802+0000] {processor.py:175} INFO - Processing /home/airflow/.local/lib/python3.7/site-packages/airflow/example_dags/example_python_operator.py took 0.110 seconds
[2022-12-03T22:01:45.624+0000] {processor.py:153} INFO - Started process (PID=1257) to work on /home/airflow/.local/lib/python3.7/site-packages/airflow/example_dags/example_python_operator.py
[2022-12-03T22:01:45.625+0000] {processor.py:743} INFO - Processing file /home/airflow/.local/lib/python3.7/site-packages/airflow/example_dags/example_python_operator.py for tasks to queue
[2022-12-03T22:01:45.625+0000] {logging_mixin.py:137} INFO - [2022-12-03T22:01:45.625+0000] {dagbag.py:538} INFO - Filling up the DagBag from /home/airflow/.local/lib/python3.7/site-packages/airflow/example_dags/example_python_operator.py
[2022-12-03T22:01:45.642+0000] {logging_mixin.py:137} INFO - [2022-12-03T22:01:45.642+0000] {taskmixin.py:205} WARNING - Dependency <Task(_PythonDecoratedOperator): print_the_context>, log_sql_query already registered for DAG: example_python_operator
[2022-12-03T22:01:45.642+0000] {logging_mixin.py:137} INFO - [2022-12-03T22:01:45.642+0000] {taskmixin.py:205} WARNING - Dependency <Task(_PythonDecoratedOperator): log_sql_query>, print_the_context already registered for DAG: example_python_operator
[2022-12-03T22:01:45.643+0000] {logging_mixin.py:137} INFO - [2022-12-03T22:01:45.643+0000] {taskmixin.py:205} WARNING - Dependency <Task(_PythonDecoratedOperator): print_the_context>, log_sql_query already registered for DAG: example_python_operator
[2022-12-03T22:01:45.643+0000] {logging_mixin.py:137} INFO - [2022-12-03T22:01:45.643+0000] {taskmixin.py:205} WARNING - Dependency <Task(_PythonDecoratedOperator): log_sql_query>, print_the_context already registered for DAG: example_python_operator
[2022-12-03T22:01:45.644+0000] {logging_mixin.py:137} INFO - [2022-12-03T22:01:45.644+0000] {taskmixin.py:205} WARNING - Dependency <Task(_PythonDecoratedOperator): print_the_context>, log_sql_query already registered for DAG: example_python_operator
[2022-12-03T22:01:45.644+0000] {logging_mixin.py:137} INFO - [2022-12-03T22:01:45.644+0000] {taskmixin.py:205} WARNING - Dependency <Task(_PythonDecoratedOperator): log_sql_query>, print_the_context already registered for DAG: example_python_operator
[2022-12-03T22:01:45.645+0000] {logging_mixin.py:137} INFO - [2022-12-03T22:01:45.645+0000] {taskmixin.py:205} WARNING - Dependency <Task(_PythonDecoratedOperator): print_the_context>, log_sql_query already registered for DAG: example_python_operator
[2022-12-03T22:01:45.645+0000] {logging_mixin.py:137} INFO - [2022-12-03T22:01:45.645+0000] {taskmixin.py:205} WARNING - Dependency <Task(_PythonDecoratedOperator): log_sql_query>, print_the_context already registered for DAG: example_python_operator
[2022-12-03T22:01:45.651+0000] {processor.py:753} INFO - DAG(s) dict_keys(['example_python_operator']) retrieved from /home/airflow/.local/lib/python3.7/site-packages/airflow/example_dags/example_python_operator.py
[2022-12-03T22:01:45.688+0000] {logging_mixin.py:137} INFO - [2022-12-03T22:01:45.688+0000] {dag.py:2676} INFO - Sync 1 DAGs
[2022-12-03T22:01:45.714+0000] {logging_mixin.py:137} INFO - [2022-12-03T22:01:45.714+0000] {dag.py:3427} INFO - Setting next_dagrun for example_python_operator to None, run_after=None
[2022-12-03T22:01:45.733+0000] {processor.py:175} INFO - Processing /home/airflow/.local/lib/python3.7/site-packages/airflow/example_dags/example_python_operator.py took 0.112 seconds
[2022-12-03T22:02:15.832+0000] {processor.py:153} INFO - Started process (PID=1343) to work on /home/airflow/.local/lib/python3.7/site-packages/airflow/example_dags/example_python_operator.py
[2022-12-03T22:02:15.832+0000] {processor.py:743} INFO - Processing file /home/airflow/.local/lib/python3.7/site-packages/airflow/example_dags/example_python_operator.py for tasks to queue
[2022-12-03T22:02:15.833+0000] {logging_mixin.py:137} INFO - [2022-12-03T22:02:15.833+0000] {dagbag.py:538} INFO - Filling up the DagBag from /home/airflow/.local/lib/python3.7/site-packages/airflow/example_dags/example_python_operator.py
[2022-12-03T22:02:15.849+0000] {logging_mixin.py:137} INFO - [2022-12-03T22:02:15.849+0000] {taskmixin.py:205} WARNING - Dependency <Task(_PythonDecoratedOperator): print_the_context>, log_sql_query already registered for DAG: example_python_operator
[2022-12-03T22:02:15.849+0000] {logging_mixin.py:137} INFO - [2022-12-03T22:02:15.849+0000] {taskmixin.py:205} WARNING - Dependency <Task(_PythonDecoratedOperator): log_sql_query>, print_the_context already registered for DAG: example_python_operator
[2022-12-03T22:02:15.850+0000] {logging_mixin.py:137} INFO - [2022-12-03T22:02:15.850+0000] {taskmixin.py:205} WARNING - Dependency <Task(_PythonDecoratedOperator): print_the_context>, log_sql_query already registered for DAG: example_python_operator
[2022-12-03T22:02:15.850+0000] {logging_mixin.py:137} INFO - [2022-12-03T22:02:15.850+0000] {taskmixin.py:205} WARNING - Dependency <Task(_PythonDecoratedOperator): log_sql_query>, print_the_context already registered for DAG: example_python_operator
[2022-12-03T22:02:15.851+0000] {logging_mixin.py:137} INFO - [2022-12-03T22:02:15.851+0000] {taskmixin.py:205} WARNING - Dependency <Task(_PythonDecoratedOperator): print_the_context>, log_sql_query already registered for DAG: example_python_operator
[2022-12-03T22:02:15.851+0000] {logging_mixin.py:137} INFO - [2022-12-03T22:02:15.851+0000] {taskmixin.py:205} WARNING - Dependency <Task(_PythonDecoratedOperator): log_sql_query>, print_the_context already registered for DAG: example_python_operator
[2022-12-03T22:02:15.851+0000] {logging_mixin.py:137} INFO - [2022-12-03T22:02:15.851+0000] {taskmixin.py:205} WARNING - Dependency <Task(_PythonDecoratedOperator): print_the_context>, log_sql_query already registered for DAG: example_python_operator
[2022-12-03T22:02:15.852+0000] {logging_mixin.py:137} INFO - [2022-12-03T22:02:15.851+0000] {taskmixin.py:205} WARNING - Dependency <Task(_PythonDecoratedOperator): log_sql_query>, print_the_context already registered for DAG: example_python_operator
[2022-12-03T22:02:15.858+0000] {processor.py:753} INFO - DAG(s) dict_keys(['example_python_operator']) retrieved from /home/airflow/.local/lib/python3.7/site-packages/airflow/example_dags/example_python_operator.py
[2022-12-03T22:02:15.891+0000] {logging_mixin.py:137} INFO - [2022-12-03T22:02:15.891+0000] {dag.py:2676} INFO - Sync 1 DAGs
[2022-12-03T22:02:15.914+0000] {logging_mixin.py:137} INFO - [2022-12-03T22:02:15.914+0000] {dag.py:3427} INFO - Setting next_dagrun for example_python_operator to None, run_after=None
[2022-12-03T22:02:15.931+0000] {processor.py:175} INFO - Processing /home/airflow/.local/lib/python3.7/site-packages/airflow/example_dags/example_python_operator.py took 0.102 seconds
[2022-12-03T22:24:15.115+0000] {processor.py:153} INFO - Started process (PID=5496) to work on /home/airflow/.local/lib/python3.7/site-packages/airflow/example_dags/example_python_operator.py
[2022-12-03T22:24:15.116+0000] {processor.py:743} INFO - Processing file /home/airflow/.local/lib/python3.7/site-packages/airflow/example_dags/example_python_operator.py for tasks to queue
[2022-12-03T22:24:15.117+0000] {logging_mixin.py:137} INFO - [2022-12-03T22:24:15.117+0000] {dagbag.py:538} INFO - Filling up the DagBag from /home/airflow/.local/lib/python3.7/site-packages/airflow/example_dags/example_python_operator.py
[2022-12-03T22:24:15.135+0000] {logging_mixin.py:137} INFO - [2022-12-03T22:24:15.135+0000] {taskmixin.py:205} WARNING - Dependency <Task(_PythonDecoratedOperator): print_the_context>, log_sql_query already registered for DAG: example_python_operator
[2022-12-03T22:24:15.135+0000] {logging_mixin.py:137} INFO - [2022-12-03T22:24:15.135+0000] {taskmixin.py:205} WARNING - Dependency <Task(_PythonDecoratedOperator): log_sql_query>, print_the_context already registered for DAG: example_python_operator
[2022-12-03T22:24:15.136+0000] {logging_mixin.py:137} INFO - [2022-12-03T22:24:15.136+0000] {taskmixin.py:205} WARNING - Dependency <Task(_PythonDecoratedOperator): print_the_context>, log_sql_query already registered for DAG: example_python_operator
[2022-12-03T22:24:15.136+0000] {logging_mixin.py:137} INFO - [2022-12-03T22:24:15.136+0000] {taskmixin.py:205} WARNING - Dependency <Task(_PythonDecoratedOperator): log_sql_query>, print_the_context already registered for DAG: example_python_operator
[2022-12-03T22:24:15.137+0000] {logging_mixin.py:137} INFO - [2022-12-03T22:24:15.137+0000] {taskmixin.py:205} WARNING - Dependency <Task(_PythonDecoratedOperator): print_the_context>, log_sql_query already registered for DAG: example_python_operator
[2022-12-03T22:24:15.137+0000] {logging_mixin.py:137} INFO - [2022-12-03T22:24:15.137+0000] {taskmixin.py:205} WARNING - Dependency <Task(_PythonDecoratedOperator): log_sql_query>, print_the_context already registered for DAG: example_python_operator
[2022-12-03T22:24:15.138+0000] {logging_mixin.py:137} INFO - [2022-12-03T22:24:15.138+0000] {taskmixin.py:205} WARNING - Dependency <Task(_PythonDecoratedOperator): print_the_context>, log_sql_query already registered for DAG: example_python_operator
[2022-12-03T22:24:15.138+0000] {logging_mixin.py:137} INFO - [2022-12-03T22:24:15.138+0000] {taskmixin.py:205} WARNING - Dependency <Task(_PythonDecoratedOperator): log_sql_query>, print_the_context already registered for DAG: example_python_operator
[2022-12-03T22:24:15.145+0000] {processor.py:753} INFO - DAG(s) dict_keys(['example_python_operator']) retrieved from /home/airflow/.local/lib/python3.7/site-packages/airflow/example_dags/example_python_operator.py
[2022-12-03T22:24:15.186+0000] {logging_mixin.py:137} INFO - [2022-12-03T22:24:15.186+0000] {dag.py:2676} INFO - Sync 1 DAGs
[2022-12-03T22:24:15.212+0000] {logging_mixin.py:137} INFO - [2022-12-03T22:24:15.212+0000] {dag.py:3427} INFO - Setting next_dagrun for example_python_operator to None, run_after=None
[2022-12-03T22:24:15.230+0000] {processor.py:175} INFO - Processing /home/airflow/.local/lib/python3.7/site-packages/airflow/example_dags/example_python_operator.py took 0.118 seconds
