[2022-12-03T21:55:40.320+0000] {processor.py:153} INFO - Started process (PID=109) to work on /home/airflow/.local/lib/python3.7/site-packages/airflow/example_dags/example_short_circuit_operator.py
[2022-12-03T21:55:40.321+0000] {processor.py:743} INFO - Processing file /home/airflow/.local/lib/python3.7/site-packages/airflow/example_dags/example_short_circuit_operator.py for tasks to queue
[2022-12-03T21:55:40.322+0000] {logging_mixin.py:137} INFO - [2022-12-03T21:55:40.322+0000] {dagbag.py:538} INFO - Filling up the DagBag from /home/airflow/.local/lib/python3.7/site-packages/airflow/example_dags/example_short_circuit_operator.py
[2022-12-03T21:55:40.378+0000] {processor.py:753} INFO - DAG(s) dict_keys(['example_short_circuit_operator']) retrieved from /home/airflow/.local/lib/python3.7/site-packages/airflow/example_dags/example_short_circuit_operator.py
[2022-12-03T21:55:40.406+0000] {logging_mixin.py:137} INFO - [2022-12-03T21:55:40.406+0000] {dag.py:2676} INFO - Sync 1 DAGs
[2022-12-03T21:55:40.434+0000] {logging_mixin.py:137} INFO - [2022-12-03T21:55:40.434+0000] {dag.py:3427} INFO - Setting next_dagrun for example_short_circuit_operator to 2022-12-02T21:55:40.434188+00:00, run_after=2022-12-03T21:55:40.434188+00:00
[2022-12-03T21:55:40.479+0000] {processor.py:175} INFO - Processing /home/airflow/.local/lib/python3.7/site-packages/airflow/example_dags/example_short_circuit_operator.py took 0.161 seconds
[2022-12-03T21:56:10.676+0000] {processor.py:153} INFO - Started process (PID=194) to work on /home/airflow/.local/lib/python3.7/site-packages/airflow/example_dags/example_short_circuit_operator.py
[2022-12-03T21:56:10.677+0000] {processor.py:743} INFO - Processing file /home/airflow/.local/lib/python3.7/site-packages/airflow/example_dags/example_short_circuit_operator.py for tasks to queue
[2022-12-03T21:56:10.678+0000] {logging_mixin.py:137} INFO - [2022-12-03T21:56:10.677+0000] {dagbag.py:538} INFO - Filling up the DagBag from /home/airflow/.local/lib/python3.7/site-packages/airflow/example_dags/example_short_circuit_operator.py
[2022-12-03T21:56:10.695+0000] {processor.py:753} INFO - DAG(s) dict_keys(['example_short_circuit_operator']) retrieved from /home/airflow/.local/lib/python3.7/site-packages/airflow/example_dags/example_short_circuit_operator.py
[2022-12-03T21:56:10.731+0000] {logging_mixin.py:137} INFO - [2022-12-03T21:56:10.731+0000] {dag.py:2676} INFO - Sync 1 DAGs
[2022-12-03T21:56:10.757+0000] {logging_mixin.py:137} INFO - [2022-12-03T21:56:10.757+0000] {dag.py:3427} INFO - Setting next_dagrun for example_short_circuit_operator to 2022-12-02T21:56:10.757085+00:00, run_after=2022-12-03T21:56:10.757085+00:00
[2022-12-03T21:56:10.774+0000] {processor.py:175} INFO - Processing /home/airflow/.local/lib/python3.7/site-packages/airflow/example_dags/example_short_circuit_operator.py took 0.100 seconds
[2022-12-03T21:56:41.401+0000] {processor.py:153} INFO - Started process (PID=280) to work on /home/airflow/.local/lib/python3.7/site-packages/airflow/example_dags/example_short_circuit_operator.py
[2022-12-03T21:56:41.402+0000] {processor.py:743} INFO - Processing file /home/airflow/.local/lib/python3.7/site-packages/airflow/example_dags/example_short_circuit_operator.py for tasks to queue
[2022-12-03T21:56:41.402+0000] {logging_mixin.py:137} INFO - [2022-12-03T21:56:41.402+0000] {dagbag.py:538} INFO - Filling up the DagBag from /home/airflow/.local/lib/python3.7/site-packages/airflow/example_dags/example_short_circuit_operator.py
[2022-12-03T21:56:41.417+0000] {processor.py:753} INFO - DAG(s) dict_keys(['example_short_circuit_operator']) retrieved from /home/airflow/.local/lib/python3.7/site-packages/airflow/example_dags/example_short_circuit_operator.py
[2022-12-03T21:56:41.455+0000] {logging_mixin.py:137} INFO - [2022-12-03T21:56:41.455+0000] {dag.py:2676} INFO - Sync 1 DAGs
[2022-12-03T21:56:41.479+0000] {logging_mixin.py:137} INFO - [2022-12-03T21:56:41.479+0000] {dag.py:3427} INFO - Setting next_dagrun for example_short_circuit_operator to 2022-12-02T21:56:41.479525+00:00, run_after=2022-12-03T21:56:41.479525+00:00
[2022-12-03T21:56:41.497+0000] {processor.py:175} INFO - Processing /home/airflow/.local/lib/python3.7/site-packages/airflow/example_dags/example_short_circuit_operator.py took 0.098 seconds
[2022-12-03T21:57:11.743+0000] {processor.py:153} INFO - Started process (PID=375) to work on /home/airflow/.local/lib/python3.7/site-packages/airflow/example_dags/example_short_circuit_operator.py
[2022-12-03T21:57:11.743+0000] {processor.py:743} INFO - Processing file /home/airflow/.local/lib/python3.7/site-packages/airflow/example_dags/example_short_circuit_operator.py for tasks to queue
[2022-12-03T21:57:11.744+0000] {logging_mixin.py:137} INFO - [2022-12-03T21:57:11.744+0000] {dagbag.py:538} INFO - Filling up the DagBag from /home/airflow/.local/lib/python3.7/site-packages/airflow/example_dags/example_short_circuit_operator.py
[2022-12-03T21:57:11.759+0000] {processor.py:753} INFO - DAG(s) dict_keys(['example_short_circuit_operator']) retrieved from /home/airflow/.local/lib/python3.7/site-packages/airflow/example_dags/example_short_circuit_operator.py
[2022-12-03T21:57:11.794+0000] {logging_mixin.py:137} INFO - [2022-12-03T21:57:11.794+0000] {dag.py:2676} INFO - Sync 1 DAGs
[2022-12-03T21:57:11.818+0000] {logging_mixin.py:137} INFO - [2022-12-03T21:57:11.818+0000] {dag.py:3427} INFO - Setting next_dagrun for example_short_circuit_operator to 2022-12-02T21:57:11.817937+00:00, run_after=2022-12-03T21:57:11.817937+00:00
[2022-12-03T21:57:11.835+0000] {processor.py:175} INFO - Processing /home/airflow/.local/lib/python3.7/site-packages/airflow/example_dags/example_short_circuit_operator.py took 0.095 seconds
[2022-12-03T21:57:42.218+0000] {processor.py:153} INFO - Started process (PID=476) to work on /home/airflow/.local/lib/python3.7/site-packages/airflow/example_dags/example_short_circuit_operator.py
[2022-12-03T21:57:42.219+0000] {processor.py:743} INFO - Processing file /home/airflow/.local/lib/python3.7/site-packages/airflow/example_dags/example_short_circuit_operator.py for tasks to queue
[2022-12-03T21:57:42.220+0000] {logging_mixin.py:137} INFO - [2022-12-03T21:57:42.220+0000] {dagbag.py:538} INFO - Filling up the DagBag from /home/airflow/.local/lib/python3.7/site-packages/airflow/example_dags/example_short_circuit_operator.py
[2022-12-03T21:57:42.237+0000] {processor.py:753} INFO - DAG(s) dict_keys(['example_short_circuit_operator']) retrieved from /home/airflow/.local/lib/python3.7/site-packages/airflow/example_dags/example_short_circuit_operator.py
[2022-12-03T21:57:42.273+0000] {logging_mixin.py:137} INFO - [2022-12-03T21:57:42.273+0000] {dag.py:2676} INFO - Sync 1 DAGs
[2022-12-03T21:57:42.298+0000] {logging_mixin.py:137} INFO - [2022-12-03T21:57:42.298+0000] {dag.py:3427} INFO - Setting next_dagrun for example_short_circuit_operator to 2022-12-02T21:57:42.297803+00:00, run_after=2022-12-03T21:57:42.297803+00:00
[2022-12-03T21:57:42.317+0000] {processor.py:175} INFO - Processing /home/airflow/.local/lib/python3.7/site-packages/airflow/example_dags/example_short_circuit_operator.py took 0.102 seconds
[2022-12-03T21:58:12.627+0000] {processor.py:153} INFO - Started process (PID=563) to work on /home/airflow/.local/lib/python3.7/site-packages/airflow/example_dags/example_short_circuit_operator.py
[2022-12-03T21:58:12.628+0000] {processor.py:743} INFO - Processing file /home/airflow/.local/lib/python3.7/site-packages/airflow/example_dags/example_short_circuit_operator.py for tasks to queue
[2022-12-03T21:58:12.628+0000] {logging_mixin.py:137} INFO - [2022-12-03T21:58:12.628+0000] {dagbag.py:538} INFO - Filling up the DagBag from /home/airflow/.local/lib/python3.7/site-packages/airflow/example_dags/example_short_circuit_operator.py
[2022-12-03T21:58:12.644+0000] {processor.py:753} INFO - DAG(s) dict_keys(['example_short_circuit_operator']) retrieved from /home/airflow/.local/lib/python3.7/site-packages/airflow/example_dags/example_short_circuit_operator.py
[2022-12-03T21:58:12.682+0000] {logging_mixin.py:137} INFO - [2022-12-03T21:58:12.682+0000] {dag.py:2676} INFO - Sync 1 DAGs
[2022-12-03T21:58:12.708+0000] {logging_mixin.py:137} INFO - [2022-12-03T21:58:12.708+0000] {dag.py:3427} INFO - Setting next_dagrun for example_short_circuit_operator to 2022-12-02T21:58:12.708076+00:00, run_after=2022-12-03T21:58:12.708076+00:00
[2022-12-03T21:58:12.728+0000] {processor.py:175} INFO - Processing /home/airflow/.local/lib/python3.7/site-packages/airflow/example_dags/example_short_circuit_operator.py took 0.104 seconds
[2022-12-03T21:58:43.183+0000] {processor.py:153} INFO - Started process (PID=673) to work on /home/airflow/.local/lib/python3.7/site-packages/airflow/example_dags/example_short_circuit_operator.py
[2022-12-03T21:58:43.184+0000] {processor.py:743} INFO - Processing file /home/airflow/.local/lib/python3.7/site-packages/airflow/example_dags/example_short_circuit_operator.py for tasks to queue
[2022-12-03T21:58:43.185+0000] {logging_mixin.py:137} INFO - [2022-12-03T21:58:43.185+0000] {dagbag.py:538} INFO - Filling up the DagBag from /home/airflow/.local/lib/python3.7/site-packages/airflow/example_dags/example_short_circuit_operator.py
[2022-12-03T21:58:43.201+0000] {processor.py:753} INFO - DAG(s) dict_keys(['example_short_circuit_operator']) retrieved from /home/airflow/.local/lib/python3.7/site-packages/airflow/example_dags/example_short_circuit_operator.py
[2022-12-03T21:58:43.239+0000] {logging_mixin.py:137} INFO - [2022-12-03T21:58:43.239+0000] {dag.py:2676} INFO - Sync 1 DAGs
[2022-12-03T21:58:43.263+0000] {logging_mixin.py:137} INFO - [2022-12-03T21:58:43.263+0000] {dag.py:3427} INFO - Setting next_dagrun for example_short_circuit_operator to 2022-12-02T21:58:43.263639+00:00, run_after=2022-12-03T21:58:43.263639+00:00
[2022-12-03T21:58:43.281+0000] {processor.py:175} INFO - Processing /home/airflow/.local/lib/python3.7/site-packages/airflow/example_dags/example_short_circuit_operator.py took 0.100 seconds
[2022-12-03T21:59:13.739+0000] {processor.py:153} INFO - Started process (PID=759) to work on /home/airflow/.local/lib/python3.7/site-packages/airflow/example_dags/example_short_circuit_operator.py
[2022-12-03T21:59:13.740+0000] {processor.py:743} INFO - Processing file /home/airflow/.local/lib/python3.7/site-packages/airflow/example_dags/example_short_circuit_operator.py for tasks to queue
[2022-12-03T21:59:13.740+0000] {logging_mixin.py:137} INFO - [2022-12-03T21:59:13.740+0000] {dagbag.py:538} INFO - Filling up the DagBag from /home/airflow/.local/lib/python3.7/site-packages/airflow/example_dags/example_short_circuit_operator.py
[2022-12-03T21:59:13.755+0000] {processor.py:753} INFO - DAG(s) dict_keys(['example_short_circuit_operator']) retrieved from /home/airflow/.local/lib/python3.7/site-packages/airflow/example_dags/example_short_circuit_operator.py
[2022-12-03T21:59:13.791+0000] {logging_mixin.py:137} INFO - [2022-12-03T21:59:13.791+0000] {dag.py:2676} INFO - Sync 1 DAGs
[2022-12-03T21:59:13.815+0000] {logging_mixin.py:137} INFO - [2022-12-03T21:59:13.815+0000] {dag.py:3427} INFO - Setting next_dagrun for example_short_circuit_operator to 2022-12-02T21:59:13.815043+00:00, run_after=2022-12-03T21:59:13.815043+00:00
[2022-12-03T21:59:13.832+0000] {processor.py:175} INFO - Processing /home/airflow/.local/lib/python3.7/site-packages/airflow/example_dags/example_short_circuit_operator.py took 0.095 seconds
[2022-12-03T21:59:44.368+0000] {processor.py:153} INFO - Started process (PID=869) to work on /home/airflow/.local/lib/python3.7/site-packages/airflow/example_dags/example_short_circuit_operator.py
[2022-12-03T21:59:44.369+0000] {processor.py:743} INFO - Processing file /home/airflow/.local/lib/python3.7/site-packages/airflow/example_dags/example_short_circuit_operator.py for tasks to queue
[2022-12-03T21:59:44.369+0000] {logging_mixin.py:137} INFO - [2022-12-03T21:59:44.369+0000] {dagbag.py:538} INFO - Filling up the DagBag from /home/airflow/.local/lib/python3.7/site-packages/airflow/example_dags/example_short_circuit_operator.py
[2022-12-03T21:59:44.386+0000] {processor.py:753} INFO - DAG(s) dict_keys(['example_short_circuit_operator']) retrieved from /home/airflow/.local/lib/python3.7/site-packages/airflow/example_dags/example_short_circuit_operator.py
[2022-12-03T21:59:44.423+0000] {logging_mixin.py:137} INFO - [2022-12-03T21:59:44.423+0000] {dag.py:2676} INFO - Sync 1 DAGs
[2022-12-03T21:59:44.448+0000] {logging_mixin.py:137} INFO - [2022-12-03T21:59:44.448+0000] {dag.py:3427} INFO - Setting next_dagrun for example_short_circuit_operator to 2022-12-02T21:59:44.448255+00:00, run_after=2022-12-03T21:59:44.448255+00:00
[2022-12-03T21:59:44.467+0000] {processor.py:175} INFO - Processing /home/airflow/.local/lib/python3.7/site-packages/airflow/example_dags/example_short_circuit_operator.py took 0.102 seconds
[2022-12-03T22:00:14.910+0000] {processor.py:153} INFO - Started process (PID=955) to work on /home/airflow/.local/lib/python3.7/site-packages/airflow/example_dags/example_short_circuit_operator.py
[2022-12-03T22:00:14.911+0000] {processor.py:743} INFO - Processing file /home/airflow/.local/lib/python3.7/site-packages/airflow/example_dags/example_short_circuit_operator.py for tasks to queue
[2022-12-03T22:00:14.911+0000] {logging_mixin.py:137} INFO - [2022-12-03T22:00:14.911+0000] {dagbag.py:538} INFO - Filling up the DagBag from /home/airflow/.local/lib/python3.7/site-packages/airflow/example_dags/example_short_circuit_operator.py
[2022-12-03T22:00:14.926+0000] {processor.py:753} INFO - DAG(s) dict_keys(['example_short_circuit_operator']) retrieved from /home/airflow/.local/lib/python3.7/site-packages/airflow/example_dags/example_short_circuit_operator.py
[2022-12-03T22:00:14.962+0000] {logging_mixin.py:137} INFO - [2022-12-03T22:00:14.962+0000] {dag.py:2676} INFO - Sync 1 DAGs
[2022-12-03T22:00:14.986+0000] {logging_mixin.py:137} INFO - [2022-12-03T22:00:14.986+0000] {dag.py:3427} INFO - Setting next_dagrun for example_short_circuit_operator to 2022-12-02T22:00:14.986178+00:00, run_after=2022-12-03T22:00:14.986178+00:00
[2022-12-03T22:00:15.003+0000] {processor.py:175} INFO - Processing /home/airflow/.local/lib/python3.7/site-packages/airflow/example_dags/example_short_circuit_operator.py took 0.095 seconds
[2022-12-03T22:00:45.514+0000] {processor.py:153} INFO - Started process (PID=1065) to work on /home/airflow/.local/lib/python3.7/site-packages/airflow/example_dags/example_short_circuit_operator.py
[2022-12-03T22:00:45.515+0000] {processor.py:743} INFO - Processing file /home/airflow/.local/lib/python3.7/site-packages/airflow/example_dags/example_short_circuit_operator.py for tasks to queue
[2022-12-03T22:00:45.516+0000] {logging_mixin.py:137} INFO - [2022-12-03T22:00:45.515+0000] {dagbag.py:538} INFO - Filling up the DagBag from /home/airflow/.local/lib/python3.7/site-packages/airflow/example_dags/example_short_circuit_operator.py
[2022-12-03T22:00:45.530+0000] {processor.py:753} INFO - DAG(s) dict_keys(['example_short_circuit_operator']) retrieved from /home/airflow/.local/lib/python3.7/site-packages/airflow/example_dags/example_short_circuit_operator.py
[2022-12-03T22:00:45.566+0000] {logging_mixin.py:137} INFO - [2022-12-03T22:00:45.566+0000] {dag.py:2676} INFO - Sync 1 DAGs
[2022-12-03T22:00:45.590+0000] {logging_mixin.py:137} INFO - [2022-12-03T22:00:45.590+0000] {dag.py:3427} INFO - Setting next_dagrun for example_short_circuit_operator to 2022-12-02T22:00:45.590396+00:00, run_after=2022-12-03T22:00:45.590396+00:00
[2022-12-03T22:00:45.607+0000] {processor.py:175} INFO - Processing /home/airflow/.local/lib/python3.7/site-packages/airflow/example_dags/example_short_circuit_operator.py took 0.095 seconds
[2022-12-03T22:01:16.068+0000] {processor.py:153} INFO - Started process (PID=1151) to work on /home/airflow/.local/lib/python3.7/site-packages/airflow/example_dags/example_short_circuit_operator.py
[2022-12-03T22:01:16.069+0000] {processor.py:743} INFO - Processing file /home/airflow/.local/lib/python3.7/site-packages/airflow/example_dags/example_short_circuit_operator.py for tasks to queue
[2022-12-03T22:01:16.069+0000] {logging_mixin.py:137} INFO - [2022-12-03T22:01:16.069+0000] {dagbag.py:538} INFO - Filling up the DagBag from /home/airflow/.local/lib/python3.7/site-packages/airflow/example_dags/example_short_circuit_operator.py
[2022-12-03T22:01:16.084+0000] {processor.py:753} INFO - DAG(s) dict_keys(['example_short_circuit_operator']) retrieved from /home/airflow/.local/lib/python3.7/site-packages/airflow/example_dags/example_short_circuit_operator.py
[2022-12-03T22:01:16.121+0000] {logging_mixin.py:137} INFO - [2022-12-03T22:01:16.120+0000] {dag.py:2676} INFO - Sync 1 DAGs
[2022-12-03T22:01:16.145+0000] {logging_mixin.py:137} INFO - [2022-12-03T22:01:16.144+0000] {dag.py:3427} INFO - Setting next_dagrun for example_short_circuit_operator to 2022-12-02T22:01:16.144711+00:00, run_after=2022-12-03T22:01:16.144711+00:00
[2022-12-03T22:01:16.162+0000] {processor.py:175} INFO - Processing /home/airflow/.local/lib/python3.7/site-packages/airflow/example_dags/example_short_circuit_operator.py took 0.096 seconds
[2022-12-03T22:01:46.770+0000] {processor.py:153} INFO - Started process (PID=1261) to work on /home/airflow/.local/lib/python3.7/site-packages/airflow/example_dags/example_short_circuit_operator.py
[2022-12-03T22:01:46.770+0000] {processor.py:743} INFO - Processing file /home/airflow/.local/lib/python3.7/site-packages/airflow/example_dags/example_short_circuit_operator.py for tasks to queue
[2022-12-03T22:01:46.771+0000] {logging_mixin.py:137} INFO - [2022-12-03T22:01:46.771+0000] {dagbag.py:538} INFO - Filling up the DagBag from /home/airflow/.local/lib/python3.7/site-packages/airflow/example_dags/example_short_circuit_operator.py
[2022-12-03T22:01:46.787+0000] {processor.py:753} INFO - DAG(s) dict_keys(['example_short_circuit_operator']) retrieved from /home/airflow/.local/lib/python3.7/site-packages/airflow/example_dags/example_short_circuit_operator.py
[2022-12-03T22:01:46.825+0000] {logging_mixin.py:137} INFO - [2022-12-03T22:01:46.824+0000] {dag.py:2676} INFO - Sync 1 DAGs
[2022-12-03T22:01:46.849+0000] {logging_mixin.py:137} INFO - [2022-12-03T22:01:46.849+0000] {dag.py:3427} INFO - Setting next_dagrun for example_short_circuit_operator to 2022-12-02T22:01:46.849224+00:00, run_after=2022-12-03T22:01:46.849224+00:00
[2022-12-03T22:01:46.867+0000] {processor.py:175} INFO - Processing /home/airflow/.local/lib/python3.7/site-packages/airflow/example_dags/example_short_circuit_operator.py took 0.100 seconds
[2022-12-03T22:02:17.209+0000] {processor.py:153} INFO - Started process (PID=1347) to work on /home/airflow/.local/lib/python3.7/site-packages/airflow/example_dags/example_short_circuit_operator.py
[2022-12-03T22:02:17.210+0000] {processor.py:743} INFO - Processing file /home/airflow/.local/lib/python3.7/site-packages/airflow/example_dags/example_short_circuit_operator.py for tasks to queue
[2022-12-03T22:02:17.210+0000] {logging_mixin.py:137} INFO - [2022-12-03T22:02:17.210+0000] {dagbag.py:538} INFO - Filling up the DagBag from /home/airflow/.local/lib/python3.7/site-packages/airflow/example_dags/example_short_circuit_operator.py
[2022-12-03T22:02:17.225+0000] {processor.py:753} INFO - DAG(s) dict_keys(['example_short_circuit_operator']) retrieved from /home/airflow/.local/lib/python3.7/site-packages/airflow/example_dags/example_short_circuit_operator.py
[2022-12-03T22:02:17.262+0000] {logging_mixin.py:137} INFO - [2022-12-03T22:02:17.262+0000] {dag.py:2676} INFO - Sync 1 DAGs
[2022-12-03T22:02:17.288+0000] {logging_mixin.py:137} INFO - [2022-12-03T22:02:17.288+0000] {dag.py:3427} INFO - Setting next_dagrun for example_short_circuit_operator to 2022-12-02T22:02:17.288099+00:00, run_after=2022-12-03T22:02:17.288099+00:00
[2022-12-03T22:02:17.304+0000] {processor.py:175} INFO - Processing /home/airflow/.local/lib/python3.7/site-packages/airflow/example_dags/example_short_circuit_operator.py took 0.098 seconds
