[2022-12-03T21:55:36.722+0000] {processor.py:153} INFO - Started process (PID=76) to work on /home/airflow/.local/lib/python3.7/site-packages/airflow/example_dags/example_branch_labels.py
[2022-12-03T21:55:36.723+0000] {processor.py:743} INFO - Processing file /home/airflow/.local/lib/python3.7/site-packages/airflow/example_dags/example_branch_labels.py for tasks to queue
[2022-12-03T21:55:36.723+0000] {logging_mixin.py:137} INFO - [2022-12-03T21:55:36.723+0000] {dagbag.py:538} INFO - Filling up the DagBag from /home/airflow/.local/lib/python3.7/site-packages/airflow/example_dags/example_branch_labels.py
[2022-12-03T21:55:36.784+0000] {processor.py:753} INFO - DAG(s) dict_keys(['example_branch_labels']) retrieved from /home/airflow/.local/lib/python3.7/site-packages/airflow/example_dags/example_branch_labels.py
[2022-12-03T21:55:36.820+0000] {logging_mixin.py:137} INFO - [2022-12-03T21:55:36.820+0000] {dag.py:2676} INFO - Sync 1 DAGs
[2022-12-03T21:55:36.901+0000] {logging_mixin.py:137} INFO - [2022-12-03T21:55:36.901+0000] {dag.py:3427} INFO - Setting next_dagrun for example_branch_labels to 2022-12-02T00:00:00+00:00, run_after=2022-12-03T00:00:00+00:00
[2022-12-03T21:55:36.920+0000] {processor.py:175} INFO - Processing /home/airflow/.local/lib/python3.7/site-packages/airflow/example_dags/example_branch_labels.py took 0.201 seconds
[2022-12-03T21:56:07.579+0000] {processor.py:153} INFO - Started process (PID=177) to work on /home/airflow/.local/lib/python3.7/site-packages/airflow/example_dags/example_branch_labels.py
[2022-12-03T21:56:07.579+0000] {processor.py:743} INFO - Processing file /home/airflow/.local/lib/python3.7/site-packages/airflow/example_dags/example_branch_labels.py for tasks to queue
[2022-12-03T21:56:07.580+0000] {logging_mixin.py:137} INFO - [2022-12-03T21:56:07.580+0000] {dagbag.py:538} INFO - Filling up the DagBag from /home/airflow/.local/lib/python3.7/site-packages/airflow/example_dags/example_branch_labels.py
[2022-12-03T21:56:07.594+0000] {processor.py:753} INFO - DAG(s) dict_keys(['example_branch_labels']) retrieved from /home/airflow/.local/lib/python3.7/site-packages/airflow/example_dags/example_branch_labels.py
[2022-12-03T21:56:07.628+0000] {logging_mixin.py:137} INFO - [2022-12-03T21:56:07.627+0000] {dag.py:2676} INFO - Sync 1 DAGs
[2022-12-03T21:56:07.655+0000] {logging_mixin.py:137} INFO - [2022-12-03T21:56:07.655+0000] {dag.py:3427} INFO - Setting next_dagrun for example_branch_labels to 2022-12-02T00:00:00+00:00, run_after=2022-12-03T00:00:00+00:00
[2022-12-03T21:56:07.672+0000] {processor.py:175} INFO - Processing /home/airflow/.local/lib/python3.7/site-packages/airflow/example_dags/example_branch_labels.py took 0.096 seconds
[2022-12-03T21:56:38.015+0000] {processor.py:153} INFO - Started process (PID=263) to work on /home/airflow/.local/lib/python3.7/site-packages/airflow/example_dags/example_branch_labels.py
[2022-12-03T21:56:38.015+0000] {processor.py:743} INFO - Processing file /home/airflow/.local/lib/python3.7/site-packages/airflow/example_dags/example_branch_labels.py for tasks to queue
[2022-12-03T21:56:38.016+0000] {logging_mixin.py:137} INFO - [2022-12-03T21:56:38.016+0000] {dagbag.py:538} INFO - Filling up the DagBag from /home/airflow/.local/lib/python3.7/site-packages/airflow/example_dags/example_branch_labels.py
[2022-12-03T21:56:38.030+0000] {processor.py:753} INFO - DAG(s) dict_keys(['example_branch_labels']) retrieved from /home/airflow/.local/lib/python3.7/site-packages/airflow/example_dags/example_branch_labels.py
[2022-12-03T21:56:38.063+0000] {logging_mixin.py:137} INFO - [2022-12-03T21:56:38.063+0000] {dag.py:2676} INFO - Sync 1 DAGs
[2022-12-03T21:56:38.090+0000] {logging_mixin.py:137} INFO - [2022-12-03T21:56:38.090+0000] {dag.py:3427} INFO - Setting next_dagrun for example_branch_labels to 2022-12-02T00:00:00+00:00, run_after=2022-12-03T00:00:00+00:00
[2022-12-03T21:56:38.106+0000] {processor.py:175} INFO - Processing /home/airflow/.local/lib/python3.7/site-packages/airflow/example_dags/example_branch_labels.py took 0.095 seconds
[2022-12-03T21:57:08.551+0000] {processor.py:153} INFO - Started process (PID=349) to work on /home/airflow/.local/lib/python3.7/site-packages/airflow/example_dags/example_branch_labels.py
[2022-12-03T21:57:08.552+0000] {processor.py:743} INFO - Processing file /home/airflow/.local/lib/python3.7/site-packages/airflow/example_dags/example_branch_labels.py for tasks to queue
[2022-12-03T21:57:08.552+0000] {logging_mixin.py:137} INFO - [2022-12-03T21:57:08.552+0000] {dagbag.py:538} INFO - Filling up the DagBag from /home/airflow/.local/lib/python3.7/site-packages/airflow/example_dags/example_branch_labels.py
[2022-12-03T21:57:08.566+0000] {processor.py:753} INFO - DAG(s) dict_keys(['example_branch_labels']) retrieved from /home/airflow/.local/lib/python3.7/site-packages/airflow/example_dags/example_branch_labels.py
[2022-12-03T21:57:08.601+0000] {logging_mixin.py:137} INFO - [2022-12-03T21:57:08.601+0000] {dag.py:2676} INFO - Sync 1 DAGs
[2022-12-03T21:57:08.625+0000] {logging_mixin.py:137} INFO - [2022-12-03T21:57:08.625+0000] {dag.py:3427} INFO - Setting next_dagrun for example_branch_labels to 2022-12-02T00:00:00+00:00, run_after=2022-12-03T00:00:00+00:00
[2022-12-03T21:57:08.641+0000] {processor.py:175} INFO - Processing /home/airflow/.local/lib/python3.7/site-packages/airflow/example_dags/example_branch_labels.py took 0.092 seconds
[2022-12-03T21:57:38.942+0000] {processor.py:153} INFO - Started process (PID=459) to work on /home/airflow/.local/lib/python3.7/site-packages/airflow/example_dags/example_branch_labels.py
[2022-12-03T21:57:38.943+0000] {processor.py:743} INFO - Processing file /home/airflow/.local/lib/python3.7/site-packages/airflow/example_dags/example_branch_labels.py for tasks to queue
[2022-12-03T21:57:38.943+0000] {logging_mixin.py:137} INFO - [2022-12-03T21:57:38.943+0000] {dagbag.py:538} INFO - Filling up the DagBag from /home/airflow/.local/lib/python3.7/site-packages/airflow/example_dags/example_branch_labels.py
[2022-12-03T21:57:38.958+0000] {processor.py:753} INFO - DAG(s) dict_keys(['example_branch_labels']) retrieved from /home/airflow/.local/lib/python3.7/site-packages/airflow/example_dags/example_branch_labels.py
[2022-12-03T21:57:38.991+0000] {logging_mixin.py:137} INFO - [2022-12-03T21:57:38.991+0000] {dag.py:2676} INFO - Sync 1 DAGs
[2022-12-03T21:57:39.016+0000] {logging_mixin.py:137} INFO - [2022-12-03T21:57:39.016+0000] {dag.py:3427} INFO - Setting next_dagrun for example_branch_labels to 2022-12-02T00:00:00+00:00, run_after=2022-12-03T00:00:00+00:00
[2022-12-03T21:57:39.032+0000] {processor.py:175} INFO - Processing /home/airflow/.local/lib/python3.7/site-packages/airflow/example_dags/example_branch_labels.py took 0.094 seconds
[2022-12-03T21:58:09.422+0000] {processor.py:153} INFO - Started process (PID=546) to work on /home/airflow/.local/lib/python3.7/site-packages/airflow/example_dags/example_branch_labels.py
[2022-12-03T21:58:09.423+0000] {processor.py:743} INFO - Processing file /home/airflow/.local/lib/python3.7/site-packages/airflow/example_dags/example_branch_labels.py for tasks to queue
[2022-12-03T21:58:09.424+0000] {logging_mixin.py:137} INFO - [2022-12-03T21:58:09.423+0000] {dagbag.py:538} INFO - Filling up the DagBag from /home/airflow/.local/lib/python3.7/site-packages/airflow/example_dags/example_branch_labels.py
[2022-12-03T21:58:09.437+0000] {processor.py:753} INFO - DAG(s) dict_keys(['example_branch_labels']) retrieved from /home/airflow/.local/lib/python3.7/site-packages/airflow/example_dags/example_branch_labels.py
[2022-12-03T21:58:09.471+0000] {logging_mixin.py:137} INFO - [2022-12-03T21:58:09.471+0000] {dag.py:2676} INFO - Sync 1 DAGs
[2022-12-03T21:58:09.498+0000] {logging_mixin.py:137} INFO - [2022-12-03T21:58:09.498+0000] {dag.py:3427} INFO - Setting next_dagrun for example_branch_labels to 2022-12-02T00:00:00+00:00, run_after=2022-12-03T00:00:00+00:00
[2022-12-03T21:58:09.514+0000] {processor.py:175} INFO - Processing /home/airflow/.local/lib/python3.7/site-packages/airflow/example_dags/example_branch_labels.py took 0.095 seconds
[2022-12-03T21:58:39.941+0000] {processor.py:153} INFO - Started process (PID=656) to work on /home/airflow/.local/lib/python3.7/site-packages/airflow/example_dags/example_branch_labels.py
[2022-12-03T21:58:39.942+0000] {processor.py:743} INFO - Processing file /home/airflow/.local/lib/python3.7/site-packages/airflow/example_dags/example_branch_labels.py for tasks to queue
[2022-12-03T21:58:39.943+0000] {logging_mixin.py:137} INFO - [2022-12-03T21:58:39.942+0000] {dagbag.py:538} INFO - Filling up the DagBag from /home/airflow/.local/lib/python3.7/site-packages/airflow/example_dags/example_branch_labels.py
[2022-12-03T21:58:39.957+0000] {processor.py:753} INFO - DAG(s) dict_keys(['example_branch_labels']) retrieved from /home/airflow/.local/lib/python3.7/site-packages/airflow/example_dags/example_branch_labels.py
[2022-12-03T21:58:39.992+0000] {logging_mixin.py:137} INFO - [2022-12-03T21:58:39.992+0000] {dag.py:2676} INFO - Sync 1 DAGs
[2022-12-03T21:58:40.019+0000] {logging_mixin.py:137} INFO - [2022-12-03T21:58:40.019+0000] {dag.py:3427} INFO - Setting next_dagrun for example_branch_labels to 2022-12-02T00:00:00+00:00, run_after=2022-12-03T00:00:00+00:00
[2022-12-03T21:58:40.035+0000] {processor.py:175} INFO - Processing /home/airflow/.local/lib/python3.7/site-packages/airflow/example_dags/example_branch_labels.py took 0.096 seconds
[2022-12-03T21:59:10.298+0000] {processor.py:153} INFO - Started process (PID=742) to work on /home/airflow/.local/lib/python3.7/site-packages/airflow/example_dags/example_branch_labels.py
[2022-12-03T21:59:10.299+0000] {processor.py:743} INFO - Processing file /home/airflow/.local/lib/python3.7/site-packages/airflow/example_dags/example_branch_labels.py for tasks to queue
[2022-12-03T21:59:10.300+0000] {logging_mixin.py:137} INFO - [2022-12-03T21:59:10.299+0000] {dagbag.py:538} INFO - Filling up the DagBag from /home/airflow/.local/lib/python3.7/site-packages/airflow/example_dags/example_branch_labels.py
[2022-12-03T21:59:10.315+0000] {processor.py:753} INFO - DAG(s) dict_keys(['example_branch_labels']) retrieved from /home/airflow/.local/lib/python3.7/site-packages/airflow/example_dags/example_branch_labels.py
[2022-12-03T21:59:10.350+0000] {logging_mixin.py:137} INFO - [2022-12-03T21:59:10.350+0000] {dag.py:2676} INFO - Sync 1 DAGs
[2022-12-03T21:59:10.375+0000] {logging_mixin.py:137} INFO - [2022-12-03T21:59:10.375+0000] {dag.py:3427} INFO - Setting next_dagrun for example_branch_labels to 2022-12-02T00:00:00+00:00, run_after=2022-12-03T00:00:00+00:00
[2022-12-03T21:59:10.392+0000] {processor.py:175} INFO - Processing /home/airflow/.local/lib/python3.7/site-packages/airflow/example_dags/example_branch_labels.py took 0.097 seconds
[2022-12-03T21:59:41.064+0000] {processor.py:153} INFO - Started process (PID=852) to work on /home/airflow/.local/lib/python3.7/site-packages/airflow/example_dags/example_branch_labels.py
[2022-12-03T21:59:41.065+0000] {processor.py:743} INFO - Processing file /home/airflow/.local/lib/python3.7/site-packages/airflow/example_dags/example_branch_labels.py for tasks to queue
[2022-12-03T21:59:41.066+0000] {logging_mixin.py:137} INFO - [2022-12-03T21:59:41.066+0000] {dagbag.py:538} INFO - Filling up the DagBag from /home/airflow/.local/lib/python3.7/site-packages/airflow/example_dags/example_branch_labels.py
[2022-12-03T21:59:41.080+0000] {processor.py:753} INFO - DAG(s) dict_keys(['example_branch_labels']) retrieved from /home/airflow/.local/lib/python3.7/site-packages/airflow/example_dags/example_branch_labels.py
[2022-12-03T21:59:41.116+0000] {logging_mixin.py:137} INFO - [2022-12-03T21:59:41.116+0000] {dag.py:2676} INFO - Sync 1 DAGs
[2022-12-03T21:59:41.141+0000] {logging_mixin.py:137} INFO - [2022-12-03T21:59:41.141+0000] {dag.py:3427} INFO - Setting next_dagrun for example_branch_labels to 2022-12-02T00:00:00+00:00, run_after=2022-12-03T00:00:00+00:00
[2022-12-03T21:59:41.157+0000] {processor.py:175} INFO - Processing /home/airflow/.local/lib/python3.7/site-packages/airflow/example_dags/example_branch_labels.py took 0.096 seconds
[2022-12-03T22:00:11.644+0000] {processor.py:153} INFO - Started process (PID=938) to work on /home/airflow/.local/lib/python3.7/site-packages/airflow/example_dags/example_branch_labels.py
[2022-12-03T22:00:11.645+0000] {processor.py:743} INFO - Processing file /home/airflow/.local/lib/python3.7/site-packages/airflow/example_dags/example_branch_labels.py for tasks to queue
[2022-12-03T22:00:11.645+0000] {logging_mixin.py:137} INFO - [2022-12-03T22:00:11.645+0000] {dagbag.py:538} INFO - Filling up the DagBag from /home/airflow/.local/lib/python3.7/site-packages/airflow/example_dags/example_branch_labels.py
[2022-12-03T22:00:11.658+0000] {processor.py:753} INFO - DAG(s) dict_keys(['example_branch_labels']) retrieved from /home/airflow/.local/lib/python3.7/site-packages/airflow/example_dags/example_branch_labels.py
[2022-12-03T22:00:11.691+0000] {logging_mixin.py:137} INFO - [2022-12-03T22:00:11.690+0000] {dag.py:2676} INFO - Sync 1 DAGs
[2022-12-03T22:00:11.717+0000] {logging_mixin.py:137} INFO - [2022-12-03T22:00:11.717+0000] {dag.py:3427} INFO - Setting next_dagrun for example_branch_labels to 2022-12-02T00:00:00+00:00, run_after=2022-12-03T00:00:00+00:00
[2022-12-03T22:00:11.734+0000] {processor.py:175} INFO - Processing /home/airflow/.local/lib/python3.7/site-packages/airflow/example_dags/example_branch_labels.py took 0.092 seconds
[2022-12-03T22:00:42.202+0000] {processor.py:153} INFO - Started process (PID=1033) to work on /home/airflow/.local/lib/python3.7/site-packages/airflow/example_dags/example_branch_labels.py
[2022-12-03T22:00:42.203+0000] {processor.py:743} INFO - Processing file /home/airflow/.local/lib/python3.7/site-packages/airflow/example_dags/example_branch_labels.py for tasks to queue
[2022-12-03T22:00:42.203+0000] {logging_mixin.py:137} INFO - [2022-12-03T22:00:42.203+0000] {dagbag.py:538} INFO - Filling up the DagBag from /home/airflow/.local/lib/python3.7/site-packages/airflow/example_dags/example_branch_labels.py
[2022-12-03T22:00:42.220+0000] {processor.py:753} INFO - DAG(s) dict_keys(['example_branch_labels']) retrieved from /home/airflow/.local/lib/python3.7/site-packages/airflow/example_dags/example_branch_labels.py
[2022-12-03T22:00:42.390+0000] {logging_mixin.py:137} INFO - [2022-12-03T22:00:42.389+0000] {dag.py:2676} INFO - Sync 1 DAGs
[2022-12-03T22:00:42.416+0000] {logging_mixin.py:137} INFO - [2022-12-03T22:00:42.416+0000] {dag.py:3427} INFO - Setting next_dagrun for example_branch_labels to 2022-12-02T00:00:00+00:00, run_after=2022-12-03T00:00:00+00:00
[2022-12-03T22:00:42.433+0000] {processor.py:175} INFO - Processing /home/airflow/.local/lib/python3.7/site-packages/airflow/example_dags/example_branch_labels.py took 0.234 seconds
[2022-12-03T22:01:12.570+0000] {processor.py:153} INFO - Started process (PID=1134) to work on /home/airflow/.local/lib/python3.7/site-packages/airflow/example_dags/example_branch_labels.py
[2022-12-03T22:01:12.571+0000] {processor.py:743} INFO - Processing file /home/airflow/.local/lib/python3.7/site-packages/airflow/example_dags/example_branch_labels.py for tasks to queue
[2022-12-03T22:01:12.571+0000] {logging_mixin.py:137} INFO - [2022-12-03T22:01:12.571+0000] {dagbag.py:538} INFO - Filling up the DagBag from /home/airflow/.local/lib/python3.7/site-packages/airflow/example_dags/example_branch_labels.py
[2022-12-03T22:01:12.587+0000] {processor.py:753} INFO - DAG(s) dict_keys(['example_branch_labels']) retrieved from /home/airflow/.local/lib/python3.7/site-packages/airflow/example_dags/example_branch_labels.py
[2022-12-03T22:01:12.624+0000] {logging_mixin.py:137} INFO - [2022-12-03T22:01:12.624+0000] {dag.py:2676} INFO - Sync 1 DAGs
[2022-12-03T22:01:12.650+0000] {logging_mixin.py:137} INFO - [2022-12-03T22:01:12.650+0000] {dag.py:3427} INFO - Setting next_dagrun for example_branch_labels to 2022-12-02T00:00:00+00:00, run_after=2022-12-03T00:00:00+00:00
[2022-12-03T22:01:12.667+0000] {processor.py:175} INFO - Processing /home/airflow/.local/lib/python3.7/site-packages/airflow/example_dags/example_branch_labels.py took 0.100 seconds
[2022-12-03T22:01:43.475+0000] {processor.py:153} INFO - Started process (PID=1227) to work on /home/airflow/.local/lib/python3.7/site-packages/airflow/example_dags/example_branch_labels.py
[2022-12-03T22:01:43.475+0000] {processor.py:743} INFO - Processing file /home/airflow/.local/lib/python3.7/site-packages/airflow/example_dags/example_branch_labels.py for tasks to queue
[2022-12-03T22:01:43.476+0000] {logging_mixin.py:137} INFO - [2022-12-03T22:01:43.476+0000] {dagbag.py:538} INFO - Filling up the DagBag from /home/airflow/.local/lib/python3.7/site-packages/airflow/example_dags/example_branch_labels.py
[2022-12-03T22:01:43.489+0000] {processor.py:753} INFO - DAG(s) dict_keys(['example_branch_labels']) retrieved from /home/airflow/.local/lib/python3.7/site-packages/airflow/example_dags/example_branch_labels.py
[2022-12-03T22:01:43.523+0000] {logging_mixin.py:137} INFO - [2022-12-03T22:01:43.522+0000] {dag.py:2676} INFO - Sync 1 DAGs
[2022-12-03T22:01:43.547+0000] {logging_mixin.py:137} INFO - [2022-12-03T22:01:43.547+0000] {dag.py:3427} INFO - Setting next_dagrun for example_branch_labels to 2022-12-02T00:00:00+00:00, run_after=2022-12-03T00:00:00+00:00
[2022-12-03T22:01:43.563+0000] {processor.py:175} INFO - Processing /home/airflow/.local/lib/python3.7/site-packages/airflow/example_dags/example_branch_labels.py took 0.091 seconds
[2022-12-03T22:02:13.910+0000] {processor.py:153} INFO - Started process (PID=1330) to work on /home/airflow/.local/lib/python3.7/site-packages/airflow/example_dags/example_branch_labels.py
[2022-12-03T22:02:13.911+0000] {processor.py:743} INFO - Processing file /home/airflow/.local/lib/python3.7/site-packages/airflow/example_dags/example_branch_labels.py for tasks to queue
[2022-12-03T22:02:13.911+0000] {logging_mixin.py:137} INFO - [2022-12-03T22:02:13.911+0000] {dagbag.py:538} INFO - Filling up the DagBag from /home/airflow/.local/lib/python3.7/site-packages/airflow/example_dags/example_branch_labels.py
[2022-12-03T22:02:13.925+0000] {processor.py:753} INFO - DAG(s) dict_keys(['example_branch_labels']) retrieved from /home/airflow/.local/lib/python3.7/site-packages/airflow/example_dags/example_branch_labels.py
[2022-12-03T22:02:13.958+0000] {logging_mixin.py:137} INFO - [2022-12-03T22:02:13.958+0000] {dag.py:2676} INFO - Sync 1 DAGs
[2022-12-03T22:02:13.985+0000] {logging_mixin.py:137} INFO - [2022-12-03T22:02:13.984+0000] {dag.py:3427} INFO - Setting next_dagrun for example_branch_labels to 2022-12-02T00:00:00+00:00, run_after=2022-12-03T00:00:00+00:00
[2022-12-03T22:02:14.001+0000] {processor.py:175} INFO - Processing /home/airflow/.local/lib/python3.7/site-packages/airflow/example_dags/example_branch_labels.py took 0.094 seconds
[2022-12-03T22:24:11.151+0000] {processor.py:153} INFO - Started process (PID=5484) to work on /home/airflow/.local/lib/python3.7/site-packages/airflow/example_dags/example_branch_labels.py
[2022-12-03T22:24:11.151+0000] {processor.py:743} INFO - Processing file /home/airflow/.local/lib/python3.7/site-packages/airflow/example_dags/example_branch_labels.py for tasks to queue
[2022-12-03T22:24:11.152+0000] {logging_mixin.py:137} INFO - [2022-12-03T22:24:11.152+0000] {dagbag.py:538} INFO - Filling up the DagBag from /home/airflow/.local/lib/python3.7/site-packages/airflow/example_dags/example_branch_labels.py
[2022-12-03T22:24:11.166+0000] {processor.py:753} INFO - DAG(s) dict_keys(['example_branch_labels']) retrieved from /home/airflow/.local/lib/python3.7/site-packages/airflow/example_dags/example_branch_labels.py
[2022-12-03T22:24:11.202+0000] {logging_mixin.py:137} INFO - [2022-12-03T22:24:11.202+0000] {dag.py:2676} INFO - Sync 1 DAGs
[2022-12-03T22:24:11.229+0000] {logging_mixin.py:137} INFO - [2022-12-03T22:24:11.229+0000] {dag.py:3427} INFO - Setting next_dagrun for example_branch_labels to 2022-12-02T00:00:00+00:00, run_after=2022-12-03T00:00:00+00:00
[2022-12-03T22:24:11.247+0000] {processor.py:175} INFO - Processing /home/airflow/.local/lib/python3.7/site-packages/airflow/example_dags/example_branch_labels.py took 0.099 seconds
