[2022-12-03T21:55:37.901+0000] {processor.py:153} INFO - Started process (PID=98) to work on /home/airflow/.local/lib/python3.7/site-packages/airflow/example_dags/example_external_task_marker_dag.py
[2022-12-03T21:55:37.902+0000] {processor.py:743} INFO - Processing file /home/airflow/.local/lib/python3.7/site-packages/airflow/example_dags/example_external_task_marker_dag.py for tasks to queue
[2022-12-03T21:55:37.903+0000] {logging_mixin.py:137} INFO - [2022-12-03T21:55:37.903+0000] {dagbag.py:538} INFO - Filling up the DagBag from /home/airflow/.local/lib/python3.7/site-packages/airflow/example_dags/example_external_task_marker_dag.py
[2022-12-03T21:55:37.918+0000] {processor.py:753} INFO - DAG(s) dict_keys(['example_external_task_marker_parent', 'example_external_task_marker_child']) retrieved from /home/airflow/.local/lib/python3.7/site-packages/airflow/example_dags/example_external_task_marker_dag.py
[2022-12-03T21:55:38.004+0000] {logging_mixin.py:137} INFO - [2022-12-03T21:55:38.004+0000] {dag.py:2676} INFO - Sync 2 DAGs
[2022-12-03T21:55:38.088+0000] {logging_mixin.py:137} INFO - [2022-12-03T21:55:38.088+0000] {dag.py:3427} INFO - Setting next_dagrun for example_external_task_marker_child to None, run_after=None
[2022-12-03T21:55:38.093+0000] {logging_mixin.py:137} INFO - [2022-12-03T21:55:38.093+0000] {dag.py:3427} INFO - Setting next_dagrun for example_external_task_marker_parent to None, run_after=None
[2022-12-03T21:55:38.115+0000] {processor.py:175} INFO - Processing /home/airflow/.local/lib/python3.7/site-packages/airflow/example_dags/example_external_task_marker_dag.py took 0.216 seconds
[2022-12-03T21:56:09.003+0000] {processor.py:153} INFO - Started process (PID=184) to work on /home/airflow/.local/lib/python3.7/site-packages/airflow/example_dags/example_external_task_marker_dag.py
[2022-12-03T21:56:09.004+0000] {processor.py:743} INFO - Processing file /home/airflow/.local/lib/python3.7/site-packages/airflow/example_dags/example_external_task_marker_dag.py for tasks to queue
[2022-12-03T21:56:09.004+0000] {logging_mixin.py:137} INFO - [2022-12-03T21:56:09.004+0000] {dagbag.py:538} INFO - Filling up the DagBag from /home/airflow/.local/lib/python3.7/site-packages/airflow/example_dags/example_external_task_marker_dag.py
[2022-12-03T21:56:09.018+0000] {processor.py:753} INFO - DAG(s) dict_keys(['example_external_task_marker_parent', 'example_external_task_marker_child']) retrieved from /home/airflow/.local/lib/python3.7/site-packages/airflow/example_dags/example_external_task_marker_dag.py
[2022-12-03T21:56:09.090+0000] {logging_mixin.py:137} INFO - [2022-12-03T21:56:09.090+0000] {dag.py:2676} INFO - Sync 2 DAGs
[2022-12-03T21:56:09.112+0000] {logging_mixin.py:137} INFO - [2022-12-03T21:56:09.112+0000] {dag.py:3427} INFO - Setting next_dagrun for example_external_task_marker_child to None, run_after=None
[2022-12-03T21:56:09.115+0000] {logging_mixin.py:137} INFO - [2022-12-03T21:56:09.114+0000] {dag.py:3427} INFO - Setting next_dagrun for example_external_task_marker_parent to None, run_after=None
[2022-12-03T21:56:09.130+0000] {processor.py:175} INFO - Processing /home/airflow/.local/lib/python3.7/site-packages/airflow/example_dags/example_external_task_marker_dag.py took 0.130 seconds
[2022-12-03T21:56:39.537+0000] {processor.py:153} INFO - Started process (PID=270) to work on /home/airflow/.local/lib/python3.7/site-packages/airflow/example_dags/example_external_task_marker_dag.py
[2022-12-03T21:56:39.538+0000] {processor.py:743} INFO - Processing file /home/airflow/.local/lib/python3.7/site-packages/airflow/example_dags/example_external_task_marker_dag.py for tasks to queue
[2022-12-03T21:56:39.538+0000] {logging_mixin.py:137} INFO - [2022-12-03T21:56:39.538+0000] {dagbag.py:538} INFO - Filling up the DagBag from /home/airflow/.local/lib/python3.7/site-packages/airflow/example_dags/example_external_task_marker_dag.py
[2022-12-03T21:56:39.551+0000] {processor.py:753} INFO - DAG(s) dict_keys(['example_external_task_marker_parent', 'example_external_task_marker_child']) retrieved from /home/airflow/.local/lib/python3.7/site-packages/airflow/example_dags/example_external_task_marker_dag.py
[2022-12-03T21:56:39.587+0000] {logging_mixin.py:137} INFO - [2022-12-03T21:56:39.587+0000] {dag.py:2676} INFO - Sync 2 DAGs
[2022-12-03T21:56:39.611+0000] {logging_mixin.py:137} INFO - [2022-12-03T21:56:39.611+0000] {dag.py:3427} INFO - Setting next_dagrun for example_external_task_marker_child to None, run_after=None
[2022-12-03T21:56:39.614+0000] {logging_mixin.py:137} INFO - [2022-12-03T21:56:39.614+0000] {dag.py:3427} INFO - Setting next_dagrun for example_external_task_marker_parent to None, run_after=None
[2022-12-03T21:56:39.629+0000] {processor.py:175} INFO - Processing /home/airflow/.local/lib/python3.7/site-packages/airflow/example_dags/example_external_task_marker_dag.py took 0.094 seconds
[2022-12-03T21:57:10.023+0000] {processor.py:153} INFO - Started process (PID=356) to work on /home/airflow/.local/lib/python3.7/site-packages/airflow/example_dags/example_external_task_marker_dag.py
[2022-12-03T21:57:10.023+0000] {processor.py:743} INFO - Processing file /home/airflow/.local/lib/python3.7/site-packages/airflow/example_dags/example_external_task_marker_dag.py for tasks to queue
[2022-12-03T21:57:10.024+0000] {logging_mixin.py:137} INFO - [2022-12-03T21:57:10.024+0000] {dagbag.py:538} INFO - Filling up the DagBag from /home/airflow/.local/lib/python3.7/site-packages/airflow/example_dags/example_external_task_marker_dag.py
[2022-12-03T21:57:10.036+0000] {processor.py:753} INFO - DAG(s) dict_keys(['example_external_task_marker_parent', 'example_external_task_marker_child']) retrieved from /home/airflow/.local/lib/python3.7/site-packages/airflow/example_dags/example_external_task_marker_dag.py
[2022-12-03T21:57:10.072+0000] {logging_mixin.py:137} INFO - [2022-12-03T21:57:10.072+0000] {dag.py:2676} INFO - Sync 2 DAGs
[2022-12-03T21:57:10.097+0000] {logging_mixin.py:137} INFO - [2022-12-03T21:57:10.097+0000] {dag.py:3427} INFO - Setting next_dagrun for example_external_task_marker_child to None, run_after=None
[2022-12-03T21:57:10.100+0000] {logging_mixin.py:137} INFO - [2022-12-03T21:57:10.100+0000] {dag.py:3427} INFO - Setting next_dagrun for example_external_task_marker_parent to None, run_after=None
[2022-12-03T21:57:10.114+0000] {processor.py:175} INFO - Processing /home/airflow/.local/lib/python3.7/site-packages/airflow/example_dags/example_external_task_marker_dag.py took 0.094 seconds
[2022-12-03T21:57:40.467+0000] {processor.py:153} INFO - Started process (PID=466) to work on /home/airflow/.local/lib/python3.7/site-packages/airflow/example_dags/example_external_task_marker_dag.py
[2022-12-03T21:57:40.468+0000] {processor.py:743} INFO - Processing file /home/airflow/.local/lib/python3.7/site-packages/airflow/example_dags/example_external_task_marker_dag.py for tasks to queue
[2022-12-03T21:57:40.469+0000] {logging_mixin.py:137} INFO - [2022-12-03T21:57:40.469+0000] {dagbag.py:538} INFO - Filling up the DagBag from /home/airflow/.local/lib/python3.7/site-packages/airflow/example_dags/example_external_task_marker_dag.py
[2022-12-03T21:57:40.481+0000] {processor.py:753} INFO - DAG(s) dict_keys(['example_external_task_marker_parent', 'example_external_task_marker_child']) retrieved from /home/airflow/.local/lib/python3.7/site-packages/airflow/example_dags/example_external_task_marker_dag.py
[2022-12-03T21:57:40.518+0000] {logging_mixin.py:137} INFO - [2022-12-03T21:57:40.518+0000] {dag.py:2676} INFO - Sync 2 DAGs
[2022-12-03T21:57:40.542+0000] {logging_mixin.py:137} INFO - [2022-12-03T21:57:40.542+0000] {dag.py:3427} INFO - Setting next_dagrun for example_external_task_marker_child to None, run_after=None
[2022-12-03T21:57:40.545+0000] {logging_mixin.py:137} INFO - [2022-12-03T21:57:40.545+0000] {dag.py:3427} INFO - Setting next_dagrun for example_external_task_marker_parent to None, run_after=None
[2022-12-03T21:57:40.560+0000] {processor.py:175} INFO - Processing /home/airflow/.local/lib/python3.7/site-packages/airflow/example_dags/example_external_task_marker_dag.py took 0.094 seconds
[2022-12-03T21:58:10.875+0000] {processor.py:153} INFO - Started process (PID=553) to work on /home/airflow/.local/lib/python3.7/site-packages/airflow/example_dags/example_external_task_marker_dag.py
[2022-12-03T21:58:10.875+0000] {processor.py:743} INFO - Processing file /home/airflow/.local/lib/python3.7/site-packages/airflow/example_dags/example_external_task_marker_dag.py for tasks to queue
[2022-12-03T21:58:10.876+0000] {logging_mixin.py:137} INFO - [2022-12-03T21:58:10.876+0000] {dagbag.py:538} INFO - Filling up the DagBag from /home/airflow/.local/lib/python3.7/site-packages/airflow/example_dags/example_external_task_marker_dag.py
[2022-12-03T21:58:10.888+0000] {processor.py:753} INFO - DAG(s) dict_keys(['example_external_task_marker_parent', 'example_external_task_marker_child']) retrieved from /home/airflow/.local/lib/python3.7/site-packages/airflow/example_dags/example_external_task_marker_dag.py
[2022-12-03T21:58:10.924+0000] {logging_mixin.py:137} INFO - [2022-12-03T21:58:10.924+0000] {dag.py:2676} INFO - Sync 2 DAGs
[2022-12-03T21:58:10.948+0000] {logging_mixin.py:137} INFO - [2022-12-03T21:58:10.948+0000] {dag.py:3427} INFO - Setting next_dagrun for example_external_task_marker_child to None, run_after=None
[2022-12-03T21:58:10.951+0000] {logging_mixin.py:137} INFO - [2022-12-03T21:58:10.951+0000] {dag.py:3427} INFO - Setting next_dagrun for example_external_task_marker_parent to None, run_after=None
[2022-12-03T21:58:10.966+0000] {processor.py:175} INFO - Processing /home/airflow/.local/lib/python3.7/site-packages/airflow/example_dags/example_external_task_marker_dag.py took 0.094 seconds
[2022-12-03T21:58:41.461+0000] {processor.py:153} INFO - Started process (PID=663) to work on /home/airflow/.local/lib/python3.7/site-packages/airflow/example_dags/example_external_task_marker_dag.py
[2022-12-03T21:58:41.462+0000] {processor.py:743} INFO - Processing file /home/airflow/.local/lib/python3.7/site-packages/airflow/example_dags/example_external_task_marker_dag.py for tasks to queue
[2022-12-03T21:58:41.462+0000] {logging_mixin.py:137} INFO - [2022-12-03T21:58:41.462+0000] {dagbag.py:538} INFO - Filling up the DagBag from /home/airflow/.local/lib/python3.7/site-packages/airflow/example_dags/example_external_task_marker_dag.py
[2022-12-03T21:58:41.475+0000] {processor.py:753} INFO - DAG(s) dict_keys(['example_external_task_marker_parent', 'example_external_task_marker_child']) retrieved from /home/airflow/.local/lib/python3.7/site-packages/airflow/example_dags/example_external_task_marker_dag.py
[2022-12-03T21:58:41.512+0000] {logging_mixin.py:137} INFO - [2022-12-03T21:58:41.512+0000] {dag.py:2676} INFO - Sync 2 DAGs
[2022-12-03T21:58:41.537+0000] {logging_mixin.py:137} INFO - [2022-12-03T21:58:41.537+0000] {dag.py:3427} INFO - Setting next_dagrun for example_external_task_marker_child to None, run_after=None
[2022-12-03T21:58:41.540+0000] {logging_mixin.py:137} INFO - [2022-12-03T21:58:41.540+0000] {dag.py:3427} INFO - Setting next_dagrun for example_external_task_marker_parent to None, run_after=None
[2022-12-03T21:58:41.556+0000] {processor.py:175} INFO - Processing /home/airflow/.local/lib/python3.7/site-packages/airflow/example_dags/example_external_task_marker_dag.py took 0.097 seconds
[2022-12-03T21:59:11.826+0000] {processor.py:153} INFO - Started process (PID=749) to work on /home/airflow/.local/lib/python3.7/site-packages/airflow/example_dags/example_external_task_marker_dag.py
[2022-12-03T21:59:11.827+0000] {processor.py:743} INFO - Processing file /home/airflow/.local/lib/python3.7/site-packages/airflow/example_dags/example_external_task_marker_dag.py for tasks to queue
[2022-12-03T21:59:11.827+0000] {logging_mixin.py:137} INFO - [2022-12-03T21:59:11.827+0000] {dagbag.py:538} INFO - Filling up the DagBag from /home/airflow/.local/lib/python3.7/site-packages/airflow/example_dags/example_external_task_marker_dag.py
[2022-12-03T21:59:11.878+0000] {processor.py:753} INFO - DAG(s) dict_keys(['example_external_task_marker_parent', 'example_external_task_marker_child']) retrieved from /home/airflow/.local/lib/python3.7/site-packages/airflow/example_dags/example_external_task_marker_dag.py
[2022-12-03T21:59:11.999+0000] {logging_mixin.py:137} INFO - [2022-12-03T21:59:11.999+0000] {dag.py:2676} INFO - Sync 2 DAGs
[2022-12-03T21:59:12.026+0000] {logging_mixin.py:137} INFO - [2022-12-03T21:59:12.026+0000] {dag.py:3427} INFO - Setting next_dagrun for example_external_task_marker_child to None, run_after=None
[2022-12-03T21:59:12.029+0000] {logging_mixin.py:137} INFO - [2022-12-03T21:59:12.029+0000] {dag.py:3427} INFO - Setting next_dagrun for example_external_task_marker_parent to None, run_after=None
[2022-12-03T21:59:12.045+0000] {processor.py:175} INFO - Processing /home/airflow/.local/lib/python3.7/site-packages/airflow/example_dags/example_external_task_marker_dag.py took 0.222 seconds
[2022-12-03T21:59:42.611+0000] {processor.py:153} INFO - Started process (PID=859) to work on /home/airflow/.local/lib/python3.7/site-packages/airflow/example_dags/example_external_task_marker_dag.py
[2022-12-03T21:59:42.611+0000] {processor.py:743} INFO - Processing file /home/airflow/.local/lib/python3.7/site-packages/airflow/example_dags/example_external_task_marker_dag.py for tasks to queue
[2022-12-03T21:59:42.612+0000] {logging_mixin.py:137} INFO - [2022-12-03T21:59:42.612+0000] {dagbag.py:538} INFO - Filling up the DagBag from /home/airflow/.local/lib/python3.7/site-packages/airflow/example_dags/example_external_task_marker_dag.py
[2022-12-03T21:59:42.624+0000] {processor.py:753} INFO - DAG(s) dict_keys(['example_external_task_marker_child', 'example_external_task_marker_parent']) retrieved from /home/airflow/.local/lib/python3.7/site-packages/airflow/example_dags/example_external_task_marker_dag.py
[2022-12-03T21:59:42.660+0000] {logging_mixin.py:137} INFO - [2022-12-03T21:59:42.660+0000] {dag.py:2676} INFO - Sync 2 DAGs
[2022-12-03T21:59:42.684+0000] {logging_mixin.py:137} INFO - [2022-12-03T21:59:42.684+0000] {dag.py:3427} INFO - Setting next_dagrun for example_external_task_marker_child to None, run_after=None
[2022-12-03T21:59:42.688+0000] {logging_mixin.py:137} INFO - [2022-12-03T21:59:42.688+0000] {dag.py:3427} INFO - Setting next_dagrun for example_external_task_marker_parent to None, run_after=None
[2022-12-03T21:59:42.704+0000] {processor.py:175} INFO - Processing /home/airflow/.local/lib/python3.7/site-packages/airflow/example_dags/example_external_task_marker_dag.py took 0.096 seconds
[2022-12-03T22:00:13.255+0000] {processor.py:153} INFO - Started process (PID=945) to work on /home/airflow/.local/lib/python3.7/site-packages/airflow/example_dags/example_external_task_marker_dag.py
[2022-12-03T22:00:13.256+0000] {processor.py:743} INFO - Processing file /home/airflow/.local/lib/python3.7/site-packages/airflow/example_dags/example_external_task_marker_dag.py for tasks to queue
[2022-12-03T22:00:13.256+0000] {logging_mixin.py:137} INFO - [2022-12-03T22:00:13.256+0000] {dagbag.py:538} INFO - Filling up the DagBag from /home/airflow/.local/lib/python3.7/site-packages/airflow/example_dags/example_external_task_marker_dag.py
[2022-12-03T22:00:13.268+0000] {processor.py:753} INFO - DAG(s) dict_keys(['example_external_task_marker_child', 'example_external_task_marker_parent']) retrieved from /home/airflow/.local/lib/python3.7/site-packages/airflow/example_dags/example_external_task_marker_dag.py
[2022-12-03T22:00:13.308+0000] {logging_mixin.py:137} INFO - [2022-12-03T22:00:13.308+0000] {dag.py:2676} INFO - Sync 2 DAGs
[2022-12-03T22:00:13.333+0000] {logging_mixin.py:137} INFO - [2022-12-03T22:00:13.333+0000] {dag.py:3427} INFO - Setting next_dagrun for example_external_task_marker_child to None, run_after=None
[2022-12-03T22:00:13.337+0000] {logging_mixin.py:137} INFO - [2022-12-03T22:00:13.337+0000] {dag.py:3427} INFO - Setting next_dagrun for example_external_task_marker_parent to None, run_after=None
[2022-12-03T22:00:13.353+0000] {processor.py:175} INFO - Processing /home/airflow/.local/lib/python3.7/site-packages/airflow/example_dags/example_external_task_marker_dag.py took 0.100 seconds
[2022-12-03T22:00:43.888+0000] {processor.py:153} INFO - Started process (PID=1055) to work on /home/airflow/.local/lib/python3.7/site-packages/airflow/example_dags/example_external_task_marker_dag.py
[2022-12-03T22:00:43.889+0000] {processor.py:743} INFO - Processing file /home/airflow/.local/lib/python3.7/site-packages/airflow/example_dags/example_external_task_marker_dag.py for tasks to queue
[2022-12-03T22:00:43.890+0000] {logging_mixin.py:137} INFO - [2022-12-03T22:00:43.889+0000] {dagbag.py:538} INFO - Filling up the DagBag from /home/airflow/.local/lib/python3.7/site-packages/airflow/example_dags/example_external_task_marker_dag.py
[2022-12-03T22:00:43.903+0000] {processor.py:753} INFO - DAG(s) dict_keys(['example_external_task_marker_child', 'example_external_task_marker_parent']) retrieved from /home/airflow/.local/lib/python3.7/site-packages/airflow/example_dags/example_external_task_marker_dag.py
[2022-12-03T22:00:43.940+0000] {logging_mixin.py:137} INFO - [2022-12-03T22:00:43.940+0000] {dag.py:2676} INFO - Sync 2 DAGs
[2022-12-03T22:00:43.965+0000] {logging_mixin.py:137} INFO - [2022-12-03T22:00:43.965+0000] {dag.py:3427} INFO - Setting next_dagrun for example_external_task_marker_child to None, run_after=None
[2022-12-03T22:00:43.968+0000] {logging_mixin.py:137} INFO - [2022-12-03T22:00:43.968+0000] {dag.py:3427} INFO - Setting next_dagrun for example_external_task_marker_parent to None, run_after=None
[2022-12-03T22:00:43.983+0000] {processor.py:175} INFO - Processing /home/airflow/.local/lib/python3.7/site-packages/airflow/example_dags/example_external_task_marker_dag.py took 0.097 seconds
[2022-12-03T22:01:14.219+0000] {processor.py:153} INFO - Started process (PID=1141) to work on /home/airflow/.local/lib/python3.7/site-packages/airflow/example_dags/example_external_task_marker_dag.py
[2022-12-03T22:01:14.220+0000] {processor.py:743} INFO - Processing file /home/airflow/.local/lib/python3.7/site-packages/airflow/example_dags/example_external_task_marker_dag.py for tasks to queue
[2022-12-03T22:01:14.221+0000] {logging_mixin.py:137} INFO - [2022-12-03T22:01:14.221+0000] {dagbag.py:538} INFO - Filling up the DagBag from /home/airflow/.local/lib/python3.7/site-packages/airflow/example_dags/example_external_task_marker_dag.py
[2022-12-03T22:01:14.232+0000] {processor.py:753} INFO - DAG(s) dict_keys(['example_external_task_marker_parent', 'example_external_task_marker_child']) retrieved from /home/airflow/.local/lib/python3.7/site-packages/airflow/example_dags/example_external_task_marker_dag.py
[2022-12-03T22:01:14.268+0000] {logging_mixin.py:137} INFO - [2022-12-03T22:01:14.268+0000] {dag.py:2676} INFO - Sync 2 DAGs
[2022-12-03T22:01:14.291+0000] {logging_mixin.py:137} INFO - [2022-12-03T22:01:14.291+0000] {dag.py:3427} INFO - Setting next_dagrun for example_external_task_marker_child to None, run_after=None
[2022-12-03T22:01:14.294+0000] {logging_mixin.py:137} INFO - [2022-12-03T22:01:14.294+0000] {dag.py:3427} INFO - Setting next_dagrun for example_external_task_marker_parent to None, run_after=None
[2022-12-03T22:01:14.309+0000] {processor.py:175} INFO - Processing /home/airflow/.local/lib/python3.7/site-packages/airflow/example_dags/example_external_task_marker_dag.py took 0.092 seconds
[2022-12-03T22:01:45.013+0000] {processor.py:153} INFO - Started process (PID=1251) to work on /home/airflow/.local/lib/python3.7/site-packages/airflow/example_dags/example_external_task_marker_dag.py
[2022-12-03T22:01:45.013+0000] {processor.py:743} INFO - Processing file /home/airflow/.local/lib/python3.7/site-packages/airflow/example_dags/example_external_task_marker_dag.py for tasks to queue
[2022-12-03T22:01:45.014+0000] {logging_mixin.py:137} INFO - [2022-12-03T22:01:45.014+0000] {dagbag.py:538} INFO - Filling up the DagBag from /home/airflow/.local/lib/python3.7/site-packages/airflow/example_dags/example_external_task_marker_dag.py
[2022-12-03T22:01:45.027+0000] {processor.py:753} INFO - DAG(s) dict_keys(['example_external_task_marker_parent', 'example_external_task_marker_child']) retrieved from /home/airflow/.local/lib/python3.7/site-packages/airflow/example_dags/example_external_task_marker_dag.py
[2022-12-03T22:01:45.066+0000] {logging_mixin.py:137} INFO - [2022-12-03T22:01:45.066+0000] {dag.py:2676} INFO - Sync 2 DAGs
[2022-12-03T22:01:45.093+0000] {logging_mixin.py:137} INFO - [2022-12-03T22:01:45.093+0000] {dag.py:3427} INFO - Setting next_dagrun for example_external_task_marker_child to None, run_after=None
[2022-12-03T22:01:45.097+0000] {logging_mixin.py:137} INFO - [2022-12-03T22:01:45.097+0000] {dag.py:3427} INFO - Setting next_dagrun for example_external_task_marker_parent to None, run_after=None
[2022-12-03T22:01:45.113+0000] {processor.py:175} INFO - Processing /home/airflow/.local/lib/python3.7/site-packages/airflow/example_dags/example_external_task_marker_dag.py took 0.103 seconds
[2022-12-03T22:02:15.360+0000] {processor.py:153} INFO - Started process (PID=1337) to work on /home/airflow/.local/lib/python3.7/site-packages/airflow/example_dags/example_external_task_marker_dag.py
[2022-12-03T22:02:15.361+0000] {processor.py:743} INFO - Processing file /home/airflow/.local/lib/python3.7/site-packages/airflow/example_dags/example_external_task_marker_dag.py for tasks to queue
[2022-12-03T22:02:15.361+0000] {logging_mixin.py:137} INFO - [2022-12-03T22:02:15.361+0000] {dagbag.py:538} INFO - Filling up the DagBag from /home/airflow/.local/lib/python3.7/site-packages/airflow/example_dags/example_external_task_marker_dag.py
[2022-12-03T22:02:15.373+0000] {processor.py:753} INFO - DAG(s) dict_keys(['example_external_task_marker_parent', 'example_external_task_marker_child']) retrieved from /home/airflow/.local/lib/python3.7/site-packages/airflow/example_dags/example_external_task_marker_dag.py
[2022-12-03T22:02:15.408+0000] {logging_mixin.py:137} INFO - [2022-12-03T22:02:15.408+0000] {dag.py:2676} INFO - Sync 2 DAGs
[2022-12-03T22:02:15.433+0000] {logging_mixin.py:137} INFO - [2022-12-03T22:02:15.433+0000] {dag.py:3427} INFO - Setting next_dagrun for example_external_task_marker_child to None, run_after=None
[2022-12-03T22:02:15.436+0000] {logging_mixin.py:137} INFO - [2022-12-03T22:02:15.436+0000] {dag.py:3427} INFO - Setting next_dagrun for example_external_task_marker_parent to None, run_after=None
[2022-12-03T22:02:15.451+0000] {processor.py:175} INFO - Processing /home/airflow/.local/lib/python3.7/site-packages/airflow/example_dags/example_external_task_marker_dag.py took 0.093 seconds
[2022-12-03T22:24:12.841+0000] {processor.py:153} INFO - Started process (PID=5491) to work on /home/airflow/.local/lib/python3.7/site-packages/airflow/example_dags/example_external_task_marker_dag.py
[2022-12-03T22:24:12.842+0000] {processor.py:743} INFO - Processing file /home/airflow/.local/lib/python3.7/site-packages/airflow/example_dags/example_external_task_marker_dag.py for tasks to queue
[2022-12-03T22:24:12.842+0000] {logging_mixin.py:137} INFO - [2022-12-03T22:24:12.842+0000] {dagbag.py:538} INFO - Filling up the DagBag from /home/airflow/.local/lib/python3.7/site-packages/airflow/example_dags/example_external_task_marker_dag.py
[2022-12-03T22:24:12.855+0000] {processor.py:753} INFO - DAG(s) dict_keys(['example_external_task_marker_parent', 'example_external_task_marker_child']) retrieved from /home/airflow/.local/lib/python3.7/site-packages/airflow/example_dags/example_external_task_marker_dag.py
[2022-12-03T22:24:12.894+0000] {logging_mixin.py:137} INFO - [2022-12-03T22:24:12.894+0000] {dag.py:2676} INFO - Sync 2 DAGs
[2022-12-03T22:24:12.920+0000] {logging_mixin.py:137} INFO - [2022-12-03T22:24:12.920+0000] {dag.py:3427} INFO - Setting next_dagrun for example_external_task_marker_child to None, run_after=None
[2022-12-03T22:24:12.924+0000] {logging_mixin.py:137} INFO - [2022-12-03T22:24:12.924+0000] {dag.py:3427} INFO - Setting next_dagrun for example_external_task_marker_parent to None, run_after=None
[2022-12-03T22:24:12.941+0000] {processor.py:175} INFO - Processing /home/airflow/.local/lib/python3.7/site-packages/airflow/example_dags/example_external_task_marker_dag.py took 0.103 seconds
