[2022-12-03T21:55:40.498+0000] {processor.py:153} INFO - Started process (PID=110) to work on /home/airflow/.local/lib/python3.7/site-packages/airflow/example_dags/example_skip_dag.py
[2022-12-03T21:55:40.498+0000] {processor.py:743} INFO - Processing file /home/airflow/.local/lib/python3.7/site-packages/airflow/example_dags/example_skip_dag.py for tasks to queue
[2022-12-03T21:55:40.499+0000] {logging_mixin.py:137} INFO - [2022-12-03T21:55:40.499+0000] {dagbag.py:538} INFO - Filling up the DagBag from /home/airflow/.local/lib/python3.7/site-packages/airflow/example_dags/example_skip_dag.py
[2022-12-03T21:55:40.518+0000] {processor.py:753} INFO - DAG(s) dict_keys(['example_skip_dag']) retrieved from /home/airflow/.local/lib/python3.7/site-packages/airflow/example_dags/example_skip_dag.py
[2022-12-03T21:55:40.545+0000] {logging_mixin.py:137} INFO - [2022-12-03T21:55:40.545+0000] {dag.py:2676} INFO - Sync 1 DAGs
[2022-12-03T21:55:40.607+0000] {logging_mixin.py:137} INFO - [2022-12-03T21:55:40.607+0000] {dag.py:3427} INFO - Setting next_dagrun for example_skip_dag to 2022-12-02T21:55:40.607076+00:00, run_after=2022-12-03T21:55:40.607076+00:00
[2022-12-03T21:55:40.631+0000] {processor.py:175} INFO - Processing /home/airflow/.local/lib/python3.7/site-packages/airflow/example_dags/example_skip_dag.py took 0.136 seconds
[2022-12-03T21:56:10.679+0000] {processor.py:153} INFO - Started process (PID=195) to work on /home/airflow/.local/lib/python3.7/site-packages/airflow/example_dags/example_skip_dag.py
[2022-12-03T21:56:10.680+0000] {processor.py:743} INFO - Processing file /home/airflow/.local/lib/python3.7/site-packages/airflow/example_dags/example_skip_dag.py for tasks to queue
[2022-12-03T21:56:10.681+0000] {logging_mixin.py:137} INFO - [2022-12-03T21:56:10.681+0000] {dagbag.py:538} INFO - Filling up the DagBag from /home/airflow/.local/lib/python3.7/site-packages/airflow/example_dags/example_skip_dag.py
[2022-12-03T21:56:10.695+0000] {processor.py:753} INFO - DAG(s) dict_keys(['example_skip_dag']) retrieved from /home/airflow/.local/lib/python3.7/site-packages/airflow/example_dags/example_skip_dag.py
[2022-12-03T21:56:10.730+0000] {logging_mixin.py:137} INFO - [2022-12-03T21:56:10.730+0000] {dag.py:2676} INFO - Sync 1 DAGs
[2022-12-03T21:56:10.757+0000] {logging_mixin.py:137} INFO - [2022-12-03T21:56:10.757+0000] {dag.py:3427} INFO - Setting next_dagrun for example_skip_dag to 2022-12-02T21:56:10.757143+00:00, run_after=2022-12-03T21:56:10.757143+00:00
[2022-12-03T21:56:10.775+0000] {processor.py:175} INFO - Processing /home/airflow/.local/lib/python3.7/site-packages/airflow/example_dags/example_skip_dag.py took 0.098 seconds
[2022-12-03T21:56:41.404+0000] {processor.py:153} INFO - Started process (PID=281) to work on /home/airflow/.local/lib/python3.7/site-packages/airflow/example_dags/example_skip_dag.py
[2022-12-03T21:56:41.405+0000] {processor.py:743} INFO - Processing file /home/airflow/.local/lib/python3.7/site-packages/airflow/example_dags/example_skip_dag.py for tasks to queue
[2022-12-03T21:56:41.406+0000] {logging_mixin.py:137} INFO - [2022-12-03T21:56:41.406+0000] {dagbag.py:538} INFO - Filling up the DagBag from /home/airflow/.local/lib/python3.7/site-packages/airflow/example_dags/example_skip_dag.py
[2022-12-03T21:56:41.418+0000] {processor.py:753} INFO - DAG(s) dict_keys(['example_skip_dag']) retrieved from /home/airflow/.local/lib/python3.7/site-packages/airflow/example_dags/example_skip_dag.py
[2022-12-03T21:56:41.454+0000] {logging_mixin.py:137} INFO - [2022-12-03T21:56:41.454+0000] {dag.py:2676} INFO - Sync 1 DAGs
[2022-12-03T21:56:41.480+0000] {logging_mixin.py:137} INFO - [2022-12-03T21:56:41.480+0000] {dag.py:3427} INFO - Setting next_dagrun for example_skip_dag to 2022-12-02T21:56:41.480056+00:00, run_after=2022-12-03T21:56:41.480056+00:00
[2022-12-03T21:56:41.497+0000] {processor.py:175} INFO - Processing /home/airflow/.local/lib/python3.7/site-packages/airflow/example_dags/example_skip_dag.py took 0.095 seconds
[2022-12-03T21:57:11.746+0000] {processor.py:153} INFO - Started process (PID=376) to work on /home/airflow/.local/lib/python3.7/site-packages/airflow/example_dags/example_skip_dag.py
[2022-12-03T21:57:11.747+0000] {processor.py:743} INFO - Processing file /home/airflow/.local/lib/python3.7/site-packages/airflow/example_dags/example_skip_dag.py for tasks to queue
[2022-12-03T21:57:11.748+0000] {logging_mixin.py:137} INFO - [2022-12-03T21:57:11.747+0000] {dagbag.py:538} INFO - Filling up the DagBag from /home/airflow/.local/lib/python3.7/site-packages/airflow/example_dags/example_skip_dag.py
[2022-12-03T21:57:11.759+0000] {processor.py:753} INFO - DAG(s) dict_keys(['example_skip_dag']) retrieved from /home/airflow/.local/lib/python3.7/site-packages/airflow/example_dags/example_skip_dag.py
[2022-12-03T21:57:11.794+0000] {logging_mixin.py:137} INFO - [2022-12-03T21:57:11.793+0000] {dag.py:2676} INFO - Sync 1 DAGs
[2022-12-03T21:57:11.818+0000] {logging_mixin.py:137} INFO - [2022-12-03T21:57:11.818+0000] {dag.py:3427} INFO - Setting next_dagrun for example_skip_dag to 2022-12-02T21:57:11.818031+00:00, run_after=2022-12-03T21:57:11.818031+00:00
[2022-12-03T21:57:11.834+0000] {processor.py:175} INFO - Processing /home/airflow/.local/lib/python3.7/site-packages/airflow/example_dags/example_skip_dag.py took 0.090 seconds
[2022-12-03T21:57:42.223+0000] {processor.py:153} INFO - Started process (PID=477) to work on /home/airflow/.local/lib/python3.7/site-packages/airflow/example_dags/example_skip_dag.py
[2022-12-03T21:57:42.223+0000] {processor.py:743} INFO - Processing file /home/airflow/.local/lib/python3.7/site-packages/airflow/example_dags/example_skip_dag.py for tasks to queue
[2022-12-03T21:57:42.224+0000] {logging_mixin.py:137} INFO - [2022-12-03T21:57:42.224+0000] {dagbag.py:538} INFO - Filling up the DagBag from /home/airflow/.local/lib/python3.7/site-packages/airflow/example_dags/example_skip_dag.py
[2022-12-03T21:57:42.237+0000] {processor.py:753} INFO - DAG(s) dict_keys(['example_skip_dag']) retrieved from /home/airflow/.local/lib/python3.7/site-packages/airflow/example_dags/example_skip_dag.py
[2022-12-03T21:57:42.272+0000] {logging_mixin.py:137} INFO - [2022-12-03T21:57:42.272+0000] {dag.py:2676} INFO - Sync 1 DAGs
[2022-12-03T21:57:42.298+0000] {logging_mixin.py:137} INFO - [2022-12-03T21:57:42.298+0000] {dag.py:3427} INFO - Setting next_dagrun for example_skip_dag to 2022-12-02T21:57:42.297821+00:00, run_after=2022-12-03T21:57:42.297821+00:00
[2022-12-03T21:57:42.320+0000] {processor.py:175} INFO - Processing /home/airflow/.local/lib/python3.7/site-packages/airflow/example_dags/example_skip_dag.py took 0.100 seconds
[2022-12-03T21:58:12.630+0000] {processor.py:153} INFO - Started process (PID=564) to work on /home/airflow/.local/lib/python3.7/site-packages/airflow/example_dags/example_skip_dag.py
[2022-12-03T21:58:12.631+0000] {processor.py:743} INFO - Processing file /home/airflow/.local/lib/python3.7/site-packages/airflow/example_dags/example_skip_dag.py for tasks to queue
[2022-12-03T21:58:12.632+0000] {logging_mixin.py:137} INFO - [2022-12-03T21:58:12.632+0000] {dagbag.py:538} INFO - Filling up the DagBag from /home/airflow/.local/lib/python3.7/site-packages/airflow/example_dags/example_skip_dag.py
[2022-12-03T21:58:12.645+0000] {processor.py:753} INFO - DAG(s) dict_keys(['example_skip_dag']) retrieved from /home/airflow/.local/lib/python3.7/site-packages/airflow/example_dags/example_skip_dag.py
[2022-12-03T21:58:12.684+0000] {logging_mixin.py:137} INFO - [2022-12-03T21:58:12.684+0000] {dag.py:2676} INFO - Sync 1 DAGs
[2022-12-03T21:58:12.711+0000] {logging_mixin.py:137} INFO - [2022-12-03T21:58:12.710+0000] {dag.py:3427} INFO - Setting next_dagrun for example_skip_dag to 2022-12-02T21:58:12.710742+00:00, run_after=2022-12-03T21:58:12.710742+00:00
[2022-12-03T21:58:12.727+0000] {processor.py:175} INFO - Processing /home/airflow/.local/lib/python3.7/site-packages/airflow/example_dags/example_skip_dag.py took 0.099 seconds
[2022-12-03T21:58:43.188+0000] {processor.py:153} INFO - Started process (PID=674) to work on /home/airflow/.local/lib/python3.7/site-packages/airflow/example_dags/example_skip_dag.py
[2022-12-03T21:58:43.188+0000] {processor.py:743} INFO - Processing file /home/airflow/.local/lib/python3.7/site-packages/airflow/example_dags/example_skip_dag.py for tasks to queue
[2022-12-03T21:58:43.189+0000] {logging_mixin.py:137} INFO - [2022-12-03T21:58:43.189+0000] {dagbag.py:538} INFO - Filling up the DagBag from /home/airflow/.local/lib/python3.7/site-packages/airflow/example_dags/example_skip_dag.py
[2022-12-03T21:58:43.201+0000] {processor.py:753} INFO - DAG(s) dict_keys(['example_skip_dag']) retrieved from /home/airflow/.local/lib/python3.7/site-packages/airflow/example_dags/example_skip_dag.py
[2022-12-03T21:58:43.237+0000] {logging_mixin.py:137} INFO - [2022-12-03T21:58:43.237+0000] {dag.py:2676} INFO - Sync 1 DAGs
[2022-12-03T21:58:43.263+0000] {logging_mixin.py:137} INFO - [2022-12-03T21:58:43.263+0000] {dag.py:3427} INFO - Setting next_dagrun for example_skip_dag to 2022-12-02T21:58:43.263272+00:00, run_after=2022-12-03T21:58:43.263272+00:00
[2022-12-03T21:58:43.283+0000] {processor.py:175} INFO - Processing /home/airflow/.local/lib/python3.7/site-packages/airflow/example_dags/example_skip_dag.py took 0.098 seconds
[2022-12-03T21:59:13.744+0000] {processor.py:153} INFO - Started process (PID=760) to work on /home/airflow/.local/lib/python3.7/site-packages/airflow/example_dags/example_skip_dag.py
[2022-12-03T21:59:13.745+0000] {processor.py:743} INFO - Processing file /home/airflow/.local/lib/python3.7/site-packages/airflow/example_dags/example_skip_dag.py for tasks to queue
[2022-12-03T21:59:13.745+0000] {logging_mixin.py:137} INFO - [2022-12-03T21:59:13.745+0000] {dagbag.py:538} INFO - Filling up the DagBag from /home/airflow/.local/lib/python3.7/site-packages/airflow/example_dags/example_skip_dag.py
[2022-12-03T21:59:13.759+0000] {processor.py:753} INFO - DAG(s) dict_keys(['example_skip_dag']) retrieved from /home/airflow/.local/lib/python3.7/site-packages/airflow/example_dags/example_skip_dag.py
[2022-12-03T21:59:13.796+0000] {logging_mixin.py:137} INFO - [2022-12-03T21:59:13.796+0000] {dag.py:2676} INFO - Sync 1 DAGs
[2022-12-03T21:59:13.822+0000] {logging_mixin.py:137} INFO - [2022-12-03T21:59:13.821+0000] {dag.py:3427} INFO - Setting next_dagrun for example_skip_dag to 2022-12-02T21:59:13.821622+00:00, run_after=2022-12-03T21:59:13.821622+00:00
[2022-12-03T21:59:13.840+0000] {processor.py:175} INFO - Processing /home/airflow/.local/lib/python3.7/site-packages/airflow/example_dags/example_skip_dag.py took 0.099 seconds
[2022-12-03T21:59:44.375+0000] {processor.py:153} INFO - Started process (PID=870) to work on /home/airflow/.local/lib/python3.7/site-packages/airflow/example_dags/example_skip_dag.py
[2022-12-03T21:59:44.376+0000] {processor.py:743} INFO - Processing file /home/airflow/.local/lib/python3.7/site-packages/airflow/example_dags/example_skip_dag.py for tasks to queue
[2022-12-03T21:59:44.377+0000] {logging_mixin.py:137} INFO - [2022-12-03T21:59:44.377+0000] {dagbag.py:538} INFO - Filling up the DagBag from /home/airflow/.local/lib/python3.7/site-packages/airflow/example_dags/example_skip_dag.py
[2022-12-03T21:59:44.391+0000] {processor.py:753} INFO - DAG(s) dict_keys(['example_skip_dag']) retrieved from /home/airflow/.local/lib/python3.7/site-packages/airflow/example_dags/example_skip_dag.py
[2022-12-03T21:59:44.426+0000] {logging_mixin.py:137} INFO - [2022-12-03T21:59:44.426+0000] {dag.py:2676} INFO - Sync 1 DAGs
[2022-12-03T21:59:44.451+0000] {logging_mixin.py:137} INFO - [2022-12-03T21:59:44.450+0000] {dag.py:3427} INFO - Setting next_dagrun for example_skip_dag to 2022-12-02T21:59:44.450733+00:00, run_after=2022-12-03T21:59:44.450733+00:00
[2022-12-03T21:59:44.467+0000] {processor.py:175} INFO - Processing /home/airflow/.local/lib/python3.7/site-packages/airflow/example_dags/example_skip_dag.py took 0.095 seconds
[2022-12-03T22:00:14.917+0000] {processor.py:153} INFO - Started process (PID=956) to work on /home/airflow/.local/lib/python3.7/site-packages/airflow/example_dags/example_skip_dag.py
[2022-12-03T22:00:14.918+0000] {processor.py:743} INFO - Processing file /home/airflow/.local/lib/python3.7/site-packages/airflow/example_dags/example_skip_dag.py for tasks to queue
[2022-12-03T22:00:14.919+0000] {logging_mixin.py:137} INFO - [2022-12-03T22:00:14.919+0000] {dagbag.py:538} INFO - Filling up the DagBag from /home/airflow/.local/lib/python3.7/site-packages/airflow/example_dags/example_skip_dag.py
[2022-12-03T22:00:14.932+0000] {processor.py:753} INFO - DAG(s) dict_keys(['example_skip_dag']) retrieved from /home/airflow/.local/lib/python3.7/site-packages/airflow/example_dags/example_skip_dag.py
[2022-12-03T22:00:14.968+0000] {logging_mixin.py:137} INFO - [2022-12-03T22:00:14.968+0000] {dag.py:2676} INFO - Sync 1 DAGs
[2022-12-03T22:00:14.993+0000] {logging_mixin.py:137} INFO - [2022-12-03T22:00:14.993+0000] {dag.py:3427} INFO - Setting next_dagrun for example_skip_dag to 2022-12-02T22:00:14.993495+00:00, run_after=2022-12-03T22:00:14.993495+00:00
[2022-12-03T22:00:15.010+0000] {processor.py:175} INFO - Processing /home/airflow/.local/lib/python3.7/site-packages/airflow/example_dags/example_skip_dag.py took 0.096 seconds
[2022-12-03T22:00:45.518+0000] {processor.py:153} INFO - Started process (PID=1066) to work on /home/airflow/.local/lib/python3.7/site-packages/airflow/example_dags/example_skip_dag.py
[2022-12-03T22:00:45.518+0000] {processor.py:743} INFO - Processing file /home/airflow/.local/lib/python3.7/site-packages/airflow/example_dags/example_skip_dag.py for tasks to queue
[2022-12-03T22:00:45.519+0000] {logging_mixin.py:137} INFO - [2022-12-03T22:00:45.519+0000] {dagbag.py:538} INFO - Filling up the DagBag from /home/airflow/.local/lib/python3.7/site-packages/airflow/example_dags/example_skip_dag.py
[2022-12-03T22:00:45.531+0000] {processor.py:753} INFO - DAG(s) dict_keys(['example_skip_dag']) retrieved from /home/airflow/.local/lib/python3.7/site-packages/airflow/example_dags/example_skip_dag.py
[2022-12-03T22:00:45.565+0000] {logging_mixin.py:137} INFO - [2022-12-03T22:00:45.565+0000] {dag.py:2676} INFO - Sync 1 DAGs
[2022-12-03T22:00:45.590+0000] {logging_mixin.py:137} INFO - [2022-12-03T22:00:45.590+0000] {dag.py:3427} INFO - Setting next_dagrun for example_skip_dag to 2022-12-02T22:00:45.590369+00:00, run_after=2022-12-03T22:00:45.590369+00:00
[2022-12-03T22:00:45.607+0000] {processor.py:175} INFO - Processing /home/airflow/.local/lib/python3.7/site-packages/airflow/example_dags/example_skip_dag.py took 0.092 seconds
[2022-12-03T22:01:16.071+0000] {processor.py:153} INFO - Started process (PID=1152) to work on /home/airflow/.local/lib/python3.7/site-packages/airflow/example_dags/example_skip_dag.py
[2022-12-03T22:01:16.072+0000] {processor.py:743} INFO - Processing file /home/airflow/.local/lib/python3.7/site-packages/airflow/example_dags/example_skip_dag.py for tasks to queue
[2022-12-03T22:01:16.072+0000] {logging_mixin.py:137} INFO - [2022-12-03T22:01:16.072+0000] {dagbag.py:538} INFO - Filling up the DagBag from /home/airflow/.local/lib/python3.7/site-packages/airflow/example_dags/example_skip_dag.py
[2022-12-03T22:01:16.085+0000] {processor.py:753} INFO - DAG(s) dict_keys(['example_skip_dag']) retrieved from /home/airflow/.local/lib/python3.7/site-packages/airflow/example_dags/example_skip_dag.py
[2022-12-03T22:01:16.120+0000] {logging_mixin.py:137} INFO - [2022-12-03T22:01:16.120+0000] {dag.py:2676} INFO - Sync 1 DAGs
[2022-12-03T22:01:16.145+0000] {logging_mixin.py:137} INFO - [2022-12-03T22:01:16.145+0000] {dag.py:3427} INFO - Setting next_dagrun for example_skip_dag to 2022-12-02T22:01:16.144884+00:00, run_after=2022-12-03T22:01:16.144884+00:00
[2022-12-03T22:01:16.162+0000] {processor.py:175} INFO - Processing /home/airflow/.local/lib/python3.7/site-packages/airflow/example_dags/example_skip_dag.py took 0.093 seconds
[2022-12-03T22:01:46.889+0000] {processor.py:153} INFO - Started process (PID=1262) to work on /home/airflow/.local/lib/python3.7/site-packages/airflow/example_dags/example_skip_dag.py
[2022-12-03T22:01:46.890+0000] {processor.py:743} INFO - Processing file /home/airflow/.local/lib/python3.7/site-packages/airflow/example_dags/example_skip_dag.py for tasks to queue
[2022-12-03T22:01:46.890+0000] {logging_mixin.py:137} INFO - [2022-12-03T22:01:46.890+0000] {dagbag.py:538} INFO - Filling up the DagBag from /home/airflow/.local/lib/python3.7/site-packages/airflow/example_dags/example_skip_dag.py
[2022-12-03T22:01:46.902+0000] {processor.py:753} INFO - DAG(s) dict_keys(['example_skip_dag']) retrieved from /home/airflow/.local/lib/python3.7/site-packages/airflow/example_dags/example_skip_dag.py
[2022-12-03T22:01:46.935+0000] {logging_mixin.py:137} INFO - [2022-12-03T22:01:46.935+0000] {dag.py:2676} INFO - Sync 1 DAGs
[2022-12-03T22:01:46.959+0000] {logging_mixin.py:137} INFO - [2022-12-03T22:01:46.958+0000] {dag.py:3427} INFO - Setting next_dagrun for example_skip_dag to 2022-12-02T22:01:46.958764+00:00, run_after=2022-12-03T22:01:46.958764+00:00
[2022-12-03T22:01:46.975+0000] {processor.py:175} INFO - Processing /home/airflow/.local/lib/python3.7/site-packages/airflow/example_dags/example_skip_dag.py took 0.088 seconds
[2022-12-03T22:02:17.327+0000] {processor.py:153} INFO - Started process (PID=1348) to work on /home/airflow/.local/lib/python3.7/site-packages/airflow/example_dags/example_skip_dag.py
[2022-12-03T22:02:17.328+0000] {processor.py:743} INFO - Processing file /home/airflow/.local/lib/python3.7/site-packages/airflow/example_dags/example_skip_dag.py for tasks to queue
[2022-12-03T22:02:17.329+0000] {logging_mixin.py:137} INFO - [2022-12-03T22:02:17.328+0000] {dagbag.py:538} INFO - Filling up the DagBag from /home/airflow/.local/lib/python3.7/site-packages/airflow/example_dags/example_skip_dag.py
[2022-12-03T22:02:17.341+0000] {processor.py:753} INFO - DAG(s) dict_keys(['example_skip_dag']) retrieved from /home/airflow/.local/lib/python3.7/site-packages/airflow/example_dags/example_skip_dag.py
[2022-12-03T22:02:17.374+0000] {logging_mixin.py:137} INFO - [2022-12-03T22:02:17.374+0000] {dag.py:2676} INFO - Sync 1 DAGs
[2022-12-03T22:02:17.399+0000] {logging_mixin.py:137} INFO - [2022-12-03T22:02:17.399+0000] {dag.py:3427} INFO - Setting next_dagrun for example_skip_dag to 2022-12-02T22:02:17.399409+00:00, run_after=2022-12-03T22:02:17.399409+00:00
[2022-12-03T22:02:17.416+0000] {processor.py:175} INFO - Processing /home/airflow/.local/lib/python3.7/site-packages/airflow/example_dags/example_skip_dag.py took 0.091 seconds
