[2022-12-03T21:55:40.661+0000] {processor.py:153} INFO - Started process (PID=111) to work on /home/airflow/.local/lib/python3.7/site-packages/airflow/example_dags/example_sla_dag.py
[2022-12-03T21:55:40.662+0000] {processor.py:743} INFO - Processing file /home/airflow/.local/lib/python3.7/site-packages/airflow/example_dags/example_sla_dag.py for tasks to queue
[2022-12-03T21:55:40.663+0000] {logging_mixin.py:137} INFO - [2022-12-03T21:55:40.662+0000] {dagbag.py:538} INFO - Filling up the DagBag from /home/airflow/.local/lib/python3.7/site-packages/airflow/example_dags/example_sla_dag.py
[2022-12-03T21:55:40.700+0000] {processor.py:753} INFO - DAG(s) dict_keys(['example_sla_dag']) retrieved from /home/airflow/.local/lib/python3.7/site-packages/airflow/example_dags/example_sla_dag.py
[2022-12-03T21:55:40.728+0000] {logging_mixin.py:137} INFO - [2022-12-03T21:55:40.727+0000] {dag.py:2676} INFO - Sync 1 DAGs
[2022-12-03T21:55:40.764+0000] {logging_mixin.py:137} INFO - [2022-12-03T21:55:40.764+0000] {dag.py:3427} INFO - Setting next_dagrun for example_sla_dag to 2022-12-03T21:52:00+00:00, run_after=2022-12-03T21:54:00+00:00
[2022-12-03T21:55:40.784+0000] {processor.py:175} INFO - Processing /home/airflow/.local/lib/python3.7/site-packages/airflow/example_dags/example_sla_dag.py took 0.126 seconds
[2022-12-03T21:56:11.693+0000] {processor.py:153} INFO - Started process (PID=196) to work on /home/airflow/.local/lib/python3.7/site-packages/airflow/example_dags/example_sla_dag.py
[2022-12-03T21:56:11.694+0000] {processor.py:743} INFO - Processing file /home/airflow/.local/lib/python3.7/site-packages/airflow/example_dags/example_sla_dag.py for tasks to queue
[2022-12-03T21:56:11.695+0000] {logging_mixin.py:137} INFO - [2022-12-03T21:56:11.695+0000] {dagbag.py:538} INFO - Filling up the DagBag from /home/airflow/.local/lib/python3.7/site-packages/airflow/example_dags/example_sla_dag.py
[2022-12-03T21:56:11.724+0000] {processor.py:753} INFO - DAG(s) dict_keys(['example_sla_dag']) retrieved from /home/airflow/.local/lib/python3.7/site-packages/airflow/example_dags/example_sla_dag.py
[2022-12-03T21:56:11.760+0000] {logging_mixin.py:137} INFO - [2022-12-03T21:56:11.760+0000] {dag.py:2676} INFO - Sync 1 DAGs
[2022-12-03T21:56:11.793+0000] {logging_mixin.py:137} INFO - [2022-12-03T21:56:11.793+0000] {dag.py:3427} INFO - Setting next_dagrun for example_sla_dag to 2022-12-03T21:54:00+00:00, run_after=2022-12-03T21:56:00+00:00
[2022-12-03T21:56:11.813+0000] {processor.py:175} INFO - Processing /home/airflow/.local/lib/python3.7/site-packages/airflow/example_dags/example_sla_dag.py took 0.123 seconds
[2022-12-03T21:56:42.415+0000] {processor.py:153} INFO - Started process (PID=282) to work on /home/airflow/.local/lib/python3.7/site-packages/airflow/example_dags/example_sla_dag.py
[2022-12-03T21:56:42.416+0000] {processor.py:743} INFO - Processing file /home/airflow/.local/lib/python3.7/site-packages/airflow/example_dags/example_sla_dag.py for tasks to queue
[2022-12-03T21:56:42.417+0000] {logging_mixin.py:137} INFO - [2022-12-03T21:56:42.417+0000] {dagbag.py:538} INFO - Filling up the DagBag from /home/airflow/.local/lib/python3.7/site-packages/airflow/example_dags/example_sla_dag.py
[2022-12-03T21:56:42.441+0000] {processor.py:753} INFO - DAG(s) dict_keys(['example_sla_dag']) retrieved from /home/airflow/.local/lib/python3.7/site-packages/airflow/example_dags/example_sla_dag.py
[2022-12-03T21:56:42.476+0000] {logging_mixin.py:137} INFO - [2022-12-03T21:56:42.476+0000] {dag.py:2676} INFO - Sync 1 DAGs
[2022-12-03T21:56:42.504+0000] {logging_mixin.py:137} INFO - [2022-12-03T21:56:42.503+0000] {dag.py:3427} INFO - Setting next_dagrun for example_sla_dag to 2022-12-03T21:54:00+00:00, run_after=2022-12-03T21:56:00+00:00
[2022-12-03T21:56:42.522+0000] {processor.py:175} INFO - Processing /home/airflow/.local/lib/python3.7/site-packages/airflow/example_dags/example_sla_dag.py took 0.109 seconds
[2022-12-03T21:57:12.758+0000] {processor.py:153} INFO - Started process (PID=392) to work on /home/airflow/.local/lib/python3.7/site-packages/airflow/example_dags/example_sla_dag.py
[2022-12-03T21:57:12.759+0000] {processor.py:743} INFO - Processing file /home/airflow/.local/lib/python3.7/site-packages/airflow/example_dags/example_sla_dag.py for tasks to queue
[2022-12-03T21:57:12.759+0000] {logging_mixin.py:137} INFO - [2022-12-03T21:57:12.759+0000] {dagbag.py:538} INFO - Filling up the DagBag from /home/airflow/.local/lib/python3.7/site-packages/airflow/example_dags/example_sla_dag.py
[2022-12-03T21:57:12.781+0000] {processor.py:753} INFO - DAG(s) dict_keys(['example_sla_dag']) retrieved from /home/airflow/.local/lib/python3.7/site-packages/airflow/example_dags/example_sla_dag.py
[2022-12-03T21:57:12.815+0000] {logging_mixin.py:137} INFO - [2022-12-03T21:57:12.815+0000] {dag.py:2676} INFO - Sync 1 DAGs
[2022-12-03T21:57:12.841+0000] {logging_mixin.py:137} INFO - [2022-12-03T21:57:12.841+0000] {dag.py:3427} INFO - Setting next_dagrun for example_sla_dag to 2022-12-03T21:54:00+00:00, run_after=2022-12-03T21:56:00+00:00
[2022-12-03T21:57:12.859+0000] {processor.py:175} INFO - Processing /home/airflow/.local/lib/python3.7/site-packages/airflow/example_dags/example_sla_dag.py took 0.104 seconds
[2022-12-03T21:57:43.233+0000] {processor.py:153} INFO - Started process (PID=478) to work on /home/airflow/.local/lib/python3.7/site-packages/airflow/example_dags/example_sla_dag.py
[2022-12-03T21:57:43.233+0000] {processor.py:743} INFO - Processing file /home/airflow/.local/lib/python3.7/site-packages/airflow/example_dags/example_sla_dag.py for tasks to queue
[2022-12-03T21:57:43.234+0000] {logging_mixin.py:137} INFO - [2022-12-03T21:57:43.234+0000] {dagbag.py:538} INFO - Filling up the DagBag from /home/airflow/.local/lib/python3.7/site-packages/airflow/example_dags/example_sla_dag.py
[2022-12-03T21:57:43.258+0000] {processor.py:753} INFO - DAG(s) dict_keys(['example_sla_dag']) retrieved from /home/airflow/.local/lib/python3.7/site-packages/airflow/example_dags/example_sla_dag.py
[2022-12-03T21:57:43.376+0000] {logging_mixin.py:137} INFO - [2022-12-03T21:57:43.376+0000] {dag.py:2676} INFO - Sync 1 DAGs
[2022-12-03T21:57:43.405+0000] {logging_mixin.py:137} INFO - [2022-12-03T21:57:43.405+0000] {dag.py:3427} INFO - Setting next_dagrun for example_sla_dag to 2022-12-03T21:54:00+00:00, run_after=2022-12-03T21:56:00+00:00
[2022-12-03T21:57:43.423+0000] {processor.py:175} INFO - Processing /home/airflow/.local/lib/python3.7/site-packages/airflow/example_dags/example_sla_dag.py took 0.193 seconds
[2022-12-03T21:58:13.642+0000] {processor.py:153} INFO - Started process (PID=574) to work on /home/airflow/.local/lib/python3.7/site-packages/airflow/example_dags/example_sla_dag.py
[2022-12-03T21:58:13.643+0000] {processor.py:743} INFO - Processing file /home/airflow/.local/lib/python3.7/site-packages/airflow/example_dags/example_sla_dag.py for tasks to queue
[2022-12-03T21:58:13.643+0000] {logging_mixin.py:137} INFO - [2022-12-03T21:58:13.643+0000] {dagbag.py:538} INFO - Filling up the DagBag from /home/airflow/.local/lib/python3.7/site-packages/airflow/example_dags/example_sla_dag.py
[2022-12-03T21:58:13.667+0000] {processor.py:753} INFO - DAG(s) dict_keys(['example_sla_dag']) retrieved from /home/airflow/.local/lib/python3.7/site-packages/airflow/example_dags/example_sla_dag.py
[2022-12-03T21:58:13.705+0000] {logging_mixin.py:137} INFO - [2022-12-03T21:58:13.705+0000] {dag.py:2676} INFO - Sync 1 DAGs
[2022-12-03T21:58:13.803+0000] {logging_mixin.py:137} INFO - [2022-12-03T21:58:13.803+0000] {dag.py:3427} INFO - Setting next_dagrun for example_sla_dag to 2022-12-03T21:56:00+00:00, run_after=2022-12-03T21:58:00+00:00
[2022-12-03T21:58:13.892+0000] {processor.py:175} INFO - Processing /home/airflow/.local/lib/python3.7/site-packages/airflow/example_dags/example_sla_dag.py took 0.253 seconds
[2022-12-03T21:58:44.198+0000] {processor.py:153} INFO - Started process (PID=675) to work on /home/airflow/.local/lib/python3.7/site-packages/airflow/example_dags/example_sla_dag.py
[2022-12-03T21:58:44.199+0000] {processor.py:743} INFO - Processing file /home/airflow/.local/lib/python3.7/site-packages/airflow/example_dags/example_sla_dag.py for tasks to queue
[2022-12-03T21:58:44.200+0000] {logging_mixin.py:137} INFO - [2022-12-03T21:58:44.199+0000] {dagbag.py:538} INFO - Filling up the DagBag from /home/airflow/.local/lib/python3.7/site-packages/airflow/example_dags/example_sla_dag.py
[2022-12-03T21:58:44.223+0000] {processor.py:753} INFO - DAG(s) dict_keys(['example_sla_dag']) retrieved from /home/airflow/.local/lib/python3.7/site-packages/airflow/example_dags/example_sla_dag.py
[2022-12-03T21:58:44.257+0000] {logging_mixin.py:137} INFO - [2022-12-03T21:58:44.257+0000] {dag.py:2676} INFO - Sync 1 DAGs
[2022-12-03T21:58:44.285+0000] {logging_mixin.py:137} INFO - [2022-12-03T21:58:44.285+0000] {dag.py:3427} INFO - Setting next_dagrun for example_sla_dag to 2022-12-03T21:56:00+00:00, run_after=2022-12-03T21:58:00+00:00
[2022-12-03T21:58:44.303+0000] {processor.py:175} INFO - Processing /home/airflow/.local/lib/python3.7/site-packages/airflow/example_dags/example_sla_dag.py took 0.107 seconds
[2022-12-03T21:59:14.857+0000] {processor.py:153} INFO - Started process (PID=768) to work on /home/airflow/.local/lib/python3.7/site-packages/airflow/example_dags/example_sla_dag.py
[2022-12-03T21:59:14.858+0000] {processor.py:743} INFO - Processing file /home/airflow/.local/lib/python3.7/site-packages/airflow/example_dags/example_sla_dag.py for tasks to queue
[2022-12-03T21:59:14.859+0000] {logging_mixin.py:137} INFO - [2022-12-03T21:59:14.859+0000] {dagbag.py:538} INFO - Filling up the DagBag from /home/airflow/.local/lib/python3.7/site-packages/airflow/example_dags/example_sla_dag.py
[2022-12-03T21:59:14.882+0000] {processor.py:753} INFO - DAG(s) dict_keys(['example_sla_dag']) retrieved from /home/airflow/.local/lib/python3.7/site-packages/airflow/example_dags/example_sla_dag.py
[2022-12-03T21:59:14.917+0000] {logging_mixin.py:137} INFO - [2022-12-03T21:59:14.917+0000] {dag.py:2676} INFO - Sync 1 DAGs
[2022-12-03T21:59:14.947+0000] {logging_mixin.py:137} INFO - [2022-12-03T21:59:14.946+0000] {dag.py:3427} INFO - Setting next_dagrun for example_sla_dag to 2022-12-03T21:56:00+00:00, run_after=2022-12-03T21:58:00+00:00
[2022-12-03T21:59:14.964+0000] {processor.py:175} INFO - Processing /home/airflow/.local/lib/python3.7/site-packages/airflow/example_dags/example_sla_dag.py took 0.110 seconds
[2022-12-03T21:59:45.386+0000] {processor.py:153} INFO - Started process (PID=871) to work on /home/airflow/.local/lib/python3.7/site-packages/airflow/example_dags/example_sla_dag.py
[2022-12-03T21:59:45.387+0000] {processor.py:743} INFO - Processing file /home/airflow/.local/lib/python3.7/site-packages/airflow/example_dags/example_sla_dag.py for tasks to queue
[2022-12-03T21:59:45.387+0000] {logging_mixin.py:137} INFO - [2022-12-03T21:59:45.387+0000] {dagbag.py:538} INFO - Filling up the DagBag from /home/airflow/.local/lib/python3.7/site-packages/airflow/example_dags/example_sla_dag.py
[2022-12-03T21:59:45.409+0000] {processor.py:753} INFO - DAG(s) dict_keys(['example_sla_dag']) retrieved from /home/airflow/.local/lib/python3.7/site-packages/airflow/example_dags/example_sla_dag.py
[2022-12-03T21:59:45.443+0000] {logging_mixin.py:137} INFO - [2022-12-03T21:59:45.443+0000] {dag.py:2676} INFO - Sync 1 DAGs
[2022-12-03T21:59:45.471+0000] {logging_mixin.py:137} INFO - [2022-12-03T21:59:45.471+0000] {dag.py:3427} INFO - Setting next_dagrun for example_sla_dag to 2022-12-03T21:56:00+00:00, run_after=2022-12-03T21:58:00+00:00
[2022-12-03T21:59:45.488+0000] {processor.py:175} INFO - Processing /home/airflow/.local/lib/python3.7/site-packages/airflow/example_dags/example_sla_dag.py took 0.104 seconds
[2022-12-03T22:00:16.030+0000] {processor.py:153} INFO - Started process (PID=957) to work on /home/airflow/.local/lib/python3.7/site-packages/airflow/example_dags/example_sla_dag.py
[2022-12-03T22:00:16.031+0000] {processor.py:743} INFO - Processing file /home/airflow/.local/lib/python3.7/site-packages/airflow/example_dags/example_sla_dag.py for tasks to queue
[2022-12-03T22:00:16.031+0000] {logging_mixin.py:137} INFO - [2022-12-03T22:00:16.031+0000] {dagbag.py:538} INFO - Filling up the DagBag from /home/airflow/.local/lib/python3.7/site-packages/airflow/example_dags/example_sla_dag.py
[2022-12-03T22:00:16.054+0000] {processor.py:753} INFO - DAG(s) dict_keys(['example_sla_dag']) retrieved from /home/airflow/.local/lib/python3.7/site-packages/airflow/example_dags/example_sla_dag.py
[2022-12-03T22:00:16.088+0000] {logging_mixin.py:137} INFO - [2022-12-03T22:00:16.088+0000] {dag.py:2676} INFO - Sync 1 DAGs
[2022-12-03T22:00:16.119+0000] {logging_mixin.py:137} INFO - [2022-12-03T22:00:16.119+0000] {dag.py:3427} INFO - Setting next_dagrun for example_sla_dag to 2022-12-03T21:58:00+00:00, run_after=2022-12-03T22:00:00+00:00
[2022-12-03T22:00:16.136+0000] {processor.py:175} INFO - Processing /home/airflow/.local/lib/python3.7/site-packages/airflow/example_dags/example_sla_dag.py took 0.109 seconds
[2022-12-03T22:00:46.529+0000] {processor.py:153} INFO - Started process (PID=1067) to work on /home/airflow/.local/lib/python3.7/site-packages/airflow/example_dags/example_sla_dag.py
[2022-12-03T22:00:46.530+0000] {processor.py:743} INFO - Processing file /home/airflow/.local/lib/python3.7/site-packages/airflow/example_dags/example_sla_dag.py for tasks to queue
[2022-12-03T22:00:46.530+0000] {logging_mixin.py:137} INFO - [2022-12-03T22:00:46.530+0000] {dagbag.py:538} INFO - Filling up the DagBag from /home/airflow/.local/lib/python3.7/site-packages/airflow/example_dags/example_sla_dag.py
[2022-12-03T22:00:46.553+0000] {processor.py:753} INFO - DAG(s) dict_keys(['example_sla_dag']) retrieved from /home/airflow/.local/lib/python3.7/site-packages/airflow/example_dags/example_sla_dag.py
[2022-12-03T22:00:46.589+0000] {logging_mixin.py:137} INFO - [2022-12-03T22:00:46.589+0000] {dag.py:2676} INFO - Sync 1 DAGs
[2022-12-03T22:00:46.617+0000] {logging_mixin.py:137} INFO - [2022-12-03T22:00:46.617+0000] {dag.py:3427} INFO - Setting next_dagrun for example_sla_dag to 2022-12-03T21:58:00+00:00, run_after=2022-12-03T22:00:00+00:00
[2022-12-03T22:00:46.634+0000] {processor.py:175} INFO - Processing /home/airflow/.local/lib/python3.7/site-packages/airflow/example_dags/example_sla_dag.py took 0.108 seconds
[2022-12-03T22:01:17.082+0000] {processor.py:153} INFO - Started process (PID=1153) to work on /home/airflow/.local/lib/python3.7/site-packages/airflow/example_dags/example_sla_dag.py
[2022-12-03T22:01:17.083+0000] {processor.py:743} INFO - Processing file /home/airflow/.local/lib/python3.7/site-packages/airflow/example_dags/example_sla_dag.py for tasks to queue
[2022-12-03T22:01:17.083+0000] {logging_mixin.py:137} INFO - [2022-12-03T22:01:17.083+0000] {dagbag.py:538} INFO - Filling up the DagBag from /home/airflow/.local/lib/python3.7/site-packages/airflow/example_dags/example_sla_dag.py
[2022-12-03T22:01:17.105+0000] {processor.py:753} INFO - DAG(s) dict_keys(['example_sla_dag']) retrieved from /home/airflow/.local/lib/python3.7/site-packages/airflow/example_dags/example_sla_dag.py
[2022-12-03T22:01:17.142+0000] {logging_mixin.py:137} INFO - [2022-12-03T22:01:17.142+0000] {dag.py:2676} INFO - Sync 1 DAGs
[2022-12-03T22:01:17.174+0000] {logging_mixin.py:137} INFO - [2022-12-03T22:01:17.174+0000] {dag.py:3427} INFO - Setting next_dagrun for example_sla_dag to 2022-12-03T21:58:00+00:00, run_after=2022-12-03T22:00:00+00:00
[2022-12-03T22:01:17.191+0000] {processor.py:175} INFO - Processing /home/airflow/.local/lib/python3.7/site-packages/airflow/example_dags/example_sla_dag.py took 0.112 seconds
[2022-12-03T22:01:47.900+0000] {processor.py:153} INFO - Started process (PID=1263) to work on /home/airflow/.local/lib/python3.7/site-packages/airflow/example_dags/example_sla_dag.py
[2022-12-03T22:01:47.901+0000] {processor.py:743} INFO - Processing file /home/airflow/.local/lib/python3.7/site-packages/airflow/example_dags/example_sla_dag.py for tasks to queue
[2022-12-03T22:01:47.901+0000] {logging_mixin.py:137} INFO - [2022-12-03T22:01:47.901+0000] {dagbag.py:538} INFO - Filling up the DagBag from /home/airflow/.local/lib/python3.7/site-packages/airflow/example_dags/example_sla_dag.py
[2022-12-03T22:01:47.925+0000] {processor.py:753} INFO - DAG(s) dict_keys(['example_sla_dag']) retrieved from /home/airflow/.local/lib/python3.7/site-packages/airflow/example_dags/example_sla_dag.py
[2022-12-03T22:01:47.962+0000] {logging_mixin.py:137} INFO - [2022-12-03T22:01:47.962+0000] {dag.py:2676} INFO - Sync 1 DAGs
[2022-12-03T22:01:47.989+0000] {logging_mixin.py:137} INFO - [2022-12-03T22:01:47.989+0000] {dag.py:3427} INFO - Setting next_dagrun for example_sla_dag to 2022-12-03T21:58:00+00:00, run_after=2022-12-03T22:00:00+00:00
[2022-12-03T22:01:48.004+0000] {processor.py:175} INFO - Processing /home/airflow/.local/lib/python3.7/site-packages/airflow/example_dags/example_sla_dag.py took 0.106 seconds
[2022-12-03T22:02:18.337+0000] {processor.py:153} INFO - Started process (PID=1349) to work on /home/airflow/.local/lib/python3.7/site-packages/airflow/example_dags/example_sla_dag.py
[2022-12-03T22:02:18.338+0000] {processor.py:743} INFO - Processing file /home/airflow/.local/lib/python3.7/site-packages/airflow/example_dags/example_sla_dag.py for tasks to queue
[2022-12-03T22:02:18.338+0000] {logging_mixin.py:137} INFO - [2022-12-03T22:02:18.338+0000] {dagbag.py:538} INFO - Filling up the DagBag from /home/airflow/.local/lib/python3.7/site-packages/airflow/example_dags/example_sla_dag.py
[2022-12-03T22:02:18.359+0000] {processor.py:753} INFO - DAG(s) dict_keys(['example_sla_dag']) retrieved from /home/airflow/.local/lib/python3.7/site-packages/airflow/example_dags/example_sla_dag.py
[2022-12-03T22:02:18.393+0000] {logging_mixin.py:137} INFO - [2022-12-03T22:02:18.392+0000] {dag.py:2676} INFO - Sync 1 DAGs
[2022-12-03T22:02:18.423+0000] {logging_mixin.py:137} INFO - [2022-12-03T22:02:18.423+0000] {dag.py:3427} INFO - Setting next_dagrun for example_sla_dag to 2022-12-03T22:00:00+00:00, run_after=2022-12-03T22:02:00+00:00
[2022-12-03T22:02:18.441+0000] {processor.py:175} INFO - Processing /home/airflow/.local/lib/python3.7/site-packages/airflow/example_dags/example_sla_dag.py took 0.107 seconds
[2022-12-03T22:24:17.647+0000] {processor.py:153} INFO - Started process (PID=5529) to work on /home/airflow/.local/lib/python3.7/site-packages/airflow/example_dags/example_sla_dag.py
[2022-12-03T22:24:17.648+0000] {processor.py:743} INFO - Processing file /home/airflow/.local/lib/python3.7/site-packages/airflow/example_dags/example_sla_dag.py for tasks to queue
[2022-12-03T22:24:17.649+0000] {logging_mixin.py:137} INFO - [2022-12-03T22:24:17.649+0000] {dagbag.py:538} INFO - Filling up the DagBag from /home/airflow/.local/lib/python3.7/site-packages/airflow/example_dags/example_sla_dag.py
[2022-12-03T22:24:17.671+0000] {processor.py:753} INFO - DAG(s) dict_keys(['example_sla_dag']) retrieved from /home/airflow/.local/lib/python3.7/site-packages/airflow/example_dags/example_sla_dag.py
[2022-12-03T22:24:17.706+0000] {logging_mixin.py:137} INFO - [2022-12-03T22:24:17.706+0000] {dag.py:2676} INFO - Sync 1 DAGs
[2022-12-03T22:24:17.734+0000] {logging_mixin.py:137} INFO - [2022-12-03T22:24:17.734+0000] {dag.py:3427} INFO - Setting next_dagrun for example_sla_dag to 2022-12-03T22:22:00+00:00, run_after=2022-12-03T22:24:00+00:00
[2022-12-03T22:24:17.751+0000] {processor.py:175} INFO - Processing /home/airflow/.local/lib/python3.7/site-packages/airflow/example_dags/example_sla_dag.py took 0.106 seconds
