[2022-12-03T21:55:40.093+0000] {processor.py:153} INFO - Started process (PID=108) to work on /home/airflow/.local/lib/python3.7/site-packages/airflow/example_dags/example_short_circuit_decorator.py
[2022-12-03T21:55:40.094+0000] {processor.py:743} INFO - Processing file /home/airflow/.local/lib/python3.7/site-packages/airflow/example_dags/example_short_circuit_decorator.py for tasks to queue
[2022-12-03T21:55:40.094+0000] {logging_mixin.py:137} INFO - [2022-12-03T21:55:40.094+0000] {dagbag.py:538} INFO - Filling up the DagBag from /home/airflow/.local/lib/python3.7/site-packages/airflow/example_dags/example_short_circuit_decorator.py
[2022-12-03T21:55:40.131+0000] {processor.py:753} INFO - DAG(s) dict_keys(['example_short_circuit_decorator']) retrieved from /home/airflow/.local/lib/python3.7/site-packages/airflow/example_dags/example_short_circuit_decorator.py
[2022-12-03T21:55:40.202+0000] {logging_mixin.py:137} INFO - [2022-12-03T21:55:40.202+0000] {dag.py:2676} INFO - Sync 1 DAGs
[2022-12-03T21:55:40.237+0000] {logging_mixin.py:137} INFO - [2022-12-03T21:55:40.237+0000] {dag.py:3427} INFO - Setting next_dagrun for example_short_circuit_decorator to 2022-12-02T21:55:40.236814+00:00, run_after=2022-12-03T21:55:40.236814+00:00
[2022-12-03T21:55:40.292+0000] {processor.py:175} INFO - Processing /home/airflow/.local/lib/python3.7/site-packages/airflow/example_dags/example_short_circuit_decorator.py took 0.205 seconds
[2022-12-03T21:56:10.555+0000] {processor.py:153} INFO - Started process (PID=193) to work on /home/airflow/.local/lib/python3.7/site-packages/airflow/example_dags/example_short_circuit_decorator.py
[2022-12-03T21:56:10.556+0000] {processor.py:743} INFO - Processing file /home/airflow/.local/lib/python3.7/site-packages/airflow/example_dags/example_short_circuit_decorator.py for tasks to queue
[2022-12-03T21:56:10.556+0000] {logging_mixin.py:137} INFO - [2022-12-03T21:56:10.556+0000] {dagbag.py:538} INFO - Filling up the DagBag from /home/airflow/.local/lib/python3.7/site-packages/airflow/example_dags/example_short_circuit_decorator.py
[2022-12-03T21:56:10.582+0000] {processor.py:753} INFO - DAG(s) dict_keys(['example_short_circuit_decorator']) retrieved from /home/airflow/.local/lib/python3.7/site-packages/airflow/example_dags/example_short_circuit_decorator.py
[2022-12-03T21:56:10.617+0000] {logging_mixin.py:137} INFO - [2022-12-03T21:56:10.616+0000] {dag.py:2676} INFO - Sync 1 DAGs
[2022-12-03T21:56:10.642+0000] {logging_mixin.py:137} INFO - [2022-12-03T21:56:10.641+0000] {dag.py:3427} INFO - Setting next_dagrun for example_short_circuit_decorator to 2022-12-02T21:56:10.641631+00:00, run_after=2022-12-03T21:56:10.641631+00:00
[2022-12-03T21:56:10.658+0000] {processor.py:175} INFO - Processing /home/airflow/.local/lib/python3.7/site-packages/airflow/example_dags/example_short_circuit_decorator.py took 0.106 seconds
[2022-12-03T21:56:41.282+0000] {processor.py:153} INFO - Started process (PID=279) to work on /home/airflow/.local/lib/python3.7/site-packages/airflow/example_dags/example_short_circuit_decorator.py
[2022-12-03T21:56:41.283+0000] {processor.py:743} INFO - Processing file /home/airflow/.local/lib/python3.7/site-packages/airflow/example_dags/example_short_circuit_decorator.py for tasks to queue
[2022-12-03T21:56:41.283+0000] {logging_mixin.py:137} INFO - [2022-12-03T21:56:41.283+0000] {dagbag.py:538} INFO - Filling up the DagBag from /home/airflow/.local/lib/python3.7/site-packages/airflow/example_dags/example_short_circuit_decorator.py
[2022-12-03T21:56:41.307+0000] {processor.py:753} INFO - DAG(s) dict_keys(['example_short_circuit_decorator']) retrieved from /home/airflow/.local/lib/python3.7/site-packages/airflow/example_dags/example_short_circuit_decorator.py
[2022-12-03T21:56:41.342+0000] {logging_mixin.py:137} INFO - [2022-12-03T21:56:41.342+0000] {dag.py:2676} INFO - Sync 1 DAGs
[2022-12-03T21:56:41.366+0000] {logging_mixin.py:137} INFO - [2022-12-03T21:56:41.366+0000] {dag.py:3427} INFO - Setting next_dagrun for example_short_circuit_decorator to 2022-12-02T21:56:41.366534+00:00, run_after=2022-12-03T21:56:41.366534+00:00
[2022-12-03T21:56:41.383+0000] {processor.py:175} INFO - Processing /home/airflow/.local/lib/python3.7/site-packages/airflow/example_dags/example_short_circuit_decorator.py took 0.103 seconds
[2022-12-03T21:57:11.624+0000] {processor.py:153} INFO - Started process (PID=374) to work on /home/airflow/.local/lib/python3.7/site-packages/airflow/example_dags/example_short_circuit_decorator.py
[2022-12-03T21:57:11.625+0000] {processor.py:743} INFO - Processing file /home/airflow/.local/lib/python3.7/site-packages/airflow/example_dags/example_short_circuit_decorator.py for tasks to queue
[2022-12-03T21:57:11.626+0000] {logging_mixin.py:137} INFO - [2022-12-03T21:57:11.626+0000] {dagbag.py:538} INFO - Filling up the DagBag from /home/airflow/.local/lib/python3.7/site-packages/airflow/example_dags/example_short_circuit_decorator.py
[2022-12-03T21:57:11.650+0000] {processor.py:753} INFO - DAG(s) dict_keys(['example_short_circuit_decorator']) retrieved from /home/airflow/.local/lib/python3.7/site-packages/airflow/example_dags/example_short_circuit_decorator.py
[2022-12-03T21:57:11.686+0000] {logging_mixin.py:137} INFO - [2022-12-03T21:57:11.685+0000] {dag.py:2676} INFO - Sync 1 DAGs
[2022-12-03T21:57:11.708+0000] {logging_mixin.py:137} INFO - [2022-12-03T21:57:11.708+0000] {dag.py:3427} INFO - Setting next_dagrun for example_short_circuit_decorator to 2022-12-02T21:57:11.708466+00:00, run_after=2022-12-03T21:57:11.708466+00:00
[2022-12-03T21:57:11.725+0000] {processor.py:175} INFO - Processing /home/airflow/.local/lib/python3.7/site-packages/airflow/example_dags/example_short_circuit_decorator.py took 0.103 seconds
[2022-12-03T21:57:42.085+0000] {processor.py:153} INFO - Started process (PID=475) to work on /home/airflow/.local/lib/python3.7/site-packages/airflow/example_dags/example_short_circuit_decorator.py
[2022-12-03T21:57:42.087+0000] {processor.py:743} INFO - Processing file /home/airflow/.local/lib/python3.7/site-packages/airflow/example_dags/example_short_circuit_decorator.py for tasks to queue
[2022-12-03T21:57:42.087+0000] {logging_mixin.py:137} INFO - [2022-12-03T21:57:42.087+0000] {dagbag.py:538} INFO - Filling up the DagBag from /home/airflow/.local/lib/python3.7/site-packages/airflow/example_dags/example_short_circuit_decorator.py
[2022-12-03T21:57:42.111+0000] {processor.py:753} INFO - DAG(s) dict_keys(['example_short_circuit_decorator']) retrieved from /home/airflow/.local/lib/python3.7/site-packages/airflow/example_dags/example_short_circuit_decorator.py
[2022-12-03T21:57:42.151+0000] {logging_mixin.py:137} INFO - [2022-12-03T21:57:42.151+0000] {dag.py:2676} INFO - Sync 1 DAGs
[2022-12-03T21:57:42.178+0000] {logging_mixin.py:137} INFO - [2022-12-03T21:57:42.178+0000] {dag.py:3427} INFO - Setting next_dagrun for example_short_circuit_decorator to 2022-12-02T21:57:42.178180+00:00, run_after=2022-12-03T21:57:42.178180+00:00
[2022-12-03T21:57:42.198+0000] {processor.py:175} INFO - Processing /home/airflow/.local/lib/python3.7/site-packages/airflow/example_dags/example_short_circuit_decorator.py took 0.115 seconds
[2022-12-03T21:58:12.506+0000] {processor.py:153} INFO - Started process (PID=562) to work on /home/airflow/.local/lib/python3.7/site-packages/airflow/example_dags/example_short_circuit_decorator.py
[2022-12-03T21:58:12.507+0000] {processor.py:743} INFO - Processing file /home/airflow/.local/lib/python3.7/site-packages/airflow/example_dags/example_short_circuit_decorator.py for tasks to queue
[2022-12-03T21:58:12.507+0000] {logging_mixin.py:137} INFO - [2022-12-03T21:58:12.507+0000] {dagbag.py:538} INFO - Filling up the DagBag from /home/airflow/.local/lib/python3.7/site-packages/airflow/example_dags/example_short_circuit_decorator.py
[2022-12-03T21:58:12.531+0000] {processor.py:753} INFO - DAG(s) dict_keys(['example_short_circuit_decorator']) retrieved from /home/airflow/.local/lib/python3.7/site-packages/airflow/example_dags/example_short_circuit_decorator.py
[2022-12-03T21:58:12.566+0000] {logging_mixin.py:137} INFO - [2022-12-03T21:58:12.566+0000] {dag.py:2676} INFO - Sync 1 DAGs
[2022-12-03T21:58:12.592+0000] {logging_mixin.py:137} INFO - [2022-12-03T21:58:12.592+0000] {dag.py:3427} INFO - Setting next_dagrun for example_short_circuit_decorator to 2022-12-02T21:58:12.592217+00:00, run_after=2022-12-03T21:58:12.592217+00:00
[2022-12-03T21:58:12.610+0000] {processor.py:175} INFO - Processing /home/airflow/.local/lib/python3.7/site-packages/airflow/example_dags/example_short_circuit_decorator.py took 0.106 seconds
[2022-12-03T21:58:43.062+0000] {processor.py:153} INFO - Started process (PID=672) to work on /home/airflow/.local/lib/python3.7/site-packages/airflow/example_dags/example_short_circuit_decorator.py
[2022-12-03T21:58:43.063+0000] {processor.py:743} INFO - Processing file /home/airflow/.local/lib/python3.7/site-packages/airflow/example_dags/example_short_circuit_decorator.py for tasks to queue
[2022-12-03T21:58:43.063+0000] {logging_mixin.py:137} INFO - [2022-12-03T21:58:43.063+0000] {dagbag.py:538} INFO - Filling up the DagBag from /home/airflow/.local/lib/python3.7/site-packages/airflow/example_dags/example_short_circuit_decorator.py
[2022-12-03T21:58:43.088+0000] {processor.py:753} INFO - DAG(s) dict_keys(['example_short_circuit_decorator']) retrieved from /home/airflow/.local/lib/python3.7/site-packages/airflow/example_dags/example_short_circuit_decorator.py
[2022-12-03T21:58:43.124+0000] {logging_mixin.py:137} INFO - [2022-12-03T21:58:43.124+0000] {dag.py:2676} INFO - Sync 1 DAGs
[2022-12-03T21:58:43.148+0000] {logging_mixin.py:137} INFO - [2022-12-03T21:58:43.148+0000] {dag.py:3427} INFO - Setting next_dagrun for example_short_circuit_decorator to 2022-12-02T21:58:43.148275+00:00, run_after=2022-12-03T21:58:43.148275+00:00
[2022-12-03T21:58:43.165+0000] {processor.py:175} INFO - Processing /home/airflow/.local/lib/python3.7/site-packages/airflow/example_dags/example_short_circuit_decorator.py took 0.105 seconds
[2022-12-03T21:59:13.614+0000] {processor.py:153} INFO - Started process (PID=758) to work on /home/airflow/.local/lib/python3.7/site-packages/airflow/example_dags/example_short_circuit_decorator.py
[2022-12-03T21:59:13.615+0000] {processor.py:743} INFO - Processing file /home/airflow/.local/lib/python3.7/site-packages/airflow/example_dags/example_short_circuit_decorator.py for tasks to queue
[2022-12-03T21:59:13.615+0000] {logging_mixin.py:137} INFO - [2022-12-03T21:59:13.615+0000] {dagbag.py:538} INFO - Filling up the DagBag from /home/airflow/.local/lib/python3.7/site-packages/airflow/example_dags/example_short_circuit_decorator.py
[2022-12-03T21:59:13.641+0000] {processor.py:753} INFO - DAG(s) dict_keys(['example_short_circuit_decorator']) retrieved from /home/airflow/.local/lib/python3.7/site-packages/airflow/example_dags/example_short_circuit_decorator.py
[2022-12-03T21:59:13.680+0000] {logging_mixin.py:137} INFO - [2022-12-03T21:59:13.679+0000] {dag.py:2676} INFO - Sync 1 DAGs
[2022-12-03T21:59:13.704+0000] {logging_mixin.py:137} INFO - [2022-12-03T21:59:13.704+0000] {dag.py:3427} INFO - Setting next_dagrun for example_short_circuit_decorator to 2022-12-02T21:59:13.704117+00:00, run_after=2022-12-03T21:59:13.704117+00:00
[2022-12-03T21:59:13.722+0000] {processor.py:175} INFO - Processing /home/airflow/.local/lib/python3.7/site-packages/airflow/example_dags/example_short_circuit_decorator.py took 0.110 seconds
[2022-12-03T21:59:44.135+0000] {processor.py:153} INFO - Started process (PID=868) to work on /home/airflow/.local/lib/python3.7/site-packages/airflow/example_dags/example_short_circuit_decorator.py
[2022-12-03T21:59:44.136+0000] {processor.py:743} INFO - Processing file /home/airflow/.local/lib/python3.7/site-packages/airflow/example_dags/example_short_circuit_decorator.py for tasks to queue
[2022-12-03T21:59:44.136+0000] {logging_mixin.py:137} INFO - [2022-12-03T21:59:44.136+0000] {dagbag.py:538} INFO - Filling up the DagBag from /home/airflow/.local/lib/python3.7/site-packages/airflow/example_dags/example_short_circuit_decorator.py
[2022-12-03T21:59:44.188+0000] {processor.py:753} INFO - DAG(s) dict_keys(['example_short_circuit_decorator']) retrieved from /home/airflow/.local/lib/python3.7/site-packages/airflow/example_dags/example_short_circuit_decorator.py
[2022-12-03T21:59:44.303+0000] {logging_mixin.py:137} INFO - [2022-12-03T21:59:44.302+0000] {dag.py:2676} INFO - Sync 1 DAGs
[2022-12-03T21:59:44.328+0000] {logging_mixin.py:137} INFO - [2022-12-03T21:59:44.328+0000] {dag.py:3427} INFO - Setting next_dagrun for example_short_circuit_decorator to 2022-12-02T21:59:44.328637+00:00, run_after=2022-12-03T21:59:44.328637+00:00
[2022-12-03T21:59:44.346+0000] {processor.py:175} INFO - Processing /home/airflow/.local/lib/python3.7/site-packages/airflow/example_dags/example_short_circuit_decorator.py took 0.213 seconds
[2022-12-03T22:00:14.787+0000] {processor.py:153} INFO - Started process (PID=954) to work on /home/airflow/.local/lib/python3.7/site-packages/airflow/example_dags/example_short_circuit_decorator.py
[2022-12-03T22:00:14.788+0000] {processor.py:743} INFO - Processing file /home/airflow/.local/lib/python3.7/site-packages/airflow/example_dags/example_short_circuit_decorator.py for tasks to queue
[2022-12-03T22:00:14.788+0000] {logging_mixin.py:137} INFO - [2022-12-03T22:00:14.788+0000] {dagbag.py:538} INFO - Filling up the DagBag from /home/airflow/.local/lib/python3.7/site-packages/airflow/example_dags/example_short_circuit_decorator.py
[2022-12-03T22:00:14.812+0000] {processor.py:753} INFO - DAG(s) dict_keys(['example_short_circuit_decorator']) retrieved from /home/airflow/.local/lib/python3.7/site-packages/airflow/example_dags/example_short_circuit_decorator.py
[2022-12-03T22:00:14.847+0000] {logging_mixin.py:137} INFO - [2022-12-03T22:00:14.847+0000] {dag.py:2676} INFO - Sync 1 DAGs
[2022-12-03T22:00:14.871+0000] {logging_mixin.py:137} INFO - [2022-12-03T22:00:14.871+0000] {dag.py:3427} INFO - Setting next_dagrun for example_short_circuit_decorator to 2022-12-02T22:00:14.871655+00:00, run_after=2022-12-03T22:00:14.871655+00:00
[2022-12-03T22:00:14.888+0000] {processor.py:175} INFO - Processing /home/airflow/.local/lib/python3.7/site-packages/airflow/example_dags/example_short_circuit_decorator.py took 0.104 seconds
[2022-12-03T22:00:45.397+0000] {processor.py:153} INFO - Started process (PID=1064) to work on /home/airflow/.local/lib/python3.7/site-packages/airflow/example_dags/example_short_circuit_decorator.py
[2022-12-03T22:00:45.398+0000] {processor.py:743} INFO - Processing file /home/airflow/.local/lib/python3.7/site-packages/airflow/example_dags/example_short_circuit_decorator.py for tasks to queue
[2022-12-03T22:00:45.398+0000] {logging_mixin.py:137} INFO - [2022-12-03T22:00:45.398+0000] {dagbag.py:538} INFO - Filling up the DagBag from /home/airflow/.local/lib/python3.7/site-packages/airflow/example_dags/example_short_circuit_decorator.py
[2022-12-03T22:00:45.421+0000] {processor.py:753} INFO - DAG(s) dict_keys(['example_short_circuit_decorator']) retrieved from /home/airflow/.local/lib/python3.7/site-packages/airflow/example_dags/example_short_circuit_decorator.py
[2022-12-03T22:00:45.456+0000] {logging_mixin.py:137} INFO - [2022-12-03T22:00:45.456+0000] {dag.py:2676} INFO - Sync 1 DAGs
[2022-12-03T22:00:45.481+0000] {logging_mixin.py:137} INFO - [2022-12-03T22:00:45.481+0000] {dag.py:3427} INFO - Setting next_dagrun for example_short_circuit_decorator to 2022-12-02T22:00:45.480932+00:00, run_after=2022-12-03T22:00:45.480932+00:00
[2022-12-03T22:00:45.497+0000] {processor.py:175} INFO - Processing /home/airflow/.local/lib/python3.7/site-packages/airflow/example_dags/example_short_circuit_decorator.py took 0.103 seconds
[2022-12-03T22:01:15.946+0000] {processor.py:153} INFO - Started process (PID=1150) to work on /home/airflow/.local/lib/python3.7/site-packages/airflow/example_dags/example_short_circuit_decorator.py
[2022-12-03T22:01:15.947+0000] {processor.py:743} INFO - Processing file /home/airflow/.local/lib/python3.7/site-packages/airflow/example_dags/example_short_circuit_decorator.py for tasks to queue
[2022-12-03T22:01:15.948+0000] {logging_mixin.py:137} INFO - [2022-12-03T22:01:15.948+0000] {dagbag.py:538} INFO - Filling up the DagBag from /home/airflow/.local/lib/python3.7/site-packages/airflow/example_dags/example_short_circuit_decorator.py
[2022-12-03T22:01:15.971+0000] {processor.py:753} INFO - DAG(s) dict_keys(['example_short_circuit_decorator']) retrieved from /home/airflow/.local/lib/python3.7/site-packages/airflow/example_dags/example_short_circuit_decorator.py
[2022-12-03T22:01:16.008+0000] {logging_mixin.py:137} INFO - [2022-12-03T22:01:16.007+0000] {dag.py:2676} INFO - Sync 1 DAGs
[2022-12-03T22:01:16.033+0000] {logging_mixin.py:137} INFO - [2022-12-03T22:01:16.033+0000] {dag.py:3427} INFO - Setting next_dagrun for example_short_circuit_decorator to 2022-12-02T22:01:16.033517+00:00, run_after=2022-12-03T22:01:16.033517+00:00
[2022-12-03T22:01:16.050+0000] {processor.py:175} INFO - Processing /home/airflow/.local/lib/python3.7/site-packages/airflow/example_dags/example_short_circuit_decorator.py took 0.106 seconds
[2022-12-03T22:01:46.766+0000] {processor.py:153} INFO - Started process (PID=1260) to work on /home/airflow/.local/lib/python3.7/site-packages/airflow/example_dags/example_short_circuit_decorator.py
[2022-12-03T22:01:46.766+0000] {processor.py:743} INFO - Processing file /home/airflow/.local/lib/python3.7/site-packages/airflow/example_dags/example_short_circuit_decorator.py for tasks to queue
[2022-12-03T22:01:46.767+0000] {logging_mixin.py:137} INFO - [2022-12-03T22:01:46.767+0000] {dagbag.py:538} INFO - Filling up the DagBag from /home/airflow/.local/lib/python3.7/site-packages/airflow/example_dags/example_short_circuit_decorator.py
[2022-12-03T22:01:46.791+0000] {processor.py:753} INFO - DAG(s) dict_keys(['example_short_circuit_decorator']) retrieved from /home/airflow/.local/lib/python3.7/site-packages/airflow/example_dags/example_short_circuit_decorator.py
[2022-12-03T22:01:46.826+0000] {logging_mixin.py:137} INFO - [2022-12-03T22:01:46.826+0000] {dag.py:2676} INFO - Sync 1 DAGs
[2022-12-03T22:01:46.850+0000] {logging_mixin.py:137} INFO - [2022-12-03T22:01:46.850+0000] {dag.py:3427} INFO - Setting next_dagrun for example_short_circuit_decorator to 2022-12-02T22:01:46.850635+00:00, run_after=2022-12-03T22:01:46.850635+00:00
[2022-12-03T22:01:46.867+0000] {processor.py:175} INFO - Processing /home/airflow/.local/lib/python3.7/site-packages/airflow/example_dags/example_short_circuit_decorator.py took 0.105 seconds
[2022-12-03T22:02:17.083+0000] {processor.py:153} INFO - Started process (PID=1346) to work on /home/airflow/.local/lib/python3.7/site-packages/airflow/example_dags/example_short_circuit_decorator.py
[2022-12-03T22:02:17.084+0000] {processor.py:743} INFO - Processing file /home/airflow/.local/lib/python3.7/site-packages/airflow/example_dags/example_short_circuit_decorator.py for tasks to queue
[2022-12-03T22:02:17.084+0000] {logging_mixin.py:137} INFO - [2022-12-03T22:02:17.084+0000] {dagbag.py:538} INFO - Filling up the DagBag from /home/airflow/.local/lib/python3.7/site-packages/airflow/example_dags/example_short_circuit_decorator.py
[2022-12-03T22:02:17.108+0000] {processor.py:753} INFO - DAG(s) dict_keys(['example_short_circuit_decorator']) retrieved from /home/airflow/.local/lib/python3.7/site-packages/airflow/example_dags/example_short_circuit_decorator.py
[2022-12-03T22:02:17.147+0000] {logging_mixin.py:137} INFO - [2022-12-03T22:02:17.147+0000] {dag.py:2676} INFO - Sync 1 DAGs
[2022-12-03T22:02:17.173+0000] {logging_mixin.py:137} INFO - [2022-12-03T22:02:17.173+0000] {dag.py:3427} INFO - Setting next_dagrun for example_short_circuit_decorator to 2022-12-02T22:02:17.173430+00:00, run_after=2022-12-03T22:02:17.173430+00:00
[2022-12-03T22:02:17.190+0000] {processor.py:175} INFO - Processing /home/airflow/.local/lib/python3.7/site-packages/airflow/example_dags/example_short_circuit_decorator.py took 0.110 seconds
[2022-12-03T22:24:15.365+0000] {processor.py:153} INFO - Started process (PID=5499) to work on /home/airflow/.local/lib/python3.7/site-packages/airflow/example_dags/example_short_circuit_decorator.py
[2022-12-03T22:24:15.366+0000] {processor.py:743} INFO - Processing file /home/airflow/.local/lib/python3.7/site-packages/airflow/example_dags/example_short_circuit_decorator.py for tasks to queue
[2022-12-03T22:24:15.366+0000] {logging_mixin.py:137} INFO - [2022-12-03T22:24:15.366+0000] {dagbag.py:538} INFO - Filling up the DagBag from /home/airflow/.local/lib/python3.7/site-packages/airflow/example_dags/example_short_circuit_decorator.py
[2022-12-03T22:24:15.390+0000] {processor.py:753} INFO - DAG(s) dict_keys(['example_short_circuit_decorator']) retrieved from /home/airflow/.local/lib/python3.7/site-packages/airflow/example_dags/example_short_circuit_decorator.py
[2022-12-03T22:24:15.427+0000] {logging_mixin.py:137} INFO - [2022-12-03T22:24:15.427+0000] {dag.py:2676} INFO - Sync 1 DAGs
[2022-12-03T22:24:15.452+0000] {logging_mixin.py:137} INFO - [2022-12-03T22:24:15.452+0000] {dag.py:3427} INFO - Setting next_dagrun for example_short_circuit_decorator to 2022-12-02T22:24:15.452492+00:00, run_after=2022-12-03T22:24:15.452492+00:00
[2022-12-03T22:24:15.469+0000] {processor.py:175} INFO - Processing /home/airflow/.local/lib/python3.7/site-packages/airflow/example_dags/example_short_circuit_decorator.py took 0.106 seconds
