[2022-12-03T21:55:40.941+0000] {processor.py:153} INFO - Started process (PID=113) to work on /home/airflow/.local/lib/python3.7/site-packages/airflow/example_dags/example_task_group.py
[2022-12-03T21:55:40.942+0000] {processor.py:743} INFO - Processing file /home/airflow/.local/lib/python3.7/site-packages/airflow/example_dags/example_task_group.py for tasks to queue
[2022-12-03T21:55:40.943+0000] {logging_mixin.py:137} INFO - [2022-12-03T21:55:40.943+0000] {dagbag.py:538} INFO - Filling up the DagBag from /home/airflow/.local/lib/python3.7/site-packages/airflow/example_dags/example_task_group.py
[2022-12-03T21:55:40.967+0000] {processor.py:753} INFO - DAG(s) dict_keys(['example_task_group']) retrieved from /home/airflow/.local/lib/python3.7/site-packages/airflow/example_dags/example_task_group.py
[2022-12-03T21:55:40.998+0000] {logging_mixin.py:137} INFO - [2022-12-03T21:55:40.998+0000] {dag.py:2676} INFO - Sync 1 DAGs
[2022-12-03T21:55:41.028+0000] {logging_mixin.py:137} INFO - [2022-12-03T21:55:41.027+0000] {dag.py:3427} INFO - Setting next_dagrun for example_task_group to 2022-12-02T21:55:41.027659+00:00, run_after=2022-12-03T21:55:41.027659+00:00
[2022-12-03T21:55:41.047+0000] {processor.py:175} INFO - Processing /home/airflow/.local/lib/python3.7/site-packages/airflow/example_dags/example_task_group.py took 0.110 seconds
[2022-12-03T21:56:11.839+0000] {processor.py:153} INFO - Started process (PID=198) to work on /home/airflow/.local/lib/python3.7/site-packages/airflow/example_dags/example_task_group.py
[2022-12-03T21:56:11.840+0000] {processor.py:743} INFO - Processing file /home/airflow/.local/lib/python3.7/site-packages/airflow/example_dags/example_task_group.py for tasks to queue
[2022-12-03T21:56:11.840+0000] {logging_mixin.py:137} INFO - [2022-12-03T21:56:11.840+0000] {dagbag.py:538} INFO - Filling up the DagBag from /home/airflow/.local/lib/python3.7/site-packages/airflow/example_dags/example_task_group.py
[2022-12-03T21:56:11.855+0000] {processor.py:753} INFO - DAG(s) dict_keys(['example_task_group']) retrieved from /home/airflow/.local/lib/python3.7/site-packages/airflow/example_dags/example_task_group.py
[2022-12-03T21:56:11.892+0000] {logging_mixin.py:137} INFO - [2022-12-03T21:56:11.892+0000] {dag.py:2676} INFO - Sync 1 DAGs
[2022-12-03T21:56:11.920+0000] {logging_mixin.py:137} INFO - [2022-12-03T21:56:11.919+0000] {dag.py:3427} INFO - Setting next_dagrun for example_task_group to 2022-12-02T21:56:11.919634+00:00, run_after=2022-12-03T21:56:11.919634+00:00
[2022-12-03T21:56:11.936+0000] {processor.py:175} INFO - Processing /home/airflow/.local/lib/python3.7/site-packages/airflow/example_dags/example_task_group.py took 0.102 seconds
[2022-12-03T21:56:42.588+0000] {processor.py:153} INFO - Started process (PID=284) to work on /home/airflow/.local/lib/python3.7/site-packages/airflow/example_dags/example_task_group.py
[2022-12-03T21:56:42.589+0000] {processor.py:743} INFO - Processing file /home/airflow/.local/lib/python3.7/site-packages/airflow/example_dags/example_task_group.py for tasks to queue
[2022-12-03T21:56:42.590+0000] {logging_mixin.py:137} INFO - [2022-12-03T21:56:42.590+0000] {dagbag.py:538} INFO - Filling up the DagBag from /home/airflow/.local/lib/python3.7/site-packages/airflow/example_dags/example_task_group.py
[2022-12-03T21:56:42.683+0000] {processor.py:753} INFO - DAG(s) dict_keys(['example_task_group']) retrieved from /home/airflow/.local/lib/python3.7/site-packages/airflow/example_dags/example_task_group.py
[2022-12-03T21:56:42.724+0000] {logging_mixin.py:137} INFO - [2022-12-03T21:56:42.723+0000] {dag.py:2676} INFO - Sync 1 DAGs
[2022-12-03T21:56:42.748+0000] {logging_mixin.py:137} INFO - [2022-12-03T21:56:42.747+0000] {dag.py:3427} INFO - Setting next_dagrun for example_task_group to 2022-12-02T21:56:42.747672+00:00, run_after=2022-12-03T21:56:42.747672+00:00
[2022-12-03T21:56:42.778+0000] {processor.py:175} INFO - Processing /home/airflow/.local/lib/python3.7/site-packages/airflow/example_dags/example_task_group.py took 0.194 seconds
[2022-12-03T21:57:12.877+0000] {processor.py:153} INFO - Started process (PID=394) to work on /home/airflow/.local/lib/python3.7/site-packages/airflow/example_dags/example_task_group.py
[2022-12-03T21:57:12.878+0000] {processor.py:743} INFO - Processing file /home/airflow/.local/lib/python3.7/site-packages/airflow/example_dags/example_task_group.py for tasks to queue
[2022-12-03T21:57:12.879+0000] {logging_mixin.py:137} INFO - [2022-12-03T21:57:12.879+0000] {dagbag.py:538} INFO - Filling up the DagBag from /home/airflow/.local/lib/python3.7/site-packages/airflow/example_dags/example_task_group.py
[2022-12-03T21:57:12.894+0000] {processor.py:753} INFO - DAG(s) dict_keys(['example_task_group']) retrieved from /home/airflow/.local/lib/python3.7/site-packages/airflow/example_dags/example_task_group.py
[2022-12-03T21:57:12.928+0000] {logging_mixin.py:137} INFO - [2022-12-03T21:57:12.928+0000] {dag.py:2676} INFO - Sync 1 DAGs
[2022-12-03T21:57:12.951+0000] {logging_mixin.py:137} INFO - [2022-12-03T21:57:12.951+0000] {dag.py:3427} INFO - Setting next_dagrun for example_task_group to 2022-12-02T21:57:12.951166+00:00, run_after=2022-12-03T21:57:12.951166+00:00
[2022-12-03T21:57:12.967+0000] {processor.py:175} INFO - Processing /home/airflow/.local/lib/python3.7/site-packages/airflow/example_dags/example_task_group.py took 0.093 seconds
[2022-12-03T21:57:43.446+0000] {processor.py:153} INFO - Started process (PID=480) to work on /home/airflow/.local/lib/python3.7/site-packages/airflow/example_dags/example_task_group.py
[2022-12-03T21:57:43.447+0000] {processor.py:743} INFO - Processing file /home/airflow/.local/lib/python3.7/site-packages/airflow/example_dags/example_task_group.py for tasks to queue
[2022-12-03T21:57:43.447+0000] {logging_mixin.py:137} INFO - [2022-12-03T21:57:43.447+0000] {dagbag.py:538} INFO - Filling up the DagBag from /home/airflow/.local/lib/python3.7/site-packages/airflow/example_dags/example_task_group.py
[2022-12-03T21:57:43.462+0000] {processor.py:753} INFO - DAG(s) dict_keys(['example_task_group']) retrieved from /home/airflow/.local/lib/python3.7/site-packages/airflow/example_dags/example_task_group.py
[2022-12-03T21:57:43.502+0000] {logging_mixin.py:137} INFO - [2022-12-03T21:57:43.502+0000] {dag.py:2676} INFO - Sync 1 DAGs
[2022-12-03T21:57:43.526+0000] {logging_mixin.py:137} INFO - [2022-12-03T21:57:43.526+0000] {dag.py:3427} INFO - Setting next_dagrun for example_task_group to 2022-12-02T21:57:43.526149+00:00, run_after=2022-12-03T21:57:43.526149+00:00
[2022-12-03T21:57:43.544+0000] {processor.py:175} INFO - Processing /home/airflow/.local/lib/python3.7/site-packages/airflow/example_dags/example_task_group.py took 0.101 seconds
[2022-12-03T21:58:13.915+0000] {processor.py:153} INFO - Started process (PID=591) to work on /home/airflow/.local/lib/python3.7/site-packages/airflow/example_dags/example_task_group.py
[2022-12-03T21:58:13.915+0000] {processor.py:743} INFO - Processing file /home/airflow/.local/lib/python3.7/site-packages/airflow/example_dags/example_task_group.py for tasks to queue
[2022-12-03T21:58:13.916+0000] {logging_mixin.py:137} INFO - [2022-12-03T21:58:13.916+0000] {dagbag.py:538} INFO - Filling up the DagBag from /home/airflow/.local/lib/python3.7/site-packages/airflow/example_dags/example_task_group.py
[2022-12-03T21:58:13.933+0000] {processor.py:753} INFO - DAG(s) dict_keys(['example_task_group']) retrieved from /home/airflow/.local/lib/python3.7/site-packages/airflow/example_dags/example_task_group.py
[2022-12-03T21:58:13.969+0000] {logging_mixin.py:137} INFO - [2022-12-03T21:58:13.969+0000] {dag.py:2676} INFO - Sync 1 DAGs
[2022-12-03T21:58:13.996+0000] {logging_mixin.py:137} INFO - [2022-12-03T21:58:13.995+0000] {dag.py:3427} INFO - Setting next_dagrun for example_task_group to 2022-12-02T21:58:13.995720+00:00, run_after=2022-12-03T21:58:13.995720+00:00
[2022-12-03T21:58:14.013+0000] {processor.py:175} INFO - Processing /home/airflow/.local/lib/python3.7/site-packages/airflow/example_dags/example_task_group.py took 0.101 seconds
[2022-12-03T21:58:44.322+0000] {processor.py:153} INFO - Started process (PID=677) to work on /home/airflow/.local/lib/python3.7/site-packages/airflow/example_dags/example_task_group.py
[2022-12-03T21:58:44.323+0000] {processor.py:743} INFO - Processing file /home/airflow/.local/lib/python3.7/site-packages/airflow/example_dags/example_task_group.py for tasks to queue
[2022-12-03T21:58:44.323+0000] {logging_mixin.py:137} INFO - [2022-12-03T21:58:44.323+0000] {dagbag.py:538} INFO - Filling up the DagBag from /home/airflow/.local/lib/python3.7/site-packages/airflow/example_dags/example_task_group.py
[2022-12-03T21:58:44.340+0000] {processor.py:753} INFO - DAG(s) dict_keys(['example_task_group']) retrieved from /home/airflow/.local/lib/python3.7/site-packages/airflow/example_dags/example_task_group.py
[2022-12-03T21:58:44.378+0000] {logging_mixin.py:137} INFO - [2022-12-03T21:58:44.378+0000] {dag.py:2676} INFO - Sync 1 DAGs
[2022-12-03T21:58:44.405+0000] {logging_mixin.py:137} INFO - [2022-12-03T21:58:44.405+0000] {dag.py:3427} INFO - Setting next_dagrun for example_task_group to 2022-12-02T21:58:44.405276+00:00, run_after=2022-12-03T21:58:44.405276+00:00
[2022-12-03T21:58:44.423+0000] {processor.py:175} INFO - Processing /home/airflow/.local/lib/python3.7/site-packages/airflow/example_dags/example_task_group.py took 0.104 seconds
[2022-12-03T21:59:14.988+0000] {processor.py:153} INFO - Started process (PID=772) to work on /home/airflow/.local/lib/python3.7/site-packages/airflow/example_dags/example_task_group.py
[2022-12-03T21:59:14.989+0000] {processor.py:743} INFO - Processing file /home/airflow/.local/lib/python3.7/site-packages/airflow/example_dags/example_task_group.py for tasks to queue
[2022-12-03T21:59:14.990+0000] {logging_mixin.py:137} INFO - [2022-12-03T21:59:14.990+0000] {dagbag.py:538} INFO - Filling up the DagBag from /home/airflow/.local/lib/python3.7/site-packages/airflow/example_dags/example_task_group.py
[2022-12-03T21:59:15.005+0000] {processor.py:753} INFO - DAG(s) dict_keys(['example_task_group']) retrieved from /home/airflow/.local/lib/python3.7/site-packages/airflow/example_dags/example_task_group.py
[2022-12-03T21:59:15.043+0000] {logging_mixin.py:137} INFO - [2022-12-03T21:59:15.043+0000] {dag.py:2676} INFO - Sync 1 DAGs
[2022-12-03T21:59:15.069+0000] {logging_mixin.py:137} INFO - [2022-12-03T21:59:15.069+0000] {dag.py:3427} INFO - Setting next_dagrun for example_task_group to 2022-12-02T21:59:15.069574+00:00, run_after=2022-12-03T21:59:15.069574+00:00
[2022-12-03T21:59:15.087+0000] {processor.py:175} INFO - Processing /home/airflow/.local/lib/python3.7/site-packages/airflow/example_dags/example_task_group.py took 0.101 seconds
[2022-12-03T21:59:45.506+0000] {processor.py:153} INFO - Started process (PID=873) to work on /home/airflow/.local/lib/python3.7/site-packages/airflow/example_dags/example_task_group.py
[2022-12-03T21:59:45.507+0000] {processor.py:743} INFO - Processing file /home/airflow/.local/lib/python3.7/site-packages/airflow/example_dags/example_task_group.py for tasks to queue
[2022-12-03T21:59:45.507+0000] {logging_mixin.py:137} INFO - [2022-12-03T21:59:45.507+0000] {dagbag.py:538} INFO - Filling up the DagBag from /home/airflow/.local/lib/python3.7/site-packages/airflow/example_dags/example_task_group.py
[2022-12-03T21:59:45.523+0000] {processor.py:753} INFO - DAG(s) dict_keys(['example_task_group']) retrieved from /home/airflow/.local/lib/python3.7/site-packages/airflow/example_dags/example_task_group.py
[2022-12-03T21:59:45.557+0000] {logging_mixin.py:137} INFO - [2022-12-03T21:59:45.556+0000] {dag.py:2676} INFO - Sync 1 DAGs
[2022-12-03T21:59:45.580+0000] {logging_mixin.py:137} INFO - [2022-12-03T21:59:45.580+0000] {dag.py:3427} INFO - Setting next_dagrun for example_task_group to 2022-12-02T21:59:45.580282+00:00, run_after=2022-12-03T21:59:45.580282+00:00
[2022-12-03T21:59:45.600+0000] {processor.py:175} INFO - Processing /home/airflow/.local/lib/python3.7/site-packages/airflow/example_dags/example_task_group.py took 0.097 seconds
[2022-12-03T22:00:16.184+0000] {processor.py:153} INFO - Started process (PID=959) to work on /home/airflow/.local/lib/python3.7/site-packages/airflow/example_dags/example_task_group.py
[2022-12-03T22:00:16.185+0000] {processor.py:743} INFO - Processing file /home/airflow/.local/lib/python3.7/site-packages/airflow/example_dags/example_task_group.py for tasks to queue
[2022-12-03T22:00:16.186+0000] {logging_mixin.py:137} INFO - [2022-12-03T22:00:16.185+0000] {dagbag.py:538} INFO - Filling up the DagBag from /home/airflow/.local/lib/python3.7/site-packages/airflow/example_dags/example_task_group.py
[2022-12-03T22:00:16.201+0000] {processor.py:753} INFO - DAG(s) dict_keys(['example_task_group']) retrieved from /home/airflow/.local/lib/python3.7/site-packages/airflow/example_dags/example_task_group.py
[2022-12-03T22:00:16.235+0000] {logging_mixin.py:137} INFO - [2022-12-03T22:00:16.235+0000] {dag.py:2676} INFO - Sync 1 DAGs
[2022-12-03T22:00:16.260+0000] {logging_mixin.py:137} INFO - [2022-12-03T22:00:16.260+0000] {dag.py:3427} INFO - Setting next_dagrun for example_task_group to 2022-12-02T22:00:16.260289+00:00, run_after=2022-12-03T22:00:16.260289+00:00
[2022-12-03T22:00:16.276+0000] {processor.py:175} INFO - Processing /home/airflow/.local/lib/python3.7/site-packages/airflow/example_dags/example_task_group.py took 0.095 seconds
[2022-12-03T22:00:46.658+0000] {processor.py:153} INFO - Started process (PID=1069) to work on /home/airflow/.local/lib/python3.7/site-packages/airflow/example_dags/example_task_group.py
[2022-12-03T22:00:46.658+0000] {processor.py:743} INFO - Processing file /home/airflow/.local/lib/python3.7/site-packages/airflow/example_dags/example_task_group.py for tasks to queue
[2022-12-03T22:00:46.659+0000] {logging_mixin.py:137} INFO - [2022-12-03T22:00:46.659+0000] {dagbag.py:538} INFO - Filling up the DagBag from /home/airflow/.local/lib/python3.7/site-packages/airflow/example_dags/example_task_group.py
[2022-12-03T22:00:46.673+0000] {processor.py:753} INFO - DAG(s) dict_keys(['example_task_group']) retrieved from /home/airflow/.local/lib/python3.7/site-packages/airflow/example_dags/example_task_group.py
[2022-12-03T22:00:46.710+0000] {logging_mixin.py:137} INFO - [2022-12-03T22:00:46.710+0000] {dag.py:2676} INFO - Sync 1 DAGs
[2022-12-03T22:00:46.734+0000] {logging_mixin.py:137} INFO - [2022-12-03T22:00:46.734+0000] {dag.py:3427} INFO - Setting next_dagrun for example_task_group to 2022-12-02T22:00:46.734325+00:00, run_after=2022-12-03T22:00:46.734325+00:00
[2022-12-03T22:00:46.754+0000] {processor.py:175} INFO - Processing /home/airflow/.local/lib/python3.7/site-packages/airflow/example_dags/example_task_group.py took 0.099 seconds
[2022-12-03T22:01:17.210+0000] {processor.py:153} INFO - Started process (PID=1155) to work on /home/airflow/.local/lib/python3.7/site-packages/airflow/example_dags/example_task_group.py
[2022-12-03T22:01:17.211+0000] {processor.py:743} INFO - Processing file /home/airflow/.local/lib/python3.7/site-packages/airflow/example_dags/example_task_group.py for tasks to queue
[2022-12-03T22:01:17.211+0000] {logging_mixin.py:137} INFO - [2022-12-03T22:01:17.211+0000] {dagbag.py:538} INFO - Filling up the DagBag from /home/airflow/.local/lib/python3.7/site-packages/airflow/example_dags/example_task_group.py
[2022-12-03T22:01:17.226+0000] {processor.py:753} INFO - DAG(s) dict_keys(['example_task_group']) retrieved from /home/airflow/.local/lib/python3.7/site-packages/airflow/example_dags/example_task_group.py
[2022-12-03T22:01:17.261+0000] {logging_mixin.py:137} INFO - [2022-12-03T22:01:17.260+0000] {dag.py:2676} INFO - Sync 1 DAGs
[2022-12-03T22:01:17.284+0000] {logging_mixin.py:137} INFO - [2022-12-03T22:01:17.284+0000] {dag.py:3427} INFO - Setting next_dagrun for example_task_group to 2022-12-02T22:01:17.284641+00:00, run_after=2022-12-03T22:01:17.284641+00:00
[2022-12-03T22:01:17.301+0000] {processor.py:175} INFO - Processing /home/airflow/.local/lib/python3.7/site-packages/airflow/example_dags/example_task_group.py took 0.094 seconds
[2022-12-03T22:01:48.022+0000] {processor.py:153} INFO - Started process (PID=1265) to work on /home/airflow/.local/lib/python3.7/site-packages/airflow/example_dags/example_task_group.py
[2022-12-03T22:01:48.023+0000] {processor.py:743} INFO - Processing file /home/airflow/.local/lib/python3.7/site-packages/airflow/example_dags/example_task_group.py for tasks to queue
[2022-12-03T22:01:48.023+0000] {logging_mixin.py:137} INFO - [2022-12-03T22:01:48.023+0000] {dagbag.py:538} INFO - Filling up the DagBag from /home/airflow/.local/lib/python3.7/site-packages/airflow/example_dags/example_task_group.py
[2022-12-03T22:01:48.038+0000] {processor.py:753} INFO - DAG(s) dict_keys(['example_task_group']) retrieved from /home/airflow/.local/lib/python3.7/site-packages/airflow/example_dags/example_task_group.py
[2022-12-03T22:01:48.071+0000] {logging_mixin.py:137} INFO - [2022-12-03T22:01:48.071+0000] {dag.py:2676} INFO - Sync 1 DAGs
[2022-12-03T22:01:48.094+0000] {logging_mixin.py:137} INFO - [2022-12-03T22:01:48.094+0000] {dag.py:3427} INFO - Setting next_dagrun for example_task_group to 2022-12-02T22:01:48.094306+00:00, run_after=2022-12-03T22:01:48.094306+00:00
[2022-12-03T22:01:48.112+0000] {processor.py:175} INFO - Processing /home/airflow/.local/lib/python3.7/site-packages/airflow/example_dags/example_task_group.py took 0.092 seconds
[2022-12-03T22:02:18.463+0000] {processor.py:153} INFO - Started process (PID=1351) to work on /home/airflow/.local/lib/python3.7/site-packages/airflow/example_dags/example_task_group.py
[2022-12-03T22:02:18.464+0000] {processor.py:743} INFO - Processing file /home/airflow/.local/lib/python3.7/site-packages/airflow/example_dags/example_task_group.py for tasks to queue
[2022-12-03T22:02:18.464+0000] {logging_mixin.py:137} INFO - [2022-12-03T22:02:18.464+0000] {dagbag.py:538} INFO - Filling up the DagBag from /home/airflow/.local/lib/python3.7/site-packages/airflow/example_dags/example_task_group.py
[2022-12-03T22:02:18.482+0000] {processor.py:753} INFO - DAG(s) dict_keys(['example_task_group']) retrieved from /home/airflow/.local/lib/python3.7/site-packages/airflow/example_dags/example_task_group.py
[2022-12-03T22:02:18.518+0000] {logging_mixin.py:137} INFO - [2022-12-03T22:02:18.518+0000] {dag.py:2676} INFO - Sync 1 DAGs
[2022-12-03T22:02:18.542+0000] {logging_mixin.py:137} INFO - [2022-12-03T22:02:18.542+0000] {dag.py:3427} INFO - Setting next_dagrun for example_task_group to 2022-12-02T22:02:18.542381+00:00, run_after=2022-12-03T22:02:18.542381+00:00
[2022-12-03T22:02:18.559+0000] {processor.py:175} INFO - Processing /home/airflow/.local/lib/python3.7/site-packages/airflow/example_dags/example_task_group.py took 0.099 seconds
