[2022-12-03T21:55:38.601+0000] {processor.py:153} INFO - Started process (PID=103) to work on /home/airflow/.local/lib/python3.7/site-packages/airflow/example_dags/example_nested_branch_dag.py
[2022-12-03T21:55:38.602+0000] {processor.py:743} INFO - Processing file /home/airflow/.local/lib/python3.7/site-packages/airflow/example_dags/example_nested_branch_dag.py for tasks to queue
[2022-12-03T21:55:38.603+0000] {logging_mixin.py:137} INFO - [2022-12-03T21:55:38.603+0000] {dagbag.py:538} INFO - Filling up the DagBag from /home/airflow/.local/lib/python3.7/site-packages/airflow/example_dags/example_nested_branch_dag.py
[2022-12-03T21:55:38.689+0000] {processor.py:753} INFO - DAG(s) dict_keys(['example_nested_branch_dag']) retrieved from /home/airflow/.local/lib/python3.7/site-packages/airflow/example_dags/example_nested_branch_dag.py
[2022-12-03T21:55:43.719+0000] {logging_mixin.py:137} INFO - [2022-12-03T21:55:43.718+0000] {dag.py:2676} INFO - Sync 1 DAGs
[2022-12-03T21:55:43.745+0000] {logging_mixin.py:137} INFO - [2022-12-03T21:55:43.745+0000] {dag.py:3427} INFO - Setting next_dagrun for example_nested_branch_dag to 2022-12-02T00:00:00+00:00, run_after=2022-12-03T00:00:00+00:00
[2022-12-03T21:55:43.762+0000] {processor.py:175} INFO - Processing /home/airflow/.local/lib/python3.7/site-packages/airflow/example_dags/example_nested_branch_dag.py took 5.168 seconds
[2022-12-03T21:56:14.012+0000] {processor.py:153} INFO - Started process (PID=201) to work on /home/airflow/.local/lib/python3.7/site-packages/airflow/example_dags/example_nested_branch_dag.py
[2022-12-03T21:56:14.013+0000] {processor.py:743} INFO - Processing file /home/airflow/.local/lib/python3.7/site-packages/airflow/example_dags/example_nested_branch_dag.py for tasks to queue
[2022-12-03T21:56:14.014+0000] {logging_mixin.py:137} INFO - [2022-12-03T21:56:14.014+0000] {dagbag.py:538} INFO - Filling up the DagBag from /home/airflow/.local/lib/python3.7/site-packages/airflow/example_dags/example_nested_branch_dag.py
[2022-12-03T21:56:14.042+0000] {processor.py:753} INFO - DAG(s) dict_keys(['example_nested_branch_dag']) retrieved from /home/airflow/.local/lib/python3.7/site-packages/airflow/example_dags/example_nested_branch_dag.py
[2022-12-03T21:56:14.083+0000] {logging_mixin.py:137} INFO - [2022-12-03T21:56:14.083+0000] {dag.py:2676} INFO - Sync 1 DAGs
[2022-12-03T21:56:14.114+0000] {logging_mixin.py:137} INFO - [2022-12-03T21:56:14.114+0000] {dag.py:3427} INFO - Setting next_dagrun for example_nested_branch_dag to 2022-12-02T00:00:00+00:00, run_after=2022-12-03T00:00:00+00:00
[2022-12-03T21:56:14.134+0000] {processor.py:175} INFO - Processing /home/airflow/.local/lib/python3.7/site-packages/airflow/example_dags/example_nested_branch_dag.py took 0.125 seconds
[2022-12-03T21:56:44.846+0000] {processor.py:153} INFO - Started process (PID=287) to work on /home/airflow/.local/lib/python3.7/site-packages/airflow/example_dags/example_nested_branch_dag.py
[2022-12-03T21:56:44.847+0000] {processor.py:743} INFO - Processing file /home/airflow/.local/lib/python3.7/site-packages/airflow/example_dags/example_nested_branch_dag.py for tasks to queue
[2022-12-03T21:56:44.848+0000] {logging_mixin.py:137} INFO - [2022-12-03T21:56:44.848+0000] {dagbag.py:538} INFO - Filling up the DagBag from /home/airflow/.local/lib/python3.7/site-packages/airflow/example_dags/example_nested_branch_dag.py
[2022-12-03T21:56:44.873+0000] {processor.py:753} INFO - DAG(s) dict_keys(['example_nested_branch_dag']) retrieved from /home/airflow/.local/lib/python3.7/site-packages/airflow/example_dags/example_nested_branch_dag.py
[2022-12-03T21:56:44.908+0000] {logging_mixin.py:137} INFO - [2022-12-03T21:56:44.908+0000] {dag.py:2676} INFO - Sync 1 DAGs
[2022-12-03T21:56:44.933+0000] {logging_mixin.py:137} INFO - [2022-12-03T21:56:44.932+0000] {dag.py:3427} INFO - Setting next_dagrun for example_nested_branch_dag to 2022-12-02T00:00:00+00:00, run_after=2022-12-03T00:00:00+00:00
[2022-12-03T21:56:44.948+0000] {processor.py:175} INFO - Processing /home/airflow/.local/lib/python3.7/site-packages/airflow/example_dags/example_nested_branch_dag.py took 0.105 seconds
[2022-12-03T21:57:15.042+0000] {processor.py:153} INFO - Started process (PID=397) to work on /home/airflow/.local/lib/python3.7/site-packages/airflow/example_dags/example_nested_branch_dag.py
[2022-12-03T21:57:15.043+0000] {processor.py:743} INFO - Processing file /home/airflow/.local/lib/python3.7/site-packages/airflow/example_dags/example_nested_branch_dag.py for tasks to queue
[2022-12-03T21:57:15.044+0000] {logging_mixin.py:137} INFO - [2022-12-03T21:57:15.044+0000] {dagbag.py:538} INFO - Filling up the DagBag from /home/airflow/.local/lib/python3.7/site-packages/airflow/example_dags/example_nested_branch_dag.py
[2022-12-03T21:57:15.068+0000] {processor.py:753} INFO - DAG(s) dict_keys(['example_nested_branch_dag']) retrieved from /home/airflow/.local/lib/python3.7/site-packages/airflow/example_dags/example_nested_branch_dag.py
[2022-12-03T21:57:15.103+0000] {logging_mixin.py:137} INFO - [2022-12-03T21:57:15.103+0000] {dag.py:2676} INFO - Sync 1 DAGs
[2022-12-03T21:57:15.130+0000] {logging_mixin.py:137} INFO - [2022-12-03T21:57:15.130+0000] {dag.py:3427} INFO - Setting next_dagrun for example_nested_branch_dag to 2022-12-02T00:00:00+00:00, run_after=2022-12-03T00:00:00+00:00
[2022-12-03T21:57:15.148+0000] {processor.py:175} INFO - Processing /home/airflow/.local/lib/python3.7/site-packages/airflow/example_dags/example_nested_branch_dag.py took 0.108 seconds
[2022-12-03T21:57:45.635+0000] {processor.py:153} INFO - Started process (PID=483) to work on /home/airflow/.local/lib/python3.7/site-packages/airflow/example_dags/example_nested_branch_dag.py
[2022-12-03T21:57:45.636+0000] {processor.py:743} INFO - Processing file /home/airflow/.local/lib/python3.7/site-packages/airflow/example_dags/example_nested_branch_dag.py for tasks to queue
[2022-12-03T21:57:45.637+0000] {logging_mixin.py:137} INFO - [2022-12-03T21:57:45.637+0000] {dagbag.py:538} INFO - Filling up the DagBag from /home/airflow/.local/lib/python3.7/site-packages/airflow/example_dags/example_nested_branch_dag.py
[2022-12-03T21:57:45.661+0000] {processor.py:753} INFO - DAG(s) dict_keys(['example_nested_branch_dag']) retrieved from /home/airflow/.local/lib/python3.7/site-packages/airflow/example_dags/example_nested_branch_dag.py
[2022-12-03T21:57:45.696+0000] {logging_mixin.py:137} INFO - [2022-12-03T21:57:45.696+0000] {dag.py:2676} INFO - Sync 1 DAGs
[2022-12-03T21:57:45.727+0000] {logging_mixin.py:137} INFO - [2022-12-03T21:57:45.727+0000] {dag.py:3427} INFO - Setting next_dagrun for example_nested_branch_dag to 2022-12-02T00:00:00+00:00, run_after=2022-12-03T00:00:00+00:00
[2022-12-03T21:57:45.746+0000] {processor.py:175} INFO - Processing /home/airflow/.local/lib/python3.7/site-packages/airflow/example_dags/example_nested_branch_dag.py took 0.114 seconds
[2022-12-03T21:58:16.085+0000] {processor.py:153} INFO - Started process (PID=594) to work on /home/airflow/.local/lib/python3.7/site-packages/airflow/example_dags/example_nested_branch_dag.py
[2022-12-03T21:58:16.087+0000] {processor.py:743} INFO - Processing file /home/airflow/.local/lib/python3.7/site-packages/airflow/example_dags/example_nested_branch_dag.py for tasks to queue
[2022-12-03T21:58:16.087+0000] {logging_mixin.py:137} INFO - [2022-12-03T21:58:16.087+0000] {dagbag.py:538} INFO - Filling up the DagBag from /home/airflow/.local/lib/python3.7/site-packages/airflow/example_dags/example_nested_branch_dag.py
[2022-12-03T21:58:16.112+0000] {processor.py:753} INFO - DAG(s) dict_keys(['example_nested_branch_dag']) retrieved from /home/airflow/.local/lib/python3.7/site-packages/airflow/example_dags/example_nested_branch_dag.py
[2022-12-03T21:58:16.147+0000] {logging_mixin.py:137} INFO - [2022-12-03T21:58:16.147+0000] {dag.py:2676} INFO - Sync 1 DAGs
[2022-12-03T21:58:16.174+0000] {logging_mixin.py:137} INFO - [2022-12-03T21:58:16.174+0000] {dag.py:3427} INFO - Setting next_dagrun for example_nested_branch_dag to 2022-12-02T00:00:00+00:00, run_after=2022-12-03T00:00:00+00:00
[2022-12-03T21:58:16.191+0000] {processor.py:175} INFO - Processing /home/airflow/.local/lib/python3.7/site-packages/airflow/example_dags/example_nested_branch_dag.py took 0.109 seconds
[2022-12-03T21:58:46.486+0000] {processor.py:153} INFO - Started process (PID=680) to work on /home/airflow/.local/lib/python3.7/site-packages/airflow/example_dags/example_nested_branch_dag.py
[2022-12-03T21:58:46.487+0000] {processor.py:743} INFO - Processing file /home/airflow/.local/lib/python3.7/site-packages/airflow/example_dags/example_nested_branch_dag.py for tasks to queue
[2022-12-03T21:58:46.488+0000] {logging_mixin.py:137} INFO - [2022-12-03T21:58:46.487+0000] {dagbag.py:538} INFO - Filling up the DagBag from /home/airflow/.local/lib/python3.7/site-packages/airflow/example_dags/example_nested_branch_dag.py
[2022-12-03T21:58:46.511+0000] {processor.py:753} INFO - DAG(s) dict_keys(['example_nested_branch_dag']) retrieved from /home/airflow/.local/lib/python3.7/site-packages/airflow/example_dags/example_nested_branch_dag.py
[2022-12-03T21:58:46.548+0000] {logging_mixin.py:137} INFO - [2022-12-03T21:58:46.547+0000] {dag.py:2676} INFO - Sync 1 DAGs
[2022-12-03T21:58:46.580+0000] {logging_mixin.py:137} INFO - [2022-12-03T21:58:46.580+0000] {dag.py:3427} INFO - Setting next_dagrun for example_nested_branch_dag to 2022-12-02T00:00:00+00:00, run_after=2022-12-03T00:00:00+00:00
[2022-12-03T21:58:46.597+0000] {processor.py:175} INFO - Processing /home/airflow/.local/lib/python3.7/site-packages/airflow/example_dags/example_nested_branch_dag.py took 0.114 seconds
[2022-12-03T21:59:17.193+0000] {processor.py:153} INFO - Started process (PID=790) to work on /home/airflow/.local/lib/python3.7/site-packages/airflow/example_dags/example_nested_branch_dag.py
[2022-12-03T21:59:17.193+0000] {processor.py:743} INFO - Processing file /home/airflow/.local/lib/python3.7/site-packages/airflow/example_dags/example_nested_branch_dag.py for tasks to queue
[2022-12-03T21:59:17.194+0000] {logging_mixin.py:137} INFO - [2022-12-03T21:59:17.194+0000] {dagbag.py:538} INFO - Filling up the DagBag from /home/airflow/.local/lib/python3.7/site-packages/airflow/example_dags/example_nested_branch_dag.py
[2022-12-03T21:59:17.218+0000] {processor.py:753} INFO - DAG(s) dict_keys(['example_nested_branch_dag']) retrieved from /home/airflow/.local/lib/python3.7/site-packages/airflow/example_dags/example_nested_branch_dag.py
[2022-12-03T21:59:17.253+0000] {logging_mixin.py:137} INFO - [2022-12-03T21:59:17.253+0000] {dag.py:2676} INFO - Sync 1 DAGs
[2022-12-03T21:59:17.278+0000] {logging_mixin.py:137} INFO - [2022-12-03T21:59:17.278+0000] {dag.py:3427} INFO - Setting next_dagrun for example_nested_branch_dag to 2022-12-02T00:00:00+00:00, run_after=2022-12-03T00:00:00+00:00
[2022-12-03T21:59:17.295+0000] {processor.py:175} INFO - Processing /home/airflow/.local/lib/python3.7/site-packages/airflow/example_dags/example_nested_branch_dag.py took 0.105 seconds
[2022-12-03T21:59:47.663+0000] {processor.py:153} INFO - Started process (PID=876) to work on /home/airflow/.local/lib/python3.7/site-packages/airflow/example_dags/example_nested_branch_dag.py
[2022-12-03T21:59:47.664+0000] {processor.py:743} INFO - Processing file /home/airflow/.local/lib/python3.7/site-packages/airflow/example_dags/example_nested_branch_dag.py for tasks to queue
[2022-12-03T21:59:47.664+0000] {logging_mixin.py:137} INFO - [2022-12-03T21:59:47.664+0000] {dagbag.py:538} INFO - Filling up the DagBag from /home/airflow/.local/lib/python3.7/site-packages/airflow/example_dags/example_nested_branch_dag.py
[2022-12-03T21:59:47.688+0000] {processor.py:753} INFO - DAG(s) dict_keys(['example_nested_branch_dag']) retrieved from /home/airflow/.local/lib/python3.7/site-packages/airflow/example_dags/example_nested_branch_dag.py
[2022-12-03T21:59:47.724+0000] {logging_mixin.py:137} INFO - [2022-12-03T21:59:47.724+0000] {dag.py:2676} INFO - Sync 1 DAGs
[2022-12-03T21:59:47.751+0000] {logging_mixin.py:137} INFO - [2022-12-03T21:59:47.751+0000] {dag.py:3427} INFO - Setting next_dagrun for example_nested_branch_dag to 2022-12-02T00:00:00+00:00, run_after=2022-12-03T00:00:00+00:00
[2022-12-03T21:59:47.767+0000] {processor.py:175} INFO - Processing /home/airflow/.local/lib/python3.7/site-packages/airflow/example_dags/example_nested_branch_dag.py took 0.106 seconds
[2022-12-03T22:00:18.328+0000] {processor.py:153} INFO - Started process (PID=986) to work on /home/airflow/.local/lib/python3.7/site-packages/airflow/example_dags/example_nested_branch_dag.py
[2022-12-03T22:00:18.329+0000] {processor.py:743} INFO - Processing file /home/airflow/.local/lib/python3.7/site-packages/airflow/example_dags/example_nested_branch_dag.py for tasks to queue
[2022-12-03T22:00:18.330+0000] {logging_mixin.py:137} INFO - [2022-12-03T22:00:18.330+0000] {dagbag.py:538} INFO - Filling up the DagBag from /home/airflow/.local/lib/python3.7/site-packages/airflow/example_dags/example_nested_branch_dag.py
[2022-12-03T22:00:18.355+0000] {processor.py:753} INFO - DAG(s) dict_keys(['example_nested_branch_dag']) retrieved from /home/airflow/.local/lib/python3.7/site-packages/airflow/example_dags/example_nested_branch_dag.py
[2022-12-03T22:00:18.392+0000] {logging_mixin.py:137} INFO - [2022-12-03T22:00:18.391+0000] {dag.py:2676} INFO - Sync 1 DAGs
[2022-12-03T22:00:18.424+0000] {logging_mixin.py:137} INFO - [2022-12-03T22:00:18.424+0000] {dag.py:3427} INFO - Setting next_dagrun for example_nested_branch_dag to 2022-12-02T00:00:00+00:00, run_after=2022-12-03T00:00:00+00:00
[2022-12-03T22:00:18.442+0000] {processor.py:175} INFO - Processing /home/airflow/.local/lib/python3.7/site-packages/airflow/example_dags/example_nested_branch_dag.py took 0.116 seconds
[2022-12-03T22:00:48.821+0000] {processor.py:153} INFO - Started process (PID=1072) to work on /home/airflow/.local/lib/python3.7/site-packages/airflow/example_dags/example_nested_branch_dag.py
[2022-12-03T22:00:48.822+0000] {processor.py:743} INFO - Processing file /home/airflow/.local/lib/python3.7/site-packages/airflow/example_dags/example_nested_branch_dag.py for tasks to queue
[2022-12-03T22:00:48.822+0000] {logging_mixin.py:137} INFO - [2022-12-03T22:00:48.822+0000] {dagbag.py:538} INFO - Filling up the DagBag from /home/airflow/.local/lib/python3.7/site-packages/airflow/example_dags/example_nested_branch_dag.py
[2022-12-03T22:00:48.848+0000] {processor.py:753} INFO - DAG(s) dict_keys(['example_nested_branch_dag']) retrieved from /home/airflow/.local/lib/python3.7/site-packages/airflow/example_dags/example_nested_branch_dag.py
[2022-12-03T22:00:48.887+0000] {logging_mixin.py:137} INFO - [2022-12-03T22:00:48.886+0000] {dag.py:2676} INFO - Sync 1 DAGs
[2022-12-03T22:00:48.914+0000] {logging_mixin.py:137} INFO - [2022-12-03T22:00:48.914+0000] {dag.py:3427} INFO - Setting next_dagrun for example_nested_branch_dag to 2022-12-02T00:00:00+00:00, run_after=2022-12-03T00:00:00+00:00
[2022-12-03T22:00:48.931+0000] {processor.py:175} INFO - Processing /home/airflow/.local/lib/python3.7/site-packages/airflow/example_dags/example_nested_branch_dag.py took 0.113 seconds
[2022-12-03T22:01:19.358+0000] {processor.py:153} INFO - Started process (PID=1167) to work on /home/airflow/.local/lib/python3.7/site-packages/airflow/example_dags/example_nested_branch_dag.py
[2022-12-03T22:01:19.358+0000] {processor.py:743} INFO - Processing file /home/airflow/.local/lib/python3.7/site-packages/airflow/example_dags/example_nested_branch_dag.py for tasks to queue
[2022-12-03T22:01:19.359+0000] {logging_mixin.py:137} INFO - [2022-12-03T22:01:19.359+0000] {dagbag.py:538} INFO - Filling up the DagBag from /home/airflow/.local/lib/python3.7/site-packages/airflow/example_dags/example_nested_branch_dag.py
[2022-12-03T22:01:19.382+0000] {processor.py:753} INFO - DAG(s) dict_keys(['example_nested_branch_dag']) retrieved from /home/airflow/.local/lib/python3.7/site-packages/airflow/example_dags/example_nested_branch_dag.py
[2022-12-03T22:01:19.477+0000] {logging_mixin.py:137} INFO - [2022-12-03T22:01:19.477+0000] {dag.py:2676} INFO - Sync 1 DAGs
[2022-12-03T22:01:19.593+0000] {logging_mixin.py:137} INFO - [2022-12-03T22:01:19.593+0000] {dag.py:3427} INFO - Setting next_dagrun for example_nested_branch_dag to 2022-12-02T00:00:00+00:00, run_after=2022-12-03T00:00:00+00:00
[2022-12-03T22:01:19.612+0000] {processor.py:175} INFO - Processing /home/airflow/.local/lib/python3.7/site-packages/airflow/example_dags/example_nested_branch_dag.py took 0.256 seconds
[2022-12-03T22:01:50.168+0000] {processor.py:153} INFO - Started process (PID=1268) to work on /home/airflow/.local/lib/python3.7/site-packages/airflow/example_dags/example_nested_branch_dag.py
[2022-12-03T22:01:50.169+0000] {processor.py:743} INFO - Processing file /home/airflow/.local/lib/python3.7/site-packages/airflow/example_dags/example_nested_branch_dag.py for tasks to queue
[2022-12-03T22:01:50.169+0000] {logging_mixin.py:137} INFO - [2022-12-03T22:01:50.169+0000] {dagbag.py:538} INFO - Filling up the DagBag from /home/airflow/.local/lib/python3.7/site-packages/airflow/example_dags/example_nested_branch_dag.py
[2022-12-03T22:01:50.193+0000] {processor.py:753} INFO - DAG(s) dict_keys(['example_nested_branch_dag']) retrieved from /home/airflow/.local/lib/python3.7/site-packages/airflow/example_dags/example_nested_branch_dag.py
[2022-12-03T22:01:50.227+0000] {logging_mixin.py:137} INFO - [2022-12-03T22:01:50.227+0000] {dag.py:2676} INFO - Sync 1 DAGs
[2022-12-03T22:01:50.252+0000] {logging_mixin.py:137} INFO - [2022-12-03T22:01:50.252+0000] {dag.py:3427} INFO - Setting next_dagrun for example_nested_branch_dag to 2022-12-02T00:00:00+00:00, run_after=2022-12-03T00:00:00+00:00
[2022-12-03T22:01:50.268+0000] {processor.py:175} INFO - Processing /home/airflow/.local/lib/python3.7/site-packages/airflow/example_dags/example_nested_branch_dag.py took 0.102 seconds
[2022-12-03T22:02:20.629+0000] {processor.py:153} INFO - Started process (PID=1354) to work on /home/airflow/.local/lib/python3.7/site-packages/airflow/example_dags/example_nested_branch_dag.py
[2022-12-03T22:02:20.630+0000] {processor.py:743} INFO - Processing file /home/airflow/.local/lib/python3.7/site-packages/airflow/example_dags/example_nested_branch_dag.py for tasks to queue
[2022-12-03T22:02:20.631+0000] {logging_mixin.py:137} INFO - [2022-12-03T22:02:20.631+0000] {dagbag.py:538} INFO - Filling up the DagBag from /home/airflow/.local/lib/python3.7/site-packages/airflow/example_dags/example_nested_branch_dag.py
[2022-12-03T22:02:20.656+0000] {processor.py:753} INFO - DAG(s) dict_keys(['example_nested_branch_dag']) retrieved from /home/airflow/.local/lib/python3.7/site-packages/airflow/example_dags/example_nested_branch_dag.py
[2022-12-03T22:02:20.693+0000] {logging_mixin.py:137} INFO - [2022-12-03T22:02:20.693+0000] {dag.py:2676} INFO - Sync 1 DAGs
[2022-12-03T22:02:20.720+0000] {logging_mixin.py:137} INFO - [2022-12-03T22:02:20.719+0000] {dag.py:3427} INFO - Setting next_dagrun for example_nested_branch_dag to 2022-12-02T00:00:00+00:00, run_after=2022-12-03T00:00:00+00:00
[2022-12-03T22:02:20.738+0000] {processor.py:175} INFO - Processing /home/airflow/.local/lib/python3.7/site-packages/airflow/example_dags/example_nested_branch_dag.py took 0.111 seconds
