[2022-12-03T21:55:40.806+0000] {processor.py:153} INFO - Started process (PID=112) to work on /home/airflow/.local/lib/python3.7/site-packages/airflow/example_dags/example_subdag_operator.py
[2022-12-03T21:55:40.806+0000] {processor.py:743} INFO - Processing file /home/airflow/.local/lib/python3.7/site-packages/airflow/example_dags/example_subdag_operator.py for tasks to queue
[2022-12-03T21:55:40.807+0000] {logging_mixin.py:137} INFO - [2022-12-03T21:55:40.807+0000] {dagbag.py:538} INFO - Filling up the DagBag from /home/airflow/.local/lib/python3.7/site-packages/airflow/example_dags/example_subdag_operator.py
[2022-12-03T21:55:40.840+0000] {processor.py:753} INFO - DAG(s) dict_keys(['example_subdag_operator.section-1', 'example_subdag_operator.section-2', 'example_subdag_operator']) retrieved from /home/airflow/.local/lib/python3.7/site-packages/airflow/example_dags/example_subdag_operator.py
[2022-12-03T21:55:40.856+0000] {logging_mixin.py:137} INFO - [2022-12-03T21:55:40.855+0000] {dag.py:2676} INFO - Sync 3 DAGs
[2022-12-03T21:55:40.882+0000] {logging_mixin.py:137} INFO - [2022-12-03T21:55:40.881+0000] {dag.py:3427} INFO - Setting next_dagrun for example_subdag_operator to 2022-01-01T00:00:00+00:00, run_after=2022-01-01T00:00:00+00:00
[2022-12-03T21:55:40.885+0000] {logging_mixin.py:137} INFO - [2022-12-03T21:55:40.885+0000] {dag.py:3427} INFO - Setting next_dagrun for example_subdag_operator.section-1 to None, run_after=None
[2022-12-03T21:55:40.886+0000] {logging_mixin.py:137} INFO - [2022-12-03T21:55:40.886+0000] {dag.py:3427} INFO - Setting next_dagrun for example_subdag_operator.section-2 to None, run_after=None
[2022-12-03T21:55:40.896+0000] {logging_mixin.py:137} INFO - [2022-12-03T21:55:40.895+0000] {dag.py:2676} INFO - Sync 2 DAGs
[2022-12-03T21:55:40.901+0000] {logging_mixin.py:137} INFO - [2022-12-03T21:55:40.901+0000] {dag.py:3427} INFO - Setting next_dagrun for example_subdag_operator.section-1 to None, run_after=None
[2022-12-03T21:55:40.901+0000] {logging_mixin.py:137} INFO - [2022-12-03T21:55:40.901+0000] {dag.py:3427} INFO - Setting next_dagrun for example_subdag_operator.section-2 to None, run_after=None
[2022-12-03T21:55:40.912+0000] {processor.py:175} INFO - Processing /home/airflow/.local/lib/python3.7/site-packages/airflow/example_dags/example_subdag_operator.py took 0.109 seconds
[2022-12-03T21:56:11.699+0000] {processor.py:153} INFO - Started process (PID=197) to work on /home/airflow/.local/lib/python3.7/site-packages/airflow/example_dags/example_subdag_operator.py
[2022-12-03T21:56:11.701+0000] {processor.py:743} INFO - Processing file /home/airflow/.local/lib/python3.7/site-packages/airflow/example_dags/example_subdag_operator.py for tasks to queue
[2022-12-03T21:56:11.701+0000] {logging_mixin.py:137} INFO - [2022-12-03T21:56:11.701+0000] {dagbag.py:538} INFO - Filling up the DagBag from /home/airflow/.local/lib/python3.7/site-packages/airflow/example_dags/example_subdag_operator.py
[2022-12-03T21:56:11.738+0000] {processor.py:753} INFO - DAG(s) dict_keys(['example_subdag_operator.section-1', 'example_subdag_operator.section-2', 'example_subdag_operator']) retrieved from /home/airflow/.local/lib/python3.7/site-packages/airflow/example_dags/example_subdag_operator.py
[2022-12-03T21:56:11.777+0000] {logging_mixin.py:137} INFO - [2022-12-03T21:56:11.777+0000] {dag.py:2676} INFO - Sync 3 DAGs
[2022-12-03T21:56:11.812+0000] {logging_mixin.py:137} INFO - [2022-12-03T21:56:11.812+0000] {dag.py:3427} INFO - Setting next_dagrun for example_subdag_operator to 2022-01-01T00:00:00+00:00, run_after=2022-01-01T00:00:00+00:00
[2022-12-03T21:56:11.816+0000] {logging_mixin.py:137} INFO - [2022-12-03T21:56:11.816+0000] {dag.py:3427} INFO - Setting next_dagrun for example_subdag_operator.section-1 to None, run_after=None
[2022-12-03T21:56:11.818+0000] {logging_mixin.py:137} INFO - [2022-12-03T21:56:11.818+0000] {dag.py:3427} INFO - Setting next_dagrun for example_subdag_operator.section-2 to None, run_after=None
[2022-12-03T21:56:11.825+0000] {logging_mixin.py:137} INFO - [2022-12-03T21:56:11.825+0000] {dag.py:2676} INFO - Sync 2 DAGs
[2022-12-03T21:56:11.831+0000] {logging_mixin.py:137} INFO - [2022-12-03T21:56:11.831+0000] {dag.py:3427} INFO - Setting next_dagrun for example_subdag_operator.section-1 to None, run_after=None
[2022-12-03T21:56:11.831+0000] {logging_mixin.py:137} INFO - [2022-12-03T21:56:11.831+0000] {dag.py:3427} INFO - Setting next_dagrun for example_subdag_operator.section-2 to None, run_after=None
[2022-12-03T21:56:11.843+0000] {processor.py:175} INFO - Processing /home/airflow/.local/lib/python3.7/site-packages/airflow/example_dags/example_subdag_operator.py took 0.146 seconds
[2022-12-03T21:56:42.421+0000] {processor.py:153} INFO - Started process (PID=283) to work on /home/airflow/.local/lib/python3.7/site-packages/airflow/example_dags/example_subdag_operator.py
[2022-12-03T21:56:42.422+0000] {processor.py:743} INFO - Processing file /home/airflow/.local/lib/python3.7/site-packages/airflow/example_dags/example_subdag_operator.py for tasks to queue
[2022-12-03T21:56:42.422+0000] {logging_mixin.py:137} INFO - [2022-12-03T21:56:42.422+0000] {dagbag.py:538} INFO - Filling up the DagBag from /home/airflow/.local/lib/python3.7/site-packages/airflow/example_dags/example_subdag_operator.py
[2022-12-03T21:56:42.451+0000] {processor.py:753} INFO - DAG(s) dict_keys(['example_subdag_operator.section-1', 'example_subdag_operator.section-2', 'example_subdag_operator']) retrieved from /home/airflow/.local/lib/python3.7/site-packages/airflow/example_dags/example_subdag_operator.py
[2022-12-03T21:56:42.481+0000] {logging_mixin.py:137} INFO - [2022-12-03T21:56:42.481+0000] {dag.py:2676} INFO - Sync 3 DAGs
[2022-12-03T21:56:42.504+0000] {logging_mixin.py:137} INFO - [2022-12-03T21:56:42.504+0000] {dag.py:3427} INFO - Setting next_dagrun for example_subdag_operator to 2022-01-01T00:00:00+00:00, run_after=2022-01-01T00:00:00+00:00
[2022-12-03T21:56:42.507+0000] {logging_mixin.py:137} INFO - [2022-12-03T21:56:42.507+0000] {dag.py:3427} INFO - Setting next_dagrun for example_subdag_operator.section-1 to None, run_after=None
[2022-12-03T21:56:42.508+0000] {logging_mixin.py:137} INFO - [2022-12-03T21:56:42.508+0000] {dag.py:3427} INFO - Setting next_dagrun for example_subdag_operator.section-2 to None, run_after=None
[2022-12-03T21:56:42.515+0000] {logging_mixin.py:137} INFO - [2022-12-03T21:56:42.515+0000] {dag.py:2676} INFO - Sync 2 DAGs
[2022-12-03T21:56:42.522+0000] {logging_mixin.py:137} INFO - [2022-12-03T21:56:42.522+0000] {dag.py:3427} INFO - Setting next_dagrun for example_subdag_operator.section-1 to None, run_after=None
[2022-12-03T21:56:42.522+0000] {logging_mixin.py:137} INFO - [2022-12-03T21:56:42.522+0000] {dag.py:3427} INFO - Setting next_dagrun for example_subdag_operator.section-2 to None, run_after=None
[2022-12-03T21:56:42.590+0000] {processor.py:175} INFO - Processing /home/airflow/.local/lib/python3.7/site-packages/airflow/example_dags/example_subdag_operator.py took 0.173 seconds
[2022-12-03T21:57:12.764+0000] {processor.py:153} INFO - Started process (PID=393) to work on /home/airflow/.local/lib/python3.7/site-packages/airflow/example_dags/example_subdag_operator.py
[2022-12-03T21:57:12.765+0000] {processor.py:743} INFO - Processing file /home/airflow/.local/lib/python3.7/site-packages/airflow/example_dags/example_subdag_operator.py for tasks to queue
[2022-12-03T21:57:12.765+0000] {logging_mixin.py:137} INFO - [2022-12-03T21:57:12.765+0000] {dagbag.py:538} INFO - Filling up the DagBag from /home/airflow/.local/lib/python3.7/site-packages/airflow/example_dags/example_subdag_operator.py
[2022-12-03T21:57:12.799+0000] {processor.py:753} INFO - DAG(s) dict_keys(['example_subdag_operator.section-1', 'example_subdag_operator.section-2', 'example_subdag_operator']) retrieved from /home/airflow/.local/lib/python3.7/site-packages/airflow/example_dags/example_subdag_operator.py
[2022-12-03T21:57:12.827+0000] {logging_mixin.py:137} INFO - [2022-12-03T21:57:12.827+0000] {dag.py:2676} INFO - Sync 3 DAGs
[2022-12-03T21:57:12.852+0000] {logging_mixin.py:137} INFO - [2022-12-03T21:57:12.851+0000] {dag.py:3427} INFO - Setting next_dagrun for example_subdag_operator to 2022-01-01T00:00:00+00:00, run_after=2022-01-01T00:00:00+00:00
[2022-12-03T21:57:12.855+0000] {logging_mixin.py:137} INFO - [2022-12-03T21:57:12.855+0000] {dag.py:3427} INFO - Setting next_dagrun for example_subdag_operator.section-1 to None, run_after=None
[2022-12-03T21:57:12.856+0000] {logging_mixin.py:137} INFO - [2022-12-03T21:57:12.856+0000] {dag.py:3427} INFO - Setting next_dagrun for example_subdag_operator.section-2 to None, run_after=None
[2022-12-03T21:57:12.863+0000] {logging_mixin.py:137} INFO - [2022-12-03T21:57:12.863+0000] {dag.py:2676} INFO - Sync 2 DAGs
[2022-12-03T21:57:12.868+0000] {logging_mixin.py:137} INFO - [2022-12-03T21:57:12.868+0000] {dag.py:3427} INFO - Setting next_dagrun for example_subdag_operator.section-1 to None, run_after=None
[2022-12-03T21:57:12.868+0000] {logging_mixin.py:137} INFO - [2022-12-03T21:57:12.868+0000] {dag.py:3427} INFO - Setting next_dagrun for example_subdag_operator.section-2 to None, run_after=None
[2022-12-03T21:57:12.879+0000] {processor.py:175} INFO - Processing /home/airflow/.local/lib/python3.7/site-packages/airflow/example_dags/example_subdag_operator.py took 0.117 seconds
[2022-12-03T21:57:43.239+0000] {processor.py:153} INFO - Started process (PID=479) to work on /home/airflow/.local/lib/python3.7/site-packages/airflow/example_dags/example_subdag_operator.py
[2022-12-03T21:57:43.240+0000] {processor.py:743} INFO - Processing file /home/airflow/.local/lib/python3.7/site-packages/airflow/example_dags/example_subdag_operator.py for tasks to queue
[2022-12-03T21:57:43.241+0000] {logging_mixin.py:137} INFO - [2022-12-03T21:57:43.240+0000] {dagbag.py:538} INFO - Filling up the DagBag from /home/airflow/.local/lib/python3.7/site-packages/airflow/example_dags/example_subdag_operator.py
[2022-12-03T21:57:43.281+0000] {processor.py:753} INFO - DAG(s) dict_keys(['example_subdag_operator.section-1', 'example_subdag_operator.section-2', 'example_subdag_operator']) retrieved from /home/airflow/.local/lib/python3.7/site-packages/airflow/example_dags/example_subdag_operator.py
[2022-12-03T21:57:43.400+0000] {logging_mixin.py:137} INFO - [2022-12-03T21:57:43.400+0000] {dag.py:2676} INFO - Sync 3 DAGs
[2022-12-03T21:57:43.437+0000] {logging_mixin.py:137} INFO - [2022-12-03T21:57:43.437+0000] {dag.py:3427} INFO - Setting next_dagrun for example_subdag_operator to 2022-01-01T00:00:00+00:00, run_after=2022-01-01T00:00:00+00:00
[2022-12-03T21:57:43.440+0000] {logging_mixin.py:137} INFO - [2022-12-03T21:57:43.440+0000] {dag.py:3427} INFO - Setting next_dagrun for example_subdag_operator.section-1 to None, run_after=None
[2022-12-03T21:57:43.442+0000] {logging_mixin.py:137} INFO - [2022-12-03T21:57:43.442+0000] {dag.py:3427} INFO - Setting next_dagrun for example_subdag_operator.section-2 to None, run_after=None
[2022-12-03T21:57:43.450+0000] {logging_mixin.py:137} INFO - [2022-12-03T21:57:43.450+0000] {dag.py:2676} INFO - Sync 2 DAGs
[2022-12-03T21:57:43.455+0000] {logging_mixin.py:137} INFO - [2022-12-03T21:57:43.455+0000] {dag.py:3427} INFO - Setting next_dagrun for example_subdag_operator.section-1 to None, run_after=None
[2022-12-03T21:57:43.456+0000] {logging_mixin.py:137} INFO - [2022-12-03T21:57:43.456+0000] {dag.py:3427} INFO - Setting next_dagrun for example_subdag_operator.section-2 to None, run_after=None
[2022-12-03T21:57:43.466+0000] {processor.py:175} INFO - Processing /home/airflow/.local/lib/python3.7/site-packages/airflow/example_dags/example_subdag_operator.py took 0.229 seconds
[2022-12-03T21:58:13.647+0000] {processor.py:153} INFO - Started process (PID=575) to work on /home/airflow/.local/lib/python3.7/site-packages/airflow/example_dags/example_subdag_operator.py
[2022-12-03T21:58:13.648+0000] {processor.py:743} INFO - Processing file /home/airflow/.local/lib/python3.7/site-packages/airflow/example_dags/example_subdag_operator.py for tasks to queue
[2022-12-03T21:58:13.648+0000] {logging_mixin.py:137} INFO - [2022-12-03T21:58:13.648+0000] {dagbag.py:538} INFO - Filling up the DagBag from /home/airflow/.local/lib/python3.7/site-packages/airflow/example_dags/example_subdag_operator.py
[2022-12-03T21:58:13.679+0000] {processor.py:753} INFO - DAG(s) dict_keys(['example_subdag_operator.section-1', 'example_subdag_operator.section-2', 'example_subdag_operator']) retrieved from /home/airflow/.local/lib/python3.7/site-packages/airflow/example_dags/example_subdag_operator.py
[2022-12-03T21:58:13.776+0000] {logging_mixin.py:137} INFO - [2022-12-03T21:58:13.776+0000] {dag.py:2676} INFO - Sync 3 DAGs
[2022-12-03T21:58:13.884+0000] {logging_mixin.py:137} INFO - [2022-12-03T21:58:13.884+0000] {dag.py:3427} INFO - Setting next_dagrun for example_subdag_operator to 2022-01-01T00:00:00+00:00, run_after=2022-01-01T00:00:00+00:00
[2022-12-03T21:58:13.888+0000] {logging_mixin.py:137} INFO - [2022-12-03T21:58:13.888+0000] {dag.py:3427} INFO - Setting next_dagrun for example_subdag_operator.section-1 to None, run_after=None
[2022-12-03T21:58:13.889+0000] {logging_mixin.py:137} INFO - [2022-12-03T21:58:13.889+0000] {dag.py:3427} INFO - Setting next_dagrun for example_subdag_operator.section-2 to None, run_after=None
[2022-12-03T21:58:13.896+0000] {logging_mixin.py:137} INFO - [2022-12-03T21:58:13.895+0000] {dag.py:2676} INFO - Sync 2 DAGs
[2022-12-03T21:58:13.902+0000] {logging_mixin.py:137} INFO - [2022-12-03T21:58:13.901+0000] {dag.py:3427} INFO - Setting next_dagrun for example_subdag_operator.section-1 to None, run_after=None
[2022-12-03T21:58:13.902+0000] {logging_mixin.py:137} INFO - [2022-12-03T21:58:13.902+0000] {dag.py:3427} INFO - Setting next_dagrun for example_subdag_operator.section-2 to None, run_after=None
[2022-12-03T21:58:13.916+0000] {processor.py:175} INFO - Processing /home/airflow/.local/lib/python3.7/site-packages/airflow/example_dags/example_subdag_operator.py took 0.271 seconds
[2022-12-03T21:58:44.202+0000] {processor.py:153} INFO - Started process (PID=676) to work on /home/airflow/.local/lib/python3.7/site-packages/airflow/example_dags/example_subdag_operator.py
[2022-12-03T21:58:44.203+0000] {processor.py:743} INFO - Processing file /home/airflow/.local/lib/python3.7/site-packages/airflow/example_dags/example_subdag_operator.py for tasks to queue
[2022-12-03T21:58:44.204+0000] {logging_mixin.py:137} INFO - [2022-12-03T21:58:44.204+0000] {dagbag.py:538} INFO - Filling up the DagBag from /home/airflow/.local/lib/python3.7/site-packages/airflow/example_dags/example_subdag_operator.py
[2022-12-03T21:58:44.232+0000] {processor.py:753} INFO - DAG(s) dict_keys(['example_subdag_operator.section-1', 'example_subdag_operator.section-2', 'example_subdag_operator']) retrieved from /home/airflow/.local/lib/python3.7/site-packages/airflow/example_dags/example_subdag_operator.py
[2022-12-03T21:58:44.263+0000] {logging_mixin.py:137} INFO - [2022-12-03T21:58:44.262+0000] {dag.py:2676} INFO - Sync 3 DAGs
[2022-12-03T21:58:44.287+0000] {logging_mixin.py:137} INFO - [2022-12-03T21:58:44.287+0000] {dag.py:3427} INFO - Setting next_dagrun for example_subdag_operator to 2022-01-01T00:00:00+00:00, run_after=2022-01-01T00:00:00+00:00
[2022-12-03T21:58:44.291+0000] {logging_mixin.py:137} INFO - [2022-12-03T21:58:44.290+0000] {dag.py:3427} INFO - Setting next_dagrun for example_subdag_operator.section-1 to None, run_after=None
[2022-12-03T21:58:44.292+0000] {logging_mixin.py:137} INFO - [2022-12-03T21:58:44.291+0000] {dag.py:3427} INFO - Setting next_dagrun for example_subdag_operator.section-2 to None, run_after=None
[2022-12-03T21:58:44.299+0000] {logging_mixin.py:137} INFO - [2022-12-03T21:58:44.298+0000] {dag.py:2676} INFO - Sync 2 DAGs
[2022-12-03T21:58:44.304+0000] {logging_mixin.py:137} INFO - [2022-12-03T21:58:44.304+0000] {dag.py:3427} INFO - Setting next_dagrun for example_subdag_operator.section-1 to None, run_after=None
[2022-12-03T21:58:44.304+0000] {logging_mixin.py:137} INFO - [2022-12-03T21:58:44.304+0000] {dag.py:3427} INFO - Setting next_dagrun for example_subdag_operator.section-2 to None, run_after=None
[2022-12-03T21:58:44.315+0000] {processor.py:175} INFO - Processing /home/airflow/.local/lib/python3.7/site-packages/airflow/example_dags/example_subdag_operator.py took 0.115 seconds
[2022-12-03T21:59:14.864+0000] {processor.py:153} INFO - Started process (PID=769) to work on /home/airflow/.local/lib/python3.7/site-packages/airflow/example_dags/example_subdag_operator.py
[2022-12-03T21:59:14.865+0000] {processor.py:743} INFO - Processing file /home/airflow/.local/lib/python3.7/site-packages/airflow/example_dags/example_subdag_operator.py for tasks to queue
[2022-12-03T21:59:14.865+0000] {logging_mixin.py:137} INFO - [2022-12-03T21:59:14.865+0000] {dagbag.py:538} INFO - Filling up the DagBag from /home/airflow/.local/lib/python3.7/site-packages/airflow/example_dags/example_subdag_operator.py
[2022-12-03T21:59:14.899+0000] {processor.py:753} INFO - DAG(s) dict_keys(['example_subdag_operator.section-1', 'example_subdag_operator.section-2', 'example_subdag_operator']) retrieved from /home/airflow/.local/lib/python3.7/site-packages/airflow/example_dags/example_subdag_operator.py
[2022-12-03T21:59:14.941+0000] {logging_mixin.py:137} INFO - [2022-12-03T21:59:14.940+0000] {dag.py:2676} INFO - Sync 3 DAGs
[2022-12-03T21:59:14.972+0000] {logging_mixin.py:137} INFO - [2022-12-03T21:59:14.972+0000] {dag.py:3427} INFO - Setting next_dagrun for example_subdag_operator to 2022-01-01T00:00:00+00:00, run_after=2022-01-01T00:00:00+00:00
[2022-12-03T21:59:14.975+0000] {logging_mixin.py:137} INFO - [2022-12-03T21:59:14.975+0000] {dag.py:3427} INFO - Setting next_dagrun for example_subdag_operator.section-1 to None, run_after=None
[2022-12-03T21:59:14.976+0000] {logging_mixin.py:137} INFO - [2022-12-03T21:59:14.976+0000] {dag.py:3427} INFO - Setting next_dagrun for example_subdag_operator.section-2 to None, run_after=None
[2022-12-03T21:59:14.983+0000] {logging_mixin.py:137} INFO - [2022-12-03T21:59:14.983+0000] {dag.py:2676} INFO - Sync 2 DAGs
[2022-12-03T21:59:14.988+0000] {logging_mixin.py:137} INFO - [2022-12-03T21:59:14.988+0000] {dag.py:3427} INFO - Setting next_dagrun for example_subdag_operator.section-1 to None, run_after=None
[2022-12-03T21:59:14.988+0000] {logging_mixin.py:137} INFO - [2022-12-03T21:59:14.988+0000] {dag.py:3427} INFO - Setting next_dagrun for example_subdag_operator.section-2 to None, run_after=None
[2022-12-03T21:59:15.000+0000] {processor.py:175} INFO - Processing /home/airflow/.local/lib/python3.7/site-packages/airflow/example_dags/example_subdag_operator.py took 0.138 seconds
[2022-12-03T21:59:45.392+0000] {processor.py:153} INFO - Started process (PID=872) to work on /home/airflow/.local/lib/python3.7/site-packages/airflow/example_dags/example_subdag_operator.py
[2022-12-03T21:59:45.393+0000] {processor.py:743} INFO - Processing file /home/airflow/.local/lib/python3.7/site-packages/airflow/example_dags/example_subdag_operator.py for tasks to queue
[2022-12-03T21:59:45.394+0000] {logging_mixin.py:137} INFO - [2022-12-03T21:59:45.394+0000] {dagbag.py:538} INFO - Filling up the DagBag from /home/airflow/.local/lib/python3.7/site-packages/airflow/example_dags/example_subdag_operator.py
[2022-12-03T21:59:45.423+0000] {processor.py:753} INFO - DAG(s) dict_keys(['example_subdag_operator.section-1', 'example_subdag_operator.section-2', 'example_subdag_operator']) retrieved from /home/airflow/.local/lib/python3.7/site-packages/airflow/example_dags/example_subdag_operator.py
[2022-12-03T21:59:45.452+0000] {logging_mixin.py:137} INFO - [2022-12-03T21:59:45.452+0000] {dag.py:2676} INFO - Sync 3 DAGs
[2022-12-03T21:59:45.476+0000] {logging_mixin.py:137} INFO - [2022-12-03T21:59:45.476+0000] {dag.py:3427} INFO - Setting next_dagrun for example_subdag_operator to 2022-01-01T00:00:00+00:00, run_after=2022-01-01T00:00:00+00:00
[2022-12-03T21:59:45.479+0000] {logging_mixin.py:137} INFO - [2022-12-03T21:59:45.479+0000] {dag.py:3427} INFO - Setting next_dagrun for example_subdag_operator.section-1 to None, run_after=None
[2022-12-03T21:59:45.480+0000] {logging_mixin.py:137} INFO - [2022-12-03T21:59:45.480+0000] {dag.py:3427} INFO - Setting next_dagrun for example_subdag_operator.section-2 to None, run_after=None
[2022-12-03T21:59:45.486+0000] {logging_mixin.py:137} INFO - [2022-12-03T21:59:45.486+0000] {dag.py:2676} INFO - Sync 2 DAGs
[2022-12-03T21:59:45.492+0000] {logging_mixin.py:137} INFO - [2022-12-03T21:59:45.492+0000] {dag.py:3427} INFO - Setting next_dagrun for example_subdag_operator.section-1 to None, run_after=None
[2022-12-03T21:59:45.493+0000] {logging_mixin.py:137} INFO - [2022-12-03T21:59:45.492+0000] {dag.py:3427} INFO - Setting next_dagrun for example_subdag_operator.section-2 to None, run_after=None
[2022-12-03T21:59:45.502+0000] {processor.py:175} INFO - Processing /home/airflow/.local/lib/python3.7/site-packages/airflow/example_dags/example_subdag_operator.py took 0.113 seconds
[2022-12-03T22:00:16.036+0000] {processor.py:153} INFO - Started process (PID=958) to work on /home/airflow/.local/lib/python3.7/site-packages/airflow/example_dags/example_subdag_operator.py
[2022-12-03T22:00:16.036+0000] {processor.py:743} INFO - Processing file /home/airflow/.local/lib/python3.7/site-packages/airflow/example_dags/example_subdag_operator.py for tasks to queue
[2022-12-03T22:00:16.037+0000] {logging_mixin.py:137} INFO - [2022-12-03T22:00:16.037+0000] {dagbag.py:538} INFO - Filling up the DagBag from /home/airflow/.local/lib/python3.7/site-packages/airflow/example_dags/example_subdag_operator.py
[2022-12-03T22:00:16.065+0000] {processor.py:753} INFO - DAG(s) dict_keys(['example_subdag_operator.section-1', 'example_subdag_operator.section-2', 'example_subdag_operator']) retrieved from /home/airflow/.local/lib/python3.7/site-packages/airflow/example_dags/example_subdag_operator.py
[2022-12-03T22:00:16.094+0000] {logging_mixin.py:137} INFO - [2022-12-03T22:00:16.094+0000] {dag.py:2676} INFO - Sync 3 DAGs
[2022-12-03T22:00:16.120+0000] {logging_mixin.py:137} INFO - [2022-12-03T22:00:16.119+0000] {dag.py:3427} INFO - Setting next_dagrun for example_subdag_operator to 2022-01-01T00:00:00+00:00, run_after=2022-01-01T00:00:00+00:00
[2022-12-03T22:00:16.123+0000] {logging_mixin.py:137} INFO - [2022-12-03T22:00:16.123+0000] {dag.py:3427} INFO - Setting next_dagrun for example_subdag_operator.section-1 to None, run_after=None
[2022-12-03T22:00:16.124+0000] {logging_mixin.py:137} INFO - [2022-12-03T22:00:16.124+0000] {dag.py:3427} INFO - Setting next_dagrun for example_subdag_operator.section-2 to None, run_after=None
[2022-12-03T22:00:16.131+0000] {logging_mixin.py:137} INFO - [2022-12-03T22:00:16.131+0000] {dag.py:2676} INFO - Sync 2 DAGs
[2022-12-03T22:00:16.136+0000] {logging_mixin.py:137} INFO - [2022-12-03T22:00:16.136+0000] {dag.py:3427} INFO - Setting next_dagrun for example_subdag_operator.section-1 to None, run_after=None
[2022-12-03T22:00:16.136+0000] {logging_mixin.py:137} INFO - [2022-12-03T22:00:16.136+0000] {dag.py:3427} INFO - Setting next_dagrun for example_subdag_operator.section-2 to None, run_after=None
[2022-12-03T22:00:16.147+0000] {processor.py:175} INFO - Processing /home/airflow/.local/lib/python3.7/site-packages/airflow/example_dags/example_subdag_operator.py took 0.113 seconds
[2022-12-03T22:00:46.536+0000] {processor.py:153} INFO - Started process (PID=1068) to work on /home/airflow/.local/lib/python3.7/site-packages/airflow/example_dags/example_subdag_operator.py
[2022-12-03T22:00:46.536+0000] {processor.py:743} INFO - Processing file /home/airflow/.local/lib/python3.7/site-packages/airflow/example_dags/example_subdag_operator.py for tasks to queue
[2022-12-03T22:00:46.537+0000] {logging_mixin.py:137} INFO - [2022-12-03T22:00:46.537+0000] {dagbag.py:538} INFO - Filling up the DagBag from /home/airflow/.local/lib/python3.7/site-packages/airflow/example_dags/example_subdag_operator.py
[2022-12-03T22:00:46.565+0000] {processor.py:753} INFO - DAG(s) dict_keys(['example_subdag_operator.section-1', 'example_subdag_operator.section-2', 'example_subdag_operator']) retrieved from /home/airflow/.local/lib/python3.7/site-packages/airflow/example_dags/example_subdag_operator.py
[2022-12-03T22:00:46.596+0000] {logging_mixin.py:137} INFO - [2022-12-03T22:00:46.596+0000] {dag.py:2676} INFO - Sync 3 DAGs
[2022-12-03T22:00:46.621+0000] {logging_mixin.py:137} INFO - [2022-12-03T22:00:46.621+0000] {dag.py:3427} INFO - Setting next_dagrun for example_subdag_operator to 2022-01-01T00:00:00+00:00, run_after=2022-01-01T00:00:00+00:00
[2022-12-03T22:00:46.624+0000] {logging_mixin.py:137} INFO - [2022-12-03T22:00:46.624+0000] {dag.py:3427} INFO - Setting next_dagrun for example_subdag_operator.section-1 to None, run_after=None
[2022-12-03T22:00:46.626+0000] {logging_mixin.py:137} INFO - [2022-12-03T22:00:46.626+0000] {dag.py:3427} INFO - Setting next_dagrun for example_subdag_operator.section-2 to None, run_after=None
[2022-12-03T22:00:46.633+0000] {logging_mixin.py:137} INFO - [2022-12-03T22:00:46.633+0000] {dag.py:2676} INFO - Sync 2 DAGs
[2022-12-03T22:00:46.639+0000] {logging_mixin.py:137} INFO - [2022-12-03T22:00:46.639+0000] {dag.py:3427} INFO - Setting next_dagrun for example_subdag_operator.section-1 to None, run_after=None
[2022-12-03T22:00:46.639+0000] {logging_mixin.py:137} INFO - [2022-12-03T22:00:46.639+0000] {dag.py:3427} INFO - Setting next_dagrun for example_subdag_operator.section-2 to None, run_after=None
[2022-12-03T22:00:46.651+0000] {processor.py:175} INFO - Processing /home/airflow/.local/lib/python3.7/site-packages/airflow/example_dags/example_subdag_operator.py took 0.118 seconds
[2022-12-03T22:01:17.090+0000] {processor.py:153} INFO - Started process (PID=1154) to work on /home/airflow/.local/lib/python3.7/site-packages/airflow/example_dags/example_subdag_operator.py
[2022-12-03T22:01:17.090+0000] {processor.py:743} INFO - Processing file /home/airflow/.local/lib/python3.7/site-packages/airflow/example_dags/example_subdag_operator.py for tasks to queue
[2022-12-03T22:01:17.091+0000] {logging_mixin.py:137} INFO - [2022-12-03T22:01:17.091+0000] {dagbag.py:538} INFO - Filling up the DagBag from /home/airflow/.local/lib/python3.7/site-packages/airflow/example_dags/example_subdag_operator.py
[2022-12-03T22:01:17.120+0000] {processor.py:753} INFO - DAG(s) dict_keys(['example_subdag_operator.section-1', 'example_subdag_operator.section-2', 'example_subdag_operator']) retrieved from /home/airflow/.local/lib/python3.7/site-packages/airflow/example_dags/example_subdag_operator.py
[2022-12-03T22:01:17.149+0000] {logging_mixin.py:137} INFO - [2022-12-03T22:01:17.149+0000] {dag.py:2676} INFO - Sync 3 DAGs
[2022-12-03T22:01:17.174+0000] {logging_mixin.py:137} INFO - [2022-12-03T22:01:17.174+0000] {dag.py:3427} INFO - Setting next_dagrun for example_subdag_operator to 2022-01-01T00:00:00+00:00, run_after=2022-01-01T00:00:00+00:00
[2022-12-03T22:01:17.178+0000] {logging_mixin.py:137} INFO - [2022-12-03T22:01:17.178+0000] {dag.py:3427} INFO - Setting next_dagrun for example_subdag_operator.section-1 to None, run_after=None
[2022-12-03T22:01:17.179+0000] {logging_mixin.py:137} INFO - [2022-12-03T22:01:17.179+0000] {dag.py:3427} INFO - Setting next_dagrun for example_subdag_operator.section-2 to None, run_after=None
[2022-12-03T22:01:17.186+0000] {logging_mixin.py:137} INFO - [2022-12-03T22:01:17.186+0000] {dag.py:2676} INFO - Sync 2 DAGs
[2022-12-03T22:01:17.191+0000] {logging_mixin.py:137} INFO - [2022-12-03T22:01:17.191+0000] {dag.py:3427} INFO - Setting next_dagrun for example_subdag_operator.section-1 to None, run_after=None
[2022-12-03T22:01:17.192+0000] {logging_mixin.py:137} INFO - [2022-12-03T22:01:17.192+0000] {dag.py:3427} INFO - Setting next_dagrun for example_subdag_operator.section-2 to None, run_after=None
[2022-12-03T22:01:17.202+0000] {processor.py:175} INFO - Processing /home/airflow/.local/lib/python3.7/site-packages/airflow/example_dags/example_subdag_operator.py took 0.115 seconds
[2022-12-03T22:01:47.905+0000] {processor.py:153} INFO - Started process (PID=1264) to work on /home/airflow/.local/lib/python3.7/site-packages/airflow/example_dags/example_subdag_operator.py
[2022-12-03T22:01:47.906+0000] {processor.py:743} INFO - Processing file /home/airflow/.local/lib/python3.7/site-packages/airflow/example_dags/example_subdag_operator.py for tasks to queue
[2022-12-03T22:01:47.907+0000] {logging_mixin.py:137} INFO - [2022-12-03T22:01:47.906+0000] {dagbag.py:538} INFO - Filling up the DagBag from /home/airflow/.local/lib/python3.7/site-packages/airflow/example_dags/example_subdag_operator.py
[2022-12-03T22:01:47.935+0000] {processor.py:753} INFO - DAG(s) dict_keys(['example_subdag_operator.section-1', 'example_subdag_operator.section-2', 'example_subdag_operator']) retrieved from /home/airflow/.local/lib/python3.7/site-packages/airflow/example_dags/example_subdag_operator.py
[2022-12-03T22:01:47.964+0000] {logging_mixin.py:137} INFO - [2022-12-03T22:01:47.964+0000] {dag.py:2676} INFO - Sync 3 DAGs
[2022-12-03T22:01:47.986+0000] {logging_mixin.py:137} INFO - [2022-12-03T22:01:47.986+0000] {dag.py:3427} INFO - Setting next_dagrun for example_subdag_operator to 2022-01-01T00:00:00+00:00, run_after=2022-01-01T00:00:00+00:00
[2022-12-03T22:01:47.990+0000] {logging_mixin.py:137} INFO - [2022-12-03T22:01:47.989+0000] {dag.py:3427} INFO - Setting next_dagrun for example_subdag_operator.section-1 to None, run_after=None
[2022-12-03T22:01:47.991+0000] {logging_mixin.py:137} INFO - [2022-12-03T22:01:47.990+0000] {dag.py:3427} INFO - Setting next_dagrun for example_subdag_operator.section-2 to None, run_after=None
[2022-12-03T22:01:47.999+0000] {logging_mixin.py:137} INFO - [2022-12-03T22:01:47.999+0000] {dag.py:2676} INFO - Sync 2 DAGs
[2022-12-03T22:01:48.004+0000] {logging_mixin.py:137} INFO - [2022-12-03T22:01:48.004+0000] {dag.py:3427} INFO - Setting next_dagrun for example_subdag_operator.section-1 to None, run_after=None
[2022-12-03T22:01:48.004+0000] {logging_mixin.py:137} INFO - [2022-12-03T22:01:48.004+0000] {dag.py:3427} INFO - Setting next_dagrun for example_subdag_operator.section-2 to None, run_after=None
[2022-12-03T22:01:48.014+0000] {processor.py:175} INFO - Processing /home/airflow/.local/lib/python3.7/site-packages/airflow/example_dags/example_subdag_operator.py took 0.111 seconds
[2022-12-03T22:02:18.344+0000] {processor.py:153} INFO - Started process (PID=1350) to work on /home/airflow/.local/lib/python3.7/site-packages/airflow/example_dags/example_subdag_operator.py
[2022-12-03T22:02:18.345+0000] {processor.py:743} INFO - Processing file /home/airflow/.local/lib/python3.7/site-packages/airflow/example_dags/example_subdag_operator.py for tasks to queue
[2022-12-03T22:02:18.345+0000] {logging_mixin.py:137} INFO - [2022-12-03T22:02:18.345+0000] {dagbag.py:538} INFO - Filling up the DagBag from /home/airflow/.local/lib/python3.7/site-packages/airflow/example_dags/example_subdag_operator.py
[2022-12-03T22:02:18.376+0000] {processor.py:753} INFO - DAG(s) dict_keys(['example_subdag_operator.section-1', 'example_subdag_operator.section-2', 'example_subdag_operator']) retrieved from /home/airflow/.local/lib/python3.7/site-packages/airflow/example_dags/example_subdag_operator.py
[2022-12-03T22:02:18.407+0000] {logging_mixin.py:137} INFO - [2022-12-03T22:02:18.407+0000] {dag.py:2676} INFO - Sync 3 DAGs
[2022-12-03T22:02:18.433+0000] {logging_mixin.py:137} INFO - [2022-12-03T22:02:18.433+0000] {dag.py:3427} INFO - Setting next_dagrun for example_subdag_operator to 2022-01-01T00:00:00+00:00, run_after=2022-01-01T00:00:00+00:00
[2022-12-03T22:02:18.437+0000] {logging_mixin.py:137} INFO - [2022-12-03T22:02:18.436+0000] {dag.py:3427} INFO - Setting next_dagrun for example_subdag_operator.section-1 to None, run_after=None
[2022-12-03T22:02:18.438+0000] {logging_mixin.py:137} INFO - [2022-12-03T22:02:18.438+0000] {dag.py:3427} INFO - Setting next_dagrun for example_subdag_operator.section-2 to None, run_after=None
[2022-12-03T22:02:18.447+0000] {logging_mixin.py:137} INFO - [2022-12-03T22:02:18.446+0000] {dag.py:2676} INFO - Sync 2 DAGs
[2022-12-03T22:02:18.453+0000] {logging_mixin.py:137} INFO - [2022-12-03T22:02:18.453+0000] {dag.py:3427} INFO - Setting next_dagrun for example_subdag_operator.section-1 to None, run_after=None
[2022-12-03T22:02:18.453+0000] {logging_mixin.py:137} INFO - [2022-12-03T22:02:18.453+0000] {dag.py:3427} INFO - Setting next_dagrun for example_subdag_operator.section-2 to None, run_after=None
[2022-12-03T22:02:18.465+0000] {processor.py:175} INFO - Processing /home/airflow/.local/lib/python3.7/site-packages/airflow/example_dags/example_subdag_operator.py took 0.124 seconds
