[2022-12-03T21:55:44.403+0000] {processor.py:153} INFO - Started process (PID=122) to work on /home/airflow/.local/lib/python3.7/site-packages/airflow/example_dags/tutorial_taskflow_api.py
[2022-12-03T21:55:44.403+0000] {processor.py:743} INFO - Processing file /home/airflow/.local/lib/python3.7/site-packages/airflow/example_dags/tutorial_taskflow_api.py for tasks to queue
[2022-12-03T21:55:44.404+0000] {logging_mixin.py:137} INFO - [2022-12-03T21:55:44.404+0000] {dagbag.py:538} INFO - Filling up the DagBag from /home/airflow/.local/lib/python3.7/site-packages/airflow/example_dags/tutorial_taskflow_api.py
[2022-12-03T21:55:44.426+0000] {processor.py:753} INFO - DAG(s) dict_keys(['tutorial_taskflow_api']) retrieved from /home/airflow/.local/lib/python3.7/site-packages/airflow/example_dags/tutorial_taskflow_api.py
[2022-12-03T21:55:44.459+0000] {logging_mixin.py:137} INFO - [2022-12-03T21:55:44.459+0000] {dag.py:2676} INFO - Sync 1 DAGs
[2022-12-03T21:55:44.488+0000] {logging_mixin.py:137} INFO - [2022-12-03T21:55:44.488+0000] {dag.py:3427} INFO - Setting next_dagrun for tutorial_taskflow_api to None, run_after=None
[2022-12-03T21:55:44.506+0000] {processor.py:175} INFO - Processing /home/airflow/.local/lib/python3.7/site-packages/airflow/example_dags/tutorial_taskflow_api.py took 0.106 seconds
[2022-12-03T21:56:14.538+0000] {processor.py:153} INFO - Started process (PID=207) to work on /home/airflow/.local/lib/python3.7/site-packages/airflow/example_dags/tutorial_taskflow_api.py
[2022-12-03T21:56:14.539+0000] {processor.py:743} INFO - Processing file /home/airflow/.local/lib/python3.7/site-packages/airflow/example_dags/tutorial_taskflow_api.py for tasks to queue
[2022-12-03T21:56:14.540+0000] {logging_mixin.py:137} INFO - [2022-12-03T21:56:14.540+0000] {dagbag.py:538} INFO - Filling up the DagBag from /home/airflow/.local/lib/python3.7/site-packages/airflow/example_dags/tutorial_taskflow_api.py
[2022-12-03T21:56:14.561+0000] {processor.py:753} INFO - DAG(s) dict_keys(['tutorial_taskflow_api']) retrieved from /home/airflow/.local/lib/python3.7/site-packages/airflow/example_dags/tutorial_taskflow_api.py
[2022-12-03T21:56:14.598+0000] {logging_mixin.py:137} INFO - [2022-12-03T21:56:14.598+0000] {dag.py:2676} INFO - Sync 1 DAGs
[2022-12-03T21:56:14.624+0000] {logging_mixin.py:137} INFO - [2022-12-03T21:56:14.624+0000] {dag.py:3427} INFO - Setting next_dagrun for tutorial_taskflow_api to None, run_after=None
[2022-12-03T21:56:14.641+0000] {processor.py:175} INFO - Processing /home/airflow/.local/lib/python3.7/site-packages/airflow/example_dags/tutorial_taskflow_api.py took 0.105 seconds
[2022-12-03T21:56:45.200+0000] {processor.py:153} INFO - Started process (PID=293) to work on /home/airflow/.local/lib/python3.7/site-packages/airflow/example_dags/tutorial_taskflow_api.py
[2022-12-03T21:56:45.201+0000] {processor.py:743} INFO - Processing file /home/airflow/.local/lib/python3.7/site-packages/airflow/example_dags/tutorial_taskflow_api.py for tasks to queue
[2022-12-03T21:56:45.201+0000] {logging_mixin.py:137} INFO - [2022-12-03T21:56:45.201+0000] {dagbag.py:538} INFO - Filling up the DagBag from /home/airflow/.local/lib/python3.7/site-packages/airflow/example_dags/tutorial_taskflow_api.py
[2022-12-03T21:56:45.222+0000] {processor.py:753} INFO - DAG(s) dict_keys(['tutorial_taskflow_api']) retrieved from /home/airflow/.local/lib/python3.7/site-packages/airflow/example_dags/tutorial_taskflow_api.py
[2022-12-03T21:56:45.256+0000] {logging_mixin.py:137} INFO - [2022-12-03T21:56:45.256+0000] {dag.py:2676} INFO - Sync 1 DAGs
[2022-12-03T21:56:45.278+0000] {logging_mixin.py:137} INFO - [2022-12-03T21:56:45.278+0000] {dag.py:3427} INFO - Setting next_dagrun for tutorial_taskflow_api to None, run_after=None
[2022-12-03T21:56:45.294+0000] {processor.py:175} INFO - Processing /home/airflow/.local/lib/python3.7/site-packages/airflow/example_dags/tutorial_taskflow_api.py took 0.097 seconds
[2022-12-03T21:57:15.529+0000] {processor.py:153} INFO - Started process (PID=403) to work on /home/airflow/.local/lib/python3.7/site-packages/airflow/example_dags/tutorial_taskflow_api.py
[2022-12-03T21:57:15.530+0000] {processor.py:743} INFO - Processing file /home/airflow/.local/lib/python3.7/site-packages/airflow/example_dags/tutorial_taskflow_api.py for tasks to queue
[2022-12-03T21:57:15.530+0000] {logging_mixin.py:137} INFO - [2022-12-03T21:57:15.530+0000] {dagbag.py:538} INFO - Filling up the DagBag from /home/airflow/.local/lib/python3.7/site-packages/airflow/example_dags/tutorial_taskflow_api.py
[2022-12-03T21:57:15.554+0000] {processor.py:753} INFO - DAG(s) dict_keys(['tutorial_taskflow_api']) retrieved from /home/airflow/.local/lib/python3.7/site-packages/airflow/example_dags/tutorial_taskflow_api.py
[2022-12-03T21:57:15.593+0000] {logging_mixin.py:137} INFO - [2022-12-03T21:57:15.593+0000] {dag.py:2676} INFO - Sync 1 DAGs
[2022-12-03T21:57:15.616+0000] {logging_mixin.py:137} INFO - [2022-12-03T21:57:15.616+0000] {dag.py:3427} INFO - Setting next_dagrun for tutorial_taskflow_api to None, run_after=None
[2022-12-03T21:57:15.634+0000] {processor.py:175} INFO - Processing /home/airflow/.local/lib/python3.7/site-packages/airflow/example_dags/tutorial_taskflow_api.py took 0.107 seconds
[2022-12-03T21:57:46.002+0000] {processor.py:153} INFO - Started process (PID=489) to work on /home/airflow/.local/lib/python3.7/site-packages/airflow/example_dags/tutorial_taskflow_api.py
[2022-12-03T21:57:46.002+0000] {processor.py:743} INFO - Processing file /home/airflow/.local/lib/python3.7/site-packages/airflow/example_dags/tutorial_taskflow_api.py for tasks to queue
[2022-12-03T21:57:46.003+0000] {logging_mixin.py:137} INFO - [2022-12-03T21:57:46.003+0000] {dagbag.py:538} INFO - Filling up the DagBag from /home/airflow/.local/lib/python3.7/site-packages/airflow/example_dags/tutorial_taskflow_api.py
[2022-12-03T21:57:46.024+0000] {processor.py:753} INFO - DAG(s) dict_keys(['tutorial_taskflow_api']) retrieved from /home/airflow/.local/lib/python3.7/site-packages/airflow/example_dags/tutorial_taskflow_api.py
[2022-12-03T21:57:46.061+0000] {logging_mixin.py:137} INFO - [2022-12-03T21:57:46.061+0000] {dag.py:2676} INFO - Sync 1 DAGs
[2022-12-03T21:57:46.086+0000] {logging_mixin.py:137} INFO - [2022-12-03T21:57:46.086+0000] {dag.py:3427} INFO - Setting next_dagrun for tutorial_taskflow_api to None, run_after=None
[2022-12-03T21:57:46.102+0000] {processor.py:175} INFO - Processing /home/airflow/.local/lib/python3.7/site-packages/airflow/example_dags/tutorial_taskflow_api.py took 0.103 seconds
[2022-12-03T21:58:16.572+0000] {processor.py:153} INFO - Started process (PID=600) to work on /home/airflow/.local/lib/python3.7/site-packages/airflow/example_dags/tutorial_taskflow_api.py
[2022-12-03T21:58:16.573+0000] {processor.py:743} INFO - Processing file /home/airflow/.local/lib/python3.7/site-packages/airflow/example_dags/tutorial_taskflow_api.py for tasks to queue
[2022-12-03T21:58:16.573+0000] {logging_mixin.py:137} INFO - [2022-12-03T21:58:16.573+0000] {dagbag.py:538} INFO - Filling up the DagBag from /home/airflow/.local/lib/python3.7/site-packages/airflow/example_dags/tutorial_taskflow_api.py
[2022-12-03T21:58:16.594+0000] {processor.py:753} INFO - DAG(s) dict_keys(['tutorial_taskflow_api']) retrieved from /home/airflow/.local/lib/python3.7/site-packages/airflow/example_dags/tutorial_taskflow_api.py
[2022-12-03T21:58:16.631+0000] {logging_mixin.py:137} INFO - [2022-12-03T21:58:16.631+0000] {dag.py:2676} INFO - Sync 1 DAGs
[2022-12-03T21:58:16.658+0000] {logging_mixin.py:137} INFO - [2022-12-03T21:58:16.658+0000] {dag.py:3427} INFO - Setting next_dagrun for tutorial_taskflow_api to None, run_after=None
[2022-12-03T21:58:16.676+0000] {processor.py:175} INFO - Processing /home/airflow/.local/lib/python3.7/site-packages/airflow/example_dags/tutorial_taskflow_api.py took 0.106 seconds
[2022-12-03T21:58:46.866+0000] {processor.py:153} INFO - Started process (PID=686) to work on /home/airflow/.local/lib/python3.7/site-packages/airflow/example_dags/tutorial_taskflow_api.py
[2022-12-03T21:58:46.867+0000] {processor.py:743} INFO - Processing file /home/airflow/.local/lib/python3.7/site-packages/airflow/example_dags/tutorial_taskflow_api.py for tasks to queue
[2022-12-03T21:58:46.867+0000] {logging_mixin.py:137} INFO - [2022-12-03T21:58:46.867+0000] {dagbag.py:538} INFO - Filling up the DagBag from /home/airflow/.local/lib/python3.7/site-packages/airflow/example_dags/tutorial_taskflow_api.py
[2022-12-03T21:58:46.887+0000] {processor.py:753} INFO - DAG(s) dict_keys(['tutorial_taskflow_api']) retrieved from /home/airflow/.local/lib/python3.7/site-packages/airflow/example_dags/tutorial_taskflow_api.py
[2022-12-03T21:58:46.922+0000] {logging_mixin.py:137} INFO - [2022-12-03T21:58:46.922+0000] {dag.py:2676} INFO - Sync 1 DAGs
[2022-12-03T21:58:46.946+0000] {logging_mixin.py:137} INFO - [2022-12-03T21:58:46.946+0000] {dag.py:3427} INFO - Setting next_dagrun for tutorial_taskflow_api to None, run_after=None
[2022-12-03T21:58:46.962+0000] {processor.py:175} INFO - Processing /home/airflow/.local/lib/python3.7/site-packages/airflow/example_dags/tutorial_taskflow_api.py took 0.098 seconds
[2022-12-03T21:59:17.570+0000] {processor.py:153} INFO - Started process (PID=796) to work on /home/airflow/.local/lib/python3.7/site-packages/airflow/example_dags/tutorial_taskflow_api.py
[2022-12-03T21:59:17.571+0000] {processor.py:743} INFO - Processing file /home/airflow/.local/lib/python3.7/site-packages/airflow/example_dags/tutorial_taskflow_api.py for tasks to queue
[2022-12-03T21:59:17.571+0000] {logging_mixin.py:137} INFO - [2022-12-03T21:59:17.571+0000] {dagbag.py:538} INFO - Filling up the DagBag from /home/airflow/.local/lib/python3.7/site-packages/airflow/example_dags/tutorial_taskflow_api.py
[2022-12-03T21:59:17.591+0000] {processor.py:753} INFO - DAG(s) dict_keys(['tutorial_taskflow_api']) retrieved from /home/airflow/.local/lib/python3.7/site-packages/airflow/example_dags/tutorial_taskflow_api.py
[2022-12-03T21:59:17.625+0000] {logging_mixin.py:137} INFO - [2022-12-03T21:59:17.625+0000] {dag.py:2676} INFO - Sync 1 DAGs
[2022-12-03T21:59:17.649+0000] {logging_mixin.py:137} INFO - [2022-12-03T21:59:17.648+0000] {dag.py:3427} INFO - Setting next_dagrun for tutorial_taskflow_api to None, run_after=None
[2022-12-03T21:59:17.665+0000] {processor.py:175} INFO - Processing /home/airflow/.local/lib/python3.7/site-packages/airflow/example_dags/tutorial_taskflow_api.py took 0.097 seconds
[2022-12-03T21:59:48.133+0000] {processor.py:153} INFO - Started process (PID=882) to work on /home/airflow/.local/lib/python3.7/site-packages/airflow/example_dags/tutorial_taskflow_api.py
[2022-12-03T21:59:48.134+0000] {processor.py:743} INFO - Processing file /home/airflow/.local/lib/python3.7/site-packages/airflow/example_dags/tutorial_taskflow_api.py for tasks to queue
[2022-12-03T21:59:48.134+0000] {logging_mixin.py:137} INFO - [2022-12-03T21:59:48.134+0000] {dagbag.py:538} INFO - Filling up the DagBag from /home/airflow/.local/lib/python3.7/site-packages/airflow/example_dags/tutorial_taskflow_api.py
[2022-12-03T21:59:48.154+0000] {processor.py:753} INFO - DAG(s) dict_keys(['tutorial_taskflow_api']) retrieved from /home/airflow/.local/lib/python3.7/site-packages/airflow/example_dags/tutorial_taskflow_api.py
[2022-12-03T21:59:48.188+0000] {logging_mixin.py:137} INFO - [2022-12-03T21:59:48.188+0000] {dag.py:2676} INFO - Sync 1 DAGs
[2022-12-03T21:59:48.213+0000] {logging_mixin.py:137} INFO - [2022-12-03T21:59:48.212+0000] {dag.py:3427} INFO - Setting next_dagrun for tutorial_taskflow_api to None, run_after=None
[2022-12-03T21:59:48.229+0000] {processor.py:175} INFO - Processing /home/airflow/.local/lib/python3.7/site-packages/airflow/example_dags/tutorial_taskflow_api.py took 0.099 seconds
[2022-12-03T22:00:18.701+0000] {processor.py:153} INFO - Started process (PID=992) to work on /home/airflow/.local/lib/python3.7/site-packages/airflow/example_dags/tutorial_taskflow_api.py
[2022-12-03T22:00:18.702+0000] {processor.py:743} INFO - Processing file /home/airflow/.local/lib/python3.7/site-packages/airflow/example_dags/tutorial_taskflow_api.py for tasks to queue
[2022-12-03T22:00:18.702+0000] {logging_mixin.py:137} INFO - [2022-12-03T22:00:18.702+0000] {dagbag.py:538} INFO - Filling up the DagBag from /home/airflow/.local/lib/python3.7/site-packages/airflow/example_dags/tutorial_taskflow_api.py
[2022-12-03T22:00:18.722+0000] {processor.py:753} INFO - DAG(s) dict_keys(['tutorial_taskflow_api']) retrieved from /home/airflow/.local/lib/python3.7/site-packages/airflow/example_dags/tutorial_taskflow_api.py
[2022-12-03T22:00:18.756+0000] {logging_mixin.py:137} INFO - [2022-12-03T22:00:18.756+0000] {dag.py:2676} INFO - Sync 1 DAGs
[2022-12-03T22:00:18.781+0000] {logging_mixin.py:137} INFO - [2022-12-03T22:00:18.780+0000] {dag.py:3427} INFO - Setting next_dagrun for tutorial_taskflow_api to None, run_after=None
[2022-12-03T22:00:18.799+0000] {processor.py:175} INFO - Processing /home/airflow/.local/lib/python3.7/site-packages/airflow/example_dags/tutorial_taskflow_api.py took 0.101 seconds
[2022-12-03T22:00:49.189+0000] {processor.py:153} INFO - Started process (PID=1078) to work on /home/airflow/.local/lib/python3.7/site-packages/airflow/example_dags/tutorial_taskflow_api.py
[2022-12-03T22:00:49.190+0000] {processor.py:743} INFO - Processing file /home/airflow/.local/lib/python3.7/site-packages/airflow/example_dags/tutorial_taskflow_api.py for tasks to queue
[2022-12-03T22:00:49.190+0000] {logging_mixin.py:137} INFO - [2022-12-03T22:00:49.190+0000] {dagbag.py:538} INFO - Filling up the DagBag from /home/airflow/.local/lib/python3.7/site-packages/airflow/example_dags/tutorial_taskflow_api.py
[2022-12-03T22:00:49.210+0000] {processor.py:753} INFO - DAG(s) dict_keys(['tutorial_taskflow_api']) retrieved from /home/airflow/.local/lib/python3.7/site-packages/airflow/example_dags/tutorial_taskflow_api.py
[2022-12-03T22:00:49.247+0000] {logging_mixin.py:137} INFO - [2022-12-03T22:00:49.247+0000] {dag.py:2676} INFO - Sync 1 DAGs
[2022-12-03T22:00:49.271+0000] {logging_mixin.py:137} INFO - [2022-12-03T22:00:49.271+0000] {dag.py:3427} INFO - Setting next_dagrun for tutorial_taskflow_api to None, run_after=None
[2022-12-03T22:00:49.291+0000] {processor.py:175} INFO - Processing /home/airflow/.local/lib/python3.7/site-packages/airflow/example_dags/tutorial_taskflow_api.py took 0.104 seconds
[2022-12-03T22:01:19.911+0000] {processor.py:153} INFO - Started process (PID=1188) to work on /home/airflow/.local/lib/python3.7/site-packages/airflow/example_dags/tutorial_taskflow_api.py
[2022-12-03T22:01:19.912+0000] {processor.py:743} INFO - Processing file /home/airflow/.local/lib/python3.7/site-packages/airflow/example_dags/tutorial_taskflow_api.py for tasks to queue
[2022-12-03T22:01:19.913+0000] {logging_mixin.py:137} INFO - [2022-12-03T22:01:19.913+0000] {dagbag.py:538} INFO - Filling up the DagBag from /home/airflow/.local/lib/python3.7/site-packages/airflow/example_dags/tutorial_taskflow_api.py
[2022-12-03T22:01:19.935+0000] {processor.py:753} INFO - DAG(s) dict_keys(['tutorial_taskflow_api']) retrieved from /home/airflow/.local/lib/python3.7/site-packages/airflow/example_dags/tutorial_taskflow_api.py
[2022-12-03T22:01:19.979+0000] {logging_mixin.py:137} INFO - [2022-12-03T22:01:19.979+0000] {dag.py:2676} INFO - Sync 1 DAGs
[2022-12-03T22:01:20.006+0000] {logging_mixin.py:137} INFO - [2022-12-03T22:01:20.006+0000] {dag.py:3427} INFO - Setting next_dagrun for tutorial_taskflow_api to None, run_after=None
[2022-12-03T22:01:20.025+0000] {processor.py:175} INFO - Processing /home/airflow/.local/lib/python3.7/site-packages/airflow/example_dags/tutorial_taskflow_api.py took 0.117 seconds
[2022-12-03T22:01:50.561+0000] {processor.py:153} INFO - Started process (PID=1274) to work on /home/airflow/.local/lib/python3.7/site-packages/airflow/example_dags/tutorial_taskflow_api.py
[2022-12-03T22:01:50.562+0000] {processor.py:743} INFO - Processing file /home/airflow/.local/lib/python3.7/site-packages/airflow/example_dags/tutorial_taskflow_api.py for tasks to queue
[2022-12-03T22:01:50.562+0000] {logging_mixin.py:137} INFO - [2022-12-03T22:01:50.562+0000] {dagbag.py:538} INFO - Filling up the DagBag from /home/airflow/.local/lib/python3.7/site-packages/airflow/example_dags/tutorial_taskflow_api.py
[2022-12-03T22:01:50.583+0000] {processor.py:753} INFO - DAG(s) dict_keys(['tutorial_taskflow_api']) retrieved from /home/airflow/.local/lib/python3.7/site-packages/airflow/example_dags/tutorial_taskflow_api.py
[2022-12-03T22:01:50.617+0000] {logging_mixin.py:137} INFO - [2022-12-03T22:01:50.616+0000] {dag.py:2676} INFO - Sync 1 DAGs
[2022-12-03T22:01:50.642+0000] {logging_mixin.py:137} INFO - [2022-12-03T22:01:50.642+0000] {dag.py:3427} INFO - Setting next_dagrun for tutorial_taskflow_api to None, run_after=None
[2022-12-03T22:01:50.659+0000] {processor.py:175} INFO - Processing /home/airflow/.local/lib/python3.7/site-packages/airflow/example_dags/tutorial_taskflow_api.py took 0.100 seconds
[2022-12-03T22:02:21.135+0000] {processor.py:153} INFO - Started process (PID=1367) to work on /home/airflow/.local/lib/python3.7/site-packages/airflow/example_dags/tutorial_taskflow_api.py
[2022-12-03T22:02:21.135+0000] {processor.py:743} INFO - Processing file /home/airflow/.local/lib/python3.7/site-packages/airflow/example_dags/tutorial_taskflow_api.py for tasks to queue
[2022-12-03T22:02:21.136+0000] {logging_mixin.py:137} INFO - [2022-12-03T22:02:21.136+0000] {dagbag.py:538} INFO - Filling up the DagBag from /home/airflow/.local/lib/python3.7/site-packages/airflow/example_dags/tutorial_taskflow_api.py
[2022-12-03T22:02:21.157+0000] {processor.py:753} INFO - DAG(s) dict_keys(['tutorial_taskflow_api']) retrieved from /home/airflow/.local/lib/python3.7/site-packages/airflow/example_dags/tutorial_taskflow_api.py
[2022-12-03T22:02:21.192+0000] {logging_mixin.py:137} INFO - [2022-12-03T22:02:21.192+0000] {dag.py:2676} INFO - Sync 1 DAGs
[2022-12-03T22:02:21.219+0000] {logging_mixin.py:137} INFO - [2022-12-03T22:02:21.219+0000] {dag.py:3427} INFO - Setting next_dagrun for tutorial_taskflow_api to None, run_after=None
[2022-12-03T22:02:21.236+0000] {processor.py:175} INFO - Processing /home/airflow/.local/lib/python3.7/site-packages/airflow/example_dags/tutorial_taskflow_api.py took 0.104 seconds
[2022-12-03T22:24:19.444+0000] {processor.py:153} INFO - Started process (PID=5539) to work on /home/airflow/.local/lib/python3.7/site-packages/airflow/example_dags/tutorial_taskflow_api.py
[2022-12-03T22:24:19.445+0000] {processor.py:743} INFO - Processing file /home/airflow/.local/lib/python3.7/site-packages/airflow/example_dags/tutorial_taskflow_api.py for tasks to queue
[2022-12-03T22:24:19.446+0000] {logging_mixin.py:137} INFO - [2022-12-03T22:24:19.445+0000] {dagbag.py:538} INFO - Filling up the DagBag from /home/airflow/.local/lib/python3.7/site-packages/airflow/example_dags/tutorial_taskflow_api.py
[2022-12-03T22:24:19.466+0000] {processor.py:753} INFO - DAG(s) dict_keys(['tutorial_taskflow_api']) retrieved from /home/airflow/.local/lib/python3.7/site-packages/airflow/example_dags/tutorial_taskflow_api.py
[2022-12-03T22:24:19.502+0000] {logging_mixin.py:137} INFO - [2022-12-03T22:24:19.502+0000] {dag.py:2676} INFO - Sync 1 DAGs
[2022-12-03T22:24:19.528+0000] {logging_mixin.py:137} INFO - [2022-12-03T22:24:19.527+0000] {dag.py:3427} INFO - Setting next_dagrun for tutorial_taskflow_api to None, run_after=None
[2022-12-03T22:24:19.544+0000] {processor.py:175} INFO - Processing /home/airflow/.local/lib/python3.7/site-packages/airflow/example_dags/tutorial_taskflow_api.py took 0.103 seconds
