[2022-12-03T21:55:44.175+0000] {processor.py:153} INFO - Started process (PID=120) to work on /home/airflow/.local/lib/python3.7/site-packages/airflow/example_dags/tutorial.py
[2022-12-03T21:55:44.175+0000] {processor.py:743} INFO - Processing file /home/airflow/.local/lib/python3.7/site-packages/airflow/example_dags/tutorial.py for tasks to queue
[2022-12-03T21:55:44.176+0000] {logging_mixin.py:137} INFO - [2022-12-03T21:55:44.176+0000] {dagbag.py:538} INFO - Filling up the DagBag from /home/airflow/.local/lib/python3.7/site-packages/airflow/example_dags/tutorial.py
[2022-12-03T21:55:44.191+0000] {processor.py:753} INFO - DAG(s) dict_keys(['tutorial']) retrieved from /home/airflow/.local/lib/python3.7/site-packages/airflow/example_dags/tutorial.py
[2022-12-03T21:55:44.227+0000] {logging_mixin.py:137} INFO - [2022-12-03T21:55:44.227+0000] {dag.py:2676} INFO - Sync 1 DAGs
[2022-12-03T21:55:44.252+0000] {logging_mixin.py:137} INFO - [2022-12-03T21:55:44.252+0000] {dag.py:3427} INFO - Setting next_dagrun for tutorial to 2022-12-02T21:55:44.252517+00:00, run_after=2022-12-03T21:55:44.252517+00:00
[2022-12-03T21:55:44.271+0000] {processor.py:175} INFO - Processing /home/airflow/.local/lib/python3.7/site-packages/airflow/example_dags/tutorial.py took 0.099 seconds
[2022-12-03T21:56:14.303+0000] {processor.py:153} INFO - Started process (PID=205) to work on /home/airflow/.local/lib/python3.7/site-packages/airflow/example_dags/tutorial.py
[2022-12-03T21:56:14.304+0000] {processor.py:743} INFO - Processing file /home/airflow/.local/lib/python3.7/site-packages/airflow/example_dags/tutorial.py for tasks to queue
[2022-12-03T21:56:14.304+0000] {logging_mixin.py:137} INFO - [2022-12-03T21:56:14.304+0000] {dagbag.py:538} INFO - Filling up the DagBag from /home/airflow/.local/lib/python3.7/site-packages/airflow/example_dags/tutorial.py
[2022-12-03T21:56:14.319+0000] {processor.py:753} INFO - DAG(s) dict_keys(['tutorial']) retrieved from /home/airflow/.local/lib/python3.7/site-packages/airflow/example_dags/tutorial.py
[2022-12-03T21:56:14.358+0000] {logging_mixin.py:137} INFO - [2022-12-03T21:56:14.358+0000] {dag.py:2676} INFO - Sync 1 DAGs
[2022-12-03T21:56:14.383+0000] {logging_mixin.py:137} INFO - [2022-12-03T21:56:14.383+0000] {dag.py:3427} INFO - Setting next_dagrun for tutorial to 2022-12-02T21:56:14.383664+00:00, run_after=2022-12-03T21:56:14.383664+00:00
[2022-12-03T21:56:14.401+0000] {processor.py:175} INFO - Processing /home/airflow/.local/lib/python3.7/site-packages/airflow/example_dags/tutorial.py took 0.101 seconds
[2022-12-03T21:56:45.089+0000] {processor.py:153} INFO - Started process (PID=291) to work on /home/airflow/.local/lib/python3.7/site-packages/airflow/example_dags/tutorial.py
[2022-12-03T21:56:45.090+0000] {processor.py:743} INFO - Processing file /home/airflow/.local/lib/python3.7/site-packages/airflow/example_dags/tutorial.py for tasks to queue
[2022-12-03T21:56:45.091+0000] {logging_mixin.py:137} INFO - [2022-12-03T21:56:45.091+0000] {dagbag.py:538} INFO - Filling up the DagBag from /home/airflow/.local/lib/python3.7/site-packages/airflow/example_dags/tutorial.py
[2022-12-03T21:56:45.103+0000] {processor.py:753} INFO - DAG(s) dict_keys(['tutorial']) retrieved from /home/airflow/.local/lib/python3.7/site-packages/airflow/example_dags/tutorial.py
[2022-12-03T21:56:45.139+0000] {logging_mixin.py:137} INFO - [2022-12-03T21:56:45.139+0000] {dag.py:2676} INFO - Sync 1 DAGs
[2022-12-03T21:56:45.164+0000] {logging_mixin.py:137} INFO - [2022-12-03T21:56:45.164+0000] {dag.py:3427} INFO - Setting next_dagrun for tutorial to 2022-12-02T21:56:45.164480+00:00, run_after=2022-12-03T21:56:45.164480+00:00
[2022-12-03T21:56:45.181+0000] {processor.py:175} INFO - Processing /home/airflow/.local/lib/python3.7/site-packages/airflow/example_dags/tutorial.py took 0.094 seconds
[2022-12-03T21:57:15.418+0000] {processor.py:153} INFO - Started process (PID=401) to work on /home/airflow/.local/lib/python3.7/site-packages/airflow/example_dags/tutorial.py
[2022-12-03T21:57:15.419+0000] {processor.py:743} INFO - Processing file /home/airflow/.local/lib/python3.7/site-packages/airflow/example_dags/tutorial.py for tasks to queue
[2022-12-03T21:57:15.419+0000] {logging_mixin.py:137} INFO - [2022-12-03T21:57:15.419+0000] {dagbag.py:538} INFO - Filling up the DagBag from /home/airflow/.local/lib/python3.7/site-packages/airflow/example_dags/tutorial.py
[2022-12-03T21:57:15.432+0000] {processor.py:753} INFO - DAG(s) dict_keys(['tutorial']) retrieved from /home/airflow/.local/lib/python3.7/site-packages/airflow/example_dags/tutorial.py
[2022-12-03T21:57:15.467+0000] {logging_mixin.py:137} INFO - [2022-12-03T21:57:15.467+0000] {dag.py:2676} INFO - Sync 1 DAGs
[2022-12-03T21:57:15.493+0000] {logging_mixin.py:137} INFO - [2022-12-03T21:57:15.493+0000] {dag.py:3427} INFO - Setting next_dagrun for tutorial to 2022-12-02T21:57:15.493576+00:00, run_after=2022-12-03T21:57:15.493576+00:00
[2022-12-03T21:57:15.510+0000] {processor.py:175} INFO - Processing /home/airflow/.local/lib/python3.7/site-packages/airflow/example_dags/tutorial.py took 0.095 seconds
[2022-12-03T21:57:45.881+0000] {processor.py:153} INFO - Started process (PID=487) to work on /home/airflow/.local/lib/python3.7/site-packages/airflow/example_dags/tutorial.py
[2022-12-03T21:57:45.882+0000] {processor.py:743} INFO - Processing file /home/airflow/.local/lib/python3.7/site-packages/airflow/example_dags/tutorial.py for tasks to queue
[2022-12-03T21:57:45.883+0000] {logging_mixin.py:137} INFO - [2022-12-03T21:57:45.883+0000] {dagbag.py:538} INFO - Filling up the DagBag from /home/airflow/.local/lib/python3.7/site-packages/airflow/example_dags/tutorial.py
[2022-12-03T21:57:45.895+0000] {processor.py:753} INFO - DAG(s) dict_keys(['tutorial']) retrieved from /home/airflow/.local/lib/python3.7/site-packages/airflow/example_dags/tutorial.py
[2022-12-03T21:57:45.931+0000] {logging_mixin.py:137} INFO - [2022-12-03T21:57:45.931+0000] {dag.py:2676} INFO - Sync 1 DAGs
[2022-12-03T21:57:45.956+0000] {logging_mixin.py:137} INFO - [2022-12-03T21:57:45.956+0000] {dag.py:3427} INFO - Setting next_dagrun for tutorial to 2022-12-02T21:57:45.956178+00:00, run_after=2022-12-03T21:57:45.956178+00:00
[2022-12-03T21:57:45.974+0000] {processor.py:175} INFO - Processing /home/airflow/.local/lib/python3.7/site-packages/airflow/example_dags/tutorial.py took 0.095 seconds
[2022-12-03T21:58:16.337+0000] {processor.py:153} INFO - Started process (PID=598) to work on /home/airflow/.local/lib/python3.7/site-packages/airflow/example_dags/tutorial.py
[2022-12-03T21:58:16.338+0000] {processor.py:743} INFO - Processing file /home/airflow/.local/lib/python3.7/site-packages/airflow/example_dags/tutorial.py for tasks to queue
[2022-12-03T21:58:16.338+0000] {logging_mixin.py:137} INFO - [2022-12-03T21:58:16.338+0000] {dagbag.py:538} INFO - Filling up the DagBag from /home/airflow/.local/lib/python3.7/site-packages/airflow/example_dags/tutorial.py
[2022-12-03T21:58:16.351+0000] {processor.py:753} INFO - DAG(s) dict_keys(['tutorial']) retrieved from /home/airflow/.local/lib/python3.7/site-packages/airflow/example_dags/tutorial.py
[2022-12-03T21:58:16.389+0000] {logging_mixin.py:137} INFO - [2022-12-03T21:58:16.389+0000] {dag.py:2676} INFO - Sync 1 DAGs
[2022-12-03T21:58:16.420+0000] {logging_mixin.py:137} INFO - [2022-12-03T21:58:16.419+0000] {dag.py:3427} INFO - Setting next_dagrun for tutorial to 2022-12-02T21:58:16.419735+00:00, run_after=2022-12-03T21:58:16.419735+00:00
[2022-12-03T21:58:16.437+0000] {processor.py:175} INFO - Processing /home/airflow/.local/lib/python3.7/site-packages/airflow/example_dags/tutorial.py took 0.102 seconds
[2022-12-03T21:58:46.734+0000] {processor.py:153} INFO - Started process (PID=684) to work on /home/airflow/.local/lib/python3.7/site-packages/airflow/example_dags/tutorial.py
[2022-12-03T21:58:46.734+0000] {processor.py:743} INFO - Processing file /home/airflow/.local/lib/python3.7/site-packages/airflow/example_dags/tutorial.py for tasks to queue
[2022-12-03T21:58:46.735+0000] {logging_mixin.py:137} INFO - [2022-12-03T21:58:46.735+0000] {dagbag.py:538} INFO - Filling up the DagBag from /home/airflow/.local/lib/python3.7/site-packages/airflow/example_dags/tutorial.py
[2022-12-03T21:58:46.748+0000] {processor.py:753} INFO - DAG(s) dict_keys(['tutorial']) retrieved from /home/airflow/.local/lib/python3.7/site-packages/airflow/example_dags/tutorial.py
[2022-12-03T21:58:46.791+0000] {logging_mixin.py:137} INFO - [2022-12-03T21:58:46.791+0000] {dag.py:2676} INFO - Sync 1 DAGs
[2022-12-03T21:58:46.819+0000] {logging_mixin.py:137} INFO - [2022-12-03T21:58:46.819+0000] {dag.py:3427} INFO - Setting next_dagrun for tutorial to 2022-12-02T21:58:46.819316+00:00, run_after=2022-12-03T21:58:46.819316+00:00
[2022-12-03T21:58:46.839+0000] {processor.py:175} INFO - Processing /home/airflow/.local/lib/python3.7/site-packages/airflow/example_dags/tutorial.py took 0.109 seconds
[2022-12-03T21:59:17.446+0000] {processor.py:153} INFO - Started process (PID=794) to work on /home/airflow/.local/lib/python3.7/site-packages/airflow/example_dags/tutorial.py
[2022-12-03T21:59:17.447+0000] {processor.py:743} INFO - Processing file /home/airflow/.local/lib/python3.7/site-packages/airflow/example_dags/tutorial.py for tasks to queue
[2022-12-03T21:59:17.447+0000] {logging_mixin.py:137} INFO - [2022-12-03T21:59:17.447+0000] {dagbag.py:538} INFO - Filling up the DagBag from /home/airflow/.local/lib/python3.7/site-packages/airflow/example_dags/tutorial.py
[2022-12-03T21:59:17.459+0000] {processor.py:753} INFO - DAG(s) dict_keys(['tutorial']) retrieved from /home/airflow/.local/lib/python3.7/site-packages/airflow/example_dags/tutorial.py
[2022-12-03T21:59:17.494+0000] {logging_mixin.py:137} INFO - [2022-12-03T21:59:17.494+0000] {dag.py:2676} INFO - Sync 1 DAGs
[2022-12-03T21:59:17.518+0000] {logging_mixin.py:137} INFO - [2022-12-03T21:59:17.518+0000] {dag.py:3427} INFO - Setting next_dagrun for tutorial to 2022-12-02T21:59:17.518419+00:00, run_after=2022-12-03T21:59:17.518419+00:00
[2022-12-03T21:59:17.535+0000] {processor.py:175} INFO - Processing /home/airflow/.local/lib/python3.7/site-packages/airflow/example_dags/tutorial.py took 0.092 seconds
[2022-12-03T21:59:47.902+0000] {processor.py:153} INFO - Started process (PID=880) to work on /home/airflow/.local/lib/python3.7/site-packages/airflow/example_dags/tutorial.py
[2022-12-03T21:59:47.903+0000] {processor.py:743} INFO - Processing file /home/airflow/.local/lib/python3.7/site-packages/airflow/example_dags/tutorial.py for tasks to queue
[2022-12-03T21:59:47.904+0000] {logging_mixin.py:137} INFO - [2022-12-03T21:59:47.903+0000] {dagbag.py:538} INFO - Filling up the DagBag from /home/airflow/.local/lib/python3.7/site-packages/airflow/example_dags/tutorial.py
[2022-12-03T21:59:47.919+0000] {processor.py:753} INFO - DAG(s) dict_keys(['tutorial']) retrieved from /home/airflow/.local/lib/python3.7/site-packages/airflow/example_dags/tutorial.py
[2022-12-03T21:59:47.954+0000] {logging_mixin.py:137} INFO - [2022-12-03T21:59:47.954+0000] {dag.py:2676} INFO - Sync 1 DAGs
[2022-12-03T21:59:47.977+0000] {logging_mixin.py:137} INFO - [2022-12-03T21:59:47.977+0000] {dag.py:3427} INFO - Setting next_dagrun for tutorial to 2022-12-02T21:59:47.977660+00:00, run_after=2022-12-03T21:59:47.977660+00:00
[2022-12-03T21:59:47.995+0000] {processor.py:175} INFO - Processing /home/airflow/.local/lib/python3.7/site-packages/airflow/example_dags/tutorial.py took 0.096 seconds
[2022-12-03T22:00:18.581+0000] {processor.py:153} INFO - Started process (PID=990) to work on /home/airflow/.local/lib/python3.7/site-packages/airflow/example_dags/tutorial.py
[2022-12-03T22:00:18.581+0000] {processor.py:743} INFO - Processing file /home/airflow/.local/lib/python3.7/site-packages/airflow/example_dags/tutorial.py for tasks to queue
[2022-12-03T22:00:18.582+0000] {logging_mixin.py:137} INFO - [2022-12-03T22:00:18.582+0000] {dagbag.py:538} INFO - Filling up the DagBag from /home/airflow/.local/lib/python3.7/site-packages/airflow/example_dags/tutorial.py
[2022-12-03T22:00:18.594+0000] {processor.py:753} INFO - DAG(s) dict_keys(['tutorial']) retrieved from /home/airflow/.local/lib/python3.7/site-packages/airflow/example_dags/tutorial.py
[2022-12-03T22:00:18.628+0000] {logging_mixin.py:137} INFO - [2022-12-03T22:00:18.628+0000] {dag.py:2676} INFO - Sync 1 DAGs
[2022-12-03T22:00:18.655+0000] {logging_mixin.py:137} INFO - [2022-12-03T22:00:18.655+0000] {dag.py:3427} INFO - Setting next_dagrun for tutorial to 2022-12-02T22:00:18.654786+00:00, run_after=2022-12-03T22:00:18.654786+00:00
[2022-12-03T22:00:18.672+0000] {processor.py:175} INFO - Processing /home/airflow/.local/lib/python3.7/site-packages/airflow/example_dags/tutorial.py took 0.094 seconds
[2022-12-03T22:00:49.066+0000] {processor.py:153} INFO - Started process (PID=1076) to work on /home/airflow/.local/lib/python3.7/site-packages/airflow/example_dags/tutorial.py
[2022-12-03T22:00:49.067+0000] {processor.py:743} INFO - Processing file /home/airflow/.local/lib/python3.7/site-packages/airflow/example_dags/tutorial.py for tasks to queue
[2022-12-03T22:00:49.067+0000] {logging_mixin.py:137} INFO - [2022-12-03T22:00:49.067+0000] {dagbag.py:538} INFO - Filling up the DagBag from /home/airflow/.local/lib/python3.7/site-packages/airflow/example_dags/tutorial.py
[2022-12-03T22:00:49.080+0000] {processor.py:753} INFO - DAG(s) dict_keys(['tutorial']) retrieved from /home/airflow/.local/lib/python3.7/site-packages/airflow/example_dags/tutorial.py
[2022-12-03T22:00:49.118+0000] {logging_mixin.py:137} INFO - [2022-12-03T22:00:49.118+0000] {dag.py:2676} INFO - Sync 1 DAGs
[2022-12-03T22:00:49.142+0000] {logging_mixin.py:137} INFO - [2022-12-03T22:00:49.142+0000] {dag.py:3427} INFO - Setting next_dagrun for tutorial to 2022-12-02T22:00:49.142318+00:00, run_after=2022-12-03T22:00:49.142318+00:00
[2022-12-03T22:00:49.163+0000] {processor.py:175} INFO - Processing /home/airflow/.local/lib/python3.7/site-packages/airflow/example_dags/tutorial.py took 0.099 seconds
[2022-12-03T22:01:19.773+0000] {processor.py:153} INFO - Started process (PID=1186) to work on /home/airflow/.local/lib/python3.7/site-packages/airflow/example_dags/tutorial.py
[2022-12-03T22:01:19.774+0000] {processor.py:743} INFO - Processing file /home/airflow/.local/lib/python3.7/site-packages/airflow/example_dags/tutorial.py for tasks to queue
[2022-12-03T22:01:19.774+0000] {logging_mixin.py:137} INFO - [2022-12-03T22:01:19.774+0000] {dagbag.py:538} INFO - Filling up the DagBag from /home/airflow/.local/lib/python3.7/site-packages/airflow/example_dags/tutorial.py
[2022-12-03T22:01:19.787+0000] {processor.py:753} INFO - DAG(s) dict_keys(['tutorial']) retrieved from /home/airflow/.local/lib/python3.7/site-packages/airflow/example_dags/tutorial.py
[2022-12-03T22:01:19.822+0000] {logging_mixin.py:137} INFO - [2022-12-03T22:01:19.822+0000] {dag.py:2676} INFO - Sync 1 DAGs
[2022-12-03T22:01:19.848+0000] {logging_mixin.py:137} INFO - [2022-12-03T22:01:19.848+0000] {dag.py:3427} INFO - Setting next_dagrun for tutorial to 2022-12-02T22:01:19.848211+00:00, run_after=2022-12-03T22:01:19.848211+00:00
[2022-12-03T22:01:19.870+0000] {processor.py:175} INFO - Processing /home/airflow/.local/lib/python3.7/site-packages/airflow/example_dags/tutorial.py took 0.100 seconds
[2022-12-03T22:01:50.428+0000] {processor.py:153} INFO - Started process (PID=1272) to work on /home/airflow/.local/lib/python3.7/site-packages/airflow/example_dags/tutorial.py
[2022-12-03T22:01:50.429+0000] {processor.py:743} INFO - Processing file /home/airflow/.local/lib/python3.7/site-packages/airflow/example_dags/tutorial.py for tasks to queue
[2022-12-03T22:01:50.430+0000] {logging_mixin.py:137} INFO - [2022-12-03T22:01:50.430+0000] {dagbag.py:538} INFO - Filling up the DagBag from /home/airflow/.local/lib/python3.7/site-packages/airflow/example_dags/tutorial.py
[2022-12-03T22:01:50.443+0000] {processor.py:753} INFO - DAG(s) dict_keys(['tutorial']) retrieved from /home/airflow/.local/lib/python3.7/site-packages/airflow/example_dags/tutorial.py
[2022-12-03T22:01:50.480+0000] {logging_mixin.py:137} INFO - [2022-12-03T22:01:50.479+0000] {dag.py:2676} INFO - Sync 1 DAGs
[2022-12-03T22:01:50.506+0000] {logging_mixin.py:137} INFO - [2022-12-03T22:01:50.506+0000] {dag.py:3427} INFO - Setting next_dagrun for tutorial to 2022-12-02T22:01:50.506363+00:00, run_after=2022-12-03T22:01:50.506363+00:00
[2022-12-03T22:01:50.525+0000] {processor.py:175} INFO - Processing /home/airflow/.local/lib/python3.7/site-packages/airflow/example_dags/tutorial.py took 0.099 seconds
[2022-12-03T22:02:20.906+0000] {processor.py:153} INFO - Started process (PID=1364) to work on /home/airflow/.local/lib/python3.7/site-packages/airflow/example_dags/tutorial.py
[2022-12-03T22:02:20.906+0000] {processor.py:743} INFO - Processing file /home/airflow/.local/lib/python3.7/site-packages/airflow/example_dags/tutorial.py for tasks to queue
[2022-12-03T22:02:20.907+0000] {logging_mixin.py:137} INFO - [2022-12-03T22:02:20.907+0000] {dagbag.py:538} INFO - Filling up the DagBag from /home/airflow/.local/lib/python3.7/site-packages/airflow/example_dags/tutorial.py
[2022-12-03T22:02:20.920+0000] {processor.py:753} INFO - DAG(s) dict_keys(['tutorial']) retrieved from /home/airflow/.local/lib/python3.7/site-packages/airflow/example_dags/tutorial.py
[2022-12-03T22:02:20.962+0000] {logging_mixin.py:137} INFO - [2022-12-03T22:02:20.962+0000] {dag.py:2676} INFO - Sync 1 DAGs
[2022-12-03T22:02:20.989+0000] {logging_mixin.py:137} INFO - [2022-12-03T22:02:20.989+0000] {dag.py:3427} INFO - Setting next_dagrun for tutorial to 2022-12-02T22:02:20.989506+00:00, run_after=2022-12-03T22:02:20.989506+00:00
[2022-12-03T22:02:21.006+0000] {processor.py:175} INFO - Processing /home/airflow/.local/lib/python3.7/site-packages/airflow/example_dags/tutorial.py took 0.103 seconds
