[2022-12-03T21:55:44.290+0000] {processor.py:153} INFO - Started process (PID=121) to work on /home/airflow/.local/lib/python3.7/site-packages/airflow/example_dags/tutorial_dag.py
[2022-12-03T21:55:44.291+0000] {processor.py:743} INFO - Processing file /home/airflow/.local/lib/python3.7/site-packages/airflow/example_dags/tutorial_dag.py for tasks to queue
[2022-12-03T21:55:44.292+0000] {logging_mixin.py:137} INFO - [2022-12-03T21:55:44.291+0000] {dagbag.py:538} INFO - Filling up the DagBag from /home/airflow/.local/lib/python3.7/site-packages/airflow/example_dags/tutorial_dag.py
[2022-12-03T21:55:44.306+0000] {processor.py:753} INFO - DAG(s) dict_keys(['tutorial_dag']) retrieved from /home/airflow/.local/lib/python3.7/site-packages/airflow/example_dags/tutorial_dag.py
[2022-12-03T21:55:44.340+0000] {logging_mixin.py:137} INFO - [2022-12-03T21:55:44.339+0000] {dag.py:2676} INFO - Sync 1 DAGs
[2022-12-03T21:55:44.363+0000] {logging_mixin.py:137} INFO - [2022-12-03T21:55:44.363+0000] {dag.py:3427} INFO - Setting next_dagrun for tutorial_dag to None, run_after=None
[2022-12-03T21:55:44.383+0000] {processor.py:175} INFO - Processing /home/airflow/.local/lib/python3.7/site-packages/airflow/example_dags/tutorial_dag.py took 0.095 seconds
[2022-12-03T21:56:14.426+0000] {processor.py:153} INFO - Started process (PID=206) to work on /home/airflow/.local/lib/python3.7/site-packages/airflow/example_dags/tutorial_dag.py
[2022-12-03T21:56:14.427+0000] {processor.py:743} INFO - Processing file /home/airflow/.local/lib/python3.7/site-packages/airflow/example_dags/tutorial_dag.py for tasks to queue
[2022-12-03T21:56:14.428+0000] {logging_mixin.py:137} INFO - [2022-12-03T21:56:14.428+0000] {dagbag.py:538} INFO - Filling up the DagBag from /home/airflow/.local/lib/python3.7/site-packages/airflow/example_dags/tutorial_dag.py
[2022-12-03T21:56:14.440+0000] {processor.py:753} INFO - DAG(s) dict_keys(['tutorial_dag']) retrieved from /home/airflow/.local/lib/python3.7/site-packages/airflow/example_dags/tutorial_dag.py
[2022-12-03T21:56:14.475+0000] {logging_mixin.py:137} INFO - [2022-12-03T21:56:14.475+0000] {dag.py:2676} INFO - Sync 1 DAGs
[2022-12-03T21:56:14.500+0000] {logging_mixin.py:137} INFO - [2022-12-03T21:56:14.500+0000] {dag.py:3427} INFO - Setting next_dagrun for tutorial_dag to None, run_after=None
[2022-12-03T21:56:14.517+0000] {processor.py:175} INFO - Processing /home/airflow/.local/lib/python3.7/site-packages/airflow/example_dags/tutorial_dag.py took 0.093 seconds
[2022-12-03T21:56:45.098+0000] {processor.py:153} INFO - Started process (PID=292) to work on /home/airflow/.local/lib/python3.7/site-packages/airflow/example_dags/tutorial_dag.py
[2022-12-03T21:56:45.099+0000] {processor.py:743} INFO - Processing file /home/airflow/.local/lib/python3.7/site-packages/airflow/example_dags/tutorial_dag.py for tasks to queue
[2022-12-03T21:56:45.100+0000] {logging_mixin.py:137} INFO - [2022-12-03T21:56:45.100+0000] {dagbag.py:538} INFO - Filling up the DagBag from /home/airflow/.local/lib/python3.7/site-packages/airflow/example_dags/tutorial_dag.py
[2022-12-03T21:56:45.111+0000] {processor.py:753} INFO - DAG(s) dict_keys(['tutorial_dag']) retrieved from /home/airflow/.local/lib/python3.7/site-packages/airflow/example_dags/tutorial_dag.py
[2022-12-03T21:56:45.165+0000] {logging_mixin.py:137} INFO - [2022-12-03T21:56:45.165+0000] {dag.py:2676} INFO - Sync 1 DAGs
[2022-12-03T21:56:45.189+0000] {logging_mixin.py:137} INFO - [2022-12-03T21:56:45.189+0000] {dag.py:3427} INFO - Setting next_dagrun for tutorial_dag to None, run_after=None
[2022-12-03T21:56:45.206+0000] {processor.py:175} INFO - Processing /home/airflow/.local/lib/python3.7/site-packages/airflow/example_dags/tutorial_dag.py took 0.110 seconds
[2022-12-03T21:57:15.424+0000] {processor.py:153} INFO - Started process (PID=402) to work on /home/airflow/.local/lib/python3.7/site-packages/airflow/example_dags/tutorial_dag.py
[2022-12-03T21:57:15.425+0000] {processor.py:743} INFO - Processing file /home/airflow/.local/lib/python3.7/site-packages/airflow/example_dags/tutorial_dag.py for tasks to queue
[2022-12-03T21:57:15.425+0000] {logging_mixin.py:137} INFO - [2022-12-03T21:57:15.425+0000] {dagbag.py:538} INFO - Filling up the DagBag from /home/airflow/.local/lib/python3.7/site-packages/airflow/example_dags/tutorial_dag.py
[2022-12-03T21:57:15.437+0000] {processor.py:753} INFO - DAG(s) dict_keys(['tutorial_dag']) retrieved from /home/airflow/.local/lib/python3.7/site-packages/airflow/example_dags/tutorial_dag.py
[2022-12-03T21:57:15.472+0000] {logging_mixin.py:137} INFO - [2022-12-03T21:57:15.472+0000] {dag.py:2676} INFO - Sync 1 DAGs
[2022-12-03T21:57:15.496+0000] {logging_mixin.py:137} INFO - [2022-12-03T21:57:15.496+0000] {dag.py:3427} INFO - Setting next_dagrun for tutorial_dag to None, run_after=None
[2022-12-03T21:57:15.512+0000] {processor.py:175} INFO - Processing /home/airflow/.local/lib/python3.7/site-packages/airflow/example_dags/tutorial_dag.py took 0.090 seconds
[2022-12-03T21:57:45.992+0000] {processor.py:153} INFO - Started process (PID=488) to work on /home/airflow/.local/lib/python3.7/site-packages/airflow/example_dags/tutorial_dag.py
[2022-12-03T21:57:45.993+0000] {processor.py:743} INFO - Processing file /home/airflow/.local/lib/python3.7/site-packages/airflow/example_dags/tutorial_dag.py for tasks to queue
[2022-12-03T21:57:45.994+0000] {logging_mixin.py:137} INFO - [2022-12-03T21:57:45.994+0000] {dagbag.py:538} INFO - Filling up the DagBag from /home/airflow/.local/lib/python3.7/site-packages/airflow/example_dags/tutorial_dag.py
[2022-12-03T21:57:46.006+0000] {processor.py:753} INFO - DAG(s) dict_keys(['tutorial_dag']) retrieved from /home/airflow/.local/lib/python3.7/site-packages/airflow/example_dags/tutorial_dag.py
[2022-12-03T21:57:46.041+0000] {logging_mixin.py:137} INFO - [2022-12-03T21:57:46.041+0000] {dag.py:2676} INFO - Sync 1 DAGs
[2022-12-03T21:57:46.064+0000] {logging_mixin.py:137} INFO - [2022-12-03T21:57:46.064+0000] {dag.py:3427} INFO - Setting next_dagrun for tutorial_dag to None, run_after=None
[2022-12-03T21:57:46.082+0000] {processor.py:175} INFO - Processing /home/airflow/.local/lib/python3.7/site-packages/airflow/example_dags/tutorial_dag.py took 0.091 seconds
[2022-12-03T21:58:16.457+0000] {processor.py:153} INFO - Started process (PID=599) to work on /home/airflow/.local/lib/python3.7/site-packages/airflow/example_dags/tutorial_dag.py
[2022-12-03T21:58:16.458+0000] {processor.py:743} INFO - Processing file /home/airflow/.local/lib/python3.7/site-packages/airflow/example_dags/tutorial_dag.py for tasks to queue
[2022-12-03T21:58:16.459+0000] {logging_mixin.py:137} INFO - [2022-12-03T21:58:16.459+0000] {dagbag.py:538} INFO - Filling up the DagBag from /home/airflow/.local/lib/python3.7/site-packages/airflow/example_dags/tutorial_dag.py
[2022-12-03T21:58:16.471+0000] {processor.py:753} INFO - DAG(s) dict_keys(['tutorial_dag']) retrieved from /home/airflow/.local/lib/python3.7/site-packages/airflow/example_dags/tutorial_dag.py
[2022-12-03T21:58:16.508+0000] {logging_mixin.py:137} INFO - [2022-12-03T21:58:16.507+0000] {dag.py:2676} INFO - Sync 1 DAGs
[2022-12-03T21:58:16.532+0000] {logging_mixin.py:137} INFO - [2022-12-03T21:58:16.532+0000] {dag.py:3427} INFO - Setting next_dagrun for tutorial_dag to None, run_after=None
[2022-12-03T21:58:16.550+0000] {processor.py:175} INFO - Processing /home/airflow/.local/lib/python3.7/site-packages/airflow/example_dags/tutorial_dag.py took 0.096 seconds
[2022-12-03T21:58:46.862+0000] {processor.py:153} INFO - Started process (PID=685) to work on /home/airflow/.local/lib/python3.7/site-packages/airflow/example_dags/tutorial_dag.py
[2022-12-03T21:58:46.863+0000] {processor.py:743} INFO - Processing file /home/airflow/.local/lib/python3.7/site-packages/airflow/example_dags/tutorial_dag.py for tasks to queue
[2022-12-03T21:58:46.864+0000] {logging_mixin.py:137} INFO - [2022-12-03T21:58:46.863+0000] {dagbag.py:538} INFO - Filling up the DagBag from /home/airflow/.local/lib/python3.7/site-packages/airflow/example_dags/tutorial_dag.py
[2022-12-03T21:58:46.875+0000] {processor.py:753} INFO - DAG(s) dict_keys(['tutorial_dag']) retrieved from /home/airflow/.local/lib/python3.7/site-packages/airflow/example_dags/tutorial_dag.py
[2022-12-03T21:58:46.911+0000] {logging_mixin.py:137} INFO - [2022-12-03T21:58:46.911+0000] {dag.py:2676} INFO - Sync 1 DAGs
[2022-12-03T21:58:46.935+0000] {logging_mixin.py:137} INFO - [2022-12-03T21:58:46.935+0000] {dag.py:3427} INFO - Setting next_dagrun for tutorial_dag to None, run_after=None
[2022-12-03T21:58:46.952+0000] {processor.py:175} INFO - Processing /home/airflow/.local/lib/python3.7/site-packages/airflow/example_dags/tutorial_dag.py took 0.092 seconds
[2022-12-03T21:59:17.558+0000] {processor.py:153} INFO - Started process (PID=795) to work on /home/airflow/.local/lib/python3.7/site-packages/airflow/example_dags/tutorial_dag.py
[2022-12-03T21:59:17.558+0000] {processor.py:743} INFO - Processing file /home/airflow/.local/lib/python3.7/site-packages/airflow/example_dags/tutorial_dag.py for tasks to queue
[2022-12-03T21:59:17.559+0000] {logging_mixin.py:137} INFO - [2022-12-03T21:59:17.559+0000] {dagbag.py:538} INFO - Filling up the DagBag from /home/airflow/.local/lib/python3.7/site-packages/airflow/example_dags/tutorial_dag.py
[2022-12-03T21:59:17.570+0000] {processor.py:753} INFO - DAG(s) dict_keys(['tutorial_dag']) retrieved from /home/airflow/.local/lib/python3.7/site-packages/airflow/example_dags/tutorial_dag.py
[2022-12-03T21:59:17.606+0000] {logging_mixin.py:137} INFO - [2022-12-03T21:59:17.606+0000] {dag.py:2676} INFO - Sync 1 DAGs
[2022-12-03T21:59:17.630+0000] {logging_mixin.py:137} INFO - [2022-12-03T21:59:17.630+0000] {dag.py:3427} INFO - Setting next_dagrun for tutorial_dag to None, run_after=None
[2022-12-03T21:59:17.647+0000] {processor.py:175} INFO - Processing /home/airflow/.local/lib/python3.7/site-packages/airflow/example_dags/tutorial_dag.py took 0.093 seconds
[2022-12-03T21:59:48.014+0000] {processor.py:153} INFO - Started process (PID=881) to work on /home/airflow/.local/lib/python3.7/site-packages/airflow/example_dags/tutorial_dag.py
[2022-12-03T21:59:48.015+0000] {processor.py:743} INFO - Processing file /home/airflow/.local/lib/python3.7/site-packages/airflow/example_dags/tutorial_dag.py for tasks to queue
[2022-12-03T21:59:48.016+0000] {logging_mixin.py:137} INFO - [2022-12-03T21:59:48.016+0000] {dagbag.py:538} INFO - Filling up the DagBag from /home/airflow/.local/lib/python3.7/site-packages/airflow/example_dags/tutorial_dag.py
[2022-12-03T21:59:48.028+0000] {processor.py:753} INFO - DAG(s) dict_keys(['tutorial_dag']) retrieved from /home/airflow/.local/lib/python3.7/site-packages/airflow/example_dags/tutorial_dag.py
[2022-12-03T21:59:48.073+0000] {logging_mixin.py:137} INFO - [2022-12-03T21:59:48.073+0000] {dag.py:2676} INFO - Sync 1 DAGs
[2022-12-03T21:59:48.098+0000] {logging_mixin.py:137} INFO - [2022-12-03T21:59:48.098+0000] {dag.py:3427} INFO - Setting next_dagrun for tutorial_dag to None, run_after=None
[2022-12-03T21:59:48.115+0000] {processor.py:175} INFO - Processing /home/airflow/.local/lib/python3.7/site-packages/airflow/example_dags/tutorial_dag.py took 0.103 seconds
[2022-12-03T22:00:18.691+0000] {processor.py:153} INFO - Started process (PID=991) to work on /home/airflow/.local/lib/python3.7/site-packages/airflow/example_dags/tutorial_dag.py
[2022-12-03T22:00:18.691+0000] {processor.py:743} INFO - Processing file /home/airflow/.local/lib/python3.7/site-packages/airflow/example_dags/tutorial_dag.py for tasks to queue
[2022-12-03T22:00:18.692+0000] {logging_mixin.py:137} INFO - [2022-12-03T22:00:18.692+0000] {dagbag.py:538} INFO - Filling up the DagBag from /home/airflow/.local/lib/python3.7/site-packages/airflow/example_dags/tutorial_dag.py
[2022-12-03T22:00:18.703+0000] {processor.py:753} INFO - DAG(s) dict_keys(['tutorial_dag']) retrieved from /home/airflow/.local/lib/python3.7/site-packages/airflow/example_dags/tutorial_dag.py
[2022-12-03T22:00:18.737+0000] {logging_mixin.py:137} INFO - [2022-12-03T22:00:18.737+0000] {dag.py:2676} INFO - Sync 1 DAGs
[2022-12-03T22:00:18.765+0000] {logging_mixin.py:137} INFO - [2022-12-03T22:00:18.765+0000] {dag.py:3427} INFO - Setting next_dagrun for tutorial_dag to None, run_after=None
[2022-12-03T22:00:18.781+0000] {processor.py:175} INFO - Processing /home/airflow/.local/lib/python3.7/site-packages/airflow/example_dags/tutorial_dag.py took 0.094 seconds
[2022-12-03T22:00:49.181+0000] {processor.py:153} INFO - Started process (PID=1077) to work on /home/airflow/.local/lib/python3.7/site-packages/airflow/example_dags/tutorial_dag.py
[2022-12-03T22:00:49.182+0000] {processor.py:743} INFO - Processing file /home/airflow/.local/lib/python3.7/site-packages/airflow/example_dags/tutorial_dag.py for tasks to queue
[2022-12-03T22:00:49.182+0000] {logging_mixin.py:137} INFO - [2022-12-03T22:00:49.182+0000] {dagbag.py:538} INFO - Filling up the DagBag from /home/airflow/.local/lib/python3.7/site-packages/airflow/example_dags/tutorial_dag.py
[2022-12-03T22:00:49.194+0000] {processor.py:753} INFO - DAG(s) dict_keys(['tutorial_dag']) retrieved from /home/airflow/.local/lib/python3.7/site-packages/airflow/example_dags/tutorial_dag.py
[2022-12-03T22:00:49.229+0000] {logging_mixin.py:137} INFO - [2022-12-03T22:00:49.229+0000] {dag.py:2676} INFO - Sync 1 DAGs
[2022-12-03T22:00:49.253+0000] {logging_mixin.py:137} INFO - [2022-12-03T22:00:49.253+0000] {dag.py:3427} INFO - Setting next_dagrun for tutorial_dag to None, run_after=None
[2022-12-03T22:00:49.272+0000] {processor.py:175} INFO - Processing /home/airflow/.local/lib/python3.7/site-packages/airflow/example_dags/tutorial_dag.py took 0.093 seconds
[2022-12-03T22:01:19.898+0000] {processor.py:153} INFO - Started process (PID=1187) to work on /home/airflow/.local/lib/python3.7/site-packages/airflow/example_dags/tutorial_dag.py
[2022-12-03T22:01:19.899+0000] {processor.py:743} INFO - Processing file /home/airflow/.local/lib/python3.7/site-packages/airflow/example_dags/tutorial_dag.py for tasks to queue
[2022-12-03T22:01:19.900+0000] {logging_mixin.py:137} INFO - [2022-12-03T22:01:19.900+0000] {dagbag.py:538} INFO - Filling up the DagBag from /home/airflow/.local/lib/python3.7/site-packages/airflow/example_dags/tutorial_dag.py
[2022-12-03T22:01:19.911+0000] {processor.py:753} INFO - DAG(s) dict_keys(['tutorial_dag']) retrieved from /home/airflow/.local/lib/python3.7/site-packages/airflow/example_dags/tutorial_dag.py
[2022-12-03T22:01:19.947+0000] {logging_mixin.py:137} INFO - [2022-12-03T22:01:19.946+0000] {dag.py:2676} INFO - Sync 1 DAGs
[2022-12-03T22:01:19.976+0000] {logging_mixin.py:137} INFO - [2022-12-03T22:01:19.975+0000] {dag.py:3427} INFO - Setting next_dagrun for tutorial_dag to None, run_after=None
[2022-12-03T22:01:19.993+0000] {processor.py:175} INFO - Processing /home/airflow/.local/lib/python3.7/site-packages/airflow/example_dags/tutorial_dag.py took 0.098 seconds
[2022-12-03T22:01:50.544+0000] {processor.py:153} INFO - Started process (PID=1273) to work on /home/airflow/.local/lib/python3.7/site-packages/airflow/example_dags/tutorial_dag.py
[2022-12-03T22:01:50.545+0000] {processor.py:743} INFO - Processing file /home/airflow/.local/lib/python3.7/site-packages/airflow/example_dags/tutorial_dag.py for tasks to queue
[2022-12-03T22:01:50.546+0000] {logging_mixin.py:137} INFO - [2022-12-03T22:01:50.546+0000] {dagbag.py:538} INFO - Filling up the DagBag from /home/airflow/.local/lib/python3.7/site-packages/airflow/example_dags/tutorial_dag.py
[2022-12-03T22:01:50.558+0000] {processor.py:753} INFO - DAG(s) dict_keys(['tutorial_dag']) retrieved from /home/airflow/.local/lib/python3.7/site-packages/airflow/example_dags/tutorial_dag.py
[2022-12-03T22:01:50.594+0000] {logging_mixin.py:137} INFO - [2022-12-03T22:01:50.594+0000] {dag.py:2676} INFO - Sync 1 DAGs
[2022-12-03T22:01:50.618+0000] {logging_mixin.py:137} INFO - [2022-12-03T22:01:50.618+0000] {dag.py:3427} INFO - Setting next_dagrun for tutorial_dag to None, run_after=None
[2022-12-03T22:01:50.636+0000] {processor.py:175} INFO - Processing /home/airflow/.local/lib/python3.7/site-packages/airflow/example_dags/tutorial_dag.py took 0.094 seconds
[2022-12-03T22:02:21.024+0000] {processor.py:153} INFO - Started process (PID=1366) to work on /home/airflow/.local/lib/python3.7/site-packages/airflow/example_dags/tutorial_dag.py
[2022-12-03T22:02:21.025+0000] {processor.py:743} INFO - Processing file /home/airflow/.local/lib/python3.7/site-packages/airflow/example_dags/tutorial_dag.py for tasks to queue
[2022-12-03T22:02:21.025+0000] {logging_mixin.py:137} INFO - [2022-12-03T22:02:21.025+0000] {dagbag.py:538} INFO - Filling up the DagBag from /home/airflow/.local/lib/python3.7/site-packages/airflow/example_dags/tutorial_dag.py
[2022-12-03T22:02:21.036+0000] {processor.py:753} INFO - DAG(s) dict_keys(['tutorial_dag']) retrieved from /home/airflow/.local/lib/python3.7/site-packages/airflow/example_dags/tutorial_dag.py
[2022-12-03T22:02:21.069+0000] {logging_mixin.py:137} INFO - [2022-12-03T22:02:21.069+0000] {dag.py:2676} INFO - Sync 1 DAGs
[2022-12-03T22:02:21.096+0000] {logging_mixin.py:137} INFO - [2022-12-03T22:02:21.096+0000] {dag.py:3427} INFO - Setting next_dagrun for tutorial_dag to None, run_after=None
[2022-12-03T22:02:21.113+0000] {processor.py:175} INFO - Processing /home/airflow/.local/lib/python3.7/site-packages/airflow/example_dags/tutorial_dag.py took 0.092 seconds
[2022-12-03T22:24:19.257+0000] {processor.py:153} INFO - Started process (PID=5538) to work on /home/airflow/.local/lib/python3.7/site-packages/airflow/example_dags/tutorial_dag.py
[2022-12-03T22:24:19.258+0000] {processor.py:743} INFO - Processing file /home/airflow/.local/lib/python3.7/site-packages/airflow/example_dags/tutorial_dag.py for tasks to queue
[2022-12-03T22:24:19.259+0000] {logging_mixin.py:137} INFO - [2022-12-03T22:24:19.259+0000] {dagbag.py:538} INFO - Filling up the DagBag from /home/airflow/.local/lib/python3.7/site-packages/airflow/example_dags/tutorial_dag.py
[2022-12-03T22:24:19.283+0000] {processor.py:753} INFO - DAG(s) dict_keys(['tutorial_dag']) retrieved from /home/airflow/.local/lib/python3.7/site-packages/airflow/example_dags/tutorial_dag.py
[2022-12-03T22:24:19.398+0000] {logging_mixin.py:137} INFO - [2022-12-03T22:24:19.398+0000] {dag.py:2676} INFO - Sync 1 DAGs
[2022-12-03T22:24:19.422+0000] {logging_mixin.py:137} INFO - [2022-12-03T22:24:19.422+0000] {dag.py:3427} INFO - Setting next_dagrun for tutorial_dag to None, run_after=None
[2022-12-03T22:24:19.439+0000] {processor.py:175} INFO - Processing /home/airflow/.local/lib/python3.7/site-packages/airflow/example_dags/tutorial_dag.py took 0.184 seconds
